ARM GAS  C:\Users\Ciccio\AppData\Local\Temp\ccT91VHz.s 			page 1


   1              		.syntax unified
   2              		.cpu cortex-m4
   3              		.fpu softvfp
   4              		.eabi_attribute 20, 1
   5              		.eabi_attribute 21, 1
   6              		.eabi_attribute 23, 3
   7              		.eabi_attribute 24, 1
   8              		.eabi_attribute 25, 1
   9              		.eabi_attribute 26, 1
  10              		.eabi_attribute 30, 6
  11              		.eabi_attribute 34, 1
  12              		.eabi_attribute 18, 4
  13              		.thumb
  14              		.file	"board.c"
  15              		.text
  16              	.Ltext0:
  17              		.section	.gnu.lto_.inline.275cec91,"",%progbits
  18 0000 789C6366 		.ascii	"x\234cf\300\016\264\2414\023\003\003\013\017\220bZ "
  18      C00EB4A1 
  18      34130303 
  18      0B0F9062 
  18      5A20
  19 0012 CFC002E2 		.ascii	"\317\300\002\342100r\201\010\006f&Ta\006\0000\342\001"
  19      31303072 
  19      81080666 
  19      26546106 
  19      0030E201 
  20 0026 E4       		.ascii	"\344"
  21              		.text
  22              		.section	.gnu.lto___early_init.275cec91,"",%progbits
  23 0000 789C6366 		.ascii	"x\234cf\300\004\242@<\007\210MA\034f\006F&\006 fd\004"
  23      C004A240 
  23      3C07884D 
  23      411C6606 
  23      46260620 
  24 0017 721819EA 		.ascii	"r\030\031\352\231\030\353\031_2}db\234p`\365\014n\365"
  24      9918EB19 
  24      5F327D64 
  24      629C7060 
  24      F50C6EF5 
  25 002b A50D0D0D 		.ascii	"\245\015\015\015\037\036m\224h\225\370\011T\366\231"
  25      1F1E6D94 
  25      6895F809 
  25      54F699
  26 003a 096202E3 		.ascii	"\011b\002\343rFu\006\240\232\217-\177\257s\263\265\000"
  26      72467506 
  26      A09A8F2D 
  26      7FAF73B3 
  26      B500
  27 004c D50840E4 		.ascii	"\325\010@\344\030W0\262\201\014Z/t\240\341\377\377\307"
  27      185730B2 
  27      810C5A2F 
  27      74A0E1FF 
  27      FFC7
  28 005e 73E66C66 		.ascii	"s\346lf\001r\237\200\265=e\002R\314w\030\233\017l<\306"
  28      01729F80 
  28      B53D6502 
ARM GAS  C:\Users\Ciccio\AppData\Local\Temp\ccT91VHz.s 			page 2


  28      52CC7718 
  28      9B0F6C3C 
  29 0073 08520832 		.ascii	"\010R\0102a\336\345\276uL\265\277\033:\0328~21~f\002"
  29      61DEE5BE 
  29      754CB5BF 
  29      1B3A1A38 
  29      7E32317E 
  30 0089 AA665CC9 		.ascii	"\252f\\\311X\313\360\023\250\370\036c\343\201\315n`"
  30      58CBF013 
  30      A8F81E63 
  30      E381CD6E 
  30      60
  31 009a 950C2043 		.ascii	"\225\014 C\200r@\023\214\365\364\364\341(\277X?#1G?"
  31      80724013 
  31      8CF5F4F4 
  31      E128BF58 
  31      3F233147 
  32 00af 293FB128 		.ascii	")?\261(\245X?8$\336/\324\331\307\325?\336\315\304\300"
  32      A5583F38 
  32      24DE2FD4 
  32      D9C7D53F 
  32      DECDC4C0 
  33 00c3 30C81522 		.ascii	"0\310\025\"\256\227\314\000\000\257\376B\004"
  33      AE97CC00 
  33      00AFFE42 
  33      04
  34              		.text
  35              		.section	.gnu.lto_boardInit.275cec91,"",%progbits
  36 0000 789C6366 		.ascii	"x\234cf\300\004\242@\234\007\304\246 \0163\003#\023"
  36      C004A240 
  36      9C07C4A6 
  36      200E3303 
  36      2313
  37 0012 03103332 		.ascii	"\003\02032\0029\214\014\365L\214\365\214/\231>21N8\260"
  37      02398C0C 
  37      F54C8CF5 
  37      8C2F993E 
  37      32314E38 
  38 0027 7A06B7FA 		.ascii	"z\006\267\372\322\206\206\206\017\233\366K\264J\374"
  38      D2868686 
  38      0F9BF64B 
  38      B44AFC
  39 0036 042AFBCC 		.ascii	"\004*\373\314\0041\201q9\243:\003P\315\307\226\277\327"
  39      04318171 
  39      39A33A03 
  39      50CDC796 
  39      BFD7
  40 0048 B9D95A80 		.ascii	"\271\331Z\200j\004 r\214+\030\331@\006\255\027:\320"
  40      6A042072 
  40      8C2B18D9 
  40      4006AD17 
  40      3AD0
  41 005a F0FFFFE2 		.ascii	"\360\377\377\342\351g\366\263\000\271O\300\332\2362"
  41      E967F6B3 
  41      00B94FC0 
  41      DA9E32
  42 0069 0129E67B 		.ascii	"\001)\346{\214\214 E \201'L@9\240\230\261\236\236>\034"
ARM GAS  C:\Users\Ciccio\AppData\Local\Temp\ccT91VHz.s 			page 3


  42      8C8C2045 
  42      2081274C 
  42      4039A098 
  42      B19E9E3E 
  43 007e E517EB67 		.ascii	"\345\027\353g$\346\350'\345'\026\245\024\353\007\207"
  43      24E6E827 
  43      E52716A5 
  43      14EB0787 
  44 008e C4FB853A 		.ascii	"\304\373\205:\373\270\372\307\273\231\030\030\006\271"
  44      FBB8FAC7 
  44      BB991818 
  44      06B9
  45 009c 42C4F592 		.ascii	"B\304\365\222\031\000a)0h"
  45      19006129 
  45      3068
  46              		.text
  47              		.section	.gnu.lto_.symbol_nodes.275cec91,"",%progbits
  48 0000 789C6366 		.ascii	"x\234cf``pa\200\002\246\211L\365\014\014\023\31610\324"
  48      60607061 
  48      8002A689 
  48      4CF50C0C 
  48      13CE3130 
  49 0015 D7335C5B 		.ascii	"\3273\\[\300\301\3004\211\251\236\021Y\200u\002\023"
  49      C0C1C034 
  49      89A99E11 
  49      59807502 
  49      13
  50 0026 C362A022 		.ascii	"\303b\240\"\306\311L\365L\020\011\206\206\006\016\006"
  50      C6C94CF5 
  50      4C100986 
  50      86060E06 
  51 0036 66205CF2 		.ascii	"f \\\362\340\237#\003\000\207x\022\246"
  51      E09F2303 
  51      00877812 
  51      A6
  52              		.text
  53              		.section	.gnu.lto_.refs.275cec91,"",%progbits
  54 0000 789C6366 		.ascii	"x\234cf```d\200\002\000\000=\000\005"
  54      60606064 
  54      80020000 
  54      3D0005
  55              		.text
  56              		.section	.gnu.lto_.decls.275cec91,"",%progbits
  57 0000 789CAD56 		.ascii	"x\234\255V{L\223W\024\377n\277\266@\251`$Qc\314\302"
  57      7B4C9357 
  57      14FF6EBF 
  57      B640A960 
  57      245163CC 
  58 0015 3061CE28 		.ascii	"0a\316( 0\343\366\317t\276\027\247d\323\354\017\233"
  58      2030E3F6 
  58      CF74BE17 
  58      A764D3EC 
  58      0F9B
  59 0027 74851669 		.ascii	"t\205\026iVh\327\226E\377\273\212\233EPAE\301\027\345"
  59      5668D796 
  59      45FFBB8A 
  59      9B455041 
ARM GAS  C:\Users\Ciccio\AppData\Local\Temp\ccT91VHz.s 			page 4


  59      45C117E5 
  60 003b B155B082 		.ascii	"\261U\260\202CT^\002\342\006\210\340\023|MGE\2478EP"
  60      43545E02 
  60      E20688E0 
  60      137C4D47 
  60      45A73845 
  61 0050 11414176 		.ascii	"\021AAv\356\275}@W\037K\274\351\351\375\316\271\347"
  61      EEBD7D40 
  61      571F4BBC 
  61      E9E9FDCE 
  61      B9E7
  62 0062 FCCEE39E 		.ascii	"\374\316\343\236\373\335\217\3478.\015h\230\014\011"
  62      FBDD8FE7 
  62      382E0D68 
  62      980C09
  63 0071 C77D24E0 		.ascii	"\307}$\3408\036\370(\3165\010o\005*\002:\014\204\200"
  63      381EF828 
  63      CE35086F 
  63      052A023A 
  63      0C8480
  64 0084 06B9D1C3 		.ascii	"\006\271\321\303\312\271\354\206\200\012\354r\201}\355"
  64      CAB9EC86 
  64      800AEC72 
  64      817DED
  65 0093 30F7DF51 		.ascii	"0\367\337Qd\307r\370Bv\231\373x,@\345E\275-\276\235"
  65      64C772F8 
  65      427699FB 
  65      782C40E5 
  65      45BD2DBE 
  66 00a8 02E42709 		.ascii	"\002\344'\011$l\305\266\306L1\260R\211\220\260\225/"
  66      246CC5B6 
  66      C64C31B0 
  66      528990B0 
  66      952F
  67 00ba 3B5A8513 		.ascii	";Z\205\02320\214\264$<V\210\242\306#\013\232\204\016"
  67      32308CB4 
  67      243C5688 
  67      A2C6230B 
  67      9A840E
  68 00cd A049805A 		.ascii	"\240I\200Z\200&\300\377*!C\252K\177\322\205x\001\"\317"
  68      8026C0FF 
  68      2A2143AA 
  68      4B7FD285 
  68      780122CF 
  69 00e1 7999B75A 		.ascii	"y\231\267Z%\323\013\301\314\204k\373\221\313\335\265"
  69      25D30BC1 
  69      CC846BFB 
  69      91CBDDB5 
  70 00f1 6D27EFFA 		.ascii	"m'\357\372\004\356\307fsO\321\336\237\371,l^\217_\015"
  70      04EEC766 
  70      734FD1DE 
  70      9FF92C6C 
  70      5E8F5F0D 
  71 0105 0F230A86 		.ascii	"\017#\012\206\012\021\217\016\242\3514dxf\261[Q \030"
  71      0A118F0E 
  71      A2E93464 
  71      7866B15B 
ARM GAS  C:\Users\Ciccio\AppData\Local\Temp\ccT91VHz.s 			page 5


  71      512018
  72 0118 16666F6D 		.ascii	"\026fom\363\342\277\244\350\245\271\027\255\"\012b~"
  72      F3E2BFA4 
  72      E8A5B917 
  72      AD220A62 
  72      7E
  73 0129 99276EC4 		.ascii	"\231'n\304\265\303\303\237S\373C#\354\0179\354\213\250"
  73      B5C3C39F 
  73      53FB4323 
  73      EC0F39EC 
  73      8BA8
  74 013b BDC572F9 		.ascii	"\275\305r\371\220\210_A\355\357'\331z\304`o\303=-y%"
  74      90885F41 
  74      EDEF27D9 
  74      7AC4606F 
  74      C33D2D79 
  75 0150 93334B70 		.ascii	"\2233Kp\335\006<\010Q \212R<\002\245\330\201r\230\242"
  75      DD063C08 
  75      51208A52 
  75      3C02A5D8 
  75      817298A2 
  76 0164 5475A75E 		.ascii	"Tu\247^\360\246\325\252\225\020\244\3743iY\210\226\353"
  76      F0A6D5AA 
  76      9510A4FC 
  76      33695988 
  76      96EB
  77 0176 0045AEEC 		.ascii	"\000E\256\354?f\361\243\3536\312\227Tu>\363\247\353"
  77      3F66F1A3 
  77      EB36CA97 
  77      54753EF3 
  77      A7EB
  78 0188 9309DB5E 		.ascii	"\223\011\333^]yW\314g!\272VS\335_/\341\255\214I5\331"
  78      5D7957CC 
  78      6721BA56 
  78      53DD5F2F 
  78      E1AD8C49 
  79 019e 4E4BF8A3 		.ascii	"NK\370\243\214Y\367ke\252\027X}(\2415k\3373\220\357"
  79      8C59F76B 
  79      65AA1758 
  79      7D28A135 
  79      6BDF3390 
  80 01b3 4359D24A 		.ascii	"CY\322J\376 \022\034\031\310>\205P\260$\037*\334c\262"
  80      FE20121C 
  80      19C83E85 
  80      50B0241F 
  80      2ADC63B2 
  81 01c7 742C4EC2 		.ascii	"t,N\302sP%\222\240\343\316\330\2515\031&\214\327\223"
  81      73502592 
  81      A0E3CED8 
  81      A9351926 
  81      8CD793
  82 01da DDF359CC 		.ascii	"\335\363Y\3149\367\016U\240`P\240\252\250\014\204\345"
  82      39F70E55 
  82      A06050A0 
  82      AAA80C84 
  82      E5
  83 01eb 2004DC2C 		.ascii	" \004\334,\023n\360E\222`\2176'<\330\320\000\316%o\033"
ARM GAS  C:\Users\Ciccio\AppData\Local\Temp\ccT91VHz.s 			page 6


  83      136EF045 
  83      92608F36 
  83      273CD8D0 
  83      00CE256F 
  84 0200 8FB11055 		.ascii	"\217\261\020UA\000\307\\\001@<\316}\037l\332].\345\223"
  84      4100C75C 
  84      01403CCE 
  84      7D1F6CDA 
  84      5D2EE593 
  85 0214 789A5F76 		.ascii	"x\232_v\332\336g\">\2311y\275\347\037{\363i\214\311"
  85      DADE6722 
  85      3E993179 
  85      BDE71F7B 
  85      F3698CC9 
  86 0228 CFD86915 		.ascii	"\317\330i\025\321zy\0236\267\270\374[>\223-\225\232"
  86      D17A7913 
  86      36B7B8FC 
  86      5B3E932D 
  86      959A
  87 023a AD0D3CBF 		.ascii	"\255\015<\277\2371g:\372\237J\251\336X\332z]\007S\374"
  87      9F31673A 
  87      FA9F4AA9 
  87      DE58DA7A 
  87      5D0753FC 
  88 024e F85CB676 		.ascii	"\370\\\266v\340\227\315\367x\336\302\230\254\347\315"
  88      E097CDF7 
  88      78DEC298 
  88      ACE7CD
  89 025d F56C0326 		.ascii	"\365l\003&\002\353\363\362z\376u\011\012\010\242#8("
  89      02EBF3F2 
  89      7AFE7509 
  89      0A08A223 
  89      3828
  90 026f 9D3636C6 		.ascii	"\23566\306s\204\034:\002\031\225\322\266nD\001$\005"
  90      73841C3A 
  90      021995D2 
  90      B66E4401 
  90      2405
  91 0281 740EF23D 		.ascii	"t\016\362=\213\202\320y\240\323@g\200Z\200\232\200\232"
  91      8B82D079 
  91      A0D34067 
  91      805A809A 
  91      809A
  92 0293 51104DCD 		.ascii	"Q\020M\315\014\205\352\271\321\365j\311\366$\234?\221"
  92      0C85EAB9 
  92      D1F56AC9 
  92      F6249C3F 
  92      91
  93 02a4 56A0162A 		.ascii	"V\240\026*@ \234u;IQ\247M\262\253\233\223\013\304\215"
  93      40209C75 
  93      3B4951A7 
  93      4DB2AB9B 
  93      930BC48D 
  94 02b8 6154F50F 		.ascii	"aT\365\017w\325\337\251\252\0059u\207,\016\335:\317"
  94      77D5DFA9 
  94      AA053975 
  94      872C0EDD 
ARM GAS  C:\Users\Ciccio\AppData\Local\Temp\ccT91VHz.s 			page 7


  94      3ACF
  95 02ca B0237453 		.ascii	"\260#tS\234\270\365\356\272\015n!\014;aOy\016\301\245"
  95      9CB8F5EE 
  95      BA0D6E21 
  95      0C3B614F 
  95      790EC1A5 
  96 02de DAED54AD 		.ascii	"\332\355T\255vW\235\352\324$m`\353\262\2101\"\032\234"
  96      76579DEA 
  96      D4246D60 
  96      EBB28831 
  96      221A9C
  97 02f1 E3F870CE 		.ascii	"\343\370p\316\032\331\006,g\245\330\016T\343\021\210"
  97      1AD9062C 
  97      67A5D80E 
  97      54E31188 
  98 0301 65024D58 		.ascii	"e\002MX\327\322\331,D\001\301\236v\007]\204M\371?\033"
  98      D7D2D92C 
  98      4401C19E 
  98      76075D84 
  98      4DF93F1B 
  99 0315 44234B55 		.ascii	"D#KU{\243\013`t\324\325\234$LGs\266\015\265|\300\337"
  99      7BA30B60 
  99      74D4D59C 
  99      244C4773 
  99      B60DB57C 
 100 032b 620D631B 		.ascii	"b\015c\033J+\025\361\235\214\331\321\224\376\035\337"
 100      4A2B15F1 
 100      9D8CD9D1 
 100      94FE1DDF 
 101 033b CD9ED7D5 		.ascii	"\315\236\327\325\036\272\344E;i6a\255\326\264\235^|"
 101      1EBAE445 
 101      3B693661 
 101      ADD6B49D 
 101      5E7C
 102 034d 1F5BBB57 		.ascii	"\037[\273W\375\020\013\350Z\024}\277\324\334\257\362"
 102      FD100BE8 
 102      5A147DBF 
 102      D4DCAFF2 
 103 035d E587ECCD 		.ascii	"\345\207\354\315\276\245d\200\275Qu\204\335}\325\344"
 103      BEA56480 
 103      BD517584 
 103      DD7DD5E4 
 104 036d C76F10B2 		.ascii	"\307o\020\262\226\2569\362\204u\261\211\360\336\355"
 104      96AE39F2 
 104      8475B189 
 104      F0DEED
 105 037c 6935FB45 		.ascii	"i5\373E\254;\203\203F5\347o\220~\011\335\230\233\366"
 105      AC3B8383 
 105      4635E76F 
 105      907E09DD 
 105      989BF6
 106 038f DC3B20F7 		.ascii	"\334; \367\333\220\347- \033\320_@\355@w\\\215\211m"
 106      DB90E72D 
 106      201BD05F 
 106      40ED4077 
 106      5C8D896D 
 107 03a3 5505CB48 		.ascii	"U\005\313H\315I\352W ub\353,\344\325\321\355\203\315"
ARM GAS  C:\Users\Ciccio\AppData\Local\Temp\ccT91VHz.s 			page 8


 107      CD49EA57 
 107      207562EB 
 107      2CE4D5D1 
 107      ED83CD
 108 03b6 8D1FDB55 		.ascii	"\215\037\333U\257\271\253^\037\325\022\330\\\346\320"
 108      AFB9AB5E 
 108      1FD512D8 
 108      5CE6D0
 109 03c5 6C73D7BC 		.ascii	"ls\327\274\354\246iuh\266\272k6\214pO\367h_\001\351"
 109      ECA66975 
 109      68B6BA6B 
 109      368C704F 
 109      F7685F01 
 110 03da 9E9B9EBA 		.ascii	"\236\233\236\272\007\333\016\270\022\271\344\2164u\264"
 110      07DB0EB8 
 110      12B9E48E 
 110      3475B4
 111 03e9 CB1B0E97 		.ascii	"\313\033\016\227\177\272+\336@#\333\014\345\364Z\217"
 111      7FBA2BDE 
 111      4023DB0C 
 111      E5F45A8F 
 112 03f9 7BF12974 		.ascii	"{\361)t+\004\007\333\257l\226\242\340\000\032\312\013"
 112      2B0407DB 
 112      AF6C96A2 
 112      E0001ACA 
 112      0B
 113 040a 68977B60 		.ascii	"h\227{`\371\267\253]n:\332\305\323\256\240\273\260\031"
 113      F9B7AB5D 
 113      6E3ADAC5 
 113      D3AEA0BB 
 113      B019
 114 041c EFBA31E0 		.ascii	"\357\2721\340y\313\306\372~\277\000;\222\371uH\334\333"
 114      79CBC6FA 
 114      7EBF003B 
 114      92F97548 
 114      DCDB
 115 042e 60AEDCBB 		.ascii	"`\256\334\273\223\315\363\031\254\2272\037\354\334\343"
 115      93CDF319 
 115      AC97321F 
 115      ECDCE3
 116 043d 4F2F0973 		.ascii	"O/\011s2n\025\320\313g`\343\3661TT\374\234\335\033h"
 116      326E15D0 
 116      CB6760E3 
 116      F6315454 
 116      FC9CDD1B 
 117 0452 F854C625 		.ascii	"\370T\306%\021\025\375\224\333f\026\323\0339}c\2057"
 117      1115FD94 
 117      DB6616D3 
 117      1B397D63 
 117      8537
 118 0464 15B50FF3 		.ascii	"\025\265\017\363D\320|\342X\013C\302\217\330;t\263\265"
 118      44D07CE2 
 118      580B43C2 
 118      8FD83B74 
 118      B3B5
 119 0476 C697096A 		.ascii	"\306\227\011j\247\021\301\355\234\027=\376\263J\261"
 119      A711C1ED 
ARM GAS  C:\Users\Ciccio\AppData\Local\Temp\ccT91VHz.s 			page 9


 119      9C173DFE 
 119      B34AB1
 120 0485 C93C9B56 		.ascii	"\311<\233V\232\234\301\177 \003r\016\311\305@\316\342"
 120      9A9CC17F 
 120      2003720E 
 120      C9C540CE 
 120      E2
 121 0496 0398C979 		.ascii	"\003\230\311y|\01039\223]0\223s\371\010f8\233\250\233"
 121      7C083339 
 121      935D3093 
 121      73F90866 
 121      389BA89B 
 122 04aa 5E3828A3 		.ascii	"^8(\243j\3576v\267a\352\253\267\242\266\215\305\334"
 122      6AEF3676 
 122      B761EAAB 
 122      B7A2B68D 
 122      C5DC
 123 04bc 56D85628 		.ascii	"V\330V(\"\242]\017\372K\275\355\327\037\015\320r\261"
 123      22A25D0F 
 123      FA4BBDED 
 123      D71F0DD0 
 123      72B1
 124 04ce BD7B8C9B 		.ascii	"\275{\214\233\373\307n\356\313\355\356\237\330\335?"
 124      FBC76EEE 
 124      CBEDEE9F 
 124      D8DD3F
 125 04dd B5BB2FB3 		.ascii	"\265\273/\263\273/c\356;\217\034\277\340\357p\267\211"
 125      BB2F63EE 
 125      3B8F1CBF 
 125      E0EF70B7 
 125      89
 126 04ee BACB6930 		.ascii	"\272\313i0m\365uC/{\015\372\2637\243\357\350)_\376\216"
 126      6DF57543 
 126      2F7B0DFA 
 126      B337A3EF 
 126      E8295FFE 
 127 0503 486F89F3 		.ascii	"Ho\211\363\375!\365\245\344\244Jh\306\347\035\005\336"
 127      FD21F5A5 
 127      E4A44A68 
 127      C6E71D05 
 127      DE
 128 0514 B2ABE981 		.ascii	"\262\253\351\201{=_\207>\360f\364\224\275x+\203\012"
 128      7B3D5F87 
 128      3EF066F4 
 128      94BD782B 
 128      830A
 129 0526 439D0045 		.ascii	"C\235\000E:\270\007\315\242]\334\0133\351\344>\230I"
 129      3AB807CD 
 129      A25DDC0B 
 129      33E9E43E 
 129      9849
 130 0538 373F8799 		.ascii	"7?\207\231tt?\314\320\325\350\005\232E \326_\334\227"
 130      74743FCC 
 130      D0D5E805 
 130      9A4520D6 
 130      5FDC97
 131 054b 2C9D9283 		.ascii	",\235\222\203\017\303\027\342\223|\264\216|!b\362\201"
ARM GAS  C:\Users\Ciccio\AppData\Local\Temp\ccT91VHz.s 			page 10


 131      0FC317E2 
 131      937CB48E 
 131      7C2162F2 
 131      81
 132 055c 4701EFB3 		.ascii	"G\001\357\263#9\342\205x\237|\241\241\227`\214\006\321"
 132      2339E285 
 132      789F7CA1 
 132      A197608C 
 132      06D1
 133 056e 140028EE 		.ascii	"\024\000(\356;_\350+\335\344\374\202\241\337t\256\217"
 133      3B5FE82B 
 133      DDE4FC82 
 133      A1DF74AE 
 133      8F
 134 057f D62124A5 		.ascii	"\326!$\245\037td\226\312\345*\205^\263V\256NP\033\305"
 134      1F746496 
 134      CAE52A85 
 134      5EB356AE 
 134      4E501BC5 
 135 0593 8B96AD0C 		.ascii	"\213\226\255\014\234\307E\204\204\204:\177ZCh\234B\023"
 135      9CC74584 
 135      84843A7F 
 135      5A43689C 
 135      4213
 136 05a5 1AAD55E8 		.ascii	"\032\255U\350\225\206\320oV\310\227\255\234\267t\301"
 136      9586D06F 
 136      56C897AD 
 136      9CB774C1 
 137 05b5 72F9C2C8 		.ascii	"r\371\302\310\260\231_/`\362\220\030\316\207>,\001\220"
 137      B0995F2F 
 137      60F29018 
 137      CE873E2C 
 137      0190
 138 05c7 B106637C 		.ascii	"\261\006c|D\270<F\243\215\371\236\242z\202\323i\365"
 138      44B83C46 
 138      A38DF99E 
 138      A27A82D3 
 138      69F5
 139 05d9 4682F655 		.ascii	"F\202\366UD8\373_\030\271f\015Y\221k4\312\2208n\034"
 139      4438FB5F 
 139      18B9660D 
 139      59916B34 
 139      CA90386E 
 140 05ee 0359AD53 		.ascii	"\003Y\255Sk\345\006\2251Q'7z'\252\023\214 3J\344r\307"
 140      6BE50695 
 140      31512737 
 140      7A27AA13 
 140      8C20334A 
 141 0605 636CCC67 		.ascii	"cl\314g\262\2308u\264\332`LT\252\2652\243V\2531\310"
 141      B2983875 
 141      B4DA604C 
 141      54AAB532 
 141      A356AB31 
 142 061a 56272406 		.ascii	"V'$\006\322\247@\205>>P\025\037\255R*UJYd\310\247\201"
 142      D2A74085 
 142      3E3E5015 
 142      1FAD522A 
ARM GAS  C:\Users\Ciccio\AppData\Local\Temp\ccT91VHz.s 			page 11


 142      554A5964 
 143 0631 E161333F 		.ascii	"\341a3?\371!B\006\362\031\011\332\004\325\014\225\""
 143      F9214206 
 143      F21909DA 
 143      04D50C95 
 143      22
 144 0642 5A2D5327 		.ascii	"Z-S'\304h\022\225*Y\274\002\260\022T2\271R\025\253H"
 144      C4681295 
 144      2A59BC02 
 144      B0125432 
 144      B95215AB 
 145 0657 D418E5C6 		.ascii	"\324\030\345\306\265:\225\001\242Y\365^\335\030\326"
 145      B53A9501 
 145      A259F55E 
 145      DD18D6
 146 0666 1A647283 		.ascii	"\032dr\203Q\0119\000\266(^\253T\351\305Z\342K\357\245"
 146      51093900 
 146      B6285EAB 
 146      54E9C55A 
 146      E24BEFA5 
 147 067a 35E8542A 		.ascii	"5\350T*\245^\244K\324)\365\274V\251\027*b\365\032\362"
 147      A55EA44B 
 147      D429F5BC 
 147      56A9172A 
 147      62F51AF2 
 148 068e 1717F996 		.ascii	"\027\027\371\2262.]:?tQ\324\222\345?\206\207\352\234"
 148      322E5D3A 
 148      3F7451D4 
 148      92E53F86 
 148      87EA9C
 149 06a1 751447CD 		.ascii	"u\024G\315\235\2570*\304Q_\260i\036\233\346\263i\001"
 149      9DAF302A 
 149      C4515FB0 
 149      691E9BE6 
 149      B36901
 150 06b4 9B1693C9 		.ascii	"\233\026\223\311'j\356\322y\332\204X\365\352q\304\334"
 150      276AEED2 
 150      79DA8458 
 150      F5EA71C4 
 150      DC
 151 06c5 5182182A 		.ascii	"Q\202\030*\372\027\362h\004)"
 151      FA17F268 
 151      0429
 152              		.text
 153              		.section	.gnu.lto_.symtab.275cec91,"",%progbits
 154 0000 5F5F6561 		.ascii	"__early_init\000\000\000\000\000\000\000\000\000\000"
 154      726C795F 
 154      696E6974 
 154      00000000 
 154      00000000 
 155 0016 0000AC00 		.ascii	"\000\000\254\000\000\000boardInit\000\000\000\000\000"
 155      0000626F 
 155      61726449 
 155      6E697400 
 155      00000000 
 156 002a 00000000 		.ascii	"\000\000\000\000\000\000\000\256\000\000\000pal_def"
 156      000000AE 
ARM GAS  C:\Users\Ciccio\AppData\Local\Temp\ccT91VHz.s 			page 12


 156      00000070 
 156      616C5F64 
 156      6566
 157 003c 61756C74 		.ascii	"ault_config\000\000\000\000\000\000\000\000\000\000"
 157      5F636F6E 
 157      66696700 
 157      00000000 
 157      00000000 
 158 0051 0000FC00 		.ascii	"\000\000\374\000\000\000stm32_clock_init\000\000\002"
 158      00007374 
 158      6D33325F 
 158      636C6F63 
 158      6B5F696E 
 159 006a 00000000 		.ascii	"\000\000\000\000\000\000\000\000\000\260\000\000\000"
 159      00000000 
 159      00B00000 
 159      00
 160              		.text
 161              		.section	.gnu.lto_.opts,"",%progbits
 162 0000 272D666E 		.ascii	"'-fno-trapv' '-fno-strict-overflow' '-mcpu=cortex-m"
 162      6F2D7472 
 162      61707627 
 162      20272D66 
 162      6E6F2D73 
 163 0033 34272027 		.ascii	"4' '-mno-thumb-interwork' '-mthumb' '-ggdb' '-O0' '"
 163      2D6D6E6F 
 163      2D746875 
 163      6D622D69 
 163      6E746572 
 164 0066 2D666F6D 		.ascii	"-fomit-frame-pointer' '-falign-functions=16' '-ffun"
 164      69742D66 
 164      72616D65 
 164      2D706F69 
 164      6E746572 
 165 0099 6374696F 		.ascii	"ction-sections' '-fdata-sections' '-fno-common' '-f"
 165      6E2D7365 
 165      6374696F 
 165      6E732720 
 165      272D6664 
 166 00cc 6C746F27 		.ascii	"lto'\000"
 166      00
 167              		.text
 168              		.comm	__gnu_lto_v1,1,1
 169              		.comm	__gnu_lto_slim,1,1
 170              		.ident	"GCC: (GNU Tools for ARM Embedded Processors) 4.9.3 20150529 (release) [ARM/embedded-4_9-br
ARM GAS  C:\Users\Ciccio\AppData\Local\Temp\ccT91VHz.s 			page 13


DEFINED SYMBOLS
                            *ABS*:00000000 board.c
                            *COM*:00000001 __gnu_lto_v1
                            *COM*:00000001 __gnu_lto_slim

NO UNDEFINED SYMBOLS
