ARM GAS  C:\Users\Ciccio\AppData\Local\Temp\cc3xxsAT.s 			page 1


   1              		.syntax unified
   2              		.cpu cortex-m4
   3              		.fpu softvfp
   4              		.eabi_attribute 20, 1
   5              		.eabi_attribute 21, 1
   6              		.eabi_attribute 23, 3
   7              		.eabi_attribute 24, 1
   8              		.eabi_attribute 25, 1
   9              		.eabi_attribute 26, 1
  10              		.eabi_attribute 30, 6
  11              		.eabi_attribute 34, 1
  12              		.eabi_attribute 18, 4
  13              		.thumb
  14              		.file	"chcore_v7m.c"
  15              		.text
  16              	.Ltext0:
  17              		.section	.gnu.lto_.inline.275cdb47,"",%progbits
  18 0000 789C6366 		.ascii	"x\234cf\300\016z\2414\033\003\003\0133\003\003\023\313"
  18      C00E7AA1 
  18      341B0303 
  18      0B330303 
  18      13CB
  19 0012 073D0616 		.ascii	"\007=\006\026\006&\220\020#\206\010\023\003\013\017"
  19      06269010 
  19      23860813 
  19      030B0F
  20 0021 90645A20 		.ascii	"\220dZ \017W\303\005$\230\261\013\2630p\012\002\205"
  20      0F57C305 
  20      2498B10B 
  20      B330700A 
  20      0285
  21 0033 7936E4A2 		.ascii	"y6\344\242\010\2632\210\352\003\205\345\032~1\242\210"
  21      08B33288 
  21      EA0385E5 
  21      1A7E31A2 
  21      88
  22 0044 3371C358 		.ascii	"3q\303X\014\000\2167\010."
  22      0C008E37 
  22      082E
  23              		.text
  24              		.section	.gnu.lto_port_lock.275cdb47,"",%progbits
  25 0000 789C6550 		.ascii	"x\234ePMHTQ\030\375\316\275oFr6\022\270q3\017$\334\310"
  25      4D485451 
  25      18FDCEBD 
  25      6F467236 
  25      12B87133 
  26 0018 DC5CB58C 		.ascii	"\334\\\265\214\020\204\026\263q\366\231=\037(8\216\274"
  26      108416B3 
  26      71F6993D 
  26      1F28388E 
  26      BC
  27 0029 F941575E 		.ascii	"\371AW^\207\201j\021D\031\214\240\244\204\3758\245N"
  27      87816A11 
  27      44198CA0 
  27      A484FD38 
  27      A54E
  28 003b B6D1D5AC 		.ascii	"\266\321\325\254D\202\300E 8`?\030T\272P^iC\304\364"
ARM GAS  C:\Users\Ciccio\AppData\Local\Temp\cc3xxsAT.s 			page 2


  28      4482C045 
  28      2038603F 
  28      1854BA50 
  28      5E6943C4 
  29 0050 DD3711A8 		.ascii	"\3357\021\250\217wy|\347;\347\334s\236\244\363O+\237"
  29      8F77797C 
  29      E73BE7DC 
  29      739EA4F3 
  29      4F2B9F
  30 0063 59106933 		.ascii	"Y\020i3H\202 >`\200@\023\002\023\370&\216\004\356WJ"
  30      4882203E 
  30      60804013 
  30      0213F826 
  30      8E04EE57 
  31 0078 C548C782 		.ascii	"\305H\307\202\326\3720\357\227\241\247n\326\230\350"
  31      D6FA30EF 
  31      97A1A76E 
  31      D698E8
  32 0087 8B86079E 		.ascii	"\213\206\007\236\241\203\230uT\370\263\035\011\027\230"
  32      A1839875 
  32      54F8B31D 
  32      091798
  33 0096 D5D2D8E1 		.ascii	"\325\322\330\3419\302l\005\336\371%=%\245\202\341\255"
  33      39C26C05 
  33      DEF9253D 
  33      25A582E1 
  33      AD
  34 00a7 2DFD7817 		.ascii	"-\375x\027\371*j\002\266\031\327\037l\026\303f\024\226"
  34      F92A6A02 
  34      B619D71F 
  34      6C16C366 
  34      1496
  35 00b9 19F7DFCF 		.ascii	"\031\367\337\317/4\267\317k\235\327\323zN\334\251\324"
  35      2F34B7CF 
  35      6B9DD7D3 
  35      7A4EDCA9 
  35      D4
  36 00ca EB576B42 		.ascii	"\353WkB\342\005$\233b\021m(\241\355_|\274D\373\362\305"
  36      E205249B 
  36      62116D28 
  36      A1ED5F7C 
  36      BC44FBF2 
  37 00df 8AAED79F 		.ascii	"\212\256\327\237<\2359\011\011\004\010\321^\020\355"
  37      3C9D3909 
  37      090408D1 
  37      5E10ED
  38 00ee 8BE08FDC 		.ascii	"\213\340\217\334A\376\320\242\023ab|\272\367s\025\346"
  38      41FED0A2 
  38      1361627C 
  38      BAF77315 
  38      E6
  39 00ff 2E69135E 		.ascii	".i\023^\261M\025\371\317\325\362F\327\251\370\037\013"
  39      B14D15F9 
  39      CFD5F246 
  39      D7A9F81F 
  39      0B
  40 0110 DF65E063 		.ascii	"\337e\340c\012\370\002g\313a\011a\276{\331\264\003\271"
ARM GAS  C:\Users\Ciccio\AppData\Local\Temp\cc3xxsAT.s 			page 3


  40      0AF80267 
  40      CB610961 
  40      BE7BD9B4 
  40      03B9
  41 0122 BCFD70F0 		.ascii	"\274\375p\360\353\241\214\346fu\321\2565j<\252\376\236"
  41      EBA18CE6 
  41      6675D1AE 
  41      356A3CAA 
  41      FE9E
  42 0134 6CB6CCEF 		.ascii	"l\266\314\357\\A\224\014\362xk\345n\210\021\224aq\032"
  42      5C41940C 
  42      F2786BE5 
  42      6E881194 
  42      61711A
  43 0147 DEBC86C5 		.ascii	"\336\274\206\305\370\333\333s\307Vt\274\241\015\031"
  43      F8DBDB73 
  43      C75674BC 
  43      A10D19
  44 0156 E6D6C1C6 		.ascii	"\346\326\301\306\372\205@\273j\264x\003\213v1Y\361o"
  44      FA8540BB 
  44      6AB47803 
  44      8B763159 
  44      F16F
  45 0168 9840A6D9 		.ascii	"\230@\246\331\236\3213\2413\026S\377\337TZy\0315\232"
  45      9ED133A1 
  45      331653FF 
  45      DF545A79 
  45      19359A
  46 017b F2326975 		.ascii	"\3622iu\2557\336\035\037S\316\240\223\362\334\276\334"
  46      AD37DE1D 
  46      1F53CEA0 
  46      93F2DCBE 
  46      DC
  47 018c 95646C90 		.ascii	"\225dl\220B\271\376\341\254\253\316H\334\261\214\352"
  47      42B9FEE1 
  47      ACABCE48 
  47      DCB18CEA 
  48 019c 8E27AE27 		.ascii	"\216'\256'\324\320\2103\234\035pU q\222=\331\021\207"
  48      D4D08833 
  48      9C1D7055 
  48      2071923D 
  48      D91187
  49 01af 552DF144 		.ascii	"U-\361D\257}\253?\355\216zC\235\366\245\313$<jJ\272"
  49      AF7DAB3F 
  49      ED8E7A43 
  49      9DF6A5CB 
  49      243C6A4A 
  50 01c4 C994374E 		.ascii	"\311\2247N\177\001\246<\257s"
  50      7F01A63C 
  50      AF73
  51              		.text
  52              		.section	.gnu.lto_port_unlock.275cdb47,"",%progbits
  53 0000 789C6550 		.ascii	"x\234eP\317KTQ\030\375\316\275o&u6\022\264q3\003\022"
  53      CF4B5451 
  53      18FDCEBD 
  53      6F267536 
  53      12B47133 
ARM GAS  C:\Users\Ciccio\AppData\Local\Temp\cc3xxsAT.s 			page 4


  54 0016 6E646EAD 		.ascii	"ndn\255ZF\010A\213\3318\177\200\351\353\201\202\343"
  54      5A460841 
  54      8BD9387F 
  54      80E9EB81 
  54      82E3
  55 0028 C89B1FE8 		.ascii	"\310\233\037\350\312\353 \224\273(\203i!*!VS\352X\233"
  55      CAEB2094 
  55      BB288369 
  55      212A2156 
  55      53EA589B 
  56 003c 5CCD4A22 		.ascii	"\\\315J\"\210\014\202\240\201\212\230\240\310\2056Q"
  56      880C82A0 
  56      818A98A0 
  56      C8853651 
  57 004c 3D2AA6EF 		.ascii	"=*\246\357{\023\201\372x\227\313w\276s\316;\347i:\376"
  57      7B1381FA 
  57      7897CB77 
  57      BE73CE3B 
  57      E7693AFE 
  58 0060 9CE2B308 		.ascii	"\234\342\263\010\"+\203&(\342\003\006\0104\2430\203"
  58      222B8326 
  58      28E20306 
  58      0834A330 
  58      83
  59 0071 CFEA40E1 		.ascii	"\317\352@\341z\255R\216\365\255Zk\367KA\025v\341r\300"
  59      7AAD528E 
  59      F5AD5A6B 
  59      F74B4115 
  59      76E172C0 
  60 0085 C4A66A7B 		.ascii	"\304\246j{`\015}\304\254\203\271?\257c\3219fu\267w\270"
  60      600D7DC4 
  60      AC83B93F 
  60      AF63D139 
  60      6675B777 
  61 009a 8B285B81 		.ascii	"\213([\201w\315\212]\320\332@xO\326\277=\217}R\201B"
  61      77CD8A5D 
  61      D0DA4078 
  61      4FD6BF3D 
  61      8F7D5281 
  62 00af 42C6ED1B 		.ascii	"B\306\355\033O\313Q\031\225#\343\227W+\253]\275+\326"
  62      4FCB5119 
  62      9523E397 
  62      572BAB5D 
  62      BD2BD6
  63 00c2 96EC6DBB 		.ascii	"\226\354m\273\254\256\325Z\255\363\201\322\270\007\315"
  63      ACAED55A 
  63      ADF381D2 
  63      B807CD
  64 00d1 A6B88F1E 		.ascii	"\246\270\217\036T\320\363/>\036\240w\343d\315\266Zw"
  64      54D0F32F 
  64      3E1EA077 
  64      E364CDB6 
  64      5A77
  65 00e3 D67E0711 		.ascii	"\326~\007\021\205\020!j\204\321>*\276\364\033\224\366"
  65      8510216A 
  65      84D13E2A 
  65      BEF41B94 
ARM GAS  C:\Users\Ciccio\AppData\Local\Temp\cc3xxsAT.s 			page 5


  65      F6
  66 00f4 1DFAA124 		.ascii	"\035\372\241$\306\273\306\213\227\035\362-\315\332\207"
  66      C6BBC68B 
  66      971DF22D 
  66      CDDA87
  67 0103 6C5347E9 		.ascii	"lSG\351C\275\272s\366P\374\367\215\257:\364\221\002"
  67      43BDBA73 
  67      F650FCF7 
  67      8DAF3AF4 
  67      9102
  68 0115 4D85A3E5 		.ascii	"M\205\243\345\260\216(\3537\244\035\310\023\337\275"
  68      B08E28EB 
  68      37A41DC8 
  68      13DFBD
  69 0124 9F3775BC 		.ascii	"\2377u\274\270h\313\211\240]\343V\375\327l\227#\277"
  69      B868CB89 
  69      A05DE356 
  69      FDD76C97 
  69      23BF
  70 0136 73137112 		.ascii	"s\023q\022diws>\302\010\252p8\015o\266\3400\376\354"
  70      64697773 
  70      3EC208AA 
  70      70380D6F 
  70      B6E030FE 
  71 014b EAF27727 		.ascii	"\352\362w'>\335\326F\204\271\273\267\263\335\031j\037"
  71      3EDDD646 
  71      84B9BBB7 
  71      B3DD196A 
  71      1F
  72 015c 89168FE1 		.ascii	"\211\026\217\341\320[\314\326\226\206$\2204k\210\236"
  72      D05BCCD6 
  72      96862490 
  72      346B889E 
  73 016c 09FDC9A4 		.ascii	"\011\375\311\244\371\377fs\306\317\233\311\254\237\317"
  73      F9FF6673 
  73      C6CF9BC9 
  73      AC9FCF
  74 017b 990B83A9 		.ascii	"\231\013\203\251\201\324\224qG\335\254\357\015\025\317"
  74      81D49471 
  74      47DDACEF 
  74      0D15CF
  75 018a 6592A314 		.ascii	"e\222\243\024)\016\217\027<sD\342M\345\315@*})m\306"
  75      290E8F17 
  75      3C7344E2 
  75      4DE5CD40 
  75      2A7D296D 
  76 019f 26DCF1C2 		.ascii	"&\334\361\302\025\317\204\0227s\2610\341\262\252;\225"
  76      15CF8412 
  76      3773B130 
  76      E1B2AA3B 
  76      95
  77 01b0 1E4C8C0C 		.ascii	"\036L\214\014\347\274I\177\254?q\372\014)\237Nd\274"
  77      E7BC497F 
  77      AC3F71FA 
  77      0C299F4E 
  77      64BC
  78 01c2 4CD69FA6 		.ascii	"L\326\237\246\277\320\012\260%"
ARM GAS  C:\Users\Ciccio\AppData\Local\Temp\cc3xxsAT.s 			page 6


  78      BFD00AB0 
  78      25
  79              		.text
  80              		.section	.gnu.lto_port_lock_from_isr.275cdb47,"",%progbits
  81 0000 789C6366 		.ascii	"x\234cf\300\004\242@<\017\210\365@\034f\006F&\006 f"
  81      C004A240 
  81      3C0F88F5 
  81      401C6606 
  81      46260620 
  82 0015 64047218 		.ascii	"d\004r\030\031\352\231\030\353\031_2}db\234p`\365\014"
  82      19EA9918 
  82      EB195F32 
  82      7D64629C 
  82      7060F50C 
  83 0029 6EF5A50D 		.ascii	"n\365\245\015\015\015\037>\375\336\310\3300%\341'P\341"
  83      0D0D1F3E 
  83      FDDEC8D8 
  83      3025E127 
  83      50E1
  84 003b 67268819 		.ascii	"g&\210\031\214\313\031\325\031\200\252>\266\374\275"
  84      8CCB19D5 
  84      1980AA3E 
  84      B6FCBD
  85 004a CECDD602 		.ascii	"\316\315\326\002T%\000\221c\\\301\310\0062j\275\320"
  85      54250091 
  85      635CC1C8 
  85      06326ABD 
  85      D0
  86 005b 8186FFFF 		.ascii	"\201\206\377\377\037\257[\363\227\025\310}\002\326\366"
  86      1FAF5BF3 
  86      9715C87D 
  86      02D6F6
  87 006a 94094831 		.ascii	"\224\011H1\337al>p\371>#H!\310\204y\227\373\3261\325"
  87      DF616C3E 
  87      70F93E23 
  87      4821C884 
  87      7997FBD6 
  88 0080 FE6EE868 		.ascii	"\376n\350h\340\370\311\304\370\231\011\250\232q%c-\303"
  88      E0F8C9C4 
  88      F89909A8 
  88      9A712563 
  88      2DC3
  89 0092 4FA0E27B 		.ascii	"O\240\342{\214\215\007\256\306\203U2\200\014\001\312"
  89      8C8D07AE 
  89      C6835532 
  89      800C01CA 
  90 00a2 014DD0D1 		.ascii	"\001M\320\321\323\323\207\243\374b\375\242\022\375\202"
  90      D3D387A3 
  90      FC62FDA2 
  90      12FD82
  91 00b1 FCA29262 		.ascii	"\374\242\222b}\307 _g\337\012\375\344\214\344\374\242"
  91      7DC7205F 
  91      67DF0AFD 
  91      E48CE4FC 
  91      A2
  92 00c2 D4F832F3 		.ascii	"\324\3702\363\\\275\014\006\000\251\260CI"
  92      5CBD0C06 
ARM GAS  C:\Users\Ciccio\AppData\Local\Temp\cc3xxsAT.s 			page 7


  92      00A9B043 
  92      49
  93              		.text
  94              		.section	.gnu.lto_port_unlock_from_isr.275cdb47,"",%progbits
  95 0000 789C6366 		.ascii	"x\234cf\300\004\242@<\017\210\365@\034f\006F&\006 f"
  95      C004A240 
  95      3C0F88F5 
  95      401C6606 
  95      46260620 
  96 0015 64047218 		.ascii	"d\004r\030\031\352\231\030\353\031_2}db\234p`\365\014"
  96      19EA9918 
  96      EB195F32 
  96      7D64629C 
  96      7060F50C 
  97 0029 6EF5A50D 		.ascii	"n\365\245\015\015\015\037\026\375\337\310\3300%\341"
  97      0D0D1F16 
  97      FDDFC8D8 
  97      3025E1
  98 0038 2750E167 		.ascii	"'P\341g&\210\031\214\313\031\325\031\200\252>\266\374"
  98      2688198C 
  98      CB19D519 
  98      80AA3EB6 
  98      FC
  99 0049 BDCECDD6 		.ascii	"\275\316\315\326\002T%\000\221c\\\301\310\0062j\275"
  99      02542500 
  99      91635CC1 
  99      C806326A 
  99      BD
 100 005a D08186FF 		.ascii	"\320\201\206\377\377\037\257\277\363\237\025\310}\002"
 100      FF1FAFBF 
 100      F39F15C8 
 100      7D02
 101 0068 D6F69409 		.ascii	"\326\366\224\011H1\337al>\360\363>#H!\310\204y\227\373"
 101      4831DF61 
 101      6C3EF0F3 
 101      3E234821 
 101      C8847997 
 102 007d D631D5FE 		.ascii	"\3261\325\376n\350h\340\370\311\304\370\231\011\250"
 102      6EE868E0 
 102      F8C9C4F8 
 102      9909A8
 103 008c 9A712563 		.ascii	"\232q%c-\303O\240\342{\214\215\007~\307\203U2\200\014"
 103      2DC34FA0 
 103      E27B8C8D 
 103      077EC783 
 103      5532800C 
 104 00a0 01CA014D 		.ascii	"\001\312\001M\320\321\323\323\207\243\374b\375\242\022"
 104      D0D1D3D3 
 104      87A3FC62 
 104      FDA212
 105 00af FD82FCA2 		.ascii	"\375\202\374\242\222b}\307 _g\337\012\375\344\214\344"
 105      92627DC7 
 105      205F67DF 
 105      0AFDE48C 
 105      E4
 106 00c0 FCA2D4F8 		.ascii	"\374\242\324\3702\363\\\275\014\006\000\244qC|"
 106      32F35CBD 
ARM GAS  C:\Users\Ciccio\AppData\Local\Temp\cc3xxsAT.s 			page 8


 106      0C0600A4 
 106      71437C
 107              		.text
 108              		.section	.gnu.lto_SVC_Handler.275cdb47,"",%progbits
 109 0000 789C6D53 		.ascii	"x\234mS\355KSQ\030?\3179wwK\323\242\217\021l0\242/\262"
 109      ED4B5351 
 109      183FCF39 
 109      77774BD3 
 109      A28F116C 
 110 0018 EB87A80F 		.ascii	"\353\207\250\017!\021\201P0\022\367\007D\334\326\013"
 110      21118150 
 110      3012F707 
 110      44DCD60B 
 111 0028 BE6C6C33 		.ascii	"\276ll3\374\022\335\271\245\026T\342,&e%)V\226\232e"
 111      FC12DDB9 
 111      A51654E2 
 111      2C266525 
 111      2956969A 
 112 003d A699DECA 		.ascii	"\246\231\336\312^\250\314\350\005C+\3274)(\322,\326"
 112      5EA8CCE8 
 112      05432BD7 
 112      342928D2 
 112      2CD6
 113 004f 085DCF39 		.ascii	"\010]\31793Q\333\330=\367\236\347<\277\347\367;\277"
 113      3351DBD8 
 113      3DF79EE7 
 113      3CBFE7F7 
 113      3BBF
 114 0061 E71C46FE 		.ascii	"\347\034F\376\377\255\301g\227DH\023\237H\004(\301\007"
 114      FFADC167 
 114      97444813 
 114      9F480428 
 114      C107
 115 0073 188E0C00 		.ascii	"\030\216\014\000C@\016Q\006\207\340\013\235\242P\245"
 115      43400E51 
 115      0687E00B 
 115      9DA250A5 
 116 0083 3787D3D7 		.ascii	"7\207\323\3275j\2326\031\035\364\347\351\020\307\364"
 116      356A9A36 
 116      191DF4E7 
 116      E910C7F4 
 117 0093 699AAC04 		.ascii	"i\232\254\004M\260\216`\322\2517\003&\246\000\377\354"
 117      4DB08E60 
 117      D2A93703 
 117      26A600FF 
 117      EC
 118 00a4 6AF93990 		.ascii	"j\3719\220\376\231\306)X\370\264\273\372qX\346S*\361"
 118      FE99C629 
 118      58F8B4BB 
 118      FA7158E6 
 118      532AF1
 119 00b7 E9B1A168 		.ascii	"\351\261\241hd\205\265^\323\312\"\225cO\227k\217\265"
 119      6485B55E 
 119      D3CA2295 
 119      634F976B 
 119      8FB5
 120 00c9 60249130 		.ascii	"`$\2210\307\221\357\"0,\013\227`5\\\206\325sR\0212\025"
ARM GAS  C:\Users\Ciccio\AppData\Local\Temp\cc3xxsAT.s 			page 9


 120      C791EF22 
 120      302C0B97 
 120      60355C86 
 120      D5735211 
 121 00df 9C194A97 		.ascii	"\234\031J\227\203(`%4\2035\311\015W@F\251F\\\037\356"
 121      83286025 
 121      348335C9 
 121      0D574046 
 121      A9465C1F 
 122 00f4 AF0B1992 		.ascii	"\257\013\031\222%\303\201\227\313\017\317\227\224\310"
 122      25C38197 
 122      CB0FCF97 
 122      94C8
 123 0102 FFF5E02A 		.ascii	"\377\365\340*X\021\323\374\364b\016[/\364\206N\207\006"
 123      5811D3FC 
 123      F4620E5B 
 123      2FF4864E 
 123      8706
 124 0114 58127E6E 		.ascii	"X\022~nl<O\017\236\327f\023\011\334\245\004-\251\024"
 124      6C3C4F0F 
 124      9ED76613 
 124      09DCA504 
 124      2DA914
 125 0127 412B58B9 		.ascii	"A+X\271\016\204N4\327T\010\346\243\221\331+\345\206"
 125      0E844E34 
 125      D75408E6 
 125      A391D92B 
 125      E586
 126 0139 7962432A 		.ascii	"ybC*\3426\001\271\364\356\227\236\3116\011\346\217?"
 126      E23601B9 
 126      F4EE979E 
 126      C93609E6 
 126      8F3F
 127 014b BE7F03C1 		.ascii	"\276\177\003\301<y4\320YP\035\320\032\252\312&\023\233"
 127      3C7934D0 
 127      59501DD0 
 127      1AAACA26 
 127      139B
 128 015d 7905B896 		.ascii	"y\005\270\226\222\273})\357\350\267\205\222S\022_\027"
 128      92BB7D29 
 128      EFE8B785 
 128      9253125F 
 128      17
 129 016e 98E38FFC 		.ascii	"\230\343\217\374O$\346\021\304\357\237\005\367'y\243"
 129      4F24E611 
 129      C4EF9F05 
 129      F72779A3 
 130 017e 83CE0568 		.ascii	"\203\316\005h\270\221\222\264\003\254\255\253t-\221"
 130      B89192B4 
 130      03ACADAB 
 130      742D91
 131 018d B870A6A7 		.ascii	"\270p\246\247CZ\006\004\275\301,\364\200\211Q\342\001"
 131      435A0604 
 131      BDC12CF4 
 131      808951E2 
 131      01
 132 019e 831027E3 		.ascii	"\203\020'\343\247\301( &\261eB\306\305Q\371D\361\305"
ARM GAS  C:\Users\Ciccio\AppData\Local\Temp\cc3xxsAT.s 			page 10


 132      A7C12820 
 132      26B16542 
 132      C6C551F9 
 132      44F1C5
 133 01b1 46C01F3D 		.ascii	"F\300\037=Y\376}\303\242\256F\016O\350\222\310\345M"
 133      59FE7DC3 
 133      A2AE460E 
 133      4FE892C8 
 133      E54D
 134 01c3 9DA6B0B4 		.ascii	"\235\246\260\264\351\355|\351&\310(\245\023Gl\273\037"
 134      E9ED7CE9 
 134      26C828A5 
 134      13476CBB 
 134      1F
 135 01d4 78E37A4E 		.ascii	"x\343zN\364\2550\237\200:-l\211S\231\243\276\376~\325"
 135      F4AD309F 
 135      803A2D6C 
 135      895399A3 
 135      BEFE7ED5 
 136 01e8 6F94F871 		.ascii	"o\224\370q\276\005fqx\316\265i\361t\256\266\013\244"
 136      BE056671 
 136      78CEB569 
 136      F174AEB6 
 136      0BA4
 137 01fa 18FA43A0 		.ascii	"\030\372C\240\033$2\014e\325]\017\246F2x\301\030\225"
 137      1B24320C 
 137      65D55D0F 
 137      A6463278 
 137      C11895
 138 020d C50A6AC4 		.ascii	"\305\012j\304+\300\336\202\177%\371\21150\251w;\211"
 138      2BC0DE82 
 138      7F25F989 
 138      3530A977 
 138      3B89
 139 021f 51132624 		.ascii	"Q\023&$\021wk\253\200k\214Q\3000\217\275\255\350\237"
 139      11776BAB 
 139      806B8C51 
 139      C0308FBD 
 139      ADE89F
 140 0232 8B500C62 		.ascii	"\213P\014b$\020.\237\250\315L\206\030F\027^\010j!p\033"
 140      24102E9F 
 140      A8CD4C86 
 140      1846175E 
 140      086A2170 
 141 0247 6D45DC87 		.ascii	"mE\334\207\212\331Z9\231\205\262\330<\227\021\347d\004"
 141      8AD95A39 
 141      9985B2D8 
 141      3C9711E7 
 141      6404
 142 0259 CAA2350F 		.ascii	"\312\2425\017g\344\305.\215\357\345\256\316yD\227xD"
 142      67E4C52E 
 142      8DEFE5AE 
 142      CE794497 
 142      7844
 143 026b A047F873 		.ascii	"\240G\370s\207\337\012 !\356\317\350\327\337!f\256\237"
 143      87DF0A20 
 143      21EECFE8 
ARM GAS  C:\Users\Ciccio\AppData\Local\Temp\cc3xxsAT.s 			page 11


 143      D7DF2166 
 143      AE9F
 144 027d F3C7C811 		.ascii	"\363\307\310\021'G\376\370\323\204?\275\377\374y\321"
 144      2747FEF8 
 144      D3843FBD 
 144      FFFC79D1 
 145 028d 76C4C0FD 		.ascii	"v\304\300\375\351\343\376\030qE\007\011\343\317\257"
 145      E9E3FE18 
 145      71450709 
 145      E3CFAF
 146 029c F5B71BCD 		.ascii	"\365\267\033\315\015\013\315\215\2645>\000\001\276\313"
 146      0D0BCD8D 
 146      B4353E00 
 146      01BECB
 147 02ab C1700F8D 		.ascii	"\301p\017\215|\007\001\375\265\330\010\3178\373\352"
 147      7C0701FD 
 147      B5D808CF 
 147      38FBEA
 148 02ba 780B3DF8 		.ascii	"x\013=\370G\253\324Lqj\232\346v\302}8\210gb\031\371"
 148      47ABD44C 
 148      716A9AE6 
 148      76C27D38 
 148      88676219 
 149 02cf 007E7D28 		.ascii	"\000~}(Wd\022~(\260\213X*\313fS\346\377.\257\342\361"
 149      5764127E 
 149      28B08B58 
 149      2ACB6653 
 149      E6FF2EAF 
 150 02e5 296E97C7 		.ascii	")n\227\307\347U\266\344\333\267\332K\025u\237\352\362"
 150      E755B6E4 
 150      DBB7DA4B 
 150      15759FEA 
 150      F2
 151 02f6 38771ED8 		.ascii	"8w\036\330XdS\211\244\372J\3352\037l\331\262\307\351"
 151      58645389 
 151      A4FA4ADD 
 151      321F6CD9 
 151      B2C7E9
 152 0309 2D29F429 		.ascii	"-)\364)K\360\316R\237\262\325\356\330\346P\366\027\253"
 152      4BF0CE52 
 152      9FB2D5EE 
 152      D8E650F6 
 152      17AB
 153 031b 8525BB9D 		.ascii	"\205%\273\235\212\300\253E\271%\305\252m\037\311\364"
 153      8AC0AB45 
 153      B925C5AA 
 153      6D1FC9F4 
 154 032b B9DC3BF6 		.ascii	"\271\334;\366\344y\\\252\303\267K-\310\260\347;,k\263"
 154      E4795CAA 
 154      C3B74B2D 
 154      C8B0E73B 
 154      2C6BB3
 155 033e B32C6EAF 		.ascii	"\263,n\257;\215\260\034\017\311\260;\362\371,\013\303"
 155      3B8DB01C 
 155      0FC9B03B 
 155      F2F92C0B 
 155      C3
ARM GAS  C:\Users\Ciccio\AppData\Local\Temp\cc3xxsAT.s 			page 12


 156 034f 69847A08 		.ascii	"i\204z\010\363\272\311_z\015\252\243"
 156      F3BAC95F 
 156      7A0DAAA3 
 157              		.text
 158              		.section	.gnu.lto__port_irq_epilogue.275cdb47,"",%progbits
 159 0000 789C9555 		.ascii	"x\234\225U\353O\024W\024\277\347\316\354\314\354\013"
 159      EB4F1457 
 159      14BFE7CE 
 159      ECCCEC0B 
 160 0010 A89F2CFD 		.ascii	"\250\237,\375\000\211i\214)\260m?\330\017mc\033\223"
 160      0089698C 
 160      29B06D3F 
 160      D80F6D63 
 160      1B93
 161 0022 266D426A 		.ascii	"&mBj\340\017h\332-\215\306\007dY\033\276\030ga\001\265"
 161      E00F68DA 
 161      2D8DC607 
 161      64591BBE 
 161      18676101 
 162 0037 1609688B 		.ascii	"\026\011h\213\261\024_Te[E[\261\370\200\251\002R\004"
 162      B1145F54 
 162      655B455B 
 162      B1F880A9 
 162      025204
 163 004a 7C2B0B56 		.ascii	"|+\013V\266\27046\325\310\253\302\326\352\366\234;\353"
 163      B6B83436 
 163      D5C8ABC2 
 163      D6EAF69C 
 163      3BEB
 164 005c 02DB354D 		.ascii	"\002\3335M7\273w\366\236{~\347w\356\371\335{Fb\377\376"
 164      37BB77F6 
 164      9E7B7EE7 
 164      77EEF9DD 
 164      7B4662FF 
 165 0071 E4E1EF6F 		.ascii	"\344\341\357o\225\261\0034\2611\340\014\177\\bL\347"
 165      95B10334 
 165      B131E00C 
 165      7F5C624C 
 165      E7
 166 0082 1A0EB204 		.ascii	"\032\016\262\0042Zdn!\213B\026\013\240;(bT\301\212\243"
 166      325A646E 
 166      218B4216 
 166      0BA03B28 
 166      6254C18A 
 167 0097 26462B00 		.ascii	"&F+\000\206\000\266\221K\262EQ5+l\204\337\3718\207j"
 167      8600B691 
 167      4BB24551 
 167      352B6C84 
 167      DFF93887 
 168 00ac 2350675F 		.ascii	"#Pg_\334\250\353\372\330\336\366\205\345\013#\3101\311"
 168      DCA8EBFA 
 168      D8DEF685 
 168      E50B23C8 
 168      31C9
 169 00be 4D7A3800 		.ascii	"Mz8\000\213\031\372\214\373\037\337\264+~\364I3\327"
 169      8B19FA8C 
 169      FB1FDFB4 
ARM GAS  C:\Users\Ciccio\AppData\Local\Temp\cc3xxsAT.s 			page 13


 169      2B7EF449 
 169      33D7
 170 00d0 E0205230 		.ascii	"\340 R0f\307\265\326\303S}\366\273<\302!\223\\O\326"
 170      66C7B5D6 
 170      C3537DF6 
 170      BB3CC221 
 170      935C4FD6 
 171 00e4 74D72934 		.ascii	"t\327)4\3452M\033\252#\206\274h\217\256\227\206\036"
 171      E5324D1B 
 171      AA2386BC 
 171      688FAE97 
 171      861E
 172 00f6 DFE97294 		.ascii	"\337\351r\224w\353\376P4\232\021\301=` 8\004\351\320"
 172      77EBFE50 
 172      349A11C1 
 172      3D602038 
 172      04E9D0
 173 0109 04E9B1DD 		.ascii	"\004\351\261\335B\000\026!f\260\243\276\326\"0\372\316"
 173      42001621 
 173      66B0A3BE 
 173      D62230FA 
 173      CE
 174 011a EDBBF926 		.ascii	"\355\273\371&#\032]\026\301pI\000\337&\000\214\246c"
 174      231A5D16 
 174      C1704900 
 174      DF26008C 
 174      A663
 175 012c 07DFF2EF 		.ascii	"\007\337\362\357\326\237D\243\360\014\310w\011\220P"
 175      D69F44A3 
 175      F00CC877 
 175      099050
 176 013b 55E79539 		.ascii	"U\347\2259y%\305\034\026\230\221p\365#Mr\001\355kgO"
 176      7925C51C 
 176      16989170 
 176      F5234D72 
 176      01ED6B67 
 177 0150 A0194C7C 		.ascii	"\240\031L|\240qt\2051\313\011G@J\022\242Y\204\250:\023"
 177      A0717485 
 177      31CB0947 
 177      404A12A2 
 177      5984A83A 
 178 0165 6C8BC18E 		.ascii	"l\213\301\2164v\331\313\353\236\322Z\004mV:,\211#\216"
 178      3476D9CB 
 178      EB9ED25A 
 178      046D563A 
 178      2C89238E 
 179 0179 0AC417D7 		.ascii	"\012\304\027\327\3734i\251\340\374\374\346H(\325\004"
 179      FB3469A9 
 179      E0FCFCE6 
 179      4828D504 
 180 0189 3FD9D7EF 		.ascii	"?\331\327\357\320\3439+p,)\347\367\"\302o\201\355\225"
 180      D0E3392B 
 180      702C29E7 
 180      F722C26F 
 180      81ED95
 181 019c 62AB5B42 		.ascii	"b\253[B\177\235\233\233\252\232l\253?\010\314\241[\177"
 181      7F9D9B9B 
ARM GAS  C:\Users\Ciccio\AppData\Local\Temp\cc3xxsAT.s 			page 14


 181      AA9A6CAB 
 181      3F08CCA1 
 181      5B7F
 182 01ae 1A29D2EB 		.ascii	"\032)\322\353\202\366\327\211\007\367\315\234\307\266"
 182      82F6D789 
 182      07F7CD9C 
 182      C7B6
 183 01bc 949D585D 		.ascii	"\224\235X]S\246\357\257.\035\213.Cb\025\216'%nI$\036"
 183      53A6EFAF 
 183      2E1D8B2E 
 183      4362158E 
 183      27256E49 
 184 01d2 BE1FFE2F 		.ascii	"\276\037\376/\342\023f\201\316\373zd\311#\210\177\351"
 184      E2136681 
 184      CEFB7A64 
 184      C923887F 
 184      E9
 185 01e3 F5AF3279 		.ascii	"\365\2572y\367\266\017\314\331\256\012?&em\205EG\026"
 185      F7B60FCC 
 185      D9AE0A3F 
 185      26656D85 
 185      454716
 186 01f6 187A347A 		.ascii	"\030z4z\247\341^Pv\002\303S\306q\220%\032d\032,\242"
 186      A7E15E50 
 186      7602C353 
 186      C6719025 
 186      1A641A2C 
 187 020b 288A1855 		.ascii	"(\212\030U2h8X\254\"c\033\376U\355\"\214C\324\201\261"
 187      32683858 
 187      AC22631B 
 187      FE55ED22 
 187      8C43D481 
 188 0220 B0B807A3 		.ascii	"\260\270\007\243\034\037\322-(3\"\347\201N>%\367\365"
 188      1C1FD22D 
 188      283322E7 
 188      814E3E25 
 188      F7F5
 189 0232 D5AAC37C 		.ascii	"\325\252\303|\303#}\223\256E\2706\311\3616\300I\330"
 189      C3237D93 
 189      AE45B836 
 189      C9F136C0 
 189      49D8
 190 0244 8031AC6C 		.ascii	"\2001\254l\020J\307\306\236\034\225\310w\032o\017\207"
 190      104AC7C6 
 190      9E1C95C8 
 190      771A6F0F 
 190      87
 191 0255 3F26AA86 		.ascii	"?&\252\206mt+$}\260LOap\012\323\036\204\263-`\372\320"
 191      6D742B24 
 191      7DB04C4F 
 191      61700AD3 
 191      1E84B32D 
 192 026c 451C0E5F 		.ascii	"E\034\016_\274\254\011\037F\004\307g\032\356;\353a\027"
 192      BCAC091F 
 192      4604C767 
 192      1AEE3BEB 
 192      6117
ARM GAS  C:\Users\Ciccio\AppData\Local\Temp\cc3xxsAT.s 			page 15


 193 027e D6CB8641 		.ascii	"\326\313\206A\3404m\024\355\341\336\317Z\264\354\200"
 193      E0346D14 
 193      EDE1DECF 
 193      5AB4EC80 
 194 028e EEC7053B 		.ascii	"\356\307\005;\234\201z\230\020YB\033dc\310\262\231\212"
 194      9C817A98 
 194      1059421B 
 194      6463C8B2 
 194      998A
 195 02a0 6BDC0C2A 		.ascii	"k\334\014*\231qC'{\033D\\\031o/\264c\230\353\340\017"
 195      99714327 
 195      7B1B445C 
 195      196F2FB4 
 195      6398EBE0 
 196 02b5 96A5C79C 		.ascii	"\226\245\307\234\320\303\367\315\251\255\252\360\300"
 196      D0C3F7CD 
 196      A9ADAAF0 
 196      C0
 197 02c2 3046ACA0 		.ascii	"0F\254\240\243\224\2074\004\276\221\035\025\017\226"
 197      A3948734 
 197      04BE911D 
 197      150F96
 198 02d1 CE6F0254 		.ascii	"\316o\002T>\321\003\330\374\356\020\352\334wY\026\245"
 198      3ED103D8 
 198      FCEE10EA 
 198      DC775916 
 198      A5
 199 02e2 839F4099 		.ascii	"\203\237@\231\304\272%\340Zh\351,\341\340\034\216X4"
 199      C4BA25E0 
 199      5A68E92C 
 199      E1E01C8E 
 199      5834
 200 02f4 1F95A7F6 		.ascii	"\037\225\247\366\364\266\366\324\214mP\257\327eF\270"
 200      F4B6F6D4 
 200      8C6D50AF 
 200      D76546B8 
 201 0304 8350F766 		.ascii	"\203P\367f\256v\2502\365\273\016\310\0204\015\315z\304"
 201      AE76A832 
 201      F5BB0EC8 
 201      10340DCD 
 201      7AC4
 202 0316 8E16E804 		.ascii	"\216\026\350\004y\232SO\353\302\356\207\265\256i\355"
 202      799A534F 
 202      EBC2EE87 
 202      B5AE69ED 
 203 0326 1C1F7252 		.ascii	"\034\037rR\300i*\225U$\217[\221\006\300\227\306\246"
 203      C0692A95 
 203      55248F5B 
 203      9106C097 
 203      C6A6
 204 0338 30063AB5 		.ascii	"0\006:\265\275\307\246\271\003\035L\304\370\301\355"
 204      BDC7A6B9 
 204      031D4CC4 
 204      F8C1ED
 205 0347 40394E73 		.ascii	"@9Ns\214\345 \333@\345\265\230\305\202F\252d]\305\215"
 205      8CE520DB 
 205      40E5B598 
ARM GAS  C:\Users\Ciccio\AppData\Local\Temp\cc3xxsAT.s 			page 16


 205      C58246AA 
 205      645DC58D 
 206 035b 43AF9A26 		.ascii	"C\257\232&\262b\012w7w\317XEs\303\223\030Mep^\310\210"
 206      B2620A77 
 206      3777CF58 
 206      4573C393 
 206      184D6570 
 207 0372 6AF7975A 		.ascii	"j\367\227Z\310s\256\214\312<\031}\272n<\037\341N\214"
 207      C873AE8C 
 207      CA3C197D 
 207      BA6E3C1F 
 207      E14E8C
 208 0385 05DD3129 		.ascii	"\005\3351)\277\232\252\015\246f\277\024\341)\360\263"
 208      BF9AAA0D 
 208      A666BF14 
 208      E129F0B3 
 209 0395 D051B4E8 		.ascii	"\320Q\264\350\036\310\306\265\232\326\340VqbR\261p\032"
 209      1EC8C6B5 
 209      9AD6E056 
 209      716252B1 
 209      701A
 210 03a7 830B26D3 		.ascii	"\203\013&\323\355\312\333M63'\025C\305wf\3079\033\202"
 210      EDCADB4D 
 210      36332715 
 210      43C57766 
 210      C7391B82 
 211 03bb D2911D5D 		.ascii	"\322\221\035]\217\347\213\025\032mZBg:&\211\224\330"
 211      8FE78B15 
 211      1A6D5A42 
 211      673A2689 
 211      94D8
 212 03cd CFA157C8 		.ascii	"\317\241W\310\321G\015\035X-\3111|o\246V\312\330\023"
 212      D1470D1D 
 212      582DC931 
 212      7C6FA656 
 212      CAD813
 213 03e0 93238D10 		.ascii	"\223#\215\020;\206\036\371lB\216\376\247r\\j\336l!9"
 213      3B861EF9 
 213      6C428EFE 
 213      A7725C6A 
 213      DE6C2139 
 214 03f4 2E921C76 		.ascii	".\222\034v\\\271\0042\332\373\217v\034S3\366\317\325"
 214      5CB90432 
 214      DAFB8F76 
 214      1C5333F6 
 214      CFD5
 215 0406 32D4DC88 		.ascii	"2\324\334\210\232\021\3702\201\341\012\352F\327i\270"
 215      9A11F832 
 215      81E10AEA 
 215      46D769B8 
 216 0416 C7616E45 		.ascii	"\307anEK\274P\317M\212\263xU\\\250\005\346\201\375h"
 216      4BBC50CF 
 216      4D8AB378 
 216      555CA805 
 216      E681FD68 
 217 042a D6375E63 		.ascii	"\3267^c|\357\301\265\370\201\305\231\204\005yX\331\037"
 217      7CEFC1B5 
ARM GAS  C:\Users\Ciccio\AppData\Local\Temp\cc3xxsAT.s 			page 17


 217      F881C599 
 217      84057958 
 217      D91F
 218 043c 58115363 		.ascii	"X\021Scn\371_xv\371\257\213\362\2137\333\015Q\376\331"
 218      6EF95F78 
 218      76F9AF8B 
 218      F28B37DB 
 218      0D51FED9 
 219 0450 6C8C37C4 		.ascii	"l\2147\304\375&\246\233\230\016\361(Oy\036\376_\236"
 219      FD26A69B 
 219      980EF128 
 219      4F791EFE 
 219      5F9E
 220 0462 81599E60 		.ascii	"\201Y\236`r\036\322bP\360\204QQ&\215\322\213^4\237]"
 220      721ED262 
 220      50F08451 
 220      51268DD2 
 220      8B5E349F 
 221 0477 179ED97C 		.ascii	"\027\236\331|\350e?\024k>\224\240u\366\360\003\273\015"
 221      E8653F14 
 221      6B3E94A0 
 221      75F6F003 
 221      BB0D
 222 0489 3EE3CB0B 		.ascii	">\343\313\013\234\022e\",\2362\314 +'\307\025\377\026"
 222      9C126522 
 222      2C9E32CC 
 222      202B27C7 
 222      15FF16
 223 049c 16BB3C5E 		.ascii	"\026\273<^WQ\241\307[\354z;/wyn\211\313\275\322]\350"
 223      5751A1C7 
 223      5BEC7A3B 
 223      2F77796E 
 223      89CBBDD2 
 224 04b2 29F8E0D3 		.ascii	")\370\340\323\327\326\346\270\231\342\366\226\024\345"
 224      D7D6E6B8 
 224      99E2F696 
 224      14E5
 225 04c0 BC22D343 		.ascii	"\274\"\323C\361\024\024\257_\343u%\340\013J\274\256"
 225      F11414AF 
 225      5FE37525 
 225      E00B4ABC 
 225      AE
 226 04d1 E5B9F9EF 		.ascii	"\345\271\371\357\346\273V\255s\257Y\377q\201K\340\335"
 226      E6BB56AD 
 226      73AF59FF 
 226      71814BE0 
 226      DD
 227 04e2 6BDF59BF 		.ascii	"k\337Y\277\316\235\263\222\245x\013\213\336\377d\205"
 227      CE9DB392 
 227      A5780B8B 
 227      DEFF6485 
 228 04f2 A7D09DEF 		.ascii	"\247\320\235\357\375\320\275\332\231\233\227\237\371"
 228      FDD0BDDA 
 228      999B979F 
 228      F9
 229 04ff E2CB5999 		.ascii	"\342\313Y\231E\305E6&\275\351a\316\334\374<\232e\241"
 229      45C54536 
ARM GAS  C:\Users\Ciccio\AppData\Local\Temp\cc3xxsAT.s 			page 18


 229      26BDE961 
 229      CEDCFC3C 
 229      9A65A1
 230 0512 D9C6B887 		.ascii	"\331\306\270\207I\305E\354\037\222\272\363\026"
 230      49C545EC 
 230      1F92BAF3 
 230      16
 231              		.text
 232              		.section	.gnu.lto_.symbol_nodes.275cdb47,"",%progbits
 233 0000 789C55C8 		.ascii	"x\234U\310;\016\3020\020\204\341\231\335\030\\p)N6\206"
 233      3B0EC230 
 233      1084E199 
 233      DD185C70 
 233      294E3686 
 234 0014 0245D0D0 		.ascii	"\002E\320\320P\023)\234\007:j$Z\232\360h\201\010\023"
 234      5013299C 
 234      073A6A24 
 234      5A9AF068 
 234      810813
 235 0027 29DE66F6 		.ascii	")\336f\366\377\034\300\011\377\263\017\004l\217\200"
 235      FF1CC009 
 235      FFB30F04 
 235      6C8F80
 236 0036 845D53CF 		.ascii	"\204]S\317`\211b)\013\312JYR^JGU\203\234\233\010\273"
 236      60896229 
 236      0BCA4A59 
 236      525E4A47 
 236      55839C9B 
 237 004c 53610C7C 		.ascii	"Sa\014|R\223\014Hu\337/j:\356\007\025\207N\021n@{y\317"
 237      52930C48 
 237      75DF2F6A 
 237      3AEE0715 
 237      874E116E 
 238 0064 DD99B772 		.ascii	"\335\231\267r\\W\267}\364`\031B\304a\375\003G\273\351"
 238      5C57B77D 
 238      F4601942 
 238      C461FD03 
 238      47BBE9
 239 0077 1F7C0165 		.ascii	"\037|\001eI>\314"
 239      493ECC
 240              		.text
 241              		.section	.gnu.lto_.refs.275cdb47,"",%progbits
 242 0000 789C6366 		.ascii	"x\234cf``\340d\200\000&V&6a&v\021\006\000\001\375\000"
 242      6060E064 
 242      80002656 
 242      26366126 
 242      76110600 
 243 0017 4C       		.ascii	"L"
 244              		.text
 245              		.section	.gnu.lto_.decls.275cdb47,"",%progbits
 246 0000 789CBD58 		.ascii	"x\234\275XkP\024W\026\236\333w\030\230a\000K\023\223"
 246      6B501457 
 246      169EDB77 
 246      18986100 
 246      4B1393
 247 0013 A5F607B0 		.ascii	"\245\366\007\260U\224\273e\304hv\223\335\332\252\210"
 247      5594BB65 
ARM GAS  C:\Users\Ciccio\AppData\Local\Temp\cc3xxsAT.s 			page 19


 247      C4687693 
 247      DDDAAA88 
 248 0023 1817B7D6 		.ascii	"\030\027\267\326\225\035\222\374\011[\023\034&B-\202"
 248      951D92FC 
 248      095B131C 
 248      26422D82 
 249 0033 19868DA9 		.ascii	"\031\206\215\251\375\323\010*\022\021\305\007OaTD\020"
 249      FDD3082A 
 249      1211C507 
 249      4F615444 
 249      10
 250 0044 793F047C 		.ascii	"y?\004|\360P\021\004\025\024\001C\204\021\337\250\021"
 250      F0501104 
 250      15140143 
 250      8411DFA8 
 250      11
 251 0055 15DF0FF6 		.ascii	"\025\337\017\366\334{\273{\232vHv\253\266\266\3133\364"
 251      DC7BBB7B 
 251      9A764876 
 251      ABB6B6CB 
 251      33F4
 252 0067 E9FBDDEF 		.ascii	"\351\373\335\357\234s\317\271\267O\213U*\325lN\245\232"
 252      9C73CFB9 
 252      B74F8B55 
 252      2AD56C4E 
 252      A59A
 253 0079 802B61A6 		.ascii	"\200+a\246J\365/\254R\271\302\263\020\225\343\322\202"
 253      4AF52FAC 
 253      52B9C2B3 
 253      1095E3D2 
 253      82
 254 008a 1C002903 		.ascii	"\034\000)\003\251\000\251\002\251\001\251\003\251\007"
 254      A900A902 
 254      A901A903 
 254      A907
 255 0098 69046955 		.ascii	"i\004iU\275y\2219\032\201\313\023D\017\322\001r\036"
 255      BD799139 
 255      1A81CB13 
 255      440FD201 
 255      721E
 256 00aa 6440C070 		.ascii	"d@\300p\002n\310\311\374\262\377p~\331\024\363\211\257"
 256      026EC8C9 
 256      FCB2FF70 
 256      7ED914F3 
 256      89AF
 257 00bc 58983F0C 		.ascii	"X\230?\014R,\233S!\330U^U?1\247J\260\245\274\310Z\350"
 257      522C9B53 
 257      21D8555E 
 257      553F31A7 
 257      4AB0A5BC 
 258 00d3 147EBE00 		.ascii	"\024~\276\000\361\025\374\235\020|\226\363\251\205y"
 258      F115FC9D 
 258      107C96F3 
 258      A98579
 259 00e2 18418C88 		.ascii	"\030A\214\210q\303\037\225+\232\314M\326x\206\202\333"
 259      71C31F95 
 259      2B9ACC4D 
ARM GAS  C:\Users\Ciccio\AppData\Local\Temp\cc3xxsAT.s 			page 20


 259      D6788682 
 259      DB
 260 00f3 8818F761 		.ascii	"\210\030\367a\301N\207\214\373\3570\346\201\230\315"
 260      C14E878C 
 260      FBEF30E6 
 260      8198CD
 261 0102 71906B20 		.ascii	"q\220k \313\004\373_\302\363f!\276?\303\375s\370{\037"
 261      CB04FB5F 
 261      C2F36621 
 261      BE3FC3FD 
 261      73F87B1F 
 262 0116 C44DB053 		.ascii	"\304M\260S!\363\207\344S\314m\225\020\1778<_\256\360"
 262      21F387E4 
 262      53CC6D95 
 262      107F383C 
 262      5FAEF0
 263 0129 EF3E871A 		.ascii	"\357>\207\032\312\306O\273\337\344\220\247\316\207\250"
 263      CAC64FBB 
 263      DFE490A7 
 263      CE87A8
 264 0138 8DE9ED99 		.ascii	"\215\351\355\231\032P\365:5Q\017\275\030\351U\277\263"
 264      1A50F53A 
 264      35510FBD 
 264      18E955BF 
 264      B3
 265 0149 9D876B73 		.ascii	"\235\207ks\"?M\215Bf\242}\310\033\025!o\210\270\030"
 265      223F4D8D 
 265      4266A27D 
 265      C81B1521 
 265      6F88B818 
 266 015d BD03BF5F 		.ascii	"\275\003\277_\250\031\323\325\336\373\274\016s\210\334"
 266      A819D3D5 
 266      DEFBBC0E 
 266      7388DC
 267 016c EFC9BCDC 		.ascii	"\357\311\274\334\253\233\275\037\246%\363\315v\3440"
 267      AB9BBD1F 
 267      A625F3CD 
 267      76E430
 268 017b 3774ED4A 		.ascii	"7t\355J\233\336'\217o\266\215\225T\344\315\314\342m"
 268      9BDE278F 
 268      6FB68D95 
 268      54E4CDCC 
 268      E26D
 269 018d 6BF8D713 		.ascii	"k\370\327\023\023h\001!C\373\021F%h6\301\222{:\011\035"
 269      13680121 
 269      43FB1146 
 269      256836C1 
 269      927B3A09 
 270 01a2 403E3031 		.ascii	"@>01\257\373\322-5^@\331\373\362\017\025i(\211\255\275"
 270      AFFBD22D 
 270      355E40D9 
 270      FBF20F15 
 270      692889AD 
 271 01b7 5CD3CE37 		.ascii	"\\\323\3167OL4\361>\224\241T\306P*2\224Q\206\313\275"
 271      4F4C34F1 
 271      3E94A154 
 271      C6502A32 
ARM GAS  C:\Users\Ciccio\AppData\Local\Temp\cc3xxsAT.s 			page 21


 271      945186CB 
 272 01cc 17BA75F8 		.ascii	"\027\272u\370/\224\341@\313\356\037\275\030\303\260"
 272      2F94E140 
 272      CBEE1FBD 
 272      18C3B0
 273 01db 82A15CC6 		.ascii	"\202\241\\\306P.2TP\206\214\263\035\323\261\221\022"
 273      502E3254 
 273      50868CB3 
 273      1DD3B191 
 273      12
 274 01ec DC3C7778 		.ascii	"\334<wx\200c\004\317\025\004\2252\202J\221\240\212\022"
 274      806304CF 
 274      15049532 
 274      824A91A0 
 274      8A12
 275 01fe 24DF1E1C 		.ascii	"$\337\036\034\325a+e\310\276u\3668q\301f\033K>\221\217"
 275      D5612B65 
 275      C8BE75F6 
 275      3871C166 
 275      1B4B3E91 
 276 0213 A595A0CB 		.ascii	"\245\225\240\313\212\252e$\325\"I\015%\331w\273q\277"
 276      8AAA6524 
 276      D522490D 
 276      25D977BB 
 276      71BF
 277 0225 169722CA 		.ascii	"\026\227\"\3122\222\334\232\243\243,\266\347{\230\037"
 277      3292DC9A 
 277      A3A32CB6 
 277      E77B981F 
 278 0235 1F53825A 		.ascii	"\037S\202Z\031A\255HPG\011l\025\2057\334p3#8x\246\346"
 278      1941AD48 
 278      5047096C 
 278      158537DC 
 278      70332338 
 279 024c 1102023B 		.ascii	"\021\002\002;?V\322\233\241\317\342w\311\3358(c9(\262"
 279      3F56D29B 
 279      A1CFE277 
 279      C9DD3828 
 279      633928B2 
 280 0260 D45396CE 		.ascii	"\324S\226\316\354\035'8\334\307X\366\\\275;\244\247"
 280      EC1D2738 
 280      DCC758F6 
 280      5CBD3BA4 
 280      A7
 281 0271 2CB6DB25 		.ascii	",\266\333%\353|d~4\310\030\032D\206F\266\234;:s]\361"
 281      EB7C647E 
 281      34C8181A 
 281      448646B6 
 281      9C3B3A73 
 282 0287 286550EF 		.ascii	"(eP\357Z\273c\320\015i\275\375\275\327\363\374\032~"
 282      5ABB63D0 
 282      0D69BDFD 
 282      BDD7F3FC 
 282      1A7E
 283 0299 6CCDE669 		.ascii	"l\315\346i\340\303lo\364ko\025:\212\374\321a\004'\031"
 283      E0C36C6F 
 283      F46B6F15 
ARM GAS  C:\Users\Ciccio\AppData\Local\Temp\cc3xxsAT.s 			page 22


 283      3A8AFCD1 
 283      61042719 
 284 02ad 3A02C5D7 		.ascii	":\002\305\327\004\305\227\311\273\321'\005\264\304\026"
 284      04C597C9 
 284      BBD12705 
 284      B4C416
 285 02bc 907B7448 		.ascii	"\220{tH\240gW&<g\0300U6\272#\013\311\353\230\340\035"
 285      A0675726 
 285      3C671830 
 285      5536BA23 
 285      0BC9EB98 
 286 02d2 85DC3CA9 		.ascii	"\205\334<\251\220\3176\344\215\271\3431\026\331\243"
 286      90CF36E4 
 286      8DB9E331 
 286      16D9A3
 287 02e1 CAFBBBBC 		.ascii	"\312\373\273\274hd\025\331\033\312\344\353\003\223P"
 287      686415D9 
 287      1BCAE4EB 
 287      039350
 288 02f0 8B2CBA16 		.ascii	"\213,\272\0261\272V\032]\323\321\247m:\\\306\366\303"
 288      31BA561A 
 288      5DD3D1A7 
 288      6D3A5CC6 
 288      F6C3
 289 0302 C6647B87 		.ascii	"\306d{\207\016\037dJB\341\241\215\256\260\307|u\324"
 289      0E1F644A 
 289      42E1A18D 
 289      AEB0C77C 
 289      75D4
 290 0314 DC70CEB3 		.ascii	"\334p\316\263\002-U\3111\356\005\217\270\352g\371\307"
 290      022D55C9 
 290      31EE058F 
 290      B8EA67F9 
 290      C7
 291 0325 10F2D791 		.ascii	"\020\362\327\221\350\306RJF\202\023!\304v\244C\307%"
 291      E8C6524A 
 291      46821321 
 291      C476A443 
 291      C725
 292 0337 7B7436B9 		.ascii	"{t6\271\222\311rAP\332`\225\024\021:\011\013\346\253"
 292      92C97241 
 292      50DA6095 
 292      14113A09 
 292      0BE6AB
 293 034a A3507402 		.ascii	"\243Pt\002\036\266\301C\340\315J\346O\272#\235\277\323"
 293      1EB6C143 
 293      E0CD4AE6 
 293      4FBA239D 
 293      BFD3
 294 035c 39A79CCC 		.ascii	"9\247\234\314\241\016\\LM\237\311\363j\324\001\016\034"
 294      A10E5C4C 
 294      4D9FC9F3 
 294      6AD4010E 
 294      1C
 295 036d 733800FE 		.ascii	"s8\000\3760\017\310\000\304\321^\262\363K\274VM\263"
 295      300FC800 
 295      C4D15EB2 
ARM GAS  C:\Users\Ciccio\AppData\Local\Temp\cc3xxsAT.s 			page 23


 295      F34BBC56 
 295      4DB3
 296 037f 7925B7A2 		.ascii	"y%\267\242\316\013\371{{\353\304\004\235\205\311\235"
 296      CE0BF97B 
 296      7BEBC404 
 296      9D85C99D 
 297 038f 6F24E8E9 		.ascii	"o$\350\351\307d\200f\223\374\245~\215\245\363\370])"
 297      C7648066 
 297      93FCA57E 
 297      8DA5F3F8 
 297      5D29
 298 03a1 F55DE015 		.ascii	"\365]\340\025\031R\2413\340\323i\032\007\352\034y\372"
 298      1952A133 
 298      E0D3691A 
 298      07EA1C79 
 298      FA
 299 03b2 504F0FAD 		.ascii	"PO\017\255it+\365_\033\307\364\320\342h\312rF\337\323"
 299      69742BF5 
 299      5F1BC7F4 
 299      D0E268CA 
 299      7246DFD3 
 300 03c6 250BB9D6 		.ascii	"%\013\271\326\006\303cY\252\317Q\256Y\224\034\260[/"
 300      06C36359 
 300      AACF51AE 
 300      59941CB0 
 300      5B2F
 301 03d8 36CF9FBE 		.ascii	"6\317\237\276\231bm\260\177\251\233\335\000\356\241"
 301      99626DB0 
 301      7FA99BDD 
 301      00EEA1
 302 03e7 E0F368BA 		.ascii	"\340\363h\2728\205*$y\315\245\347]\251\351\217\310\374"
 302      38852A24 
 302      79CDA5E7 
 302      5DA9E98F 
 302      C8FC
 303 03f9 277BECB7 		.ascii	"'{\354\267\0215\355J\324\364\265\365\365\236T\325\020"
 303      1135ED4A 
 303      D4F4B5F5 
 303      F59E54D5 
 303      10
 304 040a F5E2D044 		.ascii	"\365\342\320D\215zJW\372EW\372XT\257\356n\310\363\020"
 304      8D7A4A57 
 304      FA4557FA 
 304      5854AFEE 
 304      6EC8F310 
 305 041e 9CE14567 		.ascii	"\234\341Egz\001~\201\302\007\2503\375\314\231\001\352"
 305      7A017E81 
 305      C207A833 
 305      FDCC9901 
 305      EA
 306 042f 4C6ADE7E 		.ascii	"Lj\336~\033\247\346X\012H\375\302\263\0135\325=\232"
 306      1BA7E658 
 306      0A48FDC2 
 306      B30B35D5 
 306      3D9A
 307 0441 298FECEF 		.ascii	")\217\354\357i\245_DB\251\277\266\247\361Z\234B\223"
 307      69A55F44 
ARM GAS  C:\Users\Ciccio\AppData\Local\Temp\cc3xxsAT.s 			page 24


 307      42A9BFB6 
 307      A7F15A9C 
 307      4293
 308 0453 8676DDBA 		.ascii	"\206v\335\272\230\246\303\231L\271{\362u\265\013P\243"
 308      98A6C399 
 308      4CB97BF2 
 308      75B50B50 
 308      A3
 309 0464 1F68D2C8 		.ascii	"\037h\322\310\223\203G\306\\\330\321}\246\262h\361\226"
 309      938347C6 
 309      5CD8D17D 
 309      A6B268F1 
 309      96
 310 0475 F2753CDD 		.ascii	"\362u<\335\347(\277y\263\232\020\243A\2618\320%0@TV"
 310      E728BF79 
 310      B39A10A3 
 310      41B138D0 
 310      25304054 
 311 048a 1F437443 		.ascii	"\037CtC\224?\356\336\357\256O\221J\217\036\017\016\317"
 311      943FEEDE 
 311      EFAE4F91 
 311      4A8F1E0F 
 311      0ECF
 312 049c 86919E82 		.ascii	"\206\221\236\202\341/y\361t\025\227st\231yN\376\232"
 312      E12F79F1 
 312      74159773 
 312      7499794E 
 312      FE9A
 313 04ae D2B3D7D4 		.ascii	"\322\263\327\324\216\274\347\375\032\334\307\\=\367"
 313      8EBCE7FD 
 313      1ADCC75C 
 313      3DF7
 314 04bc A08177C5 		.ascii	"\240\201w\305#T\341\306\013\207\033\365\310_O+w\260"
 314      2354E1C6 
 314      0B871BF5 
 314      C85F4F2B 
 314      77B0
 315 04ce BAC6339F 		.ascii	"\272\3063\237\207\342\272\206\364\350\212\243t\227\351"
 315      87E2BA86 
 315      F4E88AA3 
 315      7497E9
 316 04dd 5909CA9C 		.ascii	"Y\011\312\234\221\255\022\272\0125\267L/\200\301@~z"
 316      91AD12BA 
 316      0A35B74C 
 316      2F80C140 
 316      7E7A
 317 04ef 411987B7 		.ascii	"A\031\207\267\271Pkc\365\367/{\342\014\246\014U\365"
 317      B9506B63 
 317      F5F72F7B 
 317      E20CA60C 
 317      55F5
 318 0501 9CF0C2D9 		.ascii	"\234\360\302\331L)\330\276\343\200\013\365\321\215\250"
 318      4C29D8BE 
 318      E3800BF5 
 318      D18DA8
 319 0510 5547B306 		.ascii	"UG\263\006\335\361N6\366\352\334\263\011\017lc\212X"
 319      DDF14E36 
ARM GAS  C:\Users\Ciccio\AppData\Local\Temp\cc3xxsAT.s 			page 25


 319      F6EADCB3 
 319      090F6C63 
 319      8A58
 320 0522 BE7A56BE 		.ascii	"\276zV\276\203\273\306\037{\342\0026\226\326Y\333\352"
 320      83BBC61F 
 320      7BE20236 
 320      96D659DB 
 320      EA
 321 0533 864B9892 		.ascii	"\206K\230\222\365\244\253\315\213\002\337%j\346\235"
 321      F5A4ABCD 
 321      8B02DF25 
 321      6AE69D
 322 0542 AE548CCB 		.ascii	"\256T\214\313\350\230.q\317\315q\015\362\363\363\233"
 322      E8982E71 
 322      CFCD710D 
 322      F2F3F39B 
 323 0552 01E2E7EF 		.ascii	"\001\342\347\357g\203X\306J\262\317\276\005o\222VD#"
 323      678358C6 
 323      4AB2CFBE 
 323      056F9256 
 323      4423
 324 0564 FE11221E 		.ascii	"\376\021\"\036G3\034\201\335\243+\375\033\370Q\021\270"
 324      47331C81 
 324      DDA32BFD 
 324      1BF85111 
 324      B8
 325 0575 AD639FA6 		.ascii	"\255c\237\246}.\205\336TBo)\240\235\022\364\266\022"
 325      7D2E85DE 
 325      54426F29 
 325      A09D12F4 
 325      B612
 326 0587 7AC701DD 		.ascii	"z\307\001\335\"\024\357\002H\277\035\306/\223\361\021"
 326      2214EF02 
 326      48BF1DC6 
 326      2F93F111 
 327 0597 6102AC27 		.ascii	"a\002\254'z\006K\373\030\371\241G \017@\236\202<\004"
 327      7A064BFB 
 327      18F9A147 
 327      200F409E 
 327      823C04
 328 05aa 7902721F 		.ascii	"y\002r\037\3449\362\243\231\2416\333%\2337\2246g\021"
 328      E439F2A3 
 328      99A136DB 
 328      259B3794 
 328      366711
 329 05bd 93FB90E4 		.ascii	"\223\373\220\344^\223\004\275\356\024\352\010\244KB"
 329      5E9304BD 
 329      EE14EA08 
 329      A44B42
 330 05cc DE751E88 		.ascii	"\336u\036\210\214\365\224\204\035u\276>\014Kj\315~t"
 330      8CF59484 
 330      1D75BE3E 
 330      0C4B6ACD 
 330      7E74
 331 05de BD864704 		.ascii	"\275\206G\004\243\022\337\010*)\022\373\231}\247\364"
 331      A312DF08 
 331      2A2912FB 
ARM GAS  C:\Users\Ciccio\AppData\Local\Temp\cc3xxsAT.s 			page 26


 331      997DA7F4 
 332 05ee BC4035E6 		.ascii	"\274@5\346<+\214\012\262\234\262\245*S/\337'r\260\012"
 332      3C2B8C0A 
 332      B29CB2A5 
 332      2A532FDF 
 332      2772B00A 
 333 0602 BD10F6C9 		.ascii	"\275\020\366\311\013\272O\304\012\361d\025\262\251\254"
 333      0BBA4FC4 
 333      0AF16415 
 333      B2A9AC
 334 0611 E0212B18 		.ascii	"\340!+\030L\324\014{E\266v\312\363\347\265x\376\364"
 334      4CD40C7B 
 334      45B676CA 
 334      F3E7B578 
 334      FEF4
 335 0623 B0F327F5 		.ascii	"\260\363'\365\326\261^\255\362\374y\011\360W\024>A\317"
 335      D6B15EAD 
 335      F2FC7909 
 335      F057143E 
 335      41CF
 336 0635 9FD7ECFC 		.ascii	"\237\327\354\374\231\240\347\217\275\260\275\326E~\326"
 336      99A0E78F 
 336      BDB0BDD6 
 336      457ED6
 337 0644 9063C861 		.ascii	"\220c\310a\200\347\344\257\325\254M/\273\\q\265\313"
 337      80E7E4AF 
 337      D5AC4D2F 
 337      BB5C71B5 
 337      CB
 338 0655 14C7CBF9 		.ascii	"\024\307\313\371\3345W9\361x\271\371\273WU|s\022\377"
 338      DC355739 
 338      F178B9F9 
 338      BB57557C 
 338      7312FF
 339 0668 128E9784 		.ascii	"\022\216\227\204$_\302\204\0228\361tY\303Ay\201\312"
 339      245FC284 
 339      1238F174 
 339      59C34179 
 339      81CA
 340 067a 4E97448E 		.ascii	"N\227D\216\234.[\353\370}n\370\310T\354\275\231\335"
 340      9C2E5BEB 
 340      F87D6EF8 
 340      C854ECBD 
 340      99DD
 341 068c 2F3D28BB 		.ascii	"/=(\273\375Y\351\220\236\027:6_vp%I\324k\011u\222H\275"
 341      FD59E990 
 341      9E173A36 
 341      5F767025 
 341      49D46B09 
 342 06a4 8E52B7D4 		.ascii	"\216R\267\3247\254\327\372\346\223$\337,\345\247\271"
 342      37ACD7FA 
 342      E69324DF 
 342      2CE5A7B9 
 343 06b4 C159417B 		.ascii	"\301YA{1\206Y\317\371\002\346\360\320\206Q-\315\203"
 343      318659CF 
 343      F902E6F0 
 343      D086512D 
ARM GAS  C:\Users\Ciccio\AppData\Local\Temp\cc3xxsAT.s 			page 27


 343      CD83
 344 06c6 9D6EFE53 		.ascii	"\235n\376S\023[\023\330Y\260\221zTu#u\235\027>\311\334"
 344      135B13D8 
 344      59B0917A 
 344      54752375 
 344      9D173EC9 
 345 06db 7BBA69F8 		.ascii	"{\272i\370\274\033IK\",[\362\317\276\204a\306\221\263"
 345      BC1B494B 
 345      222C5BF2 
 345      CFBE8461 
 345      C691B3
 346 06ee 65AD5EB8 		.ascii	"e\255^\270\233M/<\237\236\355%N\377\371w89p\306\233"
 346      9B4D2F3C 
 346      9F9EED25 
 346      4EFFF977 
 346      383970C6 
 347 0703 2BB4B88F 		.ascii	"+\264\270\217M\177t\257\365\222\033\036dJMW\342Q\015"
 347      4D7F74AF 
 347      F5921B1E 
 347      644A4D57 
 347      E2510D
 348 0716 B60BCA86 		.ascii	"\266\013\312\206\332\323\032|\235));\266\265!<\3522"
 348      DAD31A7C 
 348      9D29293B 
 348      B6B5213C 
 348      EA32
 349 0728 A96599C9 		.ascii	"\251e\231\311Z\226M\235\331-\230\252\023t8\243g\340"
 349      5A964D9D 
 349      D92D98AA 
 349      137438A3 
 349      67E0
 350 073a A01AFF28 		.ascii	"\240\032\377(L\034,\206<?\246\012\227~e|/\022;\216\311"
 350      4C1C2C86 
 350      3C3FA60A 
 350      977E657C 
 350      2F123B8E 
 351 074f 6FF64CCE 		.ascii	"o\366L\316\037\010\230\257[9o\264\215\023\372\215\224"
 351      1F0898AF 
 351      5B396FB4 
 351      8D13FA8D 
 351      94
 352 0760 92B45F92 		.ascii	"\222\264_\222~#\203\323\241\035\234th\317\024\332\015"
 352      7E2383D3 
 352      A11D9C74 
 352      68CF14DA 
 352      0D
 353 0771 60B5F7EF 		.ascii	"`\265\367\357\375\233s\322\354\251H/\246v\276MH\263"
 353      FD9B73D2 
 353      ECA9482F 
 353      A676BE4D 
 353      48B3
 354 0783 8074BB83 		.ascii	"\200t\273\203\024l\210\254\250ocB\006f\353\372\363\244"
 354      146C88AC 
 354      A86F6342 
 354      0666EBFA 
 354      F3A4
 355 0795 80AF682A 		.ascii	"\200\257h*\331\300r\376%m\005\326\216m\320\321\224\353"
ARM GAS  C:\Users\Ciccio\AppData\Local\Temp\cc3xxsAT.s 			page 28


 355      D9C072FE 
 355      256D05D6 
 355      8E6DD0D1 
 355      94EB
 356 07a7 897A6373 		.ascii	"\211zcsQ9;\344\335iI\026\216t\273O\271\025\3639a+\346"
 356      51393BE4 
 356      DD694916 
 356      8E74BB4F 
 356      B915F339 
 357 07be 31EA9EC6 		.ascii	"1\352\236\306\261\327\236\362\255H\334\316\005\323;"
 357      B1D79EF2 
 357      AD48DCCE 
 357      05D33B
 358 07cd 3902B7   		.ascii	"9\002\267"
 359 07d0 71D3C549 		.ascii	"q\323\305I\264\207O\274<\240\227\243s~\012\3354\376"
 359      B4874FBC 
 359      3CA097A3 
 359      737E0ADD 
 359      34FE
 360 07e2 60C21DF3 		.ascii	"`\302\035\363\032\232\254\356\266c\360\222JbJ2\237X"
 360      1A9AACEE 
 360      B663F092 
 360      4A624A32 
 360      9F58
 361 07f4 AAC3294C 		.ascii	"\252\303)L)\0329\223\356A\375\237E_{Wo\347x\340466\272"
 361      291A3993 
 361      EE41FD9F 
 361      455F7B57 
 361      6FE778E0 
 362 080c BB68408F 		.ascii	"\273h@\217\2671e\370\311p\253+\005\316%j\313\232\235"
 362      B73165F8 
 362      C970AB2B 
 362      05CE256A 
 362      CB9A9D
 363 081f 75EE388B 		.ascii	"u\3568\213\215\335\270\223~O\215\363\231\"\266Nz\326"
 363      8DDDB893 
 363      7E4F8DF3 
 363      9922B64E 
 363      7AD6
 364 0831 3AE53FD8 		.ascii	":\345?\330\275\316\015\027\260\261\252={\353\330Z. "
 364      BDCE0D17 
 364      B0B1AA3D 
 364      7BEBD85A 
 364      2E20
 365 0843 6AFFFD6D 		.ascii	"j\377\375mk<\035}\031;XJ!\"v\354\226q\216\276\014\320"
 365      6B3C1D7D 
 365      193B584A 
 365      212276EC 
 365      96718EBE 
 366 0859 9525CF77 		.ascii	"\225%\317wk\344\350\357\270\237@7\264\366\277v\307\305"
 366      6BE4E8EF 
 366      B89F4037 
 366      B4F6BF76 
 366      C7C5
 367 086b 93EDEA99 		.ascii	"\223\355\352\231\335\227\211|5|[\261\261\206\312\315"
 367      DD97897C 
 367      357C5BB1 
ARM GAS  C:\Users\Ciccio\AppData\Local\Temp\cc3xxsAT.s 			page 29


 367      B186CACD 
 368 087b CF583317 		.ascii	"\317X3\027L\324\326d~\227\036W\262\261\355\207s\323"
 368      4CD4D664 
 368      7E971E57 
 368      B2B1ED87 
 368      73D3
 369 088d 99BF3CDB 		.ascii	"\231\277<\333:\017\273[\246\356\364\352\304\364\276"
 369      3A0FBB5B 
 369      A6EEF4EA 
 369      C4F4BE
 370 089c 62FBB12E 		.ascii	"b\373\261.\347\301S/G\302Xx\265\3400{\003\035\244\016"
 370      E7C1532F 
 370      47C25878 
 370      B5E0307B 
 370      031DA40E 
 371 08b0 D78909DB 		.ascii	"\327\211\011\333x(\375\272^\216&\341M\211\276WU\224"
 371      7828FDBA 
 371      5E8E26E1 
 371      4D89BE57 
 371      5594
 372 08c2 A3C7B5C2 		.ascii	"\243\307\265\302\372\037\275\303s4\204\020\242\036\357"
 372      FA1FBDC3 
 372      73348410 
 372      A21EEF
 373 08d1 192CD150 		.ascii	"\031,\321P\257m,\212\316\372K\254d\337\"\352\226\352"
 373      AF6D2C8A 
 373      CEFA4BAC 
 373      64DF22EA 
 373      96EA
 374 08e3 078D53BF 		.ascii	"\007\215S\277.\216\210A\024\261 \036u\267\345z(\203"
 374      2E8E8841 
 374      14B1201E 
 374      75B7E57A 
 374      2883
 375 08f5 38046E1D 		.ascii	"8\004n\035\246Uw\224\272uDt\253\360T\355u/e\020S\242"
 375      A6557794 
 375      BA754474 
 375      ABF054ED 
 375      752F6510 
 376 090b EFF41DFB 		.ascii	"\357\364\035\373N\217\033Y\020\342>\323\263}V0\220\226"
 376      4E8F1B59 
 376      10E23ED3 
 376      B37D5630 
 376      9096
 377 091d 8B71131B 		.ascii	"\213q\023\033\313\337T\365\214\375\177\305*\242\256"
 377      CBDF54F5 
 377      8CFD7FC5 
 377      2AA2AE
 378 092c CB483AAD 		.ascii	"\313H:\255\306\035l\254\246\251\372\001\333\201\311"
 378      C61D6CAC 
 378      A6A9FA01 
 378      DB81C9
 379 093b 447FE7FA 		.ascii	"D\177\347\372\310@\033\355\230\336\270f\220\366))q,"
 379      C8401BED 
 379      98DEB866 
 379      90F62929 
 379      712C
ARM GAS  C:\Users\Ciccio\AppData\Local\Temp\cc3xxsAT.s 			page 30


 380 094d FFD0CD3F 		.ascii	"\377\320\315?\026\223\027\017F\251\340^\001\234\023"
 380      1693170F 
 380      46A9E05E 
 380      019C13
 381 095c DF73B237 		.ascii	"\337s\2627\365^N\326K$%\332\312\312I\177@\240\307\225"
 381      F55E4ED6 
 381      4B2425DA 
 381      CACA497F 
 381      40A0C795 
 382 0970 D01372E8 		.ascii	"\320\023r\350\266D[1\205\222\240\253\224\320j\005k\216"
 382      B6445B31 
 382      8592A0AB 
 382      94D06A05 
 382      6B8E
 383 0982 C45AE8DC 		.ascii	"\304Z\350\334\001\261C\001\354w\022v\223\022;K\001\315"
 383      01B14301 
 383      EC771276 
 383      93123B4B 
 383      01CD
 384 0994 97A00794 		.ascii	"\227\240\007\224\320\022%\355F\011\233\246\304Nj\014"
 384      D01225ED 
 384      46099BA6 
 384      C44E6A0C 
 385 09a4 019A2741 		.ascii	"\001\232'A\367;\247\025\327 \301V\024\000\310rn:\252"
 385      F73BA715 
 385      D720C156 
 385      1400C872 
 385      6E3AAA
 386 09b7 1090E21E 		.ascii	"\020\220\342\036E\225\212%\330)\221\026+I\213&\371\312"
 386      45958A25 
 386      D8299116 
 386      2B498B26 
 386      F9CA
 387 09c9 F3B652C2 		.ascii	"\363\266R\302\012\365\203Z\005\250XU\350\330$($a\277"
 387      0AF5835A 
 387      05A85855 
 387      E8D82428 
 387      2461BF
 388 09dc 94841AE7 		.ascii	"\224\204\032\347I\220\226 \301\226\031\2209\027\355"
 388      49909620 
 388      C1961990 
 388      3917ED
 389 09eb 02DADD02 		.ascii	"\002\332\335\002T<P'w\321\340l\226\344\354\036%\353"
 389      543C5027 
 389      77D1E06C 
 389      96E4EC1E 
 389      25EB
 390 09fd E5491D25 		.ascii	"\345I\035%,\301\001\342l\023\2606+\235mQ,\301&\211u"
 390      2CC101E2 
 390      6C13B036 
 390      2B9D6D51 
 390      2CC12689 
 391 0a12 8B92F50E 		.ascii	"\213\222\365\016\232\\[)RX\033\235\026\201#\003%\304"
 391      9A5C5B29 
 391      52581B9D 
 391      16812303 
 391      25C4
ARM GAS  C:\Users\Ciccio\AppData\Local\Temp\cc3xxsAT.s 			page 31


 392 0a24 7C3D986F 		.ascii	"|=\230o\020\200\3421\202\032\025\346\323$\363\351\316"
 392      1080E231 
 392      821A15E6 
 392      D324F3E9 
 392      CE
 393 0a35 CDCBAA25 		.ascii	"\315\313\252%W\302\356s\236\2557\276\015\222\301\354"
 393      57C2EE73 
 393      9EAD37BE 
 393      0D92C1EC 
 394 0a45 063A44D0 		.ascii	"\006:D\320\344\303`\020\336\261}\234\037:\005\322\005"
 394      E4C36010 
 394      DEB17D9C 
 394      1F3A05D2 
 394      05
 395 0a56 F203C805 		.ascii	"\362\003\310\005\220\001\220s \347A\332@:@.\202\234"
 395      90019073 
 395      20E741DA 
 395      403A402E 
 395      829C
 396 0a68 05390DD2 		.ascii	"\0059\015\322\011r\006\244\035\244\007\244\037\244\027"
 396      097206A4 
 396      1DA407A4 
 396      1FA417
 397 0a77 A41BE424 		.ascii	"\244\033\344$\307>&h\177\236\\N\372s0\367F\177\236\224"
 397      C73E2668 
 397      7F9E5C4E 
 397      FA7330F7 
 397      467F9E94 
 398 0a8b 684F2D67 		.ascii	"hO-g\3759\211a\263\363\212\027\373sn\274>\341\252'\232"
 398      FD398961 
 398      B3F38A17 
 398      FB736EBC 
 398      3EE1AA27 
 399 0aa0 E1EF2C1E 		.ascii	"\341\357,\0364\004a\374\337B*\217uC\227\300X\212\243"
 399      340461FC 
 399      DF422A8F 
 399      754397C0 
 399      588AA3
 400 0ab3 9F21F189 		.ascii	"\237!\361\211\375L\325\366\212+\234\374C\342\022'\377"
 400      FD4CD5F6 
 400      8A2B9CFC 
 400      43E21227 
 400      FF
 401 0ac4 9018E684 		.ascii	"\220\030\346\204\017n\216|HTdT\266M\372\352h\236\364"
 401      0F6E8E7C 
 401      48546454 
 401      B64DFAEA 
 401      689EF4
 402 0ad7 756E17C0 		.ascii	"un\027\300v\012\356:qj\247\013\355\210\241W\267}\230"
 402      760AEE3A 
 402      716AA70B 
 402      ED88A157 
 402      B77D98
 403 0aea D0BC80F6 		.ascii	"\320\274\200\366\304ubO|\231\366\304\215\266\255\245"
 403      C475624F 
 403      7C99F6C4 
 403      8DB6ADA5 
ARM GAS  C:\Users\Ciccio\AppData\Local\Temp\cc3xxsAT.s 			page 32


 404 0afa 1A8AAA48 		.ascii	"\032\212\252H>Q\215\370$\365d\324\010\347\253\322\256"
 404      3E518DF8 
 404      24F564D4 
 404      08E7ABD2 
 404      AE
 405 0b0b 8AB5588D 		.ascii	"\212\265X\215\321\261\246\177h\376\364\327\317|\202"
 405      D1B1A67F 
 405      68FEF4D7 
 405      CF7C82
 406 0b1a 54B3E7CC 		.ascii	"T\263\347\314\011\220\376\305\306\005X\254\001\004\022"
 406      0990FEC5 
 406      C60558AC 
 406      010412
 407 0b29 17106858 		.ascii	"\027\020hX\032\264tu\200)\322\024k1\033\377\371\341"
 407      1AB47475 
 407      8029D214 
 407      6B311BFF 
 407      F9E1
 408 0b3b CA39912A 		.ascii	"\3129\221*w:;>\206\314\237.1\031\277\262\304\2564F\305"
 408      773A3B3E 
 408      86CC9F2E 
 408      3119BFB2 
 408      C4AE3446 
 409 0b50 59DE920D 		.ascii	"Y\336\222\015K\017\335C?\0172\006\207\307DD\233-\377"
 409      4B0FDD43 
 409      3F0F3206 
 409      87C74444 
 409      9B2DFF
 410 0b63 8531936A 		.ascii	"\2051\223j\272\221\322EY\2766\232WEE\307\256\2107\277"
 410      BA91D245 
 410      59BE369A 
 410      574545C7 
 410      AE8837BF 
 411 0b77 CD1EC57D 		.ascii	"\315\036\305}\023e5EJ\026f\260\247\346\325QV\351\231"
 411      13653545 
 411      4A1666B0 
 411      A7E6D551 
 411      56E999
 412 0b8a 8B71616C 		.ascii	"\213qall\364/L\221\241\246\310%q!\026\263y\345*kTl\214"
 412      6CF42F4C 
 412      91A1A6C8 
 412      25712116 
 412      B379E52A 
 413 0ba2 C1FC757C 		.ascii	"\301\374u|\224\305\034\361\2537=\211\2121E\307G\230"
 413      94C51CF1 
 413      AB373D89 
 413      8A3145C7 
 413      4798
 414 0bb4 C1893853 		.ascii	"\301\2118Sd\004D\353\026\037\025c\235?\317h\325\031"
 414      640444EB 
 414      161F1563 
 414      9D3FCF68 
 414      D519
 415 0bc6 8DE2ED57 		.ascii	"\215\342\355W\246?\204\231\"\243\226G\305Y\343#\242"
 415      A63F8499 
 415      22A39647 
 415      C559E323 
ARM GAS  C:\Users\Ciccio\AppData\Local\Temp\cc3xxsAT.s 			page 33


 415      A2
 416 0bd7 62C3AC60 		.ascii	"b\303\254`%.lEL\274\017\275\363\011\267\254\3641\257"
 416      252E6C45 
 416      4CBC0FBD 
 416      F309B7AC 
 416      F431AF
 417 0bea 5C6E8E88 		.ascii	"\\n\216\2100G\204}0\347\367>\363\346\276\377\333\257"
 417      3047847D 
 417      30E7F73E 
 417      F3E6BEFF 
 417      DBAF
 418 0bfc E787C1F3 		.ascii	"\347\207\301\363\367bbc\314\357\231\303\227G\205\011"
 418      F7626263 
 418      CCEF99C3 
 418      97478509 
 419 0c0c A6C25686 		.ascii	"\246\302V\206\003W\2149\314\030a\376*<>\332j\264~\273"
 419      03578C39 
 419      CC1861FE 
 419      2A3C3EDA 
 419      6AB47EBB 
 420 0c20 CA1C07A6 		.ascii	"\312\034\007\246\277\370\237\232\211\3736.\314\030g"
 420      BFF89F9A 
 420      89FB362E 
 420      CC1867
 421 0c2f 8D801880 		.ascii	"\215\200\030\200[m\212\014\267x\030\215qf\253qa`\350"
 421      5B6D8A0C 
 421      B778188D 
 421      7166AB71 
 421      6160E8
 422 0c42 27218625 		.ascii	"'!\206%\036\341\321\337\204\177\033g\214\212\211\006"
 422      1EE1D1DF 
 422      847F1B67 
 422      8C8A8906 
 423 0c52 7702146B 		.ascii	"w\002\024kc^m\015\010Z\032\272$\324\261D$K\246\225\213"
 423      635E6D0D 
 423      085A1ABA 
 423      24D4B144 
 423      244BA695 
 424 0c67 E3634C52 		.ascii	"\343cLRU\000\312d]\355f1\257\000'\214\326Y\377Q\252"
 424      5500CA64 
 424      5DED6631 
 424      AF00278C 
 424      D659FF51 
 425 0c7c 61366799 		.ascii	"a6g\231\313Y\336\347,\3638\313|ly\177\236&\332b\264"
 425      CB59DEE7 
 425      2CF338CB 
 425      7C6C797F 
 425      9E26DA62 
 426 0c91 464670AB 		.ascii	"FFp\253L\352\325\253\342,Z\243q\0058\032\022\032\242"
 426      4CEAD5AB 
 426      E22C5AA3 
 426      7105381A 
 426      121AA2
 427 0ca4 652EC39D 		.ascii	"e.\303\235[h\320B\343\247\260T.A!\237-Y\244^\022\024"
 427      5B68D042 
 427      E3A7B054 
 427      2E41219F 
ARM GAS  C:\Users\Ciccio\AppData\Local\Temp\cc3xxsAT.s 			page 34


 427      2D59A45E 
 428 0cba 6A507FFE 		.ascii	"jP\177\376\3512\203K\340\022C\220\001\207\202\004\005"
 428      E932834B 
 428      E0124390 
 428      01878204 
 428      05
 429 0ccb 195C49D2 		.ascii	"\031\\I\322>2Z\265,}p\207C\203C\\B\203\011<h1\374\004"
 429      3E325AB5 
 429      2C7D7087 
 429      4383435C 
 429      4283093C 
 430 0ce3 939F45F0 		.ascii	"\223\237E\360\343\262t\351\342@\203z!\371\011\004\035"
 430      E3B274E9 
 430      E240837A 
 430      21F90904 
 430      1D
 431 0cf4 872C36E0 		.ascii	"\207,6\340E \201\213\014j\0303\250\227\204\006\032\264"
 431      4520818B 
 431      0C6A1833 
 431      A8978406 
 431      1AB4
 432 0d06 864F423F 		.ascii	"\206OB?1|\376\311\242\271`80\310\240,\347)\027\352\003"
 432      317CFEC9 
 432      A2B96038 
 432      30C8A02C 
 432      E72917EA 
 433 0d1b 88F3DF02 		.ascii	"\210\363\337\002\244\324\335"
 433      A4D4DD
 434              		.text
 435              		.section	.gnu.lto_.symtab.275cdb47,"",%progbits
 436 0000 5356435F 		.ascii	"SVC_Handler\000\000\000\000\000\000\000\000\000\000"
 436      48616E64 
 436      6C657200 
 436      00000000 
 436      00000000 
 437 0015 0000B400 		.ascii	"\000\000\264\000\000\000_port_irq_epilogue\000\000\000"
 437      00005F70 
 437      6F72745F 
 437      6972715F 
 437      6570696C 
 438 0030 00000000 		.ascii	"\000\000\000\000\000\000\000\000\000\266\000\000\000"
 438      00000000 
 438      00B60000 
 438      00
 439 003d 5F706F72 		.ascii	"_port_switch_from_isr\000\000\002\000\000\000\000\000"
 439      745F7377 
 439      69746368 
 439      5F66726F 
 439      6D5F6973 
 440 005a 00000000 		.ascii	"\000\000\000\000\270\000\000\000_port_exit_from_isr"
 440      B8000000 
 440      5F706F72 
 440      745F6578 
 440      69745F66 
 441 0075 00000200 		.ascii	"\000\000\002\000\000\000\000\000\000\000\000\000\272"
 441      00000000 
 441      00000000 
ARM GAS  C:\Users\Ciccio\AppData\Local\Temp\cc3xxsAT.s 			page 35


 441      BA
 442 0082 00000063 		.ascii	"\000\000\000chSchIsPreemptionRequired\000\000\002\000"
 442      68536368 
 442      49735072 
 442      65656D70 
 442      74696F6E 
 443 00a2 00000000 		.ascii	"\000\000\000\000\000\000\000\000\302\000\000\000"
 443      00000000 
 443      C2000000 
 444              		.text
 445              		.section	.gnu.lto_.opts,"",%progbits
 446 0000 272D666E 		.ascii	"'-fno-trapv' '-fno-strict-overflow' '-mcpu=cortex-m"
 446      6F2D7472 
 446      61707627 
 446      20272D66 
 446      6E6F2D73 
 447 0033 34272027 		.ascii	"4' '-mno-thumb-interwork' '-mthumb' '-ggdb' '-O0' '"
 447      2D6D6E6F 
 447      2D746875 
 447      6D622D69 
 447      6E746572 
 448 0066 2D666F6D 		.ascii	"-fomit-frame-pointer' '-falign-functions=16' '-ffun"
 448      69742D66 
 448      72616D65 
 448      2D706F69 
 448      6E746572 
 449 0099 6374696F 		.ascii	"ction-sections' '-fdata-sections' '-fno-common' '-f"
 449      6E2D7365 
 449      6374696F 
 449      6E732720 
 449      272D6664 
 450 00cc 6C746F27 		.ascii	"lto'\000"
 450      00
 451              		.text
 452              		.comm	__gnu_lto_v1,1,1
 453              		.comm	__gnu_lto_slim,1,1
 454              		.ident	"GCC: (GNU Tools for ARM Embedded Processors) 4.9.3 20150529 (release) [ARM/embedded-4_9-br
ARM GAS  C:\Users\Ciccio\AppData\Local\Temp\cc3xxsAT.s 			page 36


DEFINED SYMBOLS
                            *ABS*:00000000 chcore_v7m.c
                            *COM*:00000001 __gnu_lto_v1
                            *COM*:00000001 __gnu_lto_slim

NO UNDEFINED SYMBOLS
