ARM GAS  C:\Users\Ciccio\AppData\Local\Temp\ccTryCEf.s 			page 1


   1              		.syntax unified
   2              		.cpu cortex-m4
   3              		.fpu softvfp
   4              		.eabi_attribute 20, 1
   5              		.eabi_attribute 21, 1
   6              		.eabi_attribute 23, 3
   7              		.eabi_attribute 24, 1
   8              		.eabi_attribute 25, 1
   9              		.eabi_attribute 26, 1
  10              		.eabi_attribute 30, 6
  11              		.eabi_attribute 34, 1
  12              		.eabi_attribute 18, 4
  13              		.thumb
  14              		.file	"crt1.c"
  15              		.text
  16              	.Ltext0:
  17              		.section	.gnu.lto_.inline.275cd5df,"",%progbits
  18 0000 789C6366 		.ascii	"x\234cf\300\016b\2404+\003\0033\023\003\003\023\323"
  18      C00E62A0 
  18      342B0303 
  18      33130303 
  18      13D3
  19 0012 02790616 		.ascii	"\002y\006\026\006&\220\020#\206\010\023\206\0103\230"
  19      06269010 
  19      23860813 
  19      86083398 
  20 0022 0261A800 		.ascii	"\002a\250\000\013\203\2100P@\345\303\012&\230\020\003"
  20      0B838830 
  20      5040E5C3 
  20      0A269810 
  20      03
  21 0033 00DE4804 		.ascii	"\000\336H\004\320"
  21      D0
  22              		.text
  23              		.section	.gnu.lto___core_init.275cd5df,"",%progbits
  24 0000 789C6366 		.ascii	"x\234cf\300\004\242@\234\007\304V \0163\003#\023\003"
  24      C004A240 
  24      9C07C456 
  24      200E3303 
  24      231303
  25 0013 10333202 		.ascii	"\02032\0029\214\014\365L\214\365\214/\231>21N8\260z"
  25      398C0CF5 
  25      4C8CF58C 
  25      2F993E32 
  25      314E38B0 
  26 0028 06B7FAD2 		.ascii	"\006\267\372\322\206\206\206\017M\227%Z%~\002\225}f"
  26      8686860F 
  26      4D97255A 
  26      257E0295 
  26      7D66
  27 003a 8298C0B8 		.ascii	"\202\230\300\270\234Q\235\001\250\346c\313\337\353\334"
  27      9C519D01 
  27      A8E663CB 
  27      DFEBDC
  28 0049 6C2D4035 		.ascii	"l-@5\002\0209\306\025\214l \203\326\013\035h\370\377"
  28      021039C6 
  28      158C6C20 
ARM GAS  C:\Users\Ciccio\AppData\Local\Temp\ccTryCEf.s 			page 2


  28      83D60B1D 
  28      68F8FF
  29 005c 7FF19C37 		.ascii	"\177\361\2347\227Y\200\334'`mO\231\200\024\363=FF\220"
  29      975980DC 
  29      27606D4F 
  29      998014F3 
  29      3D464690 
  30 0070 2290C013 		.ascii	"\"\220\300\023&\240\034P\314BOO\037\216\362\213\365"
  30      26A01C50 
  30      CC424F4F 
  30      1F8EF28B 
  30      F5
  31 0081 93F37373 		.ascii	"\223\363ss\363\363\364\013\362\213J\212\365\035\203"
  31      F3F3F40B 
  31      F28B4A8A 
  31      F51D83
  32 0090 7C9D7D2B 		.ascii	"|\235}+@b\005\2319\251E\305\372\356\316\316\372\311"
  32      40620599 
  32      39A945C5 
  32      FAEECECE 
  32      FAC9
  33 00a2 4525867A 		.ascii	"E%\206z\311\014\000\201\0253V"
  33      C90C0081 
  33      153356
  34              		.text
  35              		.section	.gnu.lto___early_init.275cd5df,"",%progbits
  36 0000 789C6366 		.ascii	"x\234cf\300\004\242@\234\003\304V \0163\003#\023\003"
  36      C004A240 
  36      9C03C456 
  36      200E3303 
  36      231303
  37 0013 10333202 		.ascii	"\02032\0029\214\014\365L\214\365\214/\231>21N8\260z"
  37      398C0CF5 
  37      4C8CF58C 
  37      2F993E32 
  37      314E38B0 
  38 0028 06B7FAD2 		.ascii	"\006\267\372\322\206\206\206\017\233\256K\264J\374\004"
  38      8686860F 
  38      9BAE4BB4 
  38      4AFC04
  39 0037 2AFBCC04 		.ascii	"*\373\314\0041\201q9\243:\003P\315\307\226\277\327\271"
  39      31817139 
  39      A33A0350 
  39      CDC796BF 
  39      D7B9
  40 0049 D95A806A 		.ascii	"\331Z\200j\004 r\214+\030\331@\006\255\027:\320\360"
  40      0420728C 
  40      2B18D940 
  40      06AD173A 
  40      D0F0
  41 005b FFFFE339 		.ascii	"\377\377\3439\022@\316\023\260\246\247L@\212\371\036"
  41      1240CE13 
  41      B0A6A74C 
  41      408AF91E 
  42 006b 23234809 		.ascii	"##H\011H\340\011\023P\016(f\241\247\247\017G\371\305"
  42      48E00913 
  42      500E2866 
ARM GAS  C:\Users\Ciccio\AppData\Local\Temp\ccTryCEf.s 			page 3


  42      A1A7A70F 
  42      47F9C5
  43 007e FAC9F9B9 		.ascii	"\372\311\371\271\271\371y\372\005\371E%\305\372\216"
  43      B9F979FA 
  43      05F94525 
  43      C5FA8E
  44 008d 41BECEBE 		.ascii	"A\276\316\276\025 \261\202\314\234\324\242b}wgg\375"
  44      1520B182 
  44      CC9CD4A2 
  44      627D7767 
  44      67FD
  45 009f E4A21243 		.ascii	"\344\242\022C\275d\006\000\342%2\035"
  45      BD640600 
  45      E225321D 
  46              		.text
  47              		.section	.gnu.lto___late_init.275cd5df,"",%progbits
  48 0000 789C6366 		.ascii	"x\234cf\300\004\242@\234\003\304V \0163\003#\023\003"
  48      C004A240 
  48      9C03C456 
  48      200E3303 
  48      231303
  49 0013 10333202 		.ascii	"\02032\0029\214\014\365L\214\365\214/\231>21N8\260z"
  49      398C0CF5 
  49      4C8CF58C 
  49      2F993E32 
  49      314E38B0 
  50 0028 06B7FAD2 		.ascii	"\006\267\372\322\206\206\206\017\223nK\264J\374\004"
  50      8686860F 
  50      936E4BB4 
  50      4AFC04
  51 0037 2AFBCC04 		.ascii	"*\373\314\0041\201q9\243:\003P\315\307\226\277\327\271"
  51      31817139 
  51      A33A0350 
  51      CDC796BF 
  51      D7B9
  52 0049 D95A806A 		.ascii	"\331Z\200j\004 r\214+\030\331@\006\255\027:\320\360"
  52      0420728C 
  52      2B18D940 
  52      06AD173A 
  52      D0F0
  53 005b FFFFE239 		.ascii	"\377\377\3429\022@\316\023\260\246\247L@\212\371\036"
  53      1240CE13 
  53      B0A6A74C 
  53      408AF91E 
  54 006b 23234809 		.ascii	"##H\011H\340\011\023P\016(f\241\247\247\017G\371\305"
  54      48E00913 
  54      500E2866 
  54      A1A7A70F 
  54      47F9C5
  55 007e FAC9F9B9 		.ascii	"\372\311\371\271\271\371y\372\005\371E%\305\372\216"
  55      B9F979FA 
  55      05F94525 
  55      C5FA8E
  56 008d 41BECEBE 		.ascii	"A\276\316\276\025 \261\202\314\234\324\242b}wgg\375"
  56      1520B182 
  56      CC9CD4A2 
  56      627D7767 
ARM GAS  C:\Users\Ciccio\AppData\Local\Temp\ccTryCEf.s 			page 4


  56      67FD
  57 009f E4A21243 		.ascii	"\344\242\022C\275d\006\000\27291\301"
  57      BD640600 
  57      BA3931C1 
  58              		.text
  59              		.section	.gnu.lto___default_exit.275cd5df,"",%progbits
  60 0000 789C6366 		.ascii	"x\234cf\300\0042@\234\014\304V \0163\003#\023\003\020"
  60      C0043240 
  60      9C0CC456 
  60      200E3303 
  60      23130310 
  61 0014 83494686 		.ascii	"\203IF\206z&\306z&&\210\272\227L\037\231\030'\034X="
  61      7A26C67A 
  61      262688BA 
  61      974C1F99 
  61      18271C58 
  62 0029 835B7D69 		.ascii	"\203[}iCC\303\207Gw%Z%~\002%?C\0250.gTg\000\252\371"
  62      4343C387 
  62      4777255A 
  62      257E0225 
  62      3F431530 
  63 0044 D8F2F73A 		.ascii	"\330\362\367:7[\013P\215\000D\216q\005#\033#\220^/t"
  63      375B0B50 
  63      8D00448E 
  63      7105231B 
  63      23905E2F 
  64 0059 A0E1FFFF 		.ascii	"\240\341\377\377\307s\367\334g\001r\237\200\265=\001"
  64      C773F7DC 
  64      6701729F 
  64      80B53D01 
  65 0069 19CFFC84 		.ascii	"\031\317\374\204\211\021l\204\205\236\236>\034\345\027"
  65      89116C84 
  65      859E9E3E 
  65      1CE517
  66 0078 EB27E7E7 		.ascii	"\353'\347\347\346\346\347\351\027\344\027\225\024\353"
  66      E6E6E7E9 
  66      17E41795 
  66      14EB
  67 0086 3B06F93A 		.ascii	";\006\371:\373V\200\304\0122sR\213\212\365\335\235\235"
  67      FB5680C4 
  67      0A327352 
  67      8B8AF5DD 
  67      9D9D
  68 0098 F5938B4A 		.ascii	"\365\223\213J\014\365\222\031\000\006\2312K"
  68      0CF59219 
  68      00069932 
  68      4B
  69              		.text
  70              		.section	.gnu.lto___init_ram_areas.275cd5df,"",%progbits
  71 0000 789C8D54 		.ascii	"x\234\215T\315oTU\024\277\347\336\367\336\2747_m\\\021"
  71      CD6F5455 
  71      14BFE7DE 
  71      F7DEBC37 
  71      5F6D5C11 
  72 0014 369ACC02 		.ascii	"6\232\314\0027\364\251+\202\013\243]\300\246.\374\013"
  72      37F4A92B 
  72      820BA35D 
ARM GAS  C:\Users\Ciccio\AppData\Local\Temp\ccTryCEf.s 			page 5


  72      C0A62EFC 
  72      0B
  73 0025 30D58589 		.ascii	"0\325\205\211\320I;\013\0276\334~@\003\011\320\240\222"
  73      D0493B0B 
  73      1736DC7E 
  73      400309D0 
  73      A092
  74 0037 515391F8 		.ascii	"QS\221\370\321\326\266\324Z\201\231\026d\244\225)0`"
  74      D1D6B6D4 
  74      5A819916 
  74      64A49529 
  74      3060
  75 0049 8C4349C0 		.ascii	"\214CI\300 !m\301DM\307\001\246\2436\365\234s\247d\030"
  75      20216DC1 
  75      444DC701 
  75      A6A336F5 
  75      9C73A764 
  76 005e 5A62D3B9 		.ascii	"Zb\323\271\357\335\363\316\371\375\316\357\334{\216"
  76      EFDDF3CE 
  76      F9FDCEEF 
  76      DC7B8E
  77 006d 128FFF25 		.ascii	"\022\217\377%\360\327\344\010\321H\233\220\000)\360"
  77      F0D7E408 
  77      D1489B90 
  77      0029F0
  78 007c 070A5705 		.ascii	"\007\012W\0056\256\026\257\266\264\204\320\022\375\264"
  78      36AE16AF 
  78      B6B484D0 
  78      12FDB4
  79 008b E5808B96 		.ascii	"\345\200\213\226\000\257\256\014\220\335#\273'\025\275"
  79      00AFAE0C 
  79      90DD23BB 
  79      2715BD
  80 009a 07E93D08 		.ascii	"\007\351=\010\200p vKe\331N\300\365\202\260\333R\206"
  80      80702076 
  80      4B65D94E 
  80      C0F582B0 
  80      DB5286
  81 00ad D1360FD7 		.ascii	"\3216\017\327<~\223\005\011\275\231\241dh\323\027Z\353"
  81      3C7E9305 
  81      09BD99A1 
  81      6468D317 
  81      5AEB
  82 00bf C5CEC286 		.ascii	"\305\316\302\206=\033\312\230EQ\032\007\350\207M\002"
  82      3D1BCA98 
  82      45511A07 
  82      E8874D02 
  83 00cf 7D4687F2 		.ascii	"}F\207\362\237\200z\021\350=}\374\336\345\320]Y\226"
  83      9F807A11 
  83      E83D7DFC 
  83      DEE5D05D 
  83      5996
  84 00e1 F00C6D27 		.ascii	"\360\014m'\016\317$\035\332b\226\270\275\361\345\362"
  84      0ECF241D 
  84      DA6296B8 
  84      BDF1E5F2 
  85 00f1 3E193BA6 		.ascii	">\031;\246u\347\255\375\331+a=\243\273o\255\254<]\226"
ARM GAS  C:\Users\Ciccio\AppData\Local\Temp\ccTryCEf.s 			page 6


  85      75E7ADFD 
  85      D92B613D 
  85      A3BB6FAD 
  85      AC3C5D96 
  86 0105 0A064021 		.ascii	"\012\006@!.\014\302F\370\0126VJ\200!\205\356\345k!\247"
  86      2E0CC246 
  86      F80A3656 
  86      4A802185 
  86      EEE56B21 
  87 011a 1B13A887 		.ascii	"\033\023\250\207!\210\031r\030\006\007e8\370\375\372"
  87      21881972 
  87      18060765 
  87      38F8FDFA 
  88 012a 74DF7BB6 		.ascii	"t\337{\266\201\374\250'\033\336\363\020\322\022\217"
  88      81FCA827 
  88      1BDEF310 
  88      D2128F
  89 0139 E3C108C4 		.ascii	"\343\301\010\3040\346ho9c\231\230\017\357\\\254\212"
  89      30E6686F 
  89      39639998 
  89      0FEF5CAC 
  89      8A
  90 014a B1D78A39 		.ascii	"\261\327\2129^\023\363\351@\377^\373\311!\243\020\243"
  90      5E13F3E9 
  90      40FF5EFB 
  90      C921A310 
  90      A3
  91 015b 6431AC23 		.ascii	"d1\254#s \037Q/qm\272R\035g\303\206\366\300\235l\225"
  91      73201F51 
  91      2F716DBA 
  91      521D67C3 
  91      86F6C09D 
  92 0171 7A1BBE5E 		.ascii	"z\033\276^K=\2141\304\322\300\2763R\275\302\020\331"
  92      4B3D8C31 
  92      C4D2C0BE 
  92      3352BDC2 
  92      10D9
  93 0183 7F1F5C8D 		.ascii	"\177\037\\\215\232,\016\366;U\000\337\254\0110\016\261"
  93      9A2C0EF6 
  93      3B5500DF 
  93      AC09300E 
  93      B1
  94 0194 D1A7327A 		.ascii	"\321\2472zee|\372\347\236\330\244\254\003AyI\206V\374"
  94      65657CFA 
  94      E79ED8A4 
  94      AC034179 
  94      498656FC 
  95 01a8 DDE2D566 		.ascii	"\335\342\325f\273\303\366\000[\\\201\260\036.V\220\367"
  95      BBC3F600 
  95      5B5C81B0 
  95      1E2E5690 
  95      F7
  96 01b9 21FE1626 		.ascii	"!\376\026&k\204\015Q\016\021b\216o\303\274\304\207\272"
  96      6B840D51 
  96      0E11628E 
  96      6FC3BCC4 
  96      87BA
ARM GAS  C:\Users\Ciccio\AppData\Local\Temp\ccTryCEf.s 			page 7


  97 01cb 0E9D0F7A 		.ascii	"\016\235\017zfS\011:\237\222\2641\341#\207\362)\325"
  97      6653093A 
  97      9F92B431 
  97      E12387F2 
  97      29D5
  98 01dd FE8F4E6A 		.ascii	"\376\217Nj\267,\235ei\016\365\327\271\037\177r\351Z"
  98      B72C9D65 
  98      690EF5D7 
  98      B91F7F72 
  98      E95A
  99 01ef 38BC1D3C 		.ascii	"8\274\035<\364~\012\372\340\343\216^\362\012\300\267"
  99      F47E0AFA 
  99      E0E38E5E 
  99      F20AC0B7 
 100 01ff D00E2748 		.ascii	"\320\016'H\005\325}n \031b\200\314v\364\207\223\350"
 100      05D57D6E 
 100      20196280 
 100      CC76F487 
 100      93E8
 101 0211 88CA4E41 		.ascii	"\210\312NA;\263*\303z\262p\276\250jn\013\246Ky\362e"
 101      3BB32AC3 
 101      7AB270BE 
 101      A86A6E0B 
 101      A64B79F2 
 102 0226 C18814A5 		.ascii	"\301\210\024\245\344T\223+&8\261t\364\217\010\221k\235"
 102      E454932B 
 102      2638B174 
 102      F48F0891 
 102      6B9D
 103 0238 F1CBD22D 		.ascii	"\361\313\322-I\200t\205\374\317s\007\377\256\333<\244"
 103      49807485 
 103      FCCF7307 
 103      FFAEDB3C 
 103      A4
 104 0249 EBCBD283 		.ascii	"\353\313\322\203\011d\376\213\305\302$l\026\304:\226"
 104      0964FE8B 
 104      C5C2246C 
 104      16C43A96 
 105 0259 2D2A031C 		.ascii	"-*\003\034\250Ajx\022\322iF\342><\203Hb\001\000\253"
 105      A8416A78 
 105      12D26946 
 105      E23E3C83 
 105      48620100 
 106 026e 25870B77 		.ascii	"%\207\013w\361\031\365r\367w\2402\253R\317\375\263\351"
 106      F119F572 
 106      F777A032 
 106      AB52CFFD 
 106      B3E9
 107 0280 2D86C3AB 		.ascii	"-\206\303\253N\336~$y(\313`IJ\370\216\350\340,\325\010"
 107      4EDE7E24 
 107      7928CB60 
 107      494AF88E 
 107      E8E02CD5 
 108 0295 630F1F8B 		.ascii	"c\017\037\213PdMj\001\366U\025\337\014\372\"4\272w%"
 108      50644D6A 
 108      01F65515 
 108      DF0CFA22 
ARM GAS  C:\Users\Ciccio\AppData\Local\Temp\ccTryCEf.s 			page 8


 108      34BA7725 
 109 02a9 F7DE4C3F 		.ascii	"\367\336L?g\250\330\201.\022\233\027\322/\030s\2108"
 109      67A8D881 
 109      2E129B17 
 109      D22F1873 
 109      8838
 110 02bb CCFD9AA7 		.ascii	"\314\375\232\247\014L\351s\343\266\371\354>\232\321"
 110      0C4CE973 
 110      E3B6F9EC 
 110      3E9AD1
 111 02ca FA05F89E 		.ascii	"\372\005\370\236\013\300\235|\016\013p\025\272\257t"
 111      0BC09D7C 
 111      0E0B7015 
 111      BAAF74
 112 02d9 EDAA6094 		.ascii	"\355\252`\224$O\243\005\220x\\\352\227\302\273Hk\345"
 112      244FA305 
 112      90785CEA 
 112      97C2BB48 
 112      6BE5
 113 02eb 8A6F2C80 		.ascii	"\212o,\200\3022\253\337\311\020\264N\027w\340\315\303"
 113      C232ABDF 
 113      C910B44E 
 113      1777E0CD 
 113      C3
 114 02fc 7355F334 		.ascii	"sU\3634\350(\221\305\305\374gj]\275VE\357\024RW\327"
 114      E82891C5 
 114      C5FC676A 
 114      5DBD5645 
 114      EF145257 
 115 0311 1187224C 		.ascii	"\021\207\"L\257\012\235\235\250\350\217P\300\252P\267"
 115      AF0A9D9D 
 115      A8E88F50 
 115      C0AA50B7 
 116 0321 22742CBF 		.ascii	"\"t,\277*4\374\177\205\376\300BI\020\234\257\021\032"
 116      2A34FC7F 
 116      85FEC042 
 116      49109CAF 
 116      111A
 117 0333 2ED11193 		.ascii	".\321\021\223P\013%;x\010\221\3000\237\274\307|\230"
 117      500B253B 
 117      780891C0 
 117      309FBCC7 
 117      7C98
 118 0345 CEEDADC6 		.ascii	"\316\355\255\3065\212\370\210|\351\366R1\314\303\264"
 118      358AF888 
 118      7CE9F652 
 118      31CCC3B4 
 119 0355 5E4016E9 		.ascii	"^@\026\351\020.\3275\331\247L\273E\327m\267\332\376"
 119      102ED735 
 119      D9A74CBB 
 119      45D76DB7 
 119      DAFE
 120 0367 9AA9EAAF 		.ascii	"\232\251\352\257\317?82l\023h\310\245\355\205\251\301"
 120      CF3F3832 
 120      6C1368C8 
 120      A5ED85A9 
 120      C1
ARM GAS  C:\Users\Ciccio\AppData\Local\Temp\ccTryCEf.s 			page 9


 121 0378 5375FE88 		.ascii	"Su\376\210\356\325\231\255(\014.`\034\\4\023\205\006"
 121      EED599AD 
 121      280C2E60 
 121      1C5C3413 
 121      8506
 122 038a F8546AC4 		.ascii	"\370Tj\3043\335\370,M\355K\340\243\264\0347#\225\012"
 122      33DDF82C 
 122      4DED4BE0 
 122      A3B41C37 
 122      23950A
 123 039d ABA96EE2 		.ascii	"\253\251n\342\320+\274j\272\216\306\003\336s\314cKC"
 123      D02BBC6A 
 123      BA8EC603 
 123      DE73CC63 
 123      4B43
 124 03af 83FFF0BF 		.ascii	"\203\377\360\277\245\315on\331\271\263e\227\037oiM\264"
 124      A5CD6F6E 
 124      D9B9B365 
 124      971F6F69 
 124      4DB4
 125 03c1 F92FBFD6 		.ascii	"\371/\277\326\324\330\364\016\331\342o\275\375fk\233"
 125      D4D8F40E 
 125      D9E26FBD 
 125      FD666B9B 
 126 03d1 BFADB1D1 		.ascii	"\277\255\261\321onM<\337\320,T\353\353q\231\210C\374"
 126      6F6E4D3C 
 126      DFD02C54 
 126      EBEB7199 
 126      8843FC
 127 03e4 3F706639 		.ascii	"?pf9\270"
 127      B8
 128              		.text
 129              		.section	.gnu.lto_.symbol_nodes.275cd5df,"",%progbits
 130 0000 789C55C8 		.ascii	"x\234U\310GRBa\024\005\341\323\377\343)\202\001\305"
 130      47524261 
 130      1405E1D3 
 130      FFE32982 
 130      01C5
 131 0012 8C8A3B61 		.ascii	"\214\212;aiWE\214\250\230\263P.\210\241\233\021\003"
 131      6957458C 
 131      A898B350 
 131      2E88A19B 
 131      1103
 132 0024 A79CF87A 		.ascii	"\247\234\370z\362Uu&\251\205\376J#\205\324\033J\021"
 132      F2557526 
 132      A985FE4A 
 132      2385D41B 
 132      4A11
 133 0036 FA189495 		.ascii	"\372\030\224\225\276\024\024\306\267\"\025\306\217\""
 133      BE1414C6 
 133      B72215C6 
 133      8F22
 134 0044 2B8C1DA2 		.ascii	"+\214\035\242\364\177\344\237\322{\212,\337\205Z(\337"
 134      F47FE49F 
 134      D27B8A2C 
 134      DF855A28 
 134      DF
ARM GAS  C:\Users\Ciccio\AppData\Local\Temp\ccTryCEf.s 			page 10


 135 0055 23993699 		.ascii	"#\2316\231\331\247d:\344\346\200\011s\310\2449\242l"
 135      D9A7643A 
 135      E4E68009 
 135      73C8A439 
 135      A26C
 136 0067 8E993227 		.ascii	"\216\2312'T\314)U\323e\332\2341c\316\2315\027\314\231"
 136      54CC2955 
 136      D365DA9C 
 136      3163CE99 
 136      3517CC99 
 137 007b 1E3573C9 		.ascii	"\0365s\311\274\271b\301\\S77,\232[\226\314\035\313\346"
 137      BCB962C1 
 137      5C533737 
 137      2C9A5B96 
 137      CC1DCBE6 
 138 008f 9E15F3C0 		.ascii	"\236\025\363\300\252yd\315<\261n\236i\230\0276\314+"
 138      AA7964CD 
 138      3CB16E9E 
 138      69981736 
 138      CC2B
 139 00a1 9BE68D2D 		.ascii	"\233\346\215-\323\247i\006l\217\321/J\300Cr"
 139      D3A76906 
 139      6C8FD12F 
 139      4AC04372 
 140              		.text
 141              		.section	.gnu.lto_.refs.275cd5df,"",%progbits
 142 0000 789C25C1 		.ascii	"x\234%\301[\002\201P\024\000\300\323\344\022\362*\344"
 142      5B028150 
 142      1400C0D3 
 142      E412F22A 
 142      E4
 143 0011 9124598D 		.ascii	"\221$Y\215\375\357\247\217f\362\210\370\307\314B\312"
 143      FDEFA78F 
 143      66F288F8 
 143      C7CC42CA 
 144 0021 A4BA4F96 		.ascii	"\244\272O\226V\012k\033[\245\235\275\203\243\223J\355"
 144      560A6B1B 
 144      5BA59DBD 
 144      83A3934A 
 144      ED
 145 0032 ECE2AA71 		.ascii	"\354\342\252qs\367\360\324z\351\274\365>\006_\243_L"
 145      73F7F0D4 
 145      7AE9BCF5 
 145      3E065FA3 
 145      5F4C
 146 0044 7A27038C 		.ascii	"z'\003\214"
 147              		.text
 148              		.section	.gnu.lto_.decls.275cd5df,"",%progbits
 149 0000 789CAD98 		.ascii	"x\234\255\230kP\024W\026\307\347\316\035\006\030\206"
 149      6B501457 
 149      16C7E7CE 
 149      1D061886 
 150 0010 C1D2CAA3 		.ascii	"\301\322\312\243\334\252,\321-k\037\211\006\037\270"
 150      DCAA2CD1 
 150      2D6B1F89 
 150      061FB8
 151 001f 9B2FC9AE 		.ascii	"\233/\311\256\265\225\324V^\273[\373)T\315\022\230l"
ARM GAS  C:\Users\Ciccio\AppData\Local\Temp\ccTryCEf.s 			page 11


 151      B595D456 
 151      5EBB5BFB 
 151      2954CD12 
 151      986C
 152 0031 A8454860 		.ascii	"\250EH`\254\215\265\225\252\021$\216h\000\021\010>\030"
 152      AC8DB595 
 152      AA11248E 
 152      68001108 
 152      3E18
 153 0043 47013130 		.ascii	"G\00110<T\224\267\200  \010\210\210\014\202\223\221"
 153      3C5494B7 
 153      80202008 
 153      88880C82 
 153      9391
 154 0055 A8808020 		.ascii	"\250\200\200 h\320\240\316\236\276\367t\303t\343\356"
 154      68D0A0CE 
 154      9EBEF774 
 154      C374E3EE 
 155 0065 97EDF278 		.ascii	"\227\355\362x\373v\237\363;\247\317\377v7=T\245R5\023"
 155      FB769FF3 
 155      3BA7CFFF 
 155      76373D54 
 155      A5523513 
 156 0079 95CA035B 		.ascii	"\225\312\003[\350\013*\325Y\252Ri\341\330G\252\205\315"
 156      E80B2AD5 
 156      59AA5269 
 156      E1D847AA 
 156      85CD
 157 008b 07AC04EC 		.ascii	"\007\254\004\354$X9X\025X\015\330\253`\357A\254\013"
 157      24583958 
 157      15580DD8 
 157      AB60EF41 
 157      AC0B
 158 009d C69B60B7 		.ascii	"\306\233`\267\300F\300\306\301\356\201\335\007{\000"
 158      C046C0C6 
 158      C1EE81DD 
 158      077B00
 159 00ac F618EC09 		.ascii	"\366\030\354\011\230\007L\015\376\276`:\260@\260e`/"
 159      98074C0D 
 159      FEBE603A 
 159      B040B065 
 159      602F
 160 00be 80BD0CF6 		.ascii	"\200\275\014\3663\260W\300V\203\255\001\373\025\330"
 160      33B057C0 
 160      5683AD01 
 160      FB15D8
 161 00cd 6B602160 		.ascii	"k`!`\033\3016\203\275\011\366\026\330\037\300\376\010"
 161      1BC13683 
 161      BD09F616 
 161      D81FC0FE 
 161      08
 162 00de F62E5179 		.ascii	"\366.QymB\235dQ\375\004\217\311\267\223K\370\235\\\302"
 162      6D429D64 
 162      51FD048F 
 162      C9B7934B 
 162      F89D5CC2 
 163 00f2 AF7C09BF 		.ascii	"\257|\011\277\362%\374\252\226\360\253Z\302O\350\233"
ARM GAS  C:\Users\Ciccio\AppData\Local\Temp\ccTryCEf.s 			page 12


 163      F225FCAA 
 163      96F0AB5A 
 163      C24FE89B 
 164 0102 1EFD0CB8 		.ascii	"\036\375\014\270\377>\341\275l\001\373\000\366\007a"
 164      FF3EE1BD 
 164      6C01FB00 
 164      F60761
 165 0111 EC03FB10 		.ascii	"\354\003\373\020\366\233a\374\023\230\006\254\013\254"
 165      F69B61FC 
 165      139806AC 
 165      0BAC
 166 011f 1BEC12D8 		.ascii	"\033\354\022\330e\314Q\203\343{\262>\334W\223\252\222"
 166      65CC5183 
 166      E37BB23E 
 166      DC5793AA 
 166      92
 167 0130 079D01A3 		.ascii	"\007\235\001\243jb\320\005\013\323\352\364\266l-L\365"
 167      6A62D005 
 167      0BD3EAF4 
 167      B66C2D4C 
 167      F5
 168 0141 3A8D30AD 		.ascii	":\2150\255\231\037\276\252y)\323\002[Z\242e\231\206"
 168      991FBEAA 
 168      7929D302 
 168      5B5AA265 
 168      9986
 169 0153 7CF42229 		.ascii	"|\364\") +\311\011\262\022\210\337\221\227\340\377\217"
 169      202BC909 
 169      B21288DF 
 169      9197E0FF 
 169      8F
 170 0164 359C74DD 		.ascii	"5\234t\335\326\333\342GA:\330\317\315\276yU\367Z!\204"
 170      D6DBE247 
 170      413AD8CF 
 170      CDBE7955 
 170      F75A2184 
 171 0178 592D0DD3 		.ascii	"Y-\015\323d!\335\365D\353L\020}\2019%u\215\317P\215"
 171      6421DDF5 
 171      44EB4C10 
 171      7D813925 
 171      758DCF50 
 172 018d 5A451C84 		.ascii	"ZE\034\204\362\263\251\311\347\352\202\202m\026\273"
 172      F2B3A9C9 
 172      E7EA8282 
 172      6D16BB
 173 019c 7DBABA2C 		.ascii	"}\272\272,\231\036\260\330\317[\236y<\204\245\"\205"
 173      991EB0D8 
 173      CF5B9E79 
 173      3C84A522 
 173      85
 174 01ad 849222F2 		.ascii	"\204\222\"\362\032\244,&\032\2250\345M,!\301\020{~\337"
 174      1AA42C26 
 174      1A9530E5 
 174      4D2C21C1 
 174      107B7EDF 
 175 01c1 CC24A17F 		.ascii	"\314$\241\177}\016y\207\253\325f`d{M\276\266-\255\301"
 175      7D0E7987 
ARM GAS  C:\Users\Ciccio\AppData\Local\Temp\ccTryCEf.s 			page 13


 175      ABD56660 
 175      647B4DBE 
 175      B62DADC1 
 176 01d5 E3798B41 		.ascii	"\343y\213AK%h\231\000-\025\241'\0314\353Z\316\210?\375"
 176      4B256899 
 176      002D15A1 
 176      271934EB 
 176      5ACE883F 
 177 01ea FB73A055 		.ascii	"\373s\240UC\243v\302\241\003^\320S\022\364\264\000="
 177      43A376C2 
 177      A1035ED0 
 177      5312F4B4 
 177      003D
 178 01fc 2542CB19 		.ascii	"%B\313\031\264\314\2252\343K\243\031t\340\346\330U_"
 178      B4CC9532 
 178      E34BA319 
 178      74E0E6D8 
 178      555F
 179 020e FA6FB67F 		.ascii	"\372o\266\177$\333\326\257\027\022\234\025\023\270\006"
 179      24DBD6AF 
 179      17129C15 
 179      13B806
 180 021d 32AAFDC5 		.ascii	"2\252\375\305\224\244\2020M\232\366\245\337T\013Y\217"
 180      94A48230 
 180      4D9AF6A5 
 180      DF540B59 
 180      8F
 181 022e DAEF7965 		.ascii	"\332\357ye=#e\255\024\262\236\021\263V\261\254\345\307"
 181      3D2365AD 
 181      14B29E11 
 181      B356B1AC 
 181      E5C7
 182 0240 EEDCF0A5 		.ascii	"\356\334\360\245;\011KU^\231\321\205\355\260\026h\333"
 182      3B094B55 
 182      5E99D185 
 182      EDB01668 
 182      DB
 183 0251 2C12A35A 		.ascii	",\022\243Zd@\\\265\010\250a\200\314\332\303\351\376"
 183      64405CB5 
 183      08A86180 
 183      CCDAC3E9 
 183      FE
 184 0262 6CA55818 		.ascii	"l\245X\030\243c\370\321\254\236-\225e\302\264\376\334"
 184      A363F8D1 
 184      AC9E2D95 
 184      65C2B4FE 
 184      DC
 185 0273 A3161DCD 		.ascii	"\243\026\035\315\344\374\275V\367E\035\265\361\311\216"
 185      E4FCBD56 
 185      F7451DB5 
 185      F1C98E
 186 0282 E3357B7D 		.ascii	"\3435{}\301\361U\035\273\250\357\017=\316\363gS\341"
 186      C1F1551D 
 186      BBA8EF0F 
 186      3DCEF367 
 186      53E1
 187 0294 71120487 		.ascii	"q\022\004\207\324\247\037\037i\"d\215.\017\026\314\364"
ARM GAS  C:\Users\Ciccio\AppData\Local\Temp\ccTryCEf.s 			page 14


 187      D4A71F1F 
 187      6922648D 
 187      2E0F16CC 
 187      F4
 188 02a5 40FEF0BB 		.ascii	"@\376\360\273\211\226\267I\023\321\221z\251\034\026"
 188      8996B749 
 188      13D1917A 
 188      A91C16
 189 02b4 2D6C568B 		.ascii	"-lV\213%AX\214\376\357\252\244\245H\316\2235\340\300"
 189      2541588C 
 189      FEEFAAA4 
 189      A548CE93 
 189      35E0C0
 190 02c7 5C49031C 		.ascii	"\\I\003\034l\204\203\300=`\265\264\006\020\335\232%"
 190      6C8483C0 
 190      3D60B5B4 
 190      0610DD9A 
 190      25
 191 02d8 632E2C11 		.ascii	"c.,\021\303\0128\261;\375E\213EC\232\241\200s\013\005"
 191      C30A38B1 
 191      3BFD458B 
 191      45439AA1 
 191      80730B05 
 192 02ec 403DD232 		.ascii	"@=\3222\336_\321[\350\247O\226\260\314w\341\306h!zt"
 192      DE5FD15B 
 192      E8A74F96 
 192      B0CC77E1 
 192      C668217A 
 193 0301 DC7DE17E 		.ascii	"\334}\341~\251\206N\360\273b\357\231\306;\006:\317'"
 193      A9864EF0 
 193      BB62EF99 
 193      C63B063A 
 193      CF27
 194 0313 676F1FC8 		.ascii	"go\037\310\366\241I\224M\3622\263\034>\254\227~\302"
 194      F6A14994 
 194      4DF232B3 
 194      1C3EAC97 
 194      7EC2
 195 0325 D49E5F3C 		.ascii	"\324\236_<\245\245i\354\234\266\347\350\300wAd\325\212"
 195      A5A569EC 
 195      9CB6E7E8 
 195      C0774164 
 195      D58A
 196 0337 55AB56AD 		.ascii	"U\253V\255\261C\306\351j\327\030\021n\015\"\344!\027"
 196      B143C6E9 
 196      6AD71811 
 196      6E0D22E4 
 196      2117
 197 0349 A1C24EB2 		.ascii	"\241\302N\262b\341\272\332Y\011\277\206\377T\373\330"
 197      62E1BADA 
 197      5909BF86 
 197      FF54FBD8 
 198 0359 8D6BB1BC 		.ascii	"\215k\261\274\015\313\241\026\316\327\261S\2027\\\023"
 198      0DCBA116 
 198      CED7B153 
 198      82375C13 
 199 0369 E9810674 		.ascii	"\351\201\006t\221U\244\033\354\022\330e\262\212]\237"
ARM GAS  C:\Users\Ciccio\AppData\Local\Temp\ccTryCEf.s 			page 15


 199      9155A41B 
 199      EC12D865 
 199      B28A5D9F 
 200 0379 90C43E79 		.ascii	"\220\304>y\312\362\366N\3122\264\3123\374RJ\300\\\357"
 200      CAF2F64E 
 200      CA32B4CA 
 200      33FC524A 
 200      C05CEF
 201 038c 2DB8B62D 		.ascii	"-\270\266-\351Z@$\337G\013\276\035K\027\316\235\005"
 201      E95A4024 
 201      DF470BBE 
 201      1D4B17CE 
 201      9D05
 202 039e 21DC13EB 		.ascii	"!\334\023\353\375\004\017\225\270\"\245\366O\317\226"
 202      FD040F95 
 202      B822A5F6 
 202      4FCF96
 203 03ad DFF4A339 		.ascii	"\337\364\2439\254?\352\032\227\335\243#kV\260\220\307"
 203      AC3FEA1A 
 203      97DDA323 
 203      6B56B090 
 203      C7
 204 03be 5A42AE02 		.ascii	"ZB\256\002\364\312\202n\002\201mKu\203\364B\023\376"
 204      F4CA826E 
 204      02816D4B 
 204      7583F442 
 204      13FE
 205 03d0 57438427 		.ascii	"WC\204'S\375|\216a\005\022\354\317#\250\236\027\336"
 205      53FD7C8E 
 205      610512EC 
 205      CF23A89E 
 205      17DE
 206 03e2 D1E17899 		.ascii	"\321\341x\231\337:L_\361V\322\343\2554\227\353\036'"
 206      DF3A4C5F 
 206      F156D2E3 
 206      AD3497EB 
 206      1E27
 207 03f4 6CEE2B4C 		.ascii	"l\356+L\307+k\333\002tV|\352\302\352\322/^\\\003\302"
 207      C72B6BDB 
 207      0274567C 
 207      EAC2EAD2 
 207      2F5E5C03 
 208 0409 3A84C612 		.ascii	":\204\306\022'[\344$\311^d\361]\236\206\027\027\254"
 208      275BE424 
 208      C95E64F1 
 208      5D9E8617 
 208      17AC
 209 041b 61D77F0D 		.ascii	"a\327\177\015\334\373\231\373u\262\\\014\022\274\037"
 209      DCFB99FB 
 209      75B25C0C 
 209      12BC1F
 210 042a D63F68F6 		.ascii	"\326?h\366[\354\335\367\337\274\023\313\256\346\007"
 210      5BECDDF7 
 210      DFBC13CB 
 210      AEE607
 211 0439 D262BE48 		.ascii	"\322b\276H\263\3063\022u\264\202O\036\357\257\350\320"
 211      B3C63312 
ARM GAS  C:\Users\Ciccio\AppData\Local\Temp\ccTryCEf.s 			page 16


 211      75B4824F 
 211      1EEFAFE8 
 211      D0
 212 044a AF3E6A71 		.ascii	"\257>jq'\270\255\271\355z{\0334\337\343\3719\273\021"
 212      27B8ADB9 
 212      ED7A7B1B 
 212      34DFE3F9 
 212      39BB11
 213 045d 6EF0E62F 		.ascii	"n\360\346/\252\371\006\177\224@\334\223\252\014\217"
 213      AAF9067F 
 213      9440DC93 
 213      AA0C8F
 214 046c FF57F3F0 		.ascii	"\377W\363\360^p\327%\362\025\354\"\253\331\251d\327"
 214      5E70D725 
 214      F215EC22 
 214      ABD9A964 
 214      D7
 215 047d 8DA440DA 		.ascii	"\215\244@\332\316\371\317v\345\365\022\221\337\353\315"
 215      CEF9CF76 
 215      E5F51291 
 215      DFEBCD
 216 048c 772BF86E 		.ascii	"w+\370n\211\377t>\335\251A~\256\201\361o\"\277\252\""
 216      89FF743E 
 216      DDA9417E 
 216      AE81F16F 
 216      22BFAA22 
 217 04a0 E7812F75 		.ascii	"\347\201/ur\376\374\236\346\314@\344'\016z\363\177P"
 217      72FEFC9E 
 217      E6CC40E4 
 217      270E7AF3 
 217      7F50
 218 04b2 F07F90F8 		.ascii	"\360\177\220\370E\323\231\251>\"\377E\306\277\205\374"
 218      45D399A9 
 218      3E22FF45 
 218      C6BF85FC 
 219 04c2 AFCB72E7 		.ascii	"\257\313r\347tt\204\363\333\322Z\366\213\375I\2148`"
 219      747484F3 
 219      DBD25AF6 
 219      8BFD498C 
 219      3860
 220 04d4 399A60B1 		.ascii	"9\232`\261\010\017Y\226\340\216\"\301\035)\301O\355"
 220      080F5996 
 220      E08E22C1 
 220      1D29C14F 
 220      ED
 221 04e5 33DF0460 		.ascii	"3\337\004`\202\246WX\202\021Lp\327\221j\323\206\226"
 221      82A65758 
 221      82114C70 
 221      D7916AD3 
 221      8696
 222 04f7 5BACF660 		.ascii	"[\254\366`&\233\260\330\276'_\261\0057\014\243\260\350"
 222      269BB0D8 
 222      BE275FB1 
 222      05370CA3 
 222      B0E8
 223 0509 6EC3080B 		.ascii	"n\303\010\013\217\214\222\257X\031\255\271\017\203\350"
 223      8F8C92AF 
ARM GAS  C:\Users\Ciccio\AppData\Local\Temp\ccTryCEf.s 			page 17


 223      5819ADB9 
 223      0F83E8
 224 0518 1CAF697F 		.ascii	"\034\257i\177\317\225$\003\257i\217\\\263\273\212\222"
 224      CF952403 
 224      AF698F5C 
 224      B3BB8A92 
 225 0528 EE4A258D 		.ascii	"\356J%\2155\337N\366\345%\325\243f\343XRK\257s\304\217"
 225      35DF4EF6 
 225      E525D5A3 
 225      66E35852 
 225      4BAF73C4 
 226 053d 266B187F 		.ascii	"&k\030\177*+\317\026(\362e\232M*\370\223\022\337\236"
 226      2A2BCF16 
 226      28F2659A 
 226      4D2AF893 
 226      12DF9E
 227 0550 919D1588 		.ascii	"\221\235\025\210|\324\354\036\362\007\333\022\037\372"
 227      7CD4EC1E 
 227      F207DB12 
 227      1FFA
 228 055e D36CCE1F 		.ascii	"\323l\316\037,z\226 \362\345\232M+\370\323\022\277\264"
 228      2C7A9620 
 228      F2E59A4D 
 228      2BF8D312 
 228      BFB4
 229 0570 F0691E11 		.ascii	"\360i\036\021\371\\\263\373\310?\346\362\344\006\321"
 229      F95CB3FB 
 229      C83FE6F2 
 229      E406D1
 230 057f 02CECFED 		.ascii	"\002\316\317\355\337\261'H\344\3135\233U$\230\225\022"
 230      DFB12748 
 230      E4CB359B 
 230      55249895 
 230      12
 231 0590 B4F7599B 		.ascii	"\264\367Y\233u\230\0005{\200\011\366\315\3448\202d\232"
 231      75980035 
 231      7B8009F6 
 231      CDE43882 
 231      649A
 232 05a2 4DA06653 		.ascii	"M\240fS\250\331\014j\366\220kv\260\377\366\003\312\236"
 232      A8D90C6A 
 232      F6906B76 
 232      B0FFF603 
 232      CA9E
 233 05b4 166A617A 		.ascii	"\026jaz\246\363\330c\015\255\340%\216\365\272f\261\304"
 233      A6F3D863 
 233      0DADE025 
 233      8EF5BA66 
 233      B1C4
 234 05c6 14B9848F 		.ascii	"\024\271\204\217\024\025>\222*\234\311\036\231\301\333"
 234      14153E92 
 234      2A9CC91E 
 234      99C1DB
 235 05d5 A21D257C 		.ascii	"\242\035%|\214\025V\347O\016\370\320v\316w\367\246T"
 235      8C1556E7 
 235      4F0EF8D0 
 235      76CE77F7 
ARM GAS  C:\Users\Ciccio\AppData\Local\Temp\ccTryCEf.s 			page 18


 235      A654
 236 05e7 E844BE4C 		.ascii	"\350D\276L\302y\005\177^\342O\364x\256\372!\037%|\202"
 236      C279057F 
 236      5EE24FF4 
 236      78AEFA21 
 236      1F257C82 
 237 05fb FC6FCED7 		.ascii	"\374o\316\327\236\366\247N\316\257M\275\273\014\361"
 237      9EF6A74E 
 237      CEAF4DBD 
 237      BB0CF1
 238 060a 72059F29 		.ascii	"r\005\237)\360\317\026\236\032\255%\363T\304s\005=\210"
 238      F0CF169E 
 238      1AAD25F3 
 238      54C47305 
 238      3D88
 239 061c 77381A72 		.ascii	"w8\032r\325t\204\343G\272\272\223\264\"_\256\340\016"
 239      D57484E3 
 239      47BABA93 
 239      B4225FAE 
 239      E00E
 240 062e B53C011C 		.ascii	"\265<\001\034\021\373398\020\204\011P\301\0045O\320"
 240      11FB3339 
 240      38108409 
 240      50C10435 
 240      4FD0
 241 0640 3B74FC34 		.ascii	";t\3744\221)\370\023*\370\024\025\264\250\271\202\211"
 241      9129F813 
 241      2AF81415 
 241      B4A8B982 
 241      89
 242 0651 6AA6604A 		.ascii	"j\246`JI\336l\020S\220\012\323\033\375c=\276t\216\227"
 242      49DE6C10 
 242      53900AD3 
 242      1BFD633D 
 242      BE748E97 
 243 0665 B8AB34AB 		.ascii	"\270\2534\253\307\207\227x@\256\340\327\212\012\277"
 243      C7879778 
 243      40AEE0D7 
 243      8A0ABF
 244 0674 962A1C6B 		.ascii	"\226*\034k\274\226\217\012v\242\202\273\260\302\033"
 244      BC968F0A 
 244      76A282BB 
 244      B0C21B
 245 0683 8E94336A 		.ascii	"\216\2243j\232\354\303\370\247nM%Q\221/Sp\267\202\277"
 245      9AECC3F8 
 245      A76E4D25 
 245      51912F53 
 245      70B782BF 
 246 0697 5BE2DB1C 		.ascii	"[\342\333\034\205\223Z\344\243\202\311\310/u;\016\005"
 246      85935AE4 
 246      A382C9C8 
 246      2F753B0E 
 246      05
 247 06a8 D26CCE9F 		.ascii	"\322l\316\237\032v\2127\311\001\271\204{\025\374\275"
 247      1A768A37 
 247      C901B984 
 247      7B15FCBD 
ARM GAS  C:\Users\Ciccio\AppData\Local\Temp\ccTryCEf.s 			page 19


 248 06b8 12BF28A7 		.ascii	"\022\277(\247\270\314O\344s\011\277A\376\316'\356\033"
 248      B8CC4FE4 
 248      7309BF41 
 248      FECE27EE 
 248      1B
 249 06c9 941670BE 		.ascii	"\224\026p\276\247\337\226\356/\362\345\022\246*\022"
 249      A7DF96EE 
 249      2FF2E512 
 249      A62A12
 250 06d8 A44A09D2 		.ascii	"\244J\011\322\373\022\376\214|T0\015\371\365\263c\303"
 250      FB12FE8C 
 250      7C54300D 
 250      F9F5B363 
 250      C3
 251 06e9 6A998256 		.ascii	"j\231\202V5Wp\217\232+\230\202\012\356\343\012\212\337"
 251      3557708F 
 251      9A2B9882 
 251      0AEEE30A 
 251      8ADF
 252 06fb 4106FE1D 		.ascii	"A\006\376\035\324R\367\260EM+x\205\375\231\207m\330"
 252      D452F7B0 
 252      454D2B78 
 252      85FD9987 
 252      6DD8
 253 070d 81C37205 		.ascii	"\201\303r\0053\024\005fH\005&\024\245\270\361\325\341"
 253      33140566 
 253      48052614 
 253      A5B8F1D5 
 253      E1
 254 071e 440533B1 		.ascii	"D\0053\261\302\374\262\226\0065m\347\374\271\016\333"
 254      C2FCB296 
 254      06356DE7 
 254      FCB90EDB 
 255 072e 2122F265 		.ascii	"!\"\362e\012~\253\340\177+\361\263\323\012F\261\303"
 255      0A7EABE0 
 255      7F2BF1B3 
 255      D30A46B1 
 255      C3
 256 073f 4E54301B 		.ascii	"NT0\033\371'n&\327j\250\223\363\033rfk\3601zX\256\340"
 256      F9276E26 
 256      D76AA893 
 256      F31B7266 
 256      6BF0317A 
 257 0756 4105FFA0 		.ascii	"A\005\377\240\304\277\3351\362\262\210\347\002\036B"
 257      C4BFDD31 
 257      F2B288E7 
 257      021E42
 258 0765 7C41FA91 		.ascii	"|A\372\221\342\000:\302\361\011\267OMIx\271\2009\012"
 258      E2003AC2 
 258      F109B74F 
 258      4D4978B9 
 258      80390A
 259 0778 7E8EC46F 		.ascii	"~\216\304o\233\250L\323c\002T\320\206\011v\025\244\364"
 259      9BA84CD3 
 259      630254D0 
 259      86097615 
 259      A4F4
ARM GAS  C:\Users\Ciccio\AppData\Local\Temp\ccTryCEf.s 			page 20


 260 078a 07CA14CC 		.ascii	"\007\312\024\314B\005\017\240\202\207Q\301#\\\301\211"
 260      42050FA0 
 260      828751C1 
 260      235CC189 
 261 079a DE43D57A 		.ascii	"\336C\325z\246\240\2170\335\223=\356\014\240s\274\304"
 261      A6A08F30 
 261      DD933DEE 
 261      0CA073BC 
 261      C4
 262 07ab 8CDA0BD5 		.ascii	"\214\332\013\325x\017\036\221+xLQ\3411\251\302\235'"
 262      780F1E91 
 262      2B784C51 
 262      E131A9C2 
 262      9D27
 263 07bd FB6AF031 		.ascii	"\373j\36014\210\012\346b\205\263C\247\306}h\262\226"
 263      34880AE6 
 263      6285B343 
 263      A7C67D68 
 263      B296
 264 07cf F1       		.ascii	"\361"
 265 07d0 4BBB0F6F 		.ascii	"K\273\017o\027\3612\001\363\025\370|\011\177v\244\367"
 265      17F13201 
 265      F315F87C 
 265      097F76A4 
 265      F7
 266 07e1 174847FD 		.ascii	"\027HG\375\216#\375\307'\256\335\360\032\344\364\241"
 266      8E23FDC7 
 266      27AEDDF0 
 266      1AE4F4A1 
 267 07f1 D4BC3E6C 		.ascii	"\324\274>l\360\021\271~'\024\370\023\013\375\315=tM"
 267      F011B97E 
 267      2714F813 
 267      0BFDCD3D 
 267      744D
 268 0803 23F2B980 		.ascii	"#\362\271\200\337!\177\242\343\207}\376\264\200\363"
 268      DF217FA2 
 268      E3877DFE 
 268      B480F3
 269 0812 3DA97557 		.ascii	"=\251uW\264\"_.`\221\"A\221\224 y\244\262\306\200\011"
 269      B4225F2E 
 269      60912241 
 269      91942079 
 269      A4B2C680 
 270 0827 50400726 		.ascii	"P@\007&H{j\355\223?D\363P\300\002\024\260\020\005,\346"
 270      487B6AED 
 270      933F44F3 
 270      50C00214 
 270      B010052C 
 271 083c 02A62755 		.ascii	"\002\246'UV\032\230\200Zaz\351`\357l \255\340%:\217"
 271      561A9880 
 271      5A617AE9 
 271      60EF6C20 
 271      ADE0253A 
 272 0851 B6E6F9F1 		.ascii	"\266\346\371\361\022\013\345\002\226)*,\223*\254\037"
 272      120BE502 
 272      96292A2C 
 272      932AAC1F 
ARM GAS  C:\Users\Ciccio\AppData\Local\Temp\ccTryCEf.s 			page 21


 273 0861 753BF031 		.ascii	"u;\3601\357B\001Ob\205\011\316\372Dx\015r~z\347\030"
 273      EF42014F 
 273      628509CE 
 273      FA44780D 
 273      727E7AE7 
 274 0876 3C5C912F 		.ascii	"<\\\221/S\360\264\202\177Z\342\227;Gz\360\026t\241\204"
 274      53F0B482 
 274      7F5AE297 
 274      3B477AF0 
 274      1674A184 
 275 088a E5C8CF3B 		.ascii	"\345\310\317;}\350\242\226:\261\376\244\222^\015\362"
 275      7DE8A296 
 275      3AB1FEA4 
 275      925E0DF2 
 276 089a E5129E55 		.ascii	"\345\022\236U\360\317J\374\214\341\331n\211\317%\254"
 276      F0CF4AFC 
 276      8CE1D96E 
 276      89CF25AC 
 277 08aa 40FE54E7 		.ascii	"@\376T\347\345\247\276t\204\363\3674V\214iE\276\\\302"
 277      E5A7BE74 
 277      84F3F734 
 277      568C6945 
 277      BE5CC2
 278 08bd 2A45822A 		.ascii	"*E\202*)A\343\305\236!|\013\270P\302jLp?\375\330\027"
 278      2941E3C5 
 278      9E217C0B 
 278      B850C26A 
 278      4C703FFD 
 279 08d3 32054FA1 		.ascii	"2\005O\241\202gP\301JT\260\206+(~\326\030\370g\315\211"
 279      826750C1 
 279      4A54B086 
 279      2B287ED6 
 279      18F867CD 
 280 08e8 ECFE1235 		.ascii	"\354\376\0225\235\343\025\356\230\231\022;P,W\360\234"
 280      9DE315EE 
 280      9899123B 
 280      502C57F0 
 280      9C
 281 08f9 A2C07352 		.ascii	"\242\300sR\201\243\311Y\327p\215\215\241\202\365X`r"
 281      81A3C959 
 281      D7708D8D 
 281      A182F558 
 281      6072
 282 090b 77470DFC 		.ascii	"wG\015\374-\352\313\370\243\327;s\002D\276L\301F\005"
 282      2DEACBF8 
 282      A3D73B73 
 282      0244BE4C 
 282      C14605
 283 091e BF51E2FF 		.ascii	"\277Q\342\377\3508S\201\337'c\250\340y\361\026wL\354"
 283      E8385381 
 283      DF2763A8 
 283      E079F116 
 283      774CEC
 284 0931 A2349BF3 		.ascii	"\2424\233\363\255\255Gg\3605U,W\260Y\301o\226\370O\257"
 284      ADAD4767 
 284      F035552C 
 284      57B059C1 
ARM GAS  C:\Users\Ciccio\AppData\Local\Temp\ccTryCEf.s 			page 22


 284      6F96F84F 
 285 0946 8E9ED088 		.ascii	"\216\236\320\210|\256\340\005\344\333\353\353\232\364"
 285      7CAEE005 
 285      E4DBEBEB 
 285      9AF4
 286 0954 B480F38B 		.ascii	"\264\200\363\213\257\017\236\024\373\243P\260U\221\240"
 286      AF0F9E14 
 286      FBA350B0 
 286      5591A0
 287 0963 75E12D90 		.ascii	"u\341-\220\220:\214\012\216\241\202m\230`\264\177\334"
 287      903A8C0A 
 287      8EA1826D 
 287      9860B47F 
 287      DC
 288 0974 AA9349D8 		.ascii	"\252\223I\330\200\0226\241\204-(\341E.a\375\225\302"
 288      801236A1 
 288      842D28E1 
 288      452E61FD 
 288      95C2
 289 0986 417F16D2 		.ascii	"A\177\026\322@\310 Y\016\237\375d\214\204\222\337\254"
 289      40C82059 
 289      0E9FFD64 
 289      8C8492DF 
 289      AC
 290 0997 243FC230 		.ascii	"$?\3020\007\005\354T\207\222$\365J\222\016\343~\030"
 290      0705EC54 
 290      879224F5 
 290      4A920EE3 
 290      7E18
 291 09a9 ED301E85 		.ascii	"\3550\036\205\261\004\306R\030ka\254\203\261]\035\312"
 291      B104C652 
 291      186B61AC 
 291      83B15D1D 
 291      CA
 292 09ba DE22B76C 		.ascii	"\336\"\267l\327\204\267\347e\273\273\266\351C\213\330"
 292      D784B7E7 
 292      65BBBBB6 
 292      E9438BD8 
 293 09ca 37813D84 		.ascii	"7\201=\204\177\001.|\216\016\011\177\001\222\016\210"
 293      7F012E7C 
 293      8E0E097F 
 293      01920E88 
 294 09da 2497D4AB 		.ascii	"$\227\324\253Y[&\035t\361\017/}\213~A\200o}5\373\341"
 294      595B261D 
 294      74F10F2F 
 294      7D8B7E41 
 294      806F7D35 
 295 09f0 451885BB 		.ascii	"E\030\205\273\261\3076dX\354,$Yp\356B\347.\346\374\350"
 295      B1C73664 
 295      58EC2C24 
 295      5970EE42 
 295      E72EE6FC 
 296 0a05 7C62A65A 		.ascii	"|b\246Zt\266>\357'\035\322\015A\001FcDl\234\311\030"
 296      74B63EEF 
 296      271DD20D 
 296      41014663 
 296      446C9CC9 
ARM GAS  C:\Users\Ciccio\AppData\Local\Temp\ccTryCEf.s 			page 23


 297 0a1a 151365D6 		.ascii	"\025\023e\326\276\363\301\337\202\267\2504\3772\205"
 297      BEF3C1DF 
 297      82B7A834 
 297      FF3285
 298 0a29 FFF3B76B 		.ascii	"\377\363\267k\327\256\223\376\305\306\257\213\210\335"
 298      D7AE93FE 
 298      C5C6AF8B 
 298      88DD
 299 0a37 BA353666 		.ascii	"\27256f\335\347\261q\346\370u\277\377\313\373[\336\377"
 299      DDE7B171 
 299      E6F875BF 
 299      FFCBFB5B 
 299      DEFF
 300 0a49 5238F679 		.ascii	"R8\366yT\264).~\335;[\266\254\213\2103\207\254\215P"
 300      54B4292E 
 300      7EDD3B5B 
 300      B6AC8B88 
 300      3387AC8D 
 301 0a5e E98D4653 		.ascii	"\351\215FSx\\\364vF\004zt\270\231\323\015Fc\244\351"
 301      785CF476 
 301      46047A74 
 301      B899D30D 
 301      4663A4E9 
 302 0a72 D3F06DD1 		.ascii	"\323\360m\321f\243\351\313(\263_\014\2445o\213\213Y"
 302      66A3E9CB 
 302      28B35F0C 
 302      A4356F8B 
 302      8B59
 303 0a84 6664A78D 		.ascii	"fd\247\215q\341[\215\341q\246\360x\277mQ1\346\015\353"
 303      71E15B8D 
 303      E171A6F0 
 303      78BF6D51 
 303      31E60DEB 
 304 0a98 8D669DD1 		.ascii	"\215f\235\321(\356~\032\361fX\304gQ\237D\305\233\267"
 304      28EE7E1A 
 304      F16658C4 
 304      67519F44 
 304      C59BB7
 305 0aab 4546C586 		.ascii	"EF\305\206\231cc\243\343\303\376\021\263-\230\355\005"
 305      996363A3 
 305      E3C3FE11 
 305      B32D98ED 
 305      05
 306 0abc 87C76D0D 		.ascii	"\207\307m\0156m\375\304\024\031i\212\014\333\270\366"
 306      366DFDC4 
 306      1419698A 
 306      0CDBB8F6 
 307 0acc 77C1EBDF 		.ascii	"w\301\353\337\010\331\364\305\20608\376zLl\214\351u"
 307      08D9F4C5 
 307      863038FE 
 307      7A4C6C8C 
 307      E975
 308 0ade 53F82751 		.ascii	"S\370'QaQ1\021\321\333\"Ma[\303\201\025c\012\223\012"
 308      61513111 
 308      D1DB224D 
 308      615BC381 
 308      15630A93 
ARM GAS  C:\Users\Ciccio\AppData\Local\Temp\ccTryCEf.s 			page 24


 309 0af3 326FFFDC 		.ascii	"2o\377\334\024\277\3663\325\307\377\3274\361\333\343"
 309      14BFF633 
 309      D5C7FFD7 
 309      34F1DBE3 
 310 0b03 C38CF1E6 		.ascii	"\303\214\361\346H\270\006`\033\330U\232M_\232\331e\372"
 310      48B80660 
 310      1BD8559A 
 310      4D5F9AD9 
 310      65FA
 311 0b15 B3A9B0A7 		.ascii	"\263\251\260\247\213\210\206\216\261]}L\254Q:\036$t"
 311      8B88868E 
 311      B15D7D4C 
 311      AC513A1E 
 311      2474
 312 0b27 449A19CD 		.ascii	"D\232\031\315\376R\207\226\033\205n\275a\\ \032\003"
 312      FE528796 
 312      1B856EBD 
 312      615C201A 
 312      03
 313 0b38 171F321A 		.ascii	"\027\0372\032p\306\311\306 \234\306\304\362\323<>D\031"
 313      70C6C9C6 
 313      209CC6C4 
 313      F2D33C3E 
 313      4419
 314 0b4a 1FE2151F 		.ascii	"\037\342\025\037\342\035\037\"\213_\257\214_\357\025"
 314      E21D1F22 
 314      8B5FAF8C 
 314      5FEF15
 315 0b59 BFDE3B7E 		.ascii	"\277\336;~\275,~\2032~\203W\374\006\357\370\015\262"
 315      BD2C7E83 
 315      327E8357 
 315      FC06EFF8 
 315      0DB2
 316 0b6b F88DCAF8 		.ascii	"\370\215\312\370\215^\361\033\275\3437\312\3427)\343"
 316      8D5EF11B 
 316      BDE337CA 
 316      E23729E3 
 317 0b7b 3779C56F 		.ascii	"7y\305o\362\216\337$\213\017U\306\207z\305\207z\307"
 317      F28EDF24 
 317      8B0F55C6 
 317      877AC587 
 317      7AC7
 318 0b8d 87CAE237 		.ascii	"\207\312\3427+\3437{\305o\366\216\337,\305\377\007\322"
 318      2BE3377B 
 318      C56FF68E 
 318      DF2CC5FF 
 318      07D2
 319 0b9f 62AC1E   		.ascii	"b\254\036"
 320              		.text
 321              		.section	.gnu.lto_.symtab.275cd5df,"",%progbits
 322 0000 5F5F636F 		.ascii	"__core_init\000\000\001\000\000\000\000\000\000\000"
 322      72655F69 
 322      6E697400 
 322      00010000 
 322      00000000 
 323 0015 0000AE00 		.ascii	"\000\000\256\000\000\000__early_init\000\000\001\000"
 323      00005F5F 
ARM GAS  C:\Users\Ciccio\AppData\Local\Temp\ccTryCEf.s 			page 25


 323      6561726C 
 323      795F696E 
 323      69740000 
 324 002b 00000000 		.ascii	"\000\000\000\000\000\000\000\000\261\000\000\000__l"
 324      00000000 
 324      B1000000 
 324      5F5F6C
 325 003a 6174655F 		.ascii	"ate_init\000\000\001\000\000\000\000\000\000\000\000"
 325      696E6974 
 325      00000100 
 325      00000000 
 325      000000
 326 004d 00B40000 		.ascii	"\000\264\000\000\000__default_exit\000\000\001\000\000"
 326      005F5F64 
 326      65666175 
 326      6C745F65 
 326      78697400 
 327 0065 00000000 		.ascii	"\000\000\000\000\000\000\000\271\000\000\000__init_"
 327      000000B9 
 327      0000005F 
 327      5F696E69 
 327      745F
 328 0077 72616D5F 		.ascii	"ram_areas\000\000\000\000\000\000\000\000\000\000\000"
 328      61726561 
 328      73000000 
 328      00000000 
 328      00000000 
 329 008b 00BB0000 		.ascii	"\000\273\000\000\000__ram0_init_text__\000\000\002\000"
 329      005F5F72 
 329      616D305F 
 329      696E6974 
 329      5F746578 
 330 00a6 00000000 		.ascii	"\000\000\000\000\000\000\000\000\336\000\000\000__r"
 330      00000000 
 330      DE000000 
 330      5F5F72
 331 00b5 616D305F 		.ascii	"am0_init__\000\000\002\000\000\000\000\000\000\000\000"
 331      696E6974 
 331      5F5F0000 
 331      02000000 
 331      00000000 
 332 00ca 00E10000 		.ascii	"\000\341\000\000\000__ram0_clear__\000\000\002\000\000"
 332      005F5F72 
 332      616D305F 
 332      636C6561 
 332      725F5F00 
 333 00e2 00000000 		.ascii	"\000\000\000\000\000\000\000\344\000\000\000__ram0_"
 333      000000E4 
 333      0000005F 
 333      5F72616D 
 333      305F
 334 00f4 6E6F696E 		.ascii	"noinit__\000\000\002\000\000\000\000\000\000\000\000"
 334      69745F5F 
 334      00000200 
 334      00000000 
 334      000000
 335 0107 00E70000 		.ascii	"\000\347\000\000\000__ram1_init_text__\000\000\002\000"
ARM GAS  C:\Users\Ciccio\AppData\Local\Temp\ccTryCEf.s 			page 26


 335      005F5F72 
 335      616D315F 
 335      696E6974 
 335      5F746578 
 336 0122 00000000 		.ascii	"\000\000\000\000\000\000\000\000\353\000\000\000__r"
 336      00000000 
 336      EB000000 
 336      5F5F72
 337 0131 616D315F 		.ascii	"am1_init__\000\000\002\000\000\000\000\000\000\000\000"
 337      696E6974 
 337      5F5F0000 
 337      02000000 
 337      00000000 
 338 0146 00EE0000 		.ascii	"\000\356\000\000\000__ram1_clear__\000\000\002\000\000"
 338      005F5F72 
 338      616D315F 
 338      636C6561 
 338      725F5F00 
 339 015e 00000000 		.ascii	"\000\000\000\000\000\000\000\361\000\000\000__ram1_"
 339      000000F1 
 339      0000005F 
 339      5F72616D 
 339      315F
 340 0170 6E6F696E 		.ascii	"noinit__\000\000\002\000\000\000\000\000\000\000\000"
 340      69745F5F 
 340      00000200 
 340      00000000 
 340      000000
 341 0183 00F40000 		.ascii	"\000\364\000\000\000__ram2_init_text__\000\000\002\000"
 341      005F5F72 
 341      616D325F 
 341      696E6974 
 341      5F746578 
 342 019e 00000000 		.ascii	"\000\000\000\000\000\000\000\000\371\000\000\000__r"
 342      00000000 
 342      F9000000 
 342      5F5F72
 343 01ad 616D325F 		.ascii	"am2_init__\000\000\002\000\000\000\000\000\000\000\000"
 343      696E6974 
 343      5F5F0000 
 343      02000000 
 343      00000000 
 344 01c2 00FC0000 		.ascii	"\000\374\000\000\000__ram2_clear__\000\000\002\000\000"
 344      005F5F72 
 344      616D325F 
 344      636C6561 
 344      725F5F00 
 345 01da 00000000 		.ascii	"\000\000\000\000\000\000\000\377\000\000\000__ram2_"
 345      000000FF 
 345      0000005F 
 345      5F72616D 
 345      325F
 346 01ec 6E6F696E 		.ascii	"noinit__\000\000\002\000\000\000\000\000\000\000\000"
 346      69745F5F 
 346      00000200 
 346      00000000 
 346      000000
ARM GAS  C:\Users\Ciccio\AppData\Local\Temp\ccTryCEf.s 			page 27


 347 01ff 00020100 		.ascii	"\000\002\001\000\000__ram3_init_text__\000\000\002\000"
 347      005F5F72 
 347      616D335F 
 347      696E6974 
 347      5F746578 
 348 021a 00000000 		.ascii	"\000\000\000\000\000\000\000\000\007\001\000\000__r"
 348      00000000 
 348      07010000 
 348      5F5F72
 349 0229 616D335F 		.ascii	"am3_init__\000\000\002\000\000\000\000\000\000\000\000"
 349      696E6974 
 349      5F5F0000 
 349      02000000 
 349      00000000 
 350 023e 000A0100 		.ascii	"\000\012\001\000\000__ram3_clear__\000\000\002\000\000"
 350      005F5F72 
 350      616D335F 
 350      636C6561 
 350      725F5F00 
 351 0256 00000000 		.ascii	"\000\000\000\000\000\000\000\015\001\000\000__ram3_"
 351      0000000D 
 351      0100005F 
 351      5F72616D 
 351      335F
 352 0268 6E6F696E 		.ascii	"noinit__\000\000\002\000\000\000\000\000\000\000\000"
 352      69745F5F 
 352      00000200 
 352      00000000 
 352      000000
 353 027b 00100100 		.ascii	"\000\020\001\000\000__ram4_init_text__\000\000\002\000"
 353      005F5F72 
 353      616D345F 
 353      696E6974 
 353      5F746578 
 354 0296 00000000 		.ascii	"\000\000\000\000\000\000\000\000\025\001\000\000__r"
 354      00000000 
 354      15010000 
 354      5F5F72
 355 02a5 616D345F 		.ascii	"am4_init__\000\000\002\000\000\000\000\000\000\000\000"
 355      696E6974 
 355      5F5F0000 
 355      02000000 
 355      00000000 
 356 02ba 00180100 		.ascii	"\000\030\001\000\000__ram4_clear__\000\000\002\000\000"
 356      005F5F72 
 356      616D345F 
 356      636C6561 
 356      725F5F00 
 357 02d2 00000000 		.ascii	"\000\000\000\000\000\000\000\033\001\000\000__ram4_"
 357      0000001B 
 357      0100005F 
 357      5F72616D 
 357      345F
 358 02e4 6E6F696E 		.ascii	"noinit__\000\000\002\000\000\000\000\000\000\000\000"
 358      69745F5F 
 358      00000200 
 358      00000000 
ARM GAS  C:\Users\Ciccio\AppData\Local\Temp\ccTryCEf.s 			page 28


 358      000000
 359 02f7 001E0100 		.ascii	"\000\036\001\000\000__ram5_init_text__\000\000\002\000"
 359      005F5F72 
 359      616D355F 
 359      696E6974 
 359      5F746578 
 360 0312 00000000 		.ascii	"\000\000\000\000\000\000\000\000#\001\000\000__ram5"
 360      00000000 
 360      23010000 
 360      5F5F7261 
 360      6D35
 361 0324 5F696E69 		.ascii	"_init__\000\000\002\000\000\000\000\000\000\000\000"
 361      745F5F00 
 361      00020000 
 361      00000000 
 361      0000
 362 0336 00260100 		.ascii	"\000&\001\000\000__ram5_clear__\000\000\002\000\000"
 362      005F5F72 
 362      616D355F 
 362      636C6561 
 362      725F5F00 
 363 034e 00000000 		.ascii	"\000\000\000\000\000\000\000)\001\000\000__ram5_noi"
 363      00000029 
 363      0100005F 
 363      5F72616D 
 363      355F6E6F 
 364 0363 6E69745F 		.ascii	"nit__\000\000\002\000\000\000\000\000\000\000\000\000"
 364      5F000002 
 364      00000000 
 364      00000000 
 364      00
 365 0374 2C010000 		.ascii	",\001\000\000__ram6_init_text__\000\000\002\000\000"
 365      5F5F7261 
 365      6D365F69 
 365      6E69745F 
 365      74657874 
 366 038f 00000000 		.ascii	"\000\000\000\000\000\000\0001\001\000\000__ram6_ini"
 366      00000031 
 366      0100005F 
 366      5F72616D 
 366      365F696E 
 367 03a4 745F5F00 		.ascii	"t__\000\000\002\000\000\000\000\000\000\000\000\000"
 367      00020000 
 367      00000000 
 367      000000
 368 03b3 34010000 		.ascii	"4\001\000\000__ram6_clear__\000\000\002\000\000\000"
 368      5F5F7261 
 368      6D365F63 
 368      6C656172 
 368      5F5F0000 
 369 03cb 00000000 		.ascii	"\000\000\000\000\000\0007\001\000\000__ram6_noinit_"
 369      00003701 
 369      00005F5F 
 369      72616D36 
 369      5F6E6F69 
 370 03e3 5F000002 		.ascii	"_\000\000\002\000\000\000\000\000\000\000\000\000:\001"
 370      00000000 
ARM GAS  C:\Users\Ciccio\AppData\Local\Temp\ccTryCEf.s 			page 29


 370      00000000 
 370      003A01
 371 03f2 00005F5F 		.ascii	"\000\000__ram7_i"
 371      72616D37 
 371      5F69
 372 03fc 6E69745F 		.ascii	"nit_text__\000\000\002\000\000\000\000\000\000\000\000"
 372      74657874 
 372      5F5F0000 
 372      02000000 
 372      00000000 
 373 0411 003F0100 		.ascii	"\000?\001\000\000__ram7_init__\000\000\002\000\000\000"
 373      005F5F72 
 373      616D375F 
 373      696E6974 
 373      5F5F0000 
 374 0429 00000000 		.ascii	"\000\000\000\000\000\000B\001\000\000__ram7_clear__"
 374      00004201 
 374      00005F5F 
 374      72616D37 
 374      5F636C65 
 375 0441 00000200 		.ascii	"\000\000\002\000\000\000\000\000\000\000\000\000E\001"
 375      00000000 
 375      00000000 
 375      4501
 376 044f 00005F5F 		.ascii	"\000\000__ram7_noinit__\000\000\002\000\000\000\000"
 376      72616D37 
 376      5F6E6F69 
 376      6E69745F 
 376      5F000002 
 377 0467 00000000 		.ascii	"\000\000\000\000\000H\001\000\000"
 377      00480100 
 377      00
 378              		.text
 379              		.section	.gnu.lto_.opts,"",%progbits
 380 0000 272D666E 		.ascii	"'-fno-trapv' '-fno-strict-overflow' '-mcpu=cortex-m"
 380      6F2D7472 
 380      61707627 
 380      20272D66 
 380      6E6F2D73 
 381 0033 34272027 		.ascii	"4' '-mno-thumb-interwork' '-mthumb' '-ggdb' '-O0' '"
 381      2D6D6E6F 
 381      2D746875 
 381      6D622D69 
 381      6E746572 
 382 0066 2D666F6D 		.ascii	"-fomit-frame-pointer' '-falign-functions=16' '-ffun"
 382      69742D66 
 382      72616D65 
 382      2D706F69 
 382      6E746572 
 383 0099 6374696F 		.ascii	"ction-sections' '-fdata-sections' '-fno-common' '-f"
 383      6E2D7365 
 383      6374696F 
 383      6E732720 
 383      272D6664 
 384 00cc 6C746F27 		.ascii	"lto'\000"
 384      00
 385              		.text
ARM GAS  C:\Users\Ciccio\AppData\Local\Temp\ccTryCEf.s 			page 30


 386              		.comm	__gnu_lto_v1,1,1
 387              		.comm	__gnu_lto_slim,1,1
 388              		.ident	"GCC: (GNU Tools for ARM Embedded Processors) 4.9.3 20150529 (release) [ARM/embedded-4_9-br
ARM GAS  C:\Users\Ciccio\AppData\Local\Temp\ccTryCEf.s 			page 31


DEFINED SYMBOLS
                            *ABS*:00000000 crt1.c
                            *COM*:00000001 __gnu_lto_v1
                            *COM*:00000001 __gnu_lto_slim

NO UNDEFINED SYMBOLS
