ARM GAS  C:\Users\Ciccio\AppData\Local\Temp\cc7B0mz1.s 			page 1


   1              		.syntax unified
   2              		.cpu cortex-m4
   3              		.fpu softvfp
   4              		.eabi_attribute 20, 1
   5              		.eabi_attribute 21, 1
   6              		.eabi_attribute 23, 3
   7              		.eabi_attribute 24, 1
   8              		.eabi_attribute 25, 1
   9              		.eabi_attribute 26, 1
  10              		.eabi_attribute 30, 6
  11              		.eabi_attribute 34, 1
  12              		.eabi_attribute 18, 4
  13              		.thumb
  14              		.file	"hal.c"
  15              		.text
  16              	.Ltext0:
  17              		.section	.gnu.lto_.inline.275cd0e1,"",%progbits
  18 0000 789C6366 		.ascii	"x\234cf\300\016\274\2404\023\003\0033\02031-\220g`\001"
  18      C00EBCA0 
  18      34130303 
  18      33103331 
  18      2D906760 
  19 0015 F1181818 		.ascii	"\361\030\030\030\031\270O2\240\011qa\022L\334(\\\006"
  19      19B84F32 
  19      A0097161 
  19      124CDC28 
  19      5C06
  20 0027 00A39603 		.ascii	"\000\243\226\003\013"
  20      0B
  21              		.text
  22              		.section	.gnu.lto_osalInit.275cd0e1,"",%progbits
  23 0000 789C6366 		.ascii	"x\234cf\300\004\242@\\\000\304* \0163\003#\023\003\020"
  23      C004A240 
  23      5C00C42A 
  23      200E3303 
  23      23130310 
  24 0014 33320239 		.ascii	"32\0029\214\014\365L\214\365\214/\231>21N8\260z\006"
  24      8C0CF54C 
  24      8CF58C2F 
  24      993E3231 
  24      4E38B07A 
  25 0029 B7FAD286 		.ascii	"\267\372\322\206\206\206\017\223>ndl\230\222\360\023"
  25      86860F93 
  25      3E6E646C 
  25      9892F013 
  26 0039 A8F03313 		.ascii	"\250\3603\023\304\014\306\345\214\352\014@U\037[\376"
  26      C40CC6E5 
  26      8CEA0C40 
  26      551F5BFE 
  27 0049 5EE7666B 		.ascii	"^\347fk\001\252\022\200\3101\256`d\003\031\265^\350"
  27      01AA1280 
  27      C831AE60 
  27      640319B5 
  27      5EE8
  28 005b 40C3FFFF 		.ascii	"@\303\377\377\217\227\356\371\310\012\344>\001k{\312"
  28      8F97EEF9 
  28      C80AE43E 
ARM GAS  C:\Users\Ciccio\AppData\Local\Temp\cc7B0mz1.s 			page 2


  28      016B7BCA 
  29 006b 04A498EF 		.ascii	"\004\244\230\35712\202\024\201\004\2360\001\345\200"
  29      31328214 
  29      81049E30 
  29      01E580
  30 007a 624A7A7A 		.ascii	"bJzz\372p\224_\254\237\221\230\003\244\200DQ\011\230"
  30      FA70945F 
  30      AC9F9198 
  30      03A48044 
  30      510998
  31 008d D6CB6000 		.ascii	"\326\313`\000\000>\237-e"
  31      003E9F2D 
  31      65
  32              		.text
  33              		.section	.gnu.lto_halInit.275cd0e1,"",%progbits
  34 0000 789C75D1 		.ascii	"x\234u\321\277J\303P\024\006\360\373\335\264i1\010\""
  34      BF4AC350 
  34      1406F0FB 
  34      DDB46931 
  34      0822
  35 0012 08228863 		.ascii	"\010\"\210c\267\346=\234|\005\351\342 \010v\016M\265"
  35      B7E63D9C 
  35      7C05E9E2 
  35      2008760E 
  35      4DB5
  36 0024 83932D52 		.ascii	"\203\223-RJQ\324A\304\326j\353\237%\213\2207(R\321E"
  36      4A51D441 
  36      C4D66AEB 
  36      9F258B90 
  36      372852D1 
  37 0039 74A9A0E0 		.ascii	"t\251\240\340`\011(AK\375n*%`\023r\271\234s~99\271\321"
  37      60092841 
  37      4BFD6E2A 
  37      25601372 
  37      B99C737E 
  38 0051 C4FF6B86 		.ascii	"\304\377k\206\353\023B,\250@\023\220\202\013L\010\210"
  38      EB13422C 
  38      A8401390 
  38      820B4C08 
  38      88
  39 0062 9C440E6F 		.ascii	"\234D\016o\262'Qr\033U#ul\333\366\307F;\277\344\302"
  39      B2275172 
  39      1B552375 
  39      6CDBF6C7 
  39      463BBFE4 
  40 0077 A7F3E4B0 		.ascii	"\247\363\344\260\005N\220\022D\275B\377\301\320\013"
  40      054E9012 
  40      44BD42FF 
  40      C1D00B
  41 0086 4453C31A 		.ascii	"DS\303\032j\320U\247\326\264k\017\006G\225\367N\214"
  41      6AD055A7 
  41      D6B46B0F 
  41      064795F7 
  41      4E8C
  42 0098 613778EC 		.ascii	"a7x\354Er\323\036\261\351~M*\247\032\034t\266\233\322"
  42      4572D31E 
  42      B1E97E4D 
ARM GAS  C:\Users\Ciccio\AppData\Local\Temp\cc7B0mz1.s 			page 3


  42      2AA71A1C 
  42      74B69BD2 
  43 00ac FAB6B7EC 		.ascii	"\372\266\267\354\244/\341Ib\324a\011\237V\311\037DI"
  43      A42FE149 
  43      62D46109 
  43      9F56C91F 
  43      4449
  44 00be 35F5E948 		.ascii	"5\365\351H\026\334\035}\254\324<\251Q6(Y\252\024\357"
  44      16DC1D7D 
  44      ACD43CA9 
  44      51362859 
  44      AA14EF
  45 00d1 1C8DA5AA 		.ascii	"\034\215\245\252*\305\372j,f\237\273\355\333\344\253"
  45      2AC5FA6A 
  45      2C669FBB 
  45      EDDBE4AB 
  46 00e1 642608EB 		.ascii	"d&\010\353\305\262\203}\354\345KJ\305q\006\013\347\230"
  46      C5B2837D 
  46      ECE54B4A 
  46      C571060B 
  46      E798
  47 00f3 0B6A87DD 		.ascii	"\013j\207\335Z\325`\203Yb4\251\202\227\242\005\313\227"
  47      5AD56083 
  47      596234A9 
  47      8297A205 
  47      CB97
  48 0105 7A30F1FD 		.ascii	"z0\361\375\370981\273\343\"\364m\345D\224\214S^\206"
  48      F8393831 
  48      BBE322F4 
  48      6DE54494 
  48      8C535E86 
  49 0119 E4EE4494 		.ascii	"\344\356D\224\324)\257B\322\211\224\011\312\353?\371"
  49      D429AF42 
  49      D2899409 
  49      CAEB3FF9 
  50 0129 84BC7BB3 		.ascii	"\204\274{\263\030H\241\376\016O\235G1\237N\233\243{"
  50      1848A1FE 
  50      0E4F9D47 
  50      319F4E9B 
  50      A37B
  51 013b 2D6BAE2C 		.ascii	"-k\256,\257\232\331\365\214\332\323\031\361\013e\375"
  51      AF9AD9F5 
  51      8CDAD319 
  51      F10B65FD 
  52 014b B421     		.ascii	"\264!"
  53              		.text
  54              		.section	.gnu.lto_.symbol_nodes.275cd0e1,"",%progbits
  55 0000 789C4DC8 		.ascii	"x\234M\310\273\015\302@\024D\321\373f\275\366\006\004"
  55      BB0DC240 
  55      1444D1FB 
  55      66BDF606 
  55      04
  56 0011 B44465CF 		.ascii	"\264De\317\001\001\241\371\030RKP\212cBb,\271\001\032"
  56      0101A1F9 
  56      18524B50 
  56      8A634262 
  56      2CB9011A 
ARM GAS  C:\Users\Ciccio\AppData\Local\Temp\cc7B0mz1.s 			page 4


  57 0025 40C002D2 		.ascii	"@\300\002\322Nrt'\000#\277\351a\016\335\025\334\351"
  57      4E727427 
  57      0023BFE9 
  57      610EDD15 
  57      DCE9
  58 0037 87CD0275 		.ascii	"\207\315\002ur\373?\267!\021\367b\351\330I\256\357O"
  58      72FB3FB7 
  58      2111F762 
  58      E9D849AE 
  58      EF4F
  59 0049 DB26EC28 		.ascii	"\333&\354(\017e\367\362\252\354\203<\226\275\223\327"
  59      0F65F7F2 
  59      AAEC833C 
  59      96BD93D7 
  60 0059 656FE54D 		.ascii	"eo\345M\321\301\340|\177\256\202%\306l\303\234\255Y"
  60      D1C1E07C 
  60      7FAE8225 
  60      C66CC39C 
  60      AD59
  61 006b 4F1F2397 		.ascii	"O\037#\227l\305\230\015\314oy\001\277\3248\252"
  61      6CC5980D 
  61      CC6F7901 
  61      BFD438AA 
  62              		.text
  63              		.section	.gnu.lto_.refs.275cd0e1,"",%progbits
  64 0000 789C6366 		.ascii	"x\234cf```c\200\000FF&&f\006\000\000\273\000\023"
  64      60606063 
  64      80004646 
  64      26266606 
  64      0000BB00 
  65              		.text
  66              		.section	.gnu.lto_.decls.275cd0e1,"",%progbits
  67 0000 789CAD56 		.ascii	"x\234\255V{LSW\030\277\247\247\264P*\032It1\333\254"
  67      7B4C5357 
  67      18BFA7A7 
  67      B4502A1A 
  67      497431DB 
  68 0015 B8105D94 		.ascii	"\270\020]\224*j\262\355\037u\276\023\247d\233\331\037"
  68      2A6AB2ED 
  68      1F75BE13 
  68      A7649BD9 
  68      1F
  69 0026 36A98556 		.ascii	"6\251\205ViRh\327\226E\377\273>\022q\276\252N\247\316"
  69      695268D7 
  69      9645FFBB 
  69      3E1271BE 
  69      AA4EA7CE 
  70 003a 47996801 		.ascii	"G\231h\001+* \210\240T\334\020\0378\235O\234\223\212"
  70      2B2A2088 
  70      A054DC10 
  70      1F389D4F 
  70      9C938A
  71 004d 0A384579 		.ascii	"\0128Ey\012\314a\367\235s\356m/Mu[\262\233~\367\334"
  71      0ACC61F7 
  71      9D73EE6D 
  71      2F4D755B 
  71      B29B7EF7 
ARM GAS  C:\Users\Ciccio\AppData\Local\Temp\cc7B0mz1.s 			page 5


  72 0062 EF9CDFF7 		.ascii	"\357\234\337\367;\337\353\366\\\314q\334U\220\000\\"
  72      3BDFEBF6 
  72      5CCC71DC 
  72      5590005C 
  73 0072 63551CD7 		.ascii	"cU\034\327%\3438\014z\012\027\272\242A\274 \205 \307"
  73      25E3380C 
  73      7A0A17BA 
  73      A241BC20 
  73      8520C7
  74 0085 408A404A 		.ascii	"@\212@J@JA:A\272A\020H\0177\360\362\012\363\"\027\022"
  74      404A413A 
  74      41BA4110 
  74      480F37F0 
  74      F20AF322 
  75 009b E6C22FC2 		.ascii	"\346\302/\302\253\024p\275 \371 } /@\236\203\264K\374"
  75      AB1470BD 
  75      20F9207D 
  75      202F409E 
  75      83B44BFC 
  76 00af 281438BA 		.ascii	"(\0248\272\205\275K\005_\212\004\337\"\371\321.C\345"
  76      85BD4B05 
  76      5F8A04DF 
  76      22F9D12E 
  76      43E5
  77 00c1 855D75B1 		.ascii	"\205]u\261-2\024\247\322\020\365\324\326\332\235\012"
  77      2D3214A7 
  77      D210F5D4 
  77      D6DA9D0A 
  78 00d1 50D52A39 		.ascii	"P\325*9Q+^5\336\220\017\337\316\303\345Z\315\017\221"
  78      512B5E35 
  78      DE900FDF 
  78      CEC3E55A 
  78      CD0F91
  79 00e4 A39461C8 		.ascii	"\243\224a\310\203F\240<4\002\030\363\321p\270/\2263"
  79      8346A03C 
  79      340218F3 
  79      D170B82F 
  79      9633
  80 00f6 A61257CF 		.ascii	"\246\022W\317r,C\344\361\300\316\0077T\343\012\300*"
  80      722C43E4 
  80      F1C0CE07 
  80      3754E30A 
  80      C02A
  81 0108 9BF7DD41 		.ascii	"\233\367\335A\241\335Z\212\352-\232}\274\317\335V\260"
  81      A1DD5A8A 
  81      EA2D9A7D 
  81      BCCFDD56 
  81      B0
  82 0119 75DFB05D 		.ascii	"u\337\260]\274{\025\377:\020@\323\010\025*@\030\035"
  82      BC7B15FF 
  82      3A1040D3 
  82      08152A40 
  82      181D
  83 012b 46E36842 		.ascii	"F\343hB\340\231e\306\2134`\327\350\3634\017\306S(y\317"
  83      E09965C6 
  83      8B3460D7 
  83      E8F3340F 
ARM GAS  C:\Users\Ciccio\AppData\Local\Temp\cc7B0mz1.s 			page 6


  83      C6532879 
  84 0140 B53DEB10 		.ascii	"\265=\353\020\220\270\335m\375m\365j\276\226\367\005"
  84      90B8DD6D 
  84      FD6DF56A 
  84      BE96F705 
  85 0150 0253A937 		.ascii	"\002S\2517\350\210\204\342\210HQH)\334ek:\344x1\245"
  85      E88884E2 
  85      88485148 
  85      29DC656B 
  85      3AE47831 
  86 0165 F03755F6 		.ascii	"\3607U\366b\240\360\363m\027\317=\235\266e\265+\227"
  86      62A0F0F3 
  86      6D17CF3D 
  86      9DB665B5 
  86      2B97
  87 0177 F7070223 		.ascii	"\367\007\002#\031\311Q\011\311Q\221\344\030%)\330\277"
  87      19C95109 
  87      C95191E4 
  87      182529D8 
  87      BF
  88 0188 F9A612AF 		.ascii	"\371\246\022\257F\224\245`\333\343\316X\312rl\357\301"
  88      4694A560 
  88      DBE3CE58 
  88      CA726CEF 
  88      C1
  89 0199 22882687 		.ascii	"\"\210&\207E\303X\216KX\216\213,E\224\245\362V\266_"
  89      45C3588E 
  89      4B588E8B 
  89      2C4594A5 
  89      F256B65F 
  90 01ad 89CF3296 		.ascii	"\211\3172\226\316\355\365}1\214e\347y\217,\214\245X"
  90      CEEDF57D 
  90      318C65E7 
  90      798F2C8C 
  90      A558
  91 01bf C2522CB2 		.ascii	"\302R,\262\224P\226j\177\356\235A\270\225\261\36474"
  91      9450966A 
  91      7FEE9D41 
  91      B895B1F4 
  91      3734
  92 01d1 E5B3888E 		.ascii	"\345\263\210\216\2656\037Ba,'$,'D\226R\346\313\213\015"
  92      B5361F42 
  92      612C2724 
  92      2C274496 
  92      52E6CB8B 
  93 01e6 D7A269FD 		.ascii	"\327\242i\375}*B\224{\311\265\013\321\006\310\243\304"
  93      7D2A4294 
  93      7BC9B50B 
  93      D106C8A3 
  93      C4
  94 01f7 15BDA59E 		.ascii	"\025\275\245\2368\272\356\247zQeK\367`\272\376.Q\033"
  94      38BAEEA7 
  94      7A51654B 
  94      F760BAFE 
  94      2E511B
  95 020a CE543429 		.ascii	"\316T4)\360\367\254\354UgzkT\270\200)\033\262\375\027"
  95      F0F7ACEC 
ARM GAS  C:\Users\Ciccio\AppData\Local\Temp\cc7B0mz1.s 			page 7


  95      55677A6B 
  95      54B88029 
  95      1BB2FD17 
  96 021e 54B89829 		.ascii	"T\270\230)+\017UlP\202\325(\025m\203\206\037\372rc\250"
  96      2B0F556C 
  96      5082D528 
  96      156D8386 
  96      1FFA7263 
  97 0233 4ADEAEC1 		.ascii	"J\336\256\3010%+\356\333\177\016\241DU.4M\333\353\374"
  97      30252BEE 
  97      DB7F0EA1 
  97      44552E34 
  97      4DDBEBFC 
  98 0247 C6B9ABF9 		.ascii	"\306\271\253\371i\350,R\241\323A\337\2515\271\262y~"
  98      69E82C52 
  98      A1D341DF 
  98      A935B9B2 
  98      797E
  99 0259 15E9C798 		.ascii	"\025\351\307\230\271\\\260\033\221\017%\002\200B\321"
  99      B95CB01B 
  99      910F2502 
  99      8042D1
 100 0268 1998AC82 		.ascii	"\031\230\254\202I\340\335\225\315\237\217E\252\304\210"
 100      49E0DD95 
 100      CD9F8F45 
 100      AAC488
 101 0277 36E722D8 		.ascii	"6\347\"\330P\007\3526n\035\306\363rT\015\016T\206\034"
 101      5007EA36 
 101      6E1DC6F3 
 101      72540D0E 
 101      54861C
 102 028a 007F82AD 		.ascii	"\000\177\202\255\374\327\305\335\345j\274RN\343\333"
 102      FCD7C5DD 
 102      E56ABC52 
 102      4EE3DB
 103 0299 EFDAD31D 		.ascii	"\357\332\323\035\205\3272\345@\327\325\366h\274\211"
 103      85D732E5 
 103      40D7D5F6 
 103      68BC89
 104 02a8 29B9DB77 		.ascii	")\271\333wx\243h\276\242\211\372\343\321\362\257\360"
 104      78A368BE 
 104      A289FAE3 
 104      D1F2AFF0 
 105 02b8 0EB654E2 		.ascii	"\016\266T\342\366\236\307x\017S.5\366v\252)n\010Q\253"
 105      F69EC778 
 105      0F532E35 
 105      F676AA29 
 105      6E0851AB 
 106 02cc 5B0FAF8F 		.ascii	"[\017\257\217\303n\266\226wpc3\306\007\231\262\253\347"
 106      C36EB696 
 106      77706333 
 106      C60799B2 
 106      ABE7
 107 02de 720D2BC0 		.ascii	"r\015+\300;\240\306\274\272\233{W\205\342\023\350\225"
 107      3BA0C6BC 
 107      BA9B7B57 
 107      85E213E8 
ARM GAS  C:\Users\Ciccio\AppData\Local\Temp\cc7B0mz1.s 			page 8


 107      95
 108 02ef 98B085BE 		.ascii	"\230\260\205\276\252<?M\316\241r\210\350\024}Q\257\240"
 108      AA3C3F4D 
 108      CEA17288 
 108      E8147D51 
 108      AFA0
 109 0301 781202BA 		.ascii	"x\022\002\272\011\361\336@\011\350\026\310/ \327@\256"
 109      09F1DE40 
 109      09E816C8 
 109      2F20D740 
 109      AE
 110 0312 835C05F9 		.ascii	"\203\\\005\371\025%\320\320\334\220\250\266\273\307"
 110      1525D0D0 
 110      DC90A8B6 
 110      BBC7
 111 0320 9F8D2C2F 		.ascii	"\237\215,/\342}k0MA\015\244\200p\004\023w\236\322~8"
 111      E27D6B30 
 111      4D410DA4 
 111      80700413 
 111      779ED27E 
 112 0335 42C0BBD7 		.ascii	"B\300\273\327\345+j'P\350\245p\350E\012\365\240 \266"
 112      E52B6A27 
 112      50E8A570 
 112      E8450AF5 
 112      A020B6
 113 0348 DF23626B 		.ascii	"\337#bk#\323J\260\353\203\274\227\303\261ua.\004\202"
 113      23D34AB0 
 113      EB83BC97 
 113      C3B17561 
 113      2E0482
 114 035b B41722BB 		.ascii	"\264\027\"\273\020\202\276\010B\177\012\207\216\011"
 114      1082BE08 
 114      427F0A87 
 114      8E09
 115 0369 22491FF8 		.ascii	"\"I\037\370[=\012\036\021\004'\276?\\0I\376>\317\025"
 115      5B3D0A1E 
 115      110427BE 
 115      3F5C3049 
 115      FE3ECF15 
 116 037d F8F76144 		.ascii	"\370\367aD?G$b\221@\027V\327\265\\\226\243\370\304H"
 116      3F472462 
 116      91401756 
 116      D7B55C96 
 116      A3F8C448 
 117 0391 E54177A0 		.ascii	"\345Aw\240*\377\245B\324\263\015\346ht\033\214*B\335"
 117      2AFFA542 
 117      D4B30DE6 
 117      68741B8C 
 117      2A42DD
 118 03a4 49DC14BB 		.ascii	"I\334\024\273\363f\177\335\373\270\201u\214\277\337"
 118      F3667FDD 
 118      FBB88175 
 118      8CBFDF
 119 03b3 5512859B 		.ascii	"U\022\205\233\230\362\335\305-Kp+{^\351;r]I[\351#\242"
 119      98F2DDC5 
 119      2D4B702B 
 119      7B5EE93B 
ARM GAS  C:\Users\Ciccio\AppData\Local\Temp\cc7B0mz1.s 			page 9


 119      725D495B 
 120 03ca 7ABDAE1D 		.ascii	"z\275\256\035J\334\305\326\232\317<\343et-\205\250O"
 120      4ADCC5D6 
 120      9ACF3CE3 
 120      65742D85 
 120      A84F
 121 03dc AA9E54C6 		.ascii	"\252\236T\306\342WB\267o*\352c\207\204\215\250\273\357"
 121      E25742B7 
 121      6F2AEA63 
 121      87848DA8 
 121      BBEF
 122 03ee 64C7E155 		.ascii	"d\307\341UQ\254\247\253\212;X\033g\023=\272\301U\265"
 122      51ACA7AB 
 122      8A3B581B 
 122      67133DBA 
 122      C155B5
 123 0401 2F8AB567 		.ascii	"/\212\265gb\302\200\356,\203\360O\322\302<\024bo\201"
 123      62C280EE 
 123      2C83F04F 
 123      D2C23C14 
 123      626F81
 124 0414 D89F409C 		.ascii	"\330\237@\234\315 M \217@\036\203\374\021\352L\336_"
 124      CD204D20 
 124      8F401E83 
 124      FC11EA4C 
 124      DE5F
 125 0426 99BF80E4 		.ascii	"\231\277\200\344\234\204\376;\204Nl\203\211\274?\260"
 125      9C84FE3B 
 125      844E6C83 
 125      89BC3FB0 
 126 0436 7D7877ED 		.ascii	"}xw\355X\001\332\020\016\365\017h\011\336}RD\376\026"
 126      5801DA10 
 126      0EF50F68 
 126      09DE7D52 
 126      44FE16
 127 0449 8EBC1786 		.ascii	"\216\274\027\206\364\212\310\273\341\310:\311\366\264"
 127      F48AC8BB 
 127      E1C83AC9 
 127      F6B4
 128 0457 467BF349 		.ascii	"F{\363I\367<\214\324=\274?/\024H}8\323\230\201[\336"
 128      F73C8CD4 
 128      3DBC3F2F 
 128      14487D38 
 128      D398815B 
 129 046c 13B77C10 		.ascii	"\023\267|\020\016lD\3226C9]\3362%^GK!;\334p{\243\032"
 129      0E6C44D2 
 129      3643395D 
 129      DE32255E 
 129      474B213B 
 130 0485 25C65357 		.ascii	"%\306SW\376\204vi\005\313\247\241vy(\266K\244\252\240"
 130      FE847669 
 130      05CBA7A1 
 130      767928B6 
 130      4BA4AAA0 
 131 0499 67508C7F 		.ascii	"gP\214\177[\030\330y\323\332\232\336\270x\201\311\375"
 131      5B18D879 
 131      D3DA9ADE 
ARM GAS  C:\Users\Ciccio\AppData\Local\Temp\cc7B0mz1.s 			page 10


 131      B87881C9 
 131      FD
 132 04aa 2626EE9F 		.ascii	"&&\356\237h\372k\032\316\251\324\337\006\377\253\321"
 132      68FA6B1A 
 132      CEA9D4DF 
 132      06FFABD1 
 133 04ba 73C93BC5 		.ascii	"s\311;\305\241\027H-\000\033\273\036o\305r\031\233#"
 133      A117482D 
 133      001BBB1E 
 133      6FC57219 
 133      9B23
 134 04cc 9F203077 		.ascii	"\237 0w\342\361\345\265\3527~\254\264\323\217\2256$"
 134      E2F1E5B5 
 134      EA377EAC 
 134      B4D38F95 
 134      3624
 135 04de 7CAD34E6 		.ascii	"|\2554\346\335\256P\342mB\327^?X\250\240\247\247\377"
 135      DDAE50E2 
 135      6D42D75E 
 135      3F58A8A0 
 135      A7A7FF
 136 04f1 D2F12592 		.ascii	"\322\361%\222\303\023\214P\207\344\360\354\020\017\317"
 136      C3138C50 
 136      87E4F0EC 
 136      100FCF
 137 0500 4E7A786E 		.ascii	"Nzxnv\265\226!\234\303H\356\235~\3201\230\035\301\367"
 137      76B59621 
 137      9CC348EE 
 137      9D7ED031 
 137      981DC1F7 
 138 0514 4FB8676F 		.ascii	"O\270go\033\370Q\321%a\351\022Y\272)\313\355\346G\373"
 138      1BF851D1 
 138      2561E912 
 138      59BA29CB 
 138      EDE647FB 
 139 0528 316E642C 		.ascii	"1nd,\317\313\266W\017\032\235\303\267\361\360'\334;"
 139      CFCBB657 
 139      0F1A9DC3 
 139      B7F1F027 
 139      DC3B
 140 053a 6BA507BA 		.ascii	"k\245\007\272\030\352750\225\346\342%\243\221\274=/"
 140      18EA3735 
 140      3095E6E2 
 140      25A391BC 
 140      3D2F
 141 054c 1919EA41 		.ascii	"\031\031\352A\243\301\374\350\313\253\005\261\322\004"
 141      A3C1FCE8 
 141      CBAB05B1 
 141      D204
 142 055a 92BD4349 		.ascii	"\222\275CI\350e\011$#\200}7\3537\017\310v\373\000p\237"
 142      E8650924 
 142      23807D37 
 142      EB370FC8 
 142      76FB0070 
 143 056f 002663B4 		.ascii	"\000&c\264\325a\260\314\3134;\025s\026,\322\314\340"
 143      D561B0CC 
 143      CB343B15 
ARM GAS  C:\Users\Ciccio\AppData\Local\Temp\cc7B0mz1.s 			page 11


 143      73162CD2 
 143      CCE0
 144 0581 129292B4 		.ascii	"\022\222\222\264\301\237\325\241M7X\264\004\242\265"
 144      C19FD5A1 
 144      4D3758B4 
 144      04A2B5
 145 0590 3BE99894 		.ascii	";\351\230\224\316)\323\231\305{\021\240\016{\032\031"
 145      CE29D399 
 145      C57B11A0 
 145      0E7B1A19 
 146 05a0 93D23885 		.ascii	"\223\3228\205\303I@\232\010 sf\232%\313h\322:\234\300"
 146      C349409A 
 146      08207366 
 146      9A25CB68 
 146      D23A9CC0 
 147 05b4 16936A35 		.ascii	"\026\223j5\330\215\004:)\002\224.:\264_|\251_\260h\306"
 147      D88D043A 
 147      2902942E 
 147      3AB45F7C 
 147      A95FB068 
 148 05c9 FC590BF5 		.ascii	"\374Y\013\365\263'O\230\370\371,6\017\326\012\0075\375"
 148      B3274F98 
 148      F8F92C36 
 148      0FD60A07 
 148      35FD
 149 05db E06DBB98 		.ascii	"\340m\273\230\354f\346\26799\215\200G\275\005\014\020"
 149      EC66E6B7 
 149      39398D80 
 149      47BD050C 
 149      10
 150 05ec 400E7538 		.ascii	"@\016u83&%\353\227\331\314V\275\303\344\314\262\351"
 150      332625EB 
 150      97D9CC56 
 150      BDC3E4CC 
 150      B2E9
 151 05fe 9DD159E6 		.ascii	"\235\321Y\346L'\3149Uz\275\370\2704\355\023]Z\2729\325"
 151      4C27CC39 
 151      557ABDF8 
 151      B834ED13 
 151      5D5ABA39 
 152 0613 EC706619 		.ascii	"\354pf\031\315V\235\323j\2658t\3132\2634\364Ic\260g"
 152      CD569DD3 
 152      6AB53874 
 152      CB32B334 
 152      F44963B0 
 153 0628 684C19A9 		.ascii	"hL\031\251&\243\321d\324MN\372X\223<a\342\224\257'\351"
 153      26A3D164 
 153      D44D4EFA 
 153      58933C61 
 153      E294AF27 
 154 063d 607E7CA6 		.ascii	"`~|\2465\3234\336dH5\353\204\255u\031\006\340\3124\351"
 154      35D334DE 
 154      644835EB 
 154      84AD7519 
 154      06E0CA34 
 155 0652 F446D352 		.ascii	"\364F\323RC\226\305\251w\256\260\231\034\340\315\342"
 155      4396C5A9 
ARM GAS  C:\Users\Ciccio\AppData\Local\Temp\cc7B0mz1.s 			page 12


 155      77AEB099 
 155      1CE0CDE2 
 156 0662 FF751BC7 		.ascii	"\377u\033\307\012\207N\357p\032!\006\340\216\312\260"
 156      0A874EEF 
 156      701A2106 
 156      E08ECAB0 
 157 0672 1A4D7685 		.ascii	"\032Mv\205\225\354eWZ\0356\223\311h\217\262e\331\214"
 157      95EC6557 
 157      5A1D3693 
 157      C9688FB2 
 157      65D98C
 158 0685 766C35DA 		.ascii	"vl5\332\345\206\245v\013\271\245O\216\2204\233\325\356"
 158      E586A576 
 158      0BB9A54F 
 158      8E90349B 
 158      D5EE
 159 0697 24B5F96C 		.ascii	"$\265\371lR\262v\376\374\231\3329)\363\026~\223\254"
 159      52B276FE 
 159      FC99DA39 
 159      29F3167E 
 159      93AC
 160 06a9 B5192C7A 		.ascii	"\265\031,z\213\205V'e\372L\203\323\240H\371\224\015"
 160      8B855627 
 160      65FA4C83 
 160      D3A048F9 
 160      940D
 161 06bb 33D83093 		.ascii	"3\3300\223\015\263\3300\227\0141)\323\347\317\260f."
 161      0DB3D830 
 161      970C3129 
 161      D3E7CFB0 
 161      662E
 162 06cd 352F1BA4 		.ascii	"5/\033\244\027\354\365f\250\225:]\242Dj\020\251\017"
 162      17ECF566 
 162      A8953A5D 
 162      A2446A10 
 162      A90F
 163 06df F43E7BF2 		.ascii	"\364>{\362\362\345\332\364\240\013C\011\233\230\321"
 163      F2E5DAF4 
 163      A00B4309 
 163      9B98D1
 164 06ee 34BAC3DF 		.ascii	"4\272\303\337\234\324\033\245"
 164      9CD41BA5 
 165              		.text
 166              		.section	.gnu.lto_.symtab.275cd0e1,"",%progbits
 167 0000 68616C49 		.ascii	"halInit\000\000\000\000\000\000\000\000\000\000\000"
 167      6E697400 
 167      00000000 
 167      00000000 
 167      0000
 168 0012 00AE0000 		.ascii	"\000\256\000\000\000pal_default_config\000\000\002\000"
 168      0070616C 
 168      5F646566 
 168      61756C74 
 168      5F636F6E 
 169 002d 00000000 		.ascii	"\000\000\000\000\000\000\000\000\367\000\000\000stI"
 169      00000000 
 169      F7000000 
ARM GAS  C:\Users\Ciccio\AppData\Local\Temp\cc7B0mz1.s 			page 13


 169      737449
 170 003c 6E697400 		.ascii	"nit\000\000\002\000\000\000\000\000\000\000\000\000"
 170      00020000 
 170      00000000 
 170      000000
 171 004b B0000000 		.ascii	"\260\000\000\000boardInit\000\000\002\000\000\000\000"
 171      626F6172 
 171      64496E69 
 171      74000002 
 171      00000000 
 172 005f 00000000 		.ascii	"\000\000\000\000\000\262\000\000\000sdInit\000\000\002"
 172      00B20000 
 172      00736449 
 172      6E697400 
 172      0002
 173 0071 00000000 		.ascii	"\000\000\000\000\000\000\000\000\000\264\000\000\000"
 173      00000000 
 173      00B40000 
 173      00
 174 007e 69326349 		.ascii	"i2cInit\000\000\002\000\000\000\000\000\000\000\000"
 174      6E697400 
 174      00020000 
 174      00000000 
 174      0000
 175 0090 00B60000 		.ascii	"\000\266\000\000\000_pal_lld_init\000\000\002\000\000"
 175      005F7061 
 175      6C5F6C6C 
 175      645F696E 
 175      69740000 
 176 00a7 00000000 		.ascii	"\000\000\000\000\000\000\000\363\000\000\000hal_lld"
 176      000000F3 
 176      00000068 
 176      616C5F6C 
 176      6C64
 177 00b9 5F696E69 		.ascii	"_init\000\000\002\000\000\000\000\000\000\000\000\000"
 177      74000002 
 177      00000000 
 177      00000000 
 177      00
 178 00ca F5000000 		.ascii	"\365\000\000\000"
 179              		.text
 180              		.section	.gnu.lto_.opts,"",%progbits
 181 0000 272D666E 		.ascii	"'-fno-trapv' '-fno-strict-overflow' '-mcpu=cortex-m"
 181      6F2D7472 
 181      61707627 
 181      20272D66 
 181      6E6F2D73 
 182 0033 34272027 		.ascii	"4' '-mno-thumb-interwork' '-mthumb' '-ggdb' '-O0' '"
 182      2D6D6E6F 
 182      2D746875 
 182      6D622D69 
 182      6E746572 
 183 0066 2D666F6D 		.ascii	"-fomit-frame-pointer' '-falign-functions=16' '-ffun"
 183      69742D66 
 183      72616D65 
 183      2D706F69 
 183      6E746572 
ARM GAS  C:\Users\Ciccio\AppData\Local\Temp\cc7B0mz1.s 			page 14


 184 0099 6374696F 		.ascii	"ction-sections' '-fdata-sections' '-fno-common' '-f"
 184      6E2D7365 
 184      6374696F 
 184      6E732720 
 184      272D6664 
 185 00cc 6C746F27 		.ascii	"lto'\000"
 185      00
 186              		.text
 187              		.comm	__gnu_lto_v1,1,1
 188              		.comm	__gnu_lto_slim,1,1
 189              		.ident	"GCC: (GNU Tools for ARM Embedded Processors) 4.9.3 20150529 (release) [ARM/embedded-4_9-br
ARM GAS  C:\Users\Ciccio\AppData\Local\Temp\cc7B0mz1.s 			page 15


DEFINED SYMBOLS
                            *ABS*:00000000 hal.c
                            *COM*:00000001 __gnu_lto_v1
                            *COM*:00000001 __gnu_lto_slim

NO UNDEFINED SYMBOLS
