ARM GAS  C:\Users\Ciccio\AppData\Local\Temp\ccBhT0eb.s 			page 1


   1              		.syntax unified
   2              		.cpu cortex-m4
   3              		.fpu softvfp
   4              		.eabi_attribute 20, 1
   5              		.eabi_attribute 21, 1
   6              		.eabi_attribute 23, 3
   7              		.eabi_attribute 24, 1
   8              		.eabi_attribute 25, 1
   9              		.eabi_attribute 26, 1
  10              		.eabi_attribute 30, 6
  11              		.eabi_attribute 34, 1
  12              		.eabi_attribute 18, 4
  13              		.thumb
  14              		.file	"hal_queues.c"
  15              		.text
  16              	.Ltext0:
  17              		.section	.gnu.lto_.inline.275cd011,"",%progbits
  18 0000 789C6366 		.ascii	"x\234cf\300\016\230\340,\000\000\234\000\006"
  18      C00E98E0 
  18      2C00009C 
  18      0006
  19              		.text
  20              		.section	.gnu.lto_.symbol_nodes.275cd011,"",%progbits
  21 0000 789C6366 		.ascii	"x\234cf```b\200\001\000\000L\000\006"
  21      60606062 
  21      80010000 
  21      4C0006
  22              		.text
  23              		.section	.gnu.lto_.refs.275cd011,"",%progbits
  24 0000 789C6366 		.ascii	"x\234cf```d\200\002\000\000=\000\005"
  24      60606064 
  24      80020000 
  24      3D0005
  25              		.text
  26              		.section	.gnu.lto_.decls.275cd011,"",%progbits
  27 0000 789C6366 		.ascii	"x\234cf``P\001\342\377@\000\244\030\030\2418\200\201"
  27      60605001 
  27      E2FF4000 
  27      A41818A1 
  27      388081
  28 0013 000000D0 		.ascii	"\000\000\000\3208\004v"
  28      380476
  29              		.text
  30              		.section	.gnu.lto_.symtab.275cd011,"",%progbits
  31              		.text
  32              		.section	.gnu.lto_.opts,"",%progbits
  33 0000 272D666E 		.ascii	"'-fno-trapv' '-fno-strict-overflow' '-mcpu=cortex-m"
  33      6F2D7472 
  33      61707627 
  33      20272D66 
  33      6E6F2D73 
  34 0033 34272027 		.ascii	"4' '-mno-thumb-interwork' '-mthumb' '-ggdb' '-O0' '"
  34      2D6D6E6F 
  34      2D746875 
  34      6D622D69 
  34      6E746572 
  35 0066 2D666F6D 		.ascii	"-fomit-frame-pointer' '-falign-functions=16' '-ffun"
ARM GAS  C:\Users\Ciccio\AppData\Local\Temp\ccBhT0eb.s 			page 2


  35      69742D66 
  35      72616D65 
  35      2D706F69 
  35      6E746572 
  36 0099 6374696F 		.ascii	"ction-sections' '-fdata-sections' '-fno-common' '-f"
  36      6E2D7365 
  36      6374696F 
  36      6E732720 
  36      272D6664 
  37 00cc 6C746F27 		.ascii	"lto'\000"
  37      00
  38              		.text
  39              		.comm	__gnu_lto_v1,1,1
  40              		.comm	__gnu_lto_slim,1,1
  41              		.ident	"GCC: (GNU Tools for ARM Embedded Processors) 4.9.3 20150529 (release) [ARM/embedded-4_9-br
ARM GAS  C:\Users\Ciccio\AppData\Local\Temp\ccBhT0eb.s 			page 3


DEFINED SYMBOLS
                            *ABS*:00000000 hal_queues.c
                            *COM*:00000001 __gnu_lto_v1
                            *COM*:00000001 __gnu_lto_slim

NO UNDEFINED SYMBOLS
