ARM GAS  C:\Users\Ciccio\AppData\Local\Temp\ccI8aJCd.s 			page 1


   1              		.syntax unified
   2              		.cpu cortex-m4
   3              		.fpu softvfp
   4              		.eabi_attribute 20, 1
   5              		.eabi_attribute 21, 1
   6              		.eabi_attribute 23, 3
   7              		.eabi_attribute 24, 1
   8              		.eabi_attribute 25, 1
   9              		.eabi_attribute 26, 1
  10              		.eabi_attribute 30, 6
  11              		.eabi_attribute 34, 1
  12              		.eabi_attribute 18, 4
  13              		.thumb
  14              		.file	"hal_lld.c"
  15              		.text
  16              	.Ltext0:
  17              		.section	.gnu.lto_.inline.275ce7ff,"",%progbits
  18 0000 789C6366 		.ascii	"x\234cf\300\016\\\24143\003\003?\037\003\003\223\324"
  18      C00E5CA1 
  18      34330303 
  18      3F1F0303 
  18      93D4
  19 0012 835B8C0C 		.ascii	"\203[\214\014,\014L 1F\006Q5\240\220\322\202\231Lp!"
  19      2C0C4C20 
  19      31460651 
  19      35A090D2 
  19      82994C70 
  20 0027 2E18C1C4 		.ascii	".\030\301\304`m\005$\213\026t\261\303$\031\000\3573"
  20      606D0524 
  20      8B1674B1 
  20      C3241900 
  20      EF33
  21 0039 061F     		.ascii	"\006\037"
  22              		.text
  23              		.section	.gnu.lto_hal_lld_backup_domain_init.275ce7ff,"",%progbits
  24 0000 789C9555 		.ascii	"x\234\225UKL\023Q\024}\367\315\247\177QW\004\027\232"
  24      4B4C1351 
  24      147DF7CD 
  24      A77F5157 
  24      04179A
  25 0013 B0202E4A 		.ascii	"\260 .J\023\320\255\2700\27221\321\2751\272pA\002\021"
  25      13D0ADB8 
  25      30BA3231 
  25      D1BD31BA 
  25      70410211 
  26 0027 17EC78A5 		.ascii	"\027\354x\245\305\220\030\225\200Q\214!\340\302\310"
  26      C5901895 
  26      80518C21 
  26      E0C2C8
  27 0036 473E8214 		.ascii	"G>\202\024\371\010\003\"\037\005\021\301\030I\304\306"
  27      F9080322 
  27      1F0511C1 
  27      1849C4C6 
  28 0046 94441626 		.ascii	"\224D\026&\203bl\2032\3367\257R\230\266j\233\316\235"
  28      83626C83 
  28      32DE37AF 
  28      5298B66A 
ARM GAS  C:\Users\Ciccio\AppData\Local\Temp\ccI8aJCd.s 			page 2


  28      9BCE9D
  29 0059 BEB9F79C 		.ascii	"\276\271\367\234s\357}\367M%\222\3749\210\327\234J\310"
  29      73EF7DF7 
  29      4D2592FC 
  29      3988D79C 
  29      4AC8
  30 006b 61BE5008 		.ascii	"a\276P\010P\202\027\225\010aTF#K\2007\220\001\320\015"
  30      50821795 
  30      08615446 
  30      234B8037 
  30      9001D00D 
  31 007f A4824A32 		.ascii	"\244\202J2T\300*]\243P\243\265\325\273\362\3563\306"
  31      54C02A5D 
  31      A350A3B5 
  31      D5BBF2EE 
  31      33C6
  32 0091 F44FEDB6 		.ascii	"\364O\355\266\252\354\030B\277Q\301\012\017 \217`\314"
  32      AAEC1842 
  32      BF51C10A 
  32      0F208F60 
  32      CC
  33 00a2 5AF0D73B 		.ascii	"Z\360\327;\227\032\304\230\335\302\007\315\240\"\225"
  33      971AC498 
  33      DDC207CD 
  33      A02295
  34 00b1 077DFD1D 		.ascii	"\007}\375\035\353\263\256\3174F\341\000\017\035\250"
  34      EBB3AECF 
  34      3446E100 
  34      0F1DA8
  35 00c0 9DAA57F9 		.ascii	"\235\252W\371\022uq\331X\023\323\344\334{\214U\206c"
  35      127571D9 
  35      5813D3E4 
  35      DC7B8C55 
  35      8663
  36 00d2 A1C8292D 		.ascii	"\241\310)-\330\3046\015\003b\230\032\022A\013\344@+"
  36      D8C4360D 
  36      0362981A 
  36      12410BE4 
  36      402B
  37 00e4 E4C48B80 		.ascii	"\344\304\213\2006\310\335\201awn6\321j\3150\212\322"
  37      36C8DD81 
  37      61776E36 
  37      D16ACD30 
  37      8AD2
  38 00f6 001E9A80 		.ascii	"\000\036\232\200\245\361\206:%\011 \247\002\264g\012"
  38      A5F1863A 
  38      250920A7 
  38      02B4670A 
  39 0106 E8B0A4D4 		.ascii	"\350\260\244\324\364\263\273\371\350V\025J*Hg\246\032"
  39      F4B3BBF9 
  39      E856154A 
  39      2A4867A6 
  39      1A
  40 0117 5D1680D6 		.ascii	"]\026\200\326\272]#%\344\221%\255\360f\327\366\356\246"
  40      BA5D2325 
  40      E49125AD 
  40      F066D7F6 
ARM GAS  C:\Users\Ciccio\AppData\Local\Temp\ccI8aJCd.s 			page 3


  40      EEA6
  41 0129 CCABDB5A 		.ascii	"\314\253\333Z\212\361\317Rz\2542\323\201Iw\325\024\013"
  41      8AF1CF52 
  41      7AAC32D3 
  41      814977D5 
  41      140B
  42 013b 860D637F 		.ascii	"\206\015c\177\232=y\234\351&\366f\332\257P\246\200>"
  42      9A3D799C 
  42      E926F666 
  42      DAAF50A6 
  42      803E
  43 014d C8EDDCAB 		.ascii	"\310\355\334\2531\303\350\351[\216\026\354\331\005\004"
  43      31C3E8E9 
  43      5B8E16EC 
  43      D90504
  44 015c 53A1DC48 		.ascii	"S\241\334Hhd\231\033\005\215\242\362_6n\354|\351\340"
  44      6864991B 
  44      058DA2F2 
  44      5F366EEC 
  44      7CE9E0
  45 016f C6C9E35C 		.ascii	"\306\311\343\\\334\270\271\303\303\015!\021\363\210"
  45      DCB8B9C3 
  45      C30D2111 
  45      F388
  46 017d AC50BC49 		.ascii	"\254P\274IKP\251\353C\373\370\241\370\201\207\205B\340"
  46      4B50A9EB 
  46      43FBF8A1 
  46      F8818785 
  46      42E0
  47 018f CDC2317E 		.ascii	"\315\3021~\006$\026\3663\231\300\023L\005\203JE\004"
  47      062416F6 
  47      3399C013 
  47      4C05834A 
  47      4504
  48 01a1 8DAFC742 		.ascii	"\215\257\307B \036H\010\371\030\231\233\267\233\030"
  48      201E4808 
  48      F918999B 
  48      B79B18
  49 01b0 C2CF4D6F 		.ascii	"\302\317Mo\264\361\213\247\001\356\342\306\230\210~"
  49      B4F18BA7 
  49      01EEE2C6 
  49      98887E
  50 01bf 5E0C3E8F 		.ascii	"^\014>\217\314\\\015\331\275m,\350\267\307\250\015\006"
  50      CC5C0DD9 
  50      BD6D2CE8 
  50      B7C7A80D 
  50      06
  51 01d0 A001BE9A 		.ascii	"\240\001\276\232\231\300 x\2213\260\256\012NY\320\016"
  51      99C02078 
  51      9133B0AE 
  51      0A4E59D0 
  51      0E
  52 01e1 CEB47452 		.ascii	"\316\264tRN+3l\313\220\320\2555u\223T \235\312\323\204"
  52      4E2B336C 
  52      CB90D0AD 
  52      35759354 
  52      209DCAD3 
ARM GAS  C:\Users\Ciccio\AppData\Local\Temp\ccI8aJCd.s 			page 4


  53 01f6 CA307891 		.ascii	"\3120x\221\233\027\243\327\034\021J\012\002\242\203"
  53      9B17A3D7 
  53      1C114A0A 
  53      02A283
  54 0205 1F16642E 		.ascii	"\037\026d.\2430\275\232W<\262\263Bu{\205\212\265B;\222"
  54      A330BD9A 
  54      573CB2B3 
  54      42757B85 
  54      8AB5423B 
  55 021a 8066D506 		.ascii	"\200f\325\006.=jJ\233o\2551Q`\364\312\"\025\2446\301"
  55      2E3D6A4A 
  55      9B6FAD31 
  55      5160F4CA 
  55      2215A436 
  56 022f 3BB13A7C 		.ascii	";\261:|\335-JT\011<C\232\267\020|\037\310\211\007a\304"
  56      DD2D4A54 
  56      093C439A 
  56      B7107C1F 
  56      C8890761 
  57 0244 0D7DFE9A 		.ascii	"\015}\376\232CD`j\343\361\271X\341\2556\367\256k$[\004"
  57      4344606A 
  57      E3F1B958 
  57      E1AD36F7 
  57      AE6B245B 
  58 0259 DBFFE4AD 		.ascii	"\333\377\344\255\207\263,-\3623\246e\233\251\332\323"
  58      87B32C2D 
  58      F233A665 
  58      9BA9DAD3 
  59 0269 A4FA3C91 		.ascii	"\244\372<\221\352\004x\321}\353{s\213*d\271\356\244"
  59      EA0478D1 
  59      7DEB7B73 
  59      8B2A64B9 
  59      EEA4
  60 027b 1802FD75 		.ascii	"\030\002\375u\221\020s\374\217\230#\215\330TBl\332\024"
  60      911073FC 
  60      8F98238D 
  60      D854426C 
  60      DA14
  61 028d DBEAAE0D 		.ascii	"\333\352\256\015\037\2750K\\\341s*\20632*\011Q\247e"
  61      1FBD304B 
  61      5CE1732A 
  61      8633322A 
  61      0951A765 
  62 02a1 165DD659 		.ascii	"\026]\326Yt'\215\205+\335X\2744s0\377\016f\342{\023"
  62      74278D85 
  62      2BDD58BC 
  62      347330FF 
  62      0E66E27B 
  63 02b6 1F3E8FE0 		.ascii	"\037>\217\340\251\333\350[u\232\01506\014#\213\300\354"
  63      A9DBE85B 
  63      759A0D30 
  63      360C238B 
  63      C0EC
  64 02c8 5FE7CF99 		.ascii	"_\347\317\231N\350UBh\216\317\237\207,\203_\273}\202"
  64      4EE85542 
  64      688ECF9F 
  64      872C835F 
ARM GAS  C:\Users\Ciccio\AppData\Local\Temp\ccI8aJCd.s 			page 5


  64      BB7D82
  65 02db B3F09D8C 		.ascii	"\263\360\235\214\360F\240\2730?\337\267\365-)\363]<"
  65      F046A0BB 
  65      303FDFB7 
  65      F52D29F3 
  65      5D3C
  66 02ed 57EC2B2D 		.ascii	"W\354+-\271t\271\314w\372\314\311\302\002a\217\037*"
  66      B974B9CC 
  66      77FACCC9 
  66      C202618F 
  66      1F2A
  67 02ff 2FE79EB3 		.ascii	"/\347\236\263\305\305\027\362\317\223\337\363\267`K"
  67      C5C517F2 
  67      CF93DFF3 
  67      B7604B
  68              		.text
  69              		.section	.gnu.lto_hal_lld_init.275ce7ff,"",%progbits
  70 0000 789C9556 		.ascii	"x\234\225V]H\024Q\024\276\347\316\354\354\352\266\272"
  70      5D481451 
  70      14BEE7CE 
  70      ECECEAB6 
  70      BA
  71 0011 6A864550 		.ascii	"j\206EP\340\203O\253\251\321S\020\364P\020\004A\275"
  71      E0834FAB 
  71      A9D15310 
  71      F4501004 
  71      41BD
  72 0023 47D4430F 		.ascii	"G\324C\017\202R\021\275H\243m%\024a\026d\205\245\375"
  72      825211BD 
  72      48A36D25 
  72      14611664 
  72      85A5FD
  73 0036 90666965 		.ascii	"\220fieYf\331\366o\245\251\331\257\371\227\256\245\321"
  73      5966D9F6 
  73      6FA5A9D9 
  73      AFF997AE 
  73      A5D1
  74 0048 8FA5A54B 		.ascii	"\217\245\245K\345t\317\235]GgvVf\330=;w\356\371\276"
  74      E574CF9D 
  74      5D476776 
  74      5666D83D 
  74      3B77EEF9 
  75 005d EF7C67EE 		.ascii	"\357|g\356\336\031\201\030\217\371\354{\314I\310J\034"
  75      DE198118 
  75      8FF9EC7B 
  75      CC49C84A 
  75      1C
  76 006e 88042861 		.ascii	"\210\004(a_\020X\024\000\330% ;\251\000;a\210\376\240"
  76      5F105814 
  76      00D82520 
  76      3BA9003B 
  76      6188FEA0 
  77 0082 50E8AB2C 		.ascii	"P\350\253,v\246\234\225ey\370\324\355\244\335I\001\226"
  77      76A69C95 
  77      6579F8D4 
  77      EDA4DD49 
  77      0196
ARM GAS  C:\Users\Ciccio\AppData\Local\Temp\ccI8aJCd.s 			page 6


  78 0094 3D425522 		.ascii	"=BU\"8\007)\204\345\374\360\376{\343\224\274,\307\255"
  78      38072984 
  78      E5FCF0FE 
  78      7BE394BC 
  78      2CC7AD
  79 00a7 CE413948 		.ascii	"\316A9H\214i.\233\253\253\032mv\016\322\000\205\205"
  79      8C692E9B 
  79      ABAB1A6D 
  79      760ED200 
  79      8585
  80 00b9 987AB3A8 		.ascii	"\230z\263\250\261X\302!\025qx\2620\340\023\223\313d"
  80      B158C221 
  80      157178B2 
  80      30E01393 
  80      CB64
  81 00cb 39BFF75B 		.ascii	"9\277\367[\277\177\215\317[*O(\012\004\250\200DP\001"
  81      BF7F8DCF 
  81      5B2A4F28 
  81      0A04A880 
  81      445001
  82 00de F3E03CCC 		.ascii	"\363\340<\314\013\326\015\225\220\3140Me\376\033.a\011"
  82      0BD60D95 
  82      90CC304D 
  82      65FE1B2E 
  82      6109
  83 00f0 20BEAF61 		.ascii	" \276\257a\344\273\213\343\345\243\207Ki\201OQ\226\005"
  83      E4BB8BE3 
  83      E5A3874B 
  83      69814F51 
  83      9605
  84 0102 A8081740 		.ascii	"\250\010\027@\010\203\277\310\361\232\346TLX\301*\253"
  84      0883BFC8 
  84      F19AE654 
  84      4C58C12A 
  84      AB
  85 0113 806A1DA0 		.ascii	"\200j\035\240\364\373\351=\266F\331\333\253(\013L \227"
  85      F4FBE93D 
  85      B646D9DB 
  85      AB280B4C 
  85      2097
  86 0125 38A4A2BB 		.ascii	"8\244\242\273\351\010\025\226rS-\305\225\315R\030S\227"
  86      E9081596 
  86      72532DC5 
  86      95CD5218 
  86      5397
  87 0137 C39ABA62 		.ascii	"\303\232\272b\265\306\032\253\200\253zS\3433\232\272"
  87      B5C61AAB 
  87      80AB7A53 
  87      E3339ABA 
  88 0147 6655A396 		.ascii	"fU\243\226\003:\036\224\034\262\031\235\207\003\\\267"
  88      033A1E94 
  88      1CB2199D 
  88      87035CB7 
  89 0157 0AB861B5 		.ascii	"\012\270a\265\244:\275\355\300\214\266orHy\335\300Q"
  89      A43ABDED 
  89      C08CB66F 
  89      724879DD 
ARM GAS  C:\Users\Ciccio\AppData\Local\Temp\ccI8aJCd.s 			page 7


  89      C051
  90 0169 BBB09CDF 		.ascii	"\273\260\234\337\313\206\337e_\214z\"\324\207\275\227"
  90      CB86DF65 
  90      5F8C7A22 
  90      D487BD97 
  91 0179 B7ACD678 		.ascii	"\267\254\326x\333*\240Ao\352\357\214\246\356X\325\360"
  91      DB2AA041 
  91      6FEAEF8C 
  91      A6EE58D5 
  91      F0
  92 018a 59BD3577 		.ascii	"Y\2755w\255\002\356Y-\351\276U\300\003\253%=\264\012"
  92      AD02EE59 
  92      2DE9BE55 
  92      C003AB25 
  92      3DB40A
  93 019d 7804C9D5 		.ascii	"x\004\311\325\361>YQj~\035\334\233RA\347\000a\265P\026"
  93      F13E5951 
  93      6A7E1DDC 
  93      9B5241E7 
  93      0061B550 
  94 01b2 4401CF44 		.ascii	"D\001\317D\0146\014\022^\263\343\231\003C\024\206h\014"
  94      0C360C12 
  94      5EB3E399 
  94      03431486 
  94      680C
  95 01c4 4E9C9885 		.ascii	"N\234\230\205\301\205\303\030\014\2618t\343Y\034\206"
  95      C185C318 
  95      0CB13874 
  95      E3591C86 
  96 01d4 780C0918 		.ascii	"x\014\011\030f\343D\"\006B\374|\003\037\240\354G\350"
  96      66E34422 
  96      0642FC7C 
  96      031FA0EC 
  96      47E8
  97 01e6 80FCE14B 		.ascii	"\200\374\341Kc\351\270e\217\261\255\234\302x}W\273\210"
  97      63E9B865 
  97      8FB1AD9C 
  97      C2787D57 
  97      BB88
  98 01f8 5BB4200F 		.ascii	"[\264 \017\027\310\354\371\360\230\025\335\001\367j"
  98      17C8ECF9 
  98      F09815DD 
  98      01F76A
  99 0207 41CDC1A7 		.ascii	"A\315\301\247B\217\277\245\315\301s\010\256\362k\343"
  99      428FBFA5 
  99      CDC17308 
  99      AEF26BE3 
 100 0217 27BFBA4A 		.ascii	"'\277\272J\3408\333\270m\214\004\032\321&\273\356o\332"
 100      E038DBB8 
 100      6D8C041A 
 100      D126BBEE 
 100      6FDA
 101 0229 57EBF054 		.ascii	"W\353\360T\312\336<G\200J\360\004J\340'\227\206\247"
 101      CADE3C47 
 101      804AF004 
 101      4AE02797 
 101      86A7
ARM GAS  C:\Users\Ciccio\AppData\Local\Temp\ccI8aJCd.s 			page 8


 102 023b E0619CF9 		.ascii	"\340a\234\3719*\245\020\322\340c\003\241`F\370L#l\002"
 102      392AA510 
 102      D2E06303 
 102      A16046F8 
 102      4C236C02 
 103 024f 0FD6753C 		.ascii	"\017\326u<p&\012\353\022\025v\304\022h\346\274!\035"
 103      70260AEB 
 103      121576C4 
 103      1268E6BC 
 103      211D
 104 0261 31B28E68 		.ascii	"1\262\216h\324\001\224y\256\311\264\2502!\373\022\273"
 104      D4019479 
 104      AEC9B4A8 
 104      3221FB12 
 104      BB
 105 0272 D4AA4A0C 		.ascii	"\324\252J\014\267\216\005\033d\323w\314\250d3s\324\306"
 105      B78E051B 
 105      64D377CC 
 105      A8643373 
 105      D4C6
 106 0284 A5F853F8 		.ascii	"\245\370S\370\305\264\026\331#\227n7#l\327\010_\202"
 106      C5B416D9 
 106      23976E37 
 106      236CD708 
 106      5F82
 107 0296 47D70F47 		.ascii	"G\327\017GdR\207I?^i\234\257\031g\250\001\205\177\203"
 107      64528749 
 107      3F5E699C 
 107      AF1967A8 
 107      01857F83 
 108 02aa 7EA382B4 		.ascii	"~\243\202\264!\231h}C\234\006\251h\263\372\337p-\376"
 108      2199687D 
 108      439C06A9 
 108      68B3FADF 
 108      702DFE
 109 02bd 52F19637 		.ascii	"R\361\2267d\327\250\244\222\314RyF\367\177\371-M\336"
 109      64D7A8A4 
 109      92CC5279 
 109      46F77FF9 
 109      2D4DDE
 110 02d0 F21802EF 		.ascii	"\362\030\002\357T\255\"\010\353)\312L\250C\023z\017"
 110      54AD2208 
 110      EB29CA4C 
 110      A843137A 
 110      0F
 111 02e1 1E463FC5 		.ascii	"\036F?\305\200+r\237\\&}\352\324(\273\246\364\2515\324"
 111      802B729F 
 111      5C267DEA 
 111      D428BBA6 
 111      F4A935D4 
 112 02f5 A7187D5F 		.ascii	"\247\030}_b\015\3241f\345vsn\001\271{\246-\024w\344"
 112      620DD431 
 112      66E57673 
 112      6E01B97B 
 112      A62D1477 
 113 030a 5ADD6684 		.ascii	"Z\335f\204\275\032\341\007\303B\211\213L\032g\322\200"
 113      BD1AE107 
ARM GAS  C:\Users\Ciccio\AppData\Local\Temp\ccI8aJCd.s 			page 9


 113      C342898B 
 113      4C1A67D2 
 113      80
 114 031b 3E8DB37F 		.ascii	">\215\263\177\352B\231\010\372\215\327-\224\004}Cf\033"
 114      EA429908 
 114      FA8DD72D 
 114      94047D43 
 114      661B
 115 032d A412CCEA 		.ascii	"\244\022\314\352\367s-\021\265\006\246/\224D\225\347"
 115      F7732D11 
 115      B506A62F 
 115      944495E7 
 116 033d 497EFF00 		.ascii	"I~\377\000\177\023\025\331\213\252\014\004>F\\(\361"
 116      7F1315D9 
 116      8BAA0C04 
 116      3E465C28 
 116      F1
 117 034e 66429F34 		.ascii	"fB\2374\241A\\(\211|+e&\205N\330\345\233\260#\033\302"
 117      A1415C28 
 117      897C2B65 
 117      26854ED8 
 117      E59BB023 
 118 0364 4EB41FA8 		.ascii	"N\264\037\250\242\271\177\344\002\231\301\354#\370\177"
 118      A2B97FE4 
 118      0299C1EC 
 118      23F87F
 119 0373 8121C865 		.ascii	"\201!\310e;\260\203`\346\341h\263L|!\377\034\314\354"
 119      3BB08360 
 119      E6E168B3 
 119      4C7C21FF 
 119      1CCCEC
 120 0386 863C5FCD 		.ascii	"\206<_\315*\236Ip\343f,l:355m\362\223\2755m\363\206"
 120      2A9E4970 
 120      E3662C6C 
 120      3A333535 
 120      6DF293BD 
 121 039e ACB49CEC 		.ascii	"\254\264\234\354-\333\266\246\255]\267:3C\215+\026\357"
 121      2DDBB6A6 
 121      AD5DB73A 
 121      33438D2B 
 121      16EF
 122 03b0 D88133EB 		.ascii	"\330\2013\353\263\2626\245n$\266\355\331Y\251\213xL"
 122      B3B236A5 
 122      6E24B6ED 
 122      D959A98B 
 122      784C
 123 03c2 E731E33F 		.ascii	"\3471\343?@,\360\302"
 123      402CF0C2 
 124              		.text
 125              		.section	.gnu.lto_stm32_clock_init.275ce7ff,"",%progbits
 126 0000 789C9559 		.ascii	"x\234\225Y[P\024G\024\235\356}\277QQ\0215\250\250\370"
 126      5B501447 
 126      149DEE7D 
 126      BF515111 
 126      35A8A8F8 
 127 0014 0254C017 		.ascii	"\002T\300\027\251J>R\371KU*\311O\276R\211\251T>\254"
 127      A94A3E52 
ARM GAS  C:\Users\Ciccio\AppData\Local\Temp\ccI8aJCd.s 			page 10


 127      F94B552A 
 127      C94FBE52 
 127      89A9543E 
 128 0029 D28AF9F0 		.ascii	"\322\212\371\360\317\001A%j$\276\342\013E#\276@DP\214"
 128      CF014125 
 128      6A24BEE2 
 128      0B4523BE 
 128      4044508C 
 129 003d 1ACD4651 		.ascii	"\032\315FQ\304\267(AHD\242\273\361\021\215\253b\000"
 129      C4B72841 
 129      4844A2BB 
 129      F1118DAB 
 129      6200
 130 004f A36EFA76 		.ascii	"\243n\372v\3170l\317\016\223\246\340\316\364\235\276"
 130      CF306CCF 
 130      0E93A6E0 
 130      CEF49DBE 
 131 005f F79E7BEE 		.ascii	"\367\236{\356\355\236\355\305\"\351\177N\220\277\204"
 131      ED9EEDC5 
 131      22E97F4E 
 131      90BF84
 132 006e A1929403 		.ascii	"\241\222\224\003\203\004\011a\211\374!\013\221\026L"
 132      83040961 
 132      89FC210B 
 132      91164C
 133 007d A48CAD44 		.ascii	"\244\214\255DX\255\310F46l\003\215\0354v\344 \032\007"
 133      58ADC846 
 133      34366C03 
 133      8D1D3476 
 133      E4201A07 
 134 0091 7680C609 		.ascii	"v\200\306\011\032'r\021\215\013\273@\343\006\215\033"
 134      1A277211 
 134      8D0BBB40 
 134      E3068D1B 
 135 00a1 7988C683 		.ascii	"y\210\306\203=\240\361\202\306\213|D\343\303>\320\370"
 135      3DA0F182 
 135      C68B7C44 
 135      E3C33ED0 
 135      F8
 136 00b2 41E34701 		.ascii	"A\343G\001\242\011 D\302#i!\266Xmv\207\323\345\366x"
 136      A2092044 
 136      C2236921 
 136      B6586D76 
 136      87D3E5F6 
 137 00c7 7DFE005A 		.ascii	"}\376\000Z\350\2600\2306vq\260\213\213]<\354\342c\227"
 137      E8B03098 
 137      367671B0 
 137      8B8B5D3C 
 137      ECE26397 
 138 00db FBF80946 		.ascii	"\373\370\011F\305\301\362\365\236\2642Y\226#\333\233"
 138      C5C1F2F5 
 138      9EB43259 
 138      9623DB9B 
 139 00eb 920A93BA 		.ascii	"\222\012\223\272I>\3170\233\200v\2414\211\314yR\360"
 139      493ECF30 
 139      9B8076A1 
 139      3489CC79 
ARM GAS  C:\Users\Ciccio\AppData\Local\Temp\ccI8aJCd.s 			page 11


 139      52F0
 140 00fd AAD9632F 		.ascii	"\252\331c/ s\022\3303\264\033\331I\374\\\362\354He\307"
 140      207312D8 
 140      33B41BD9 
 140      49FC5CF2 
 140      EC4865C7 
 141 0111 45CF3DDC 		.ascii	"E\317=\334\215\321\010\230zt\325\331\365v\030\022\032"
 141      8DD10898 
 141      7A74D5D9 
 141      F5761812 
 141      1A
 142 0122 C8706B71 		.ascii	"\310pkqw\320\232\272M\226\363K+\313\026\333\316\312"
 142      77D09ABA 
 142      4D96F34B 
 142      2BCB16DB 
 142      CECA
 143 0134 05EDD168 		.ascii	"\005\355\321hJ7!\212\370A{P2\332\213\222\025bQ9J\215"
 143      4A37218A 
 143      F8417B50 
 143      32DA8B92 
 143      15625139 
 144 014a 3539DADB 		.ascii	"59\332\333\304\032\317\244\2023io\010\237\361\026\366"
 144      C41ACFA4 
 144      8233696F 
 144      089FF116 
 144      F6
 145 015b 1D661F67 		.ascii	"\035f\037g#oXS\212\227\006\243\321\267\014\014*\251"
 145      236F5853 
 145      8A9706A3 
 145      D1B70C0C 
 145      2AA9
 146 016d 416B5DC9 		.ascii	"Ak]\311j\233\316\300\026\317`\277\250A\025\237\306\271"
 146      6A9BCEC0 
 146      16CF60BF 
 146      A841159F 
 146      C6B9
 147 017f 70BD591A 		.ascii	"p\275Y\032\007D\203Ts\006\301\212\352\335o\027\224\312"
 147      07448354 
 147      7306C18A 
 147      EADD6F17 
 147      94CA
 148 0191 AFA35164 		.ascii	"\257\243Qd`R\303\343\272Qf\212\353\240(\275\207D\023"
 148      6052C3E3 
 148      BA51668A 
 148      EBA028BD 
 148      874413
 149 01a4 A9153538 		.ascii	"\251\02558\3147V\213i/\376(\232\305\021QPGyn[O\233r"
 149      CC37568B 
 149      692FFE28 
 149      9AC51151 
 149      5047796E 
 150 01bc 7B4C34C8 		.ascii	"{L4\310O|\315\367\231\326\3748\217\253\315|I\235\020"
 150      4F7CCDF7 
 150      99D6FC38 
 150      8FABCD7C 
 150      499D10
 151 01cf 65EB67D1 		.ascii	"e\353g\321D\202\242\006\277\360i\334:\035~?\330\223"
ARM GAS  C:\Users\Ciccio\AppData\Local\Temp\ccI8aJCd.s 			page 12


 151      4482A206 
 151      BFF069DC 
 151      3A1D7E3F 
 151      D893
 152 01e1 7A5C5427 		.ascii	"z\\T'y\233\245KLKrJ4\365:\321LN\213\032\234\341\323"
 152      799BA54B 
 152      4C4B724A 
 152      34F53AD1 
 152      4C4E8B1A 
 153 01f8 28AA374D 		.ascii	"(\2527M\243^4\310Y\361\335\244\201\307\265\262\336\264"
 153      A35E34C8 
 153      59F1DDA4 
 153      81C7B5B2 
 153      DEB4
 154 020a 24E7789B 		.ascii	"$\347x\233\015wM\273\361\274hI.\210&\177Q\324\340\022"
 154      0D774DBB 
 154      F1BC6849 
 154      2E88267F 
 154      51D4E012 
 155 021e 9F46494C 		.ascii	"\237FILI\342\276\333.\213\006\271\"^\222\253<\256\343"
 155      49E2BEDB 
 155      2E8B06B9 
 155      225E92AB 
 155      3CAEE3
 156 0231 774D5BA5 		.ascii	"wM[\245Q\024\3275q\\\327y\\\217\315[\245\211\267YQ\324"
 156      5114D735 
 156      715CD779 
 156      5C8FCD5B 
 156      A589B759 
 157 0247 BB55ECF1 		.ascii	"\273U\354\361l~\345m6\3551\315\277Y\264\275n\210\022"
 157      6C7EE56D 
 157      36ED31CD 
 157      BF59B4BD 
 157      6E8812
 158 025a D6226AD0 		.ascii	"\326\"j\320\312\247\261\271\3014\215\337D\203\374.\376"
 158      CAA7B1B9 
 158      C1348DDF 
 158      4483FC2E 
 158      FE
 159 026b 2EB9C9E3 		.ascii	".\271\311\343*\277\0372+c\233(\275\267D\023i\0275\370"
 159      2ABF1F32 
 159      2B639B28 
 159      BDB74413 
 159      691735F8 
 160 027f 4314D26D 		.ascii	"C\024\322mQ\203;\242\220B\242\006a\224\272\277\177P"
 160      51833BA2 
 160      9042A206 
 160      6194BABF 
 160      7F50
 161 0291 8E466B9A 		.ascii	"\216Fk\232\032\227d\235\303o\"\211`\301DX-pg\005a#\302"
 161      1A97649D 
 161      C36F2289 
 161      60C14458 
 161      2D706705 
 162 02a8 6607E180 		.ascii	"f\007\341\200\241\023\356\\ \3340\364\200\360\302\320"
 162      A113EE5C 
 162      20DC30F4 
ARM GAS  C:\Users\Ciccio\AppData\Local\Temp\ccI8aJCd.s 			page 13


 162      80F0C2D0 
 163 02b8 07C20FC3 		.ascii	"\007\302\017\303\000\210\004\030\366\203\273\376p7\000"
 163      00880418 
 163      F683BBFE 
 163      703700
 164 02c7 44220C07 		.ascii	"D\"\014\007\202\030\004\303\301 \222`8\004D2\210\241"
 164      821804C3 
 164      C1209260 
 164      38044432 
 164      88A1
 165 02d9 A01B0662 		.ascii	"\240\033\006b8\014\337\200\273\024\020#`8\022\304(\020"
 165      380CDF80 
 165      BB141023 
 165      603812C4 
 165      2810
 166 02eb A9A01B0D 		.ascii	"\251\240\033\015b\014\300\035\013wi \306\301\323\361"
 166      620CC01D 
 166      0B776920 
 166      C6C1D3F1 
 167 02fb 703701C4 		.ascii	"p7\001\304D\030N\"\302\236\016w\031 2\341\301d\020S"
 167      44184E22 
 167      C29E0E77 
 167      192032E1 
 167      C1641053 
 168 030f 603815EE 		.ascii	"`8\025\356\262@d\3030\007\3044\030N\0071\003\2063A\314"
 168      B24064C3 
 168      3007C434 
 168      184E0731 
 168      03863341 
 169 0324 82612E08 		.ascii	"\202a.\010I\012\321\323P\030\223\213\245\025\345G\252"
 169      490AD1D3 
 169      5018938B 
 169      A515E547 
 169      AA
 170 0335 9A3F83F3 		.ascii	"\232?\203\363O'9\027a\324u\354\3465+\234w,rd\251l\225"
 170      4F273917 
 170      61D475EC 
 170      E6352B9C 
 170      772C7264 
 171 034c D09F84F2 		.ascii	"\320\237\204\362Vt2R\232\010\223\310\214[\241\313W\235"
 171      56743252 
 171      9A0893C8 
 171      8C5BA1CB 
 171      579D
 172 035e 74860427 		.ascii	"t\206\004'\242C][\037\371J\320\246<Y\016\332\273\261"
 172      A2435D5B 
 172      1FF94AD0 
 172      A63C590E 
 172      DABBB1
 173 0371 83B84177 		.ascii	"\203\270Aw\241L\344Y\350\302\262Zgz\271\\@\326\206\023"
 173      A14CE459 
 173      E8C2B25A 
 173      677AB95C 
 173      40D68613 
 174 0385 DD4325E8 		.ascii	"\335C%\350)\215\215\356\243t\362\270!\377N\230\036\265"
 174      298D8DEE 
 174      A374F2B8 
ARM GAS  C:\Users\Ciccio\AppData\Local\Temp\ccI8aJCd.s 			page 14


 174      21FF4E98 
 174      1EB5
 175 0397 6CE42426 		.ascii	"l\344$&#\011=\240\261\362#\30571C\004\007\272E\215\327"
 175      23093DA0 
 175      B1F223C5 
 175      37314304 
 175      07BA458D 
 176 03ac DE814956 		.ascii	"\336\201IV\271=\017\000\375\245\000j\367\361\200\254"
 176      B93D0F00 
 176      FDA5006A 
 176      F7F180AC 
 177 03bc F100B988 		.ascii	"\361\000\271\210\027\3640.\240G\024\020=w\376M\0015"
 177      17F4302E 
 177      A0471410 
 177      3D77FE4D 
 177      0135
 178 03ce 9FACF818 		.ascii	"\237\254\370\030\0349e\2314\334c\005M$Tmap,\012\033"
 178      1C396599 
 178      34DC6305 
 178      4D24546D 
 178      61702C0A 
 179 03e3 F9F3D8D8 		.ascii	"\371\363\330\330\252\262S\213\230\302\326+>\242dX\365"
 179      AAB2538B 
 179      98C2D62B 
 179      3EA26458 
 179      F5
 180 03f4 64E43921 		.ascii	"d\3449!x\204\006\247\207\317'(\2358Y\324agN\024?\365"
 180      788406A7 
 180      87CF2728 
 180      9D3859D4 
 180      61674E14 
 181 040a 25F7AA69 		.ascii	"%\367\252i%l\204\231\247,\316*\244\344\034\033\304b"
 181      256C8499 
 181      A72CCE2A 
 181      A4E41C1B 
 181      C462
 182 041c 14E49916 		.ascii	"\024\344\231\026\244\003\245w\302\301\235\024\336\242"
 182      A403A577 
 182      C2C19D14 
 182      DEA2
 183 042a 163EFC54 		.ascii	"\026>\374TI\314\301'\342\324\305p\030T\365\271\026\342"
 183      49CCC127 
 183      E2D4C570 
 183      1854F5B9 
 183      16E2
 184 043c 1F9647D7 		.ascii	"\037\226G\327\342\220R>\027s\264\2619\334a\241\231\020"
 184      E290523E 
 184      1773B4B1 
 184      39DC61A1 
 184      9910
 185 044e 563B8997 		.ascii	"V;\211\227&Tpc\321\027\312\0342!o\347\261\345\016:\201"
 185      26547063 
 185      D117CA1C 
 185      32216FE7 
 185      B1E50E3A 
 186 0463 78E952D6 		.ascii	"x\351R\326x\030\352\311p>lTp\272\271\002xx\334^\035"
 186      7818EAC9 
ARM GAS  C:\Users\Ciccio\AppData\Local\Temp\ccI8aJCd.s 			page 15


 186      703E6C54 
 186      70BAB902 
 186      7878DC5E 
 187 0478 6E8F1137 		.ascii	"n\217\0217\335\0248|\273\200^(\300\225\002\370\230\237"
 187      DD14387C 
 187      BB805E28 
 187      C09502F8 
 187      989F
 188 048a F0A5FC22 		.ascii	"\360\245\374\"\037E\3652\032\215\006$\364o\237Ep\033"
 188      1F45F532 
 188      1A8D0624 
 188      F46F9F45 
 188      701B
 189 049c 057AA905 		.ascii	"\005z\251\005z\005E\360\321\256\272\362P!\311\317\345"
 189      7A0545F0 
 189      D1AEBAF2 
 189      5021C9CF 
 189      E5
 190 04ad 14E0734A 		.ascii	"\024\340sJ\320\205\012\030\205z\255\205\212\322\234"
 190      D0850A18 
 190      857AAD85 
 190      8AD29C
 191 04bc 8CC0FA8D 		.ascii	"\214\300\372\215<\310\270\307C\036&`\023h%lj%\036\335"
 191      3CC8B8C7 
 191      431E2660 
 191      1368256C 
 191      6A251EDD 
 192 04d0 562AD18F 		.ascii	"V*\321\217G\331_\027\243\237A\307\344k!\026a\245cT2"
 192      47D95F17 
 192      A39F41C7 
 192      E46B2116 
 192      61A56354 
 193 04e5 0630479D 		.ascii	"\0060G\235\205\221\"7\245\336+\241\002L;\246E\355\230"
 193      85912237 
 193      A5DE2BA1 
 193      024C3BA6 
 193      45ED98
 194 04f8 01BD5AC4 		.ascii	"\001\275Z\304\256\002{\254\256\321D\216\316\201<\320"
 194      AE027BAC 
 194      AED1448E 
 194      CE813CD0 
 195 0508 413AA003 		.ascii	"A:\240\003\215\310(\304=\275\275\030\307\264\310`\346"
 195      8DC828C4 
 195      3DBDBD18 
 195      C7B4C860 
 195      E6
 196 0519 A7FA55D5 		.ascii	"\247\372U\325j\266\203u\223E\272\004\367\325\037\211"
 196      6AB68375 
 196      9345BA04 
 196      F7D51F89 
 197 0529 4651966A 		.ascii	"FQ\226jQ\212\200\362\301l\327y\254\354\312I=[p\273\237"
 197      518A80F2 
 197      C16CD779 
 197      ACECCA49 
 197      3D5B70BB 
 198 053e 73ACEDB9 		.ascii	"s\254\355\271I\006\\\177\243q\275\014\247\367\336,\235"
 198      49065C7F 
ARM GAS  C:\Users\Ciccio\AppData\Local\Temp\ccI8aJCd.s 			page 16


 198      A371BD0C 
 198      A7F7DE2C 
 198      9D
 199 054f 44B51CB3 		.ascii	"D\265\034\263\035\256\252\356\224\302\336\020\216\275"
 199      1DAEAAEE 
 199      94C2DE10 
 199      8EBD
 200 055d 649EBDA1 		.ascii	"d\236\275\241\272\274\222\215\362ZAc[!\366\2678f\207"
 200      BABC928D 
 200      F25A4163 
 200      5B21F6B7 
 200      386687
 201 0570 1B46FC98 		.ascii	"\033F\374\230liC\214\274\256\324\274\026\003[\303h\037"
 201      6C69438C 
 201      BCAED4BC 
 201      16035BC3 
 201      681F
 202 0582 38943E88 		.ascii	"8\224>\210\324\335Q2\031\316#\177C\027c\270\001i\337"
 202      D4DD5132 
 202      19CE237F 
 202      431763B8 
 202      0169DF
 203 0595 69215661 		.ascii	"i!VanKK!\216t{XJ\257\216t\252H\352g\263\207#\364\257"
 203      6E4B4B21 
 203      8E747B58 
 203      4AAF8E74 
 203      AA48EA67 
 204 05ae 507DFD46 		.ascii	"P}\375F\030@YM\241\300w\237h\015\255\337\226\212\233"
 204      1840594D 
 204      A1C0779F 
 204      680DADDF 
 204      968A9B
 205 05c1 E76DB47E 		.ascii	"\347m\264~\305\273\013gHh\255R\302\310\205\032%\361"
 205      C5BB0B67 
 205      4868AD52 
 205      C2C8851A 
 205      25F1
 206 05d3 915C0947 		.ascii	"\221\\\011G\361D\244\352\210\030eD\366:\2555\277\217"
 206      F144A4EA 
 206      88186544 
 206      F63AAD35 
 206      BF8F
 207 05e5 2DE168E6 		.ascii	"-\341h\346g\325\221\226\345n\365\025\356\224\320\372"
 207      67D59196 
 207      E56EF515 
 207      EE94D0FA 
 208 05f5 3E97C048 		.ascii	">\227\300H\2438\033\2648\033\241\250\243)\225.\225\312"
 208      A3381BB4 
 208      381BA1A8 
 208      A329952E 
 208      95CA
 209 0607 4B6A51C7 		.ascii	"KjQ\307\250o\1775\227\261\2611\\0%\376\313~\023\015"
 209      A86F7F35 
 209      97B1B131 
 209      5C3025FE 
 209      CB7E130D 
 210 061b 012F40B4 		.ascii	"\001/@\264\231/j\032s\364\374x\364\251\232\014Y\316"
ARM GAS  C:\Users\Ciccio\AppData\Local\Temp\ccI8aJCd.s 			page 17


 210      992F6A1A 
 210      73F4FC78 
 210      F4A99A0C 
 210      59CE
 211 062d 2538B6CA 		.ascii	"%8\266\312i=U\016\301\267\333\2260|\255\315\000\266"
 211      693D550E 
 211      C1B7DB96 
 211      307CADCD 
 211      00B6
 212 063f 3D53008E 		.ascii	"=S\000\216\343\311\036\257#a\234A\251\267h\034l\345"
 212      E3C91EAF 
 212      23619C41 
 212      A9B7681C 
 212      6CE5
 213 0651 014E608E 		.ascii	"\001N`\216\026_\276w\337\242\262\235 \241R\016\341\204"
 213      165FBE77 
 213      DFA2B29D 
 213      20A1520E 
 213      E184
 214 0663 5E7DE855 		.ascii	"^}\350U\261u*}8\361\377\354#\023\015\300m\323\366\221"
 214      B1752A7D 
 214      38F1FFEC 
 214      23130DC0 
 214      6DD3F691 
 215 0677 EDB40F5F 		.ascii	"\355\264\017_\254\271|\316\301>+\225\226\326Y$\364\203"
 215      ACB97CCE 
 215      C13E2B95 
 215      96D65924 
 215      F483
 216 0689 DA88670A 		.ascii	"\332\210g\012\024.&\221i\245\007\253\032\350\207\030"
 216      142E2691 
 216      69A507AB 
 216      1AE88718 
 217 0699 BBDC453F 		.ascii	"\273\334E?N\356\300\312Z\010\360\237\336\354\272OoI"
 217      4EEEC0CA 
 217      5A08F09F 
 217      DEECBA4F 
 217      6F49
 218 06ab DDD84DDC 		.ascii	"\335\330M\334\2402\034\017\322N\012\011\376\037\200"
 218      A0321C0F 
 218      D24E0A09 
 218      FE1F80
 219 06ba 765148FB 		.ascii	"vQH\373\037\254\257c\233q\276_B\273U<\027\257+x\322"
 219      1FACAF63 
 219      9B71BE5F 
 219      42BB553C 
 219      17AF2B78 
 220 06cf B98591C1 		.ascii	"\271\205\221\301\327*SW\253\014\243\206\335\243\361"
 220      D72A5357 
 220      AB0CA386 
 220      DDA3F1
 221 06de B1377661 		.ascii	"\2617vaL&~\350\006a\274\014\322\215\274\226k^+`\031"
 221      4C267EE8 
 221      0661BC0C 
 221      D28DBC96 
 221      6B5E2B60 
 222 06f3 4CA695F4 		.ascii	"L\246\225\364\251\357\270K!%\223)<\362\251\272\030S"
ARM GAS  C:\Users\Ciccio\AppData\Local\Temp\ccI8aJCd.s 			page 18


 222      A9EFB84B 
 222      21259329 
 222      3CF2A9BA 
 222      1853
 223 0705 0C0AB94F 		.ascii	"\014\012\271O\013Q\311\277|\263\210#\335\3336\213\270"
 223      0B51C9BF 
 223      7CB38823 
 223      DDDB368B 
 223      B8
 224 0716 D8B1765D 		.ascii	"\330\261v]\005\335tld\211\357\307j\213\371\325\026k"
 224      05DD746C 
 224      6489EFC7 
 224      6A8BF9D5 
 224      166B
 225 0728 CA6673B3 		.ascii	"\312fs\2639\206sx\234\323t8s\214\270\250\242@\235\000"
 225      39867378 
 225      9CD37438 
 225      738CB8A8 
 225      A2409D00 
 226 073c F4402CC3 		.ascii	"\364@,\303\323\211\037\2728\215\031\3166\362Z\255y\255"
 226      D3891FBA 
 226      388D19CE 
 226      36F25AAD 
 226      79AD
 227 074e 0186A7D3 		.ascii	"\001\206\247\323D\002,\021\005\365\014.\213\231|\026"
 227      44022C11 
 227      05F50C2E 
 227      8B997C16 
 228 075e B374F166 		.ascii	"\263t\361f\032\305;H\343\301\177\253\320\241\330,r\211"
 228      1AC53B48 
 228      E3C17FAB 
 228      D0A1D82C 
 228      7289
 229 0770 1F932C66 		.ascii	"\037\223,f\030y\255\325\274\036\206,r\2456\224\027l"
 229      1879ADD5 
 229      BC1E862C 
 229      72A53694 
 229      176C
 230 0782 F900BCB0 		.ascii	"\371\000\274\260\375\211\034j\310N\222\225\221\221\331"
 230      FD891C6A 
 230      C84E9295 
 230      9191D9
 231 0791 F33B777E 		.ascii	"\363;w~\346\227\237\316\311\2347\367\253\257\347g~\370"
 231      E6979FCE 
 231      C99C37F7 
 231      ABAFE767 
 231      7EF8
 232 07a3 D17B5953 		.ascii	"\321{YS\231|7{\301\002x\362\311\2349\237g\314\226\376"
 232      997C377B 
 232      C10278F2 
 232      C99C399F 
 232      67CC96FE 
 233 07b7 039D4E39 		.ascii	"\003\235N9U"
 233      55
 234              		.text
 235              		.section	.gnu.lto_.symbol_nodes.275ce7ff,"",%progbits
 236 0000 789C4D8B 		.ascii	"x\234M\2131\016@@\024\005g\337\222l\341\220n\362\025"
ARM GAS  C:\Users\Ciccio\AppData\Local\Temp\ccI8aJCd.s 			page 19


 236      310E4040 
 236      140567DF 
 236      926CE190 
 236      6EF215
 237 0013 0A9DB5F4 		.ascii	"\012\235\265\364$\356\243\022\027\320:\204M\220\230"
 237      24EEA312 
 237      17D03A84 
 237      4D9098
 238 0022 EA655EC6 		.ascii	"\352e^\306\0035/\032d\02070c_\272\012%\231\373\314\261"
 238      03352F1A 
 238      64103730 
 238      635FBA0A 
 238      2599FBCC 
 239 0037 0434CAF4 		.ascii	"\0044\312\364\027e\024k\316\334$\363\317A\323\004\274"
 239      1765146B 
 239      CEDC24F3 
 239      CF41D304 
 239      BC
 240 0048 83B3BFE6 		.ascii	"\203\263\277\346\340]A\233\362\340\0068u\0331"
 240      E05D419B 
 240      F2E00638 
 240      751B31
 241              		.text
 242              		.section	.gnu.lto_.refs.275ce7ff,"",%progbits
 243 0000 789C6366 		.ascii	"x\234cf```d\200\002\000\000=\000\005"
 243      60606064 
 243      80020000 
 243      3D0005
 244              		.text
 245              		.section	.gnu.lto_.decls.275ce7ff,"",%progbits
 246 0000 789CCD57 		.ascii	"x\234\315WkP\024W\026\356;wf\230\031\006\320Pe\262V"
 246      6B501457 
 246      16EE3B77 
 246      66981906 
 246      D05065B2 
 247 0015 760B4915 		.ascii	"v\013I\025\345&Q\024tk7\177V3>w1;5\343\356f+T\315\""
 247      E5265114 
 247      746B377F 
 247      56333E77 
 247      313B35E3 
 248 002f 8CEB943C 		.ascii	"\214\353\224<\\\031R\372\257\005\037\240(\210\217\200"
 248      5C1952FA 
 248      AF051FA0 
 248      28888F80 
 249 003f A84C541C 		.ascii	"\250LT\034\336(\030\\\243\010b@T\304g\304W\000!\012"
 249      DE28185C 
 249      A3086240 
 249      54C467C4 
 249      5700210A 
 250 0053 2228C428 		.ascii	"\"(\304( \010{\356\275\323\335c\333\331G\325\376\330"
 250      20087BEE 
 250      BDD3DD63 
 250      DBD947D5 
 250      FED8
 251 0065 2ECEF43D 		.ascii	".\316\364=}\276\363\335s\3179\267\373\2029\216[\201"
 251      7DBEF3DD 
 251      73CF39B7 
ARM GAS  C:\Users\Ciccio\AppData\Local\Temp\ccI8aJCd.s 			page 20


 251      FB82398E 
 251      5B81
 252 0077 386E1CAE 		.ascii	"8n\034\256\237M\344\270\211\230\343\324\360\314\314"
 252      9F4DE4B8 
 252      8998E3D4 
 252      F0CCCC
 253 0086 4917D14B 		.ascii	"I\027\321K@\312@\216\200T\200\200\013W\315\275~\021"
 253      40CA408E 
 253      80548080 
 253      0B57CDBD 
 253      7E11
 254 0098 8CDEE3EB 		.ascii	"\214\336\343\353\017b\004\271\0002\005\344\347\340\320"
 254      0F6204B9 
 254      003205E4 
 254      E7E0D0
 255 00a7 08F73320 		.ascii	"\010\3673 \357\302\030\246\341\276\001\231\014\343\006"
 255      EFC218A6 
 255      E1BE0199 
 255      0CE306
 256 00b6 0F5F09F7 		.ascii	"\017_\011\367\346U\246\300I\270\246xx\010\337/\340^"
 256      E655A6C0 
 256      49B8A678 
 256      7808DF2F 
 256      E05E
 257 00c8 08770DC8 		.ascii	"\010w\015\310\004\030\217\020,\334\003A\220g\2562\017"
 257      04188F10 
 257      2CDC0341 
 257      9067AE32 
 257      0F
 258 00d9 7F85C21C 		.ascii	"\177\205\302\034dM\276\012s\010\261\207#i.\262\2060"
 258      644DBE0A 
 258      7308B187 
 258      23692EB2 
 258      8630
 259 00eb 181B38C6 		.ascii	"\030\0338\306M\326@\202\237Hr\010\303Q\216\255g\032"
 259      4DD64082 
 259      9F487208 
 259      C3518EAD 
 259      671A
 260 00fd E87E201A 		.ascii	"\350~ \032\304\326vDa\336\001\025:Q\366\343%\337n\025"
 260      C4D67644 
 260      61DE0115 
 260      3A51F6E3 
 260      25DF6E15 
 261 0111 F2370411 		.ascii	"\3627\004\021\365\353\254\306l-\250F\203\232\250'G:"
 261      F5EBACC6 
 261      6C2DA846 
 261      839AA827 
 261      473A
 262 0123 6EA8DFDE 		.ascii	"n\250\337\336\305\303\225\231\302OP#\363$\344F\223Q"
 262      C5C39599 
 262      C24F5023 
 262      F324E446 
 262      9351
 263 0135 019A0CAC 		.ascii	"\001\232\014\254\205\350m\370\375L\315\230\362*.<Vc"
 263      85E86DF8 
 263      FD4CCD98 
ARM GAS  C:\Users\Ciccio\AppData\Local\Temp\ccI8aJCd.s 			page 21


 263      F22A2E3C 
 263      5663
 264 0147 1522E383 		.ascii	"\025\"\343\203\331\367o\030>,\002\267T\276\266\033K"
 264      D9F76F18 
 264      3E2C02B7 
 264      54BEB61B 
 264      4B
 265 0158 D3F50C0F 		.ascii	"\323\365\014\017=P\007\355\347k]\375M\367\222rxW2?6"
 265      3D5007ED 
 265      E76B5DFD 
 265      4DF79272 
 265      7857323F 
 266 016d 3E8E2817 		.ascii	">\216(\027*B\030\025\243\017\351\202`L}P\011\012\002"
 266      2A421815 
 266      A30FE982 
 266      604C7D50 
 266      090A02
 267 0180 BF8CCCBE 		.ascii	"\277\214\314\276\343\010\177J\311\333\332F\266!\340"
 267      E3087F4A 
 267      C9DBDA46 
 267      B621E0
 268 018f 70B9DA7B 		.ascii	"p\271\332{\316\332k\327\363\243\343\343\2301\224z1\224"
 268      CEDA6BD7 
 268      F3A3E3E3 
 268      9831947A 
 268      3194
 269 01a1 0A0C6594 		.ascii	"\012\014e\224\301\355\276Y\252\301v\312\220]\320T\347"
 269      C1EDBE59 
 269      AAC176CA 
 269      905DD054 
 269      E7
 270 01b2 4F195C45 		.ascii	"O\031\\E\371\332F\276v|\374\267\324\277\334\313\277"
 270      F9DA46BE 
 270      767CFCB7 
 270      D4BFDCCB 
 270      BF
 271 01c3 5CF03F42 		.ascii	"\\\360?B\375\273\256\276\352\364\307\237S\377\246\215"
 271      FDBBAEBE 
 271      EAF4C79F 
 271      53FFA68D 
 272 01d3 0F2E1BC0 		.ascii	"\017.\033\300\277\235\357\037K)\363\313\256\340\353"
 272      BF9DEF1F 
 272      4B29F3CB 
 272      AEE0EB
 273 01e2 68140851 		.ascii	"h\024\010Q\226\243^,G\005\226\012\312Rsz\250\301\200"
 273      96A35E2C 
 273      4705960A 
 273      CA52737A 
 273      A8C180
 274 01f5 8F214A93 		.ascii	"\217!J\223\236\332~\336\200\253\231\262\356\360\311"
 274      9EDA7EDE 
 274      80AB99B2 
 274      EEF0C9
 275 0204 741FC8FC 		.ascii	"t\037\310\374\024\003MT[\356\360!=U\311\306\010\200"
 275      14034D54 
 275      5BEEF021 
 275      3D55C9C6 
ARM GAS  C:\Users\Ciccio\AppData\Local\Temp\ccI8aJCd.s 			page 22


 275      0880
 276 0216 47AACAE1 		.ascii	"G\252\312\341\274\263\010\205\030\016AZ\373\263\335"
 276      BCB30885 
 276      180E415A 
 276      FBB3DD
 277 0225 1D8B52F8 		.ascii	"\035\213R\3709\350\037\310\200\216\211\363Qor\245\362"
 277      39E81FC8 
 277      808E89F3 
 277      516F72A5 
 277      F2
 278 0236 7C322999 		.ascii	"|2)\231~\021'\026\014\035G!\000\240P\364\025<\254\202"
 278      7E112716 
 278      0C1D4721 
 278      00A050F4 
 278      153CAC82 
 279 024a 87C09B93 		.ascii	"\207\300\233\223\312\237\363E\206\020E\237\257\025|"
 279      CA9FF345 
 279      8610459F 
 279      AF157C
 280 0259 68006D69 		.ascii	"h\000miY\223x^\215N@\000\225R\000\020\217X\354\007\275"
 280      5993785E 
 280      8D4E4000 
 280      95520010 
 280      8F58EC07 
 281 026e C5D70C78 		.ascii	"\305\327\014x\013\246\353\253\035)=O\026\004x\376\345"
 281      0BA6EBAB 
 281      1D293D4F 
 281      160478FE 
 281      E5
 282 027f C6A9E4D1 		.ascii	"\306\251\344\321\325'\217:4\357}\311\273\016\3647\355"
 282      D5278F3A 
 282      34EF7DC9 
 282      BB0EF437 
 282      ED
 283 0290 77D066E0 		.ascii	"w\320f\340I%(\347I\306\351\325n'I*\321)\022U5z\017\374"
 283      492528E7 
 283      49C6E9D5 
 283      6E27492A 
 283      D1291255 
 284 02a8 2B0EE657 		.ascii	"+\016\346W\351i\357\316!t\207v\355.\321\320\336\325"
 284      E969EFCE 
 284      21748776 
 284      ED2ED1D0 
 284      DED5
 285 02ba 11B5F76C 		.ascii	"\021\265\367l\3160\306\271l\366\303\327\263\366\004"
 285      CE30C6B9 
 285      6CF6C3D7 
 285      B3F604
 286 02c9 18608529 		.ascii	"\030`\205)\377\321\012\301#\371Jog\000v3\367\232\206"
 286      FFD10AC1 
 286      23F94A6F 
 286      67007633 
 286      F79A86
 287 02dc E6037A5C 		.ascii	"\346\003z\\D\025uk\311\261\313\001(808\304\305\257O"
 287      4415756B 
 287      C9B1CB01 
 287      28383038 
ARM GAS  C:\Users\Ciccio\AppData\Local\Temp\ccI8aJCd.s 			page 23


 287      C4C5AF4F 
 288 02f0 E96FED7B 		.ascii	"\351o\355{\362\273\254\024\376\320;\350\014\204]\007"
 288      F2BBAC14 
 288      FED03BE8 
 288      0C845D07 
 289 0300 61D7A340 		.ascii	"a\327\243@\211~*\011\375}\370\341\266\323m\344\342\347"
 289      897E2A09 
 289      FD7DF8E1 
 289      B6D36DE4 
 289      E2E7
 290 0312 A839741A 		.ascii	"\2509t\032\3145tU\004L\326y\016\302\370\006\005\243"
 290      CC357455 
 290      044CD679 
 290      0EC2F806 
 290      05A3
 291 0324 06144CF3 		.ascii	"\006\024L\363G\270]\247\212\265\2153(\357YE^7\241\240"
 291      47B85DA7 
 291      8AB58D33 
 291      28EF5945 
 291      5E37A1A0 
 292 0338 F5683F51 		.ascii	"\365h?Q\254\345\021\201pB\357\011uPm~\346.\324\241\300"
 292      ACE51181 
 292      7042EF09 
 292      75506D7E 
 292      E62ED4A1 
 293 034d 10A500D0 		.ascii	"\020\245\000\320y\230\367\247b\240\304\325+u\250\021"
 293      7998F7A7 
 293      62A0C4D5 
 293      2B75A811 
 294 035d 00B55291 		.ascii	"\000\265R\221\311,B\221\353\357\227\015\030\215\233"
 294      C92C4291 
 294      EBEF970D 
 294      188D9B
 295 036c C5DEA158 		.ascii	"\305\336\241X\251h\027\220\221\266?\334\001\334\321"
 295      A9681790 
 295      91B63FDC 
 295      01DCD1
 296 037b D5956CA4 		.ascii	"\325\225l\244\025\253\2455:VS\371\203\221\226,\225\346"
 296      15ABA535 
 296      3A5653F9 
 296      8391962C 
 296      95E6
 297 038d 794F734B 		.ascii	"yOsK\232\006w\262\244\337jm\257\365\305O\231\302gt\255"
 297      9A0677B2 
 297      A4DF6A6D 
 297      AFF5C54F 
 297      99C26774 
 298 03a2 C7789029 		.ascii	"\307x\220)iY)]:<\312\224\362\212\221<=\206N$\312\305"
 298      6959295D 
 298      3A3CCA94 
 298      F28A913C 
 298      3D864E24 
 299 03b8 8EA1678C 		.ascii	"\216\241g\214p\002Q\3675\324_\323\3424f\033\270Y\365"
 299      700251F7 
 299      35D45FD3 
 299      E234661B 
 299      B859F5
ARM GAS  C:\Users\Ciccio\AppData\Local\Temp\ccI8aJCd.s 			page 24


 300 03cb 01CE62E3 		.ascii	"\001\316b\343\234\301\246\206\000\212{\207\266\316\255"
 300      9CC1A686 
 300      008A7B87 
 300      B6CEAD
 301 03da 8CBDD02B 		.ascii	"\214\275\320+\3146\334\334\365\025\306\371L\021\336"
 301      CC36DCDC 
 301      F515C6F9 
 301      4C11DE
 302 03e9 8F46F67E 		.ascii	"\217F\366~\274^\220\231\252\303e\314\366<\267g\032\351"
 302      BC5E9099 
 302      AAC365CC 
 302      F63CB767 
 302      1AE9
 303 03fb 29DEB372 		.ascii	")\336\263r\243\301k\341w\310F\200*\241_\322vj\031\330"
 303      A3C16BE1 
 303      77C84680 
 303      2AA15FD2 
 303      766A19D8 
 304 040f 99ECFF56 		.ascii	"\231\354\377V\246\247\002Al\337H]p\027\275%\370\020"
 304      A6A70241 
 304      6CDF485D 
 304      7017BD25 
 304      F810
 305 0421 74339F9D 		.ascii	"t3\237\235\351\217\217\263i\012:\232\263\374h\010t\327"
 305      E98F8FB3 
 305      690A3A9A 
 305      B3FC6808 
 305      74D7
 306 0433 14B58EA4 		.ascii	"\024\265\216\244h\360\031fk\033l\253\363\241\266\031"
 306      68F01966 
 306      6B1B6CAB 
 306      F3A1B619 
 307 0443 443D975F 		.ascii	"D=\227_\236\247\305\347\231\355\334\343\027=\010_e\312"
 307      9EA7C5E7 
 307      99EDDCE3 
 307      173D085F 
 307      65CA
 308 0455 BADAD2EB 		.ascii	"\272\332\322\353\014\370k\242>,m8\350\217o3\333m\367"
 308      0CF86BA2 
 308      3E2C6D38 
 308      E88F6F33 
 308      DB6DF7
 309 0468 A61D3ADC 		.ascii	"\246\035:\334\311\024aS\031\331\246\252o\331\370H\213"
 309      C9146153 
 309      19D9A6AA 
 309      6FD9F848 
 309      8B
 310 0479 1F33DB78 		.ascii	"\0373\333xU\366y?\374\314\223\231\243\231\303\376\024"
 310      55F6793F 
 310      FCCC9399 
 310      A399C3FE 
 310      14
 311 048a B88896AE 		.ascii	"\270\210\226\2561\271^\203_1[\327\351^^Emf\242n\375"
 311      31B95E83 
 311      5F315BD7 
 311      E95E5E45 
 311      6D66A26E 
ARM GAS  C:\Users\Ciccio\AppData\Local\Temp\ccI8aJCd.s 			page 25


 312 049f DE755087 		.ascii	"\336uP\2077iX\352\373\036fh\361v\246\244\236\332y\230"
 312      376958EA 
 312      FB1E6668 
 312      F176A6A4 
 312      9EDA7998 
 313 04b3 CDF62951 		.ascii	"\315\366)QG\306\012\237\372\341\\f+v\363\223p>\033\037"
 313      47C60A9F 
 313      FAE15C66 
 313      2B76F393 
 313      703E1B1F 
 314 04c7 A9294E63 		.ascii	"\251)Nc\270\277\322R\026\265\026\004\340rf\273Y\177"
 314      B8BFD252 
 314      16B51604 
 314      E07266BB 
 314      597F
 315 04d9 E79E1F3E 		.ascii	"\347\236\037>\301\224\334\314k9\254\001V\020u{\376\316"
 315      C194DCCC 
 315      6B39AC01 
 315      5610757B 
 315      FECE
 316 04eb 8D2A7C96 		.ascii	"\215*|\226\331\362\266U\014\263\217\333*\242\276L\257"
 316      D9F2B655 
 316      0CB38FDB 
 316      2AA2BE4C 
 316      AF
 317 04fc 6C50E146 		.ascii	"lP\341Ff;\372mw\213\201\332\326\020\325u\275\246\320"
 317      663BFA6D 
 317      778B81DA 
 317      D610D575 
 317      BDA6D0
 318 050f 88AF31DB 		.ascii	"\210\2571\333\256S{\263\330\344<\325{*\307:5\370\026"
 318      AE537BB3 
 318      D8E43CD5 
 318      7B2AC73A 
 318      35F816
 319 0522 3506B554 		.ascii	"5\006\265TmMG(\370\247\257\300\020\370!\273\271\375"
 319      6D4D4728 
 319      F8A7AFC0 
 319      10F821BB 
 319      B9FD
 320 0534 4EF10523 		.ascii	"N\361\005#\357\331\317\327a7\355Vy\355\347kH\332\320"
 320      EFD9CFD7 
 320      6137ED56 
 320      79EDE76B 
 320      48DAD0
 321 0547 74EF378B 		.ascii	"t\3577\213{\277Y\216\235\352\015\345yW\333\007\200\204"
 321      7BBF598E 
 321      9DEA0DE5 
 321      7957DB07 
 321      8084
 322 0559 1642F73C 		.ascii	"\026B\367<Hqw\177\207\304\327\017%\275+\222\336\220"
 322      4871777F 
 322      87C4D70F 
 322      25BD2B92 
 322      DE90
 323 056b 937E2B83 		.ascii	"\223~+\203\216\277\366\356y\015\372\\\036\353%\021["
 323      8EBFF6EE 
ARM GAS  C:\Users\Ciccio\AppData\Local\Temp\ccI8aJCd.s 			page 26


 323      790DFA5C 
 323      1EEB2511 
 323      5B
 324 057c A718ABC4 		.ascii	"\247\030\253\304\332+\"\277\227#\037x\007\300'\273^"
 324      DA2B22BF 
 324      97231F78 
 324      07C027BB 
 324      5E
 325 058d 5228D927 		.ascii	"R(\331'O\344\320>y\000i\245\002\355\220\034;,\243},"
 325      4FE4D03E 
 325      790069A5 
 325      02ED901C 
 325      3B2CA37D 
 326 05a2 D276CAA1 		.ascii	"\322v\312\241\035r\332Q1\332\0019\266\3775,\360\336"
 326      1D72DA51 
 326      31DA0139 
 326      B6FF352C 
 326      F0DE
 327 05b4 13796F2A 		.ascii	"\023yo*\247\326\253`\257\204\202\375 /\3303Y\025\206"
 327      A7D6AB60 
 327      AF8482FD 
 327      202FD833 
 327      591586
 328 05c7 C5087A95 		.ascii	"\305\010z\225\223\360\276H\372D \355\222\223v\313Ho"
 328      93F0BE48 
 328      FA4420ED 
 328      929376CB 
 328      486F
 329 05d9 89A457E4 		.ascii	"\211\244W\344\2445\362\024\014\211\330\307rl\217\034"
 329      A435F214 
 329      0C89D8C7 
 329      726C8F1C 
 330 05e9 DB2D625B 		.ascii	"\333-b[\345\3306Y\010}\"\364\241r\037x\321~'b[\344\330"
 330      E5D83659 
 330      087D22F4 
 330      A1721F78 
 330      D17E2762 
 331 0600 5B32DA1E 		.ascii	"[2\332\036\021z_\271\270\022\364\266\010\275\252\274"
 331      117A5FB9 
 331      B812F4B6 
 331      08BDAABC 
 332 0610 1725E865 		.ascii	"\027%\350e\021zY9_\022tD\204>U\356\030\011\332*Bo+/"
 332      117A5939 
 332      5F127444 
 332      843E55EE 
 332      1809DA2A 
 333 0628 CB2B054F 		.ascii	"\313+\005OE\354#\345*Hm\220:\315\323\006/\344m0(!\331"
 333      45EC23E5 
 333      2A486D90 
 333      3ACDD306 
 333      2FE46D30 
 334 063f 5180A747 		.ascii	"Q\200\247G\201\213`o\242&\202&\347\200/T!\210W\005\243"
 334      818B606F 
 334      A2268226 
 334      E7802F54 
 334      21885705 
 335 0654 51380B6C 		.ascii	"Q8\013l\207\373f\220L\220\021\320\307@6\302x\033\310"
ARM GAS  C:\Users\Ciccio\AppData\Local\Temp\ccI8aJCd.s 			page 27


 335      87FB6690 
 335      4C9011D0 
 335      C74036C2 
 335      781BC8
 336 0667 0E9057A0 		.ascii	"\016\220W\240\247\303=\007$\003d=\310:\220\255 i ;A"
 336      A7C33D07 
 336      2403643D 
 336      C83A90AD 
 336      2069203B 
 337 067c B680A482 		.ascii	"\266\200\244\202$\203d\201l\000\331\004\262\007d\034"
 337      24836481 
 337      6C00D904 
 337      B207641C 
 338 068c FC77C13D 		.ascii	"\374w\301=\005$[\345u\356\270H\0174\020\222\354@C_\245"
 338      05245BE5 
 338      75EEB848 
 338      0F341092 
 338      EC40435F 
 339 06a1 9B4BA557 		.ascii	"\233K\245W\351K\345\035\357\225\275Gb\366\332\225\373"
 339      E94BE51D 
 339      EF95BD47 
 339      62F6DA95 
 339      FB
 340 06b2 D20B3B26 		.ascii	"\322\013;&b\177T~\355\321\374\301\251*\357\213\207\215"
 340      627F547E 
 340      EDD1FCC1 
 340      A92AEF8B 
 340      878D
 341 06c4 5A141248 		.ascii	"Z\024\022H\203M\217\323\241\275\200\275$\035\222H\344"
 341      834D8FD3 
 341      A1BD80BD 
 341      241D9248 
 341      E4
 342 06d5 F452CA35 		.ascii	"\364R\3125\312\205\024\377\277\244\233|\2073*\253\265"
 342      CA8514FF 
 342      BFA49B7C 
 342      87332AAB 
 342      B5
 343 06e6 DEA7B8BD 		.ascii	"\336\247\270\275*\357S\334>\025;\305\301\235\234\270"
 343      2AEF53DC 
 343      3E153BC5 
 343      C19D9CB8 
 344 06f6 5E5C29F2 		.ascii	"^\\)\362\365\006\223\177z$\360~\017x?\005\237\034\252"
 344      F506937F 
 344      7A24F07E 
 344      0F783F05 
 344      9F1CAA
 345 0709 72FBD323 		.ascii	"r\373\323#_;;_\234\352~\316N^\357\322cv\355\206\027"
 345      5F3B3B5F 
 345      9CEA7ECE 
 345      4E5EEFD2 
 345      6376ED86 
 346 071e 2ADCC93E 		.ascii	"*\334\311>\264\335\333\262S\374\360\000S\352\032w\224"
 346      B4DDDBB2 
 346      53FCF000 
 346      53EA1A77 
 346      94
ARM GAS  C:\Users\Ciccio\AppData\Local\Temp\ccI8aJCd.s 			page 28


 347 072f FBE2E74C 		.ascii	"\373\342\347L\271}\241\307\255\305/\231rx\347`Z\000"
 347      B97DA1C7 
 347      ADC52F99 
 347      7278E760 
 347      5A00
 348 0741 4ED65265 		.ascii	"N\326Rep\244\357#\274\201\215w7ul\367\301[\250\242\177"
 348      70A4EF23 
 348      BC818D77 
 348      37756CF7 
 348      C15BA8A2 
 349 0756 95995AAD 		.ascii	"\225\231Z\255G\201\236\257p\210w\025\362T\223\221KE"
 349      47819EAF 
 349      70887715 
 349      F2549391 
 349      4B45
 350 0768 622DF094 		.ascii	"b-\360\224\340\010\224\240\024RR\010R\006R\016R\004"
 350      E00894A0 
 350      14525208 
 350      5206520E 
 350      5204
 351 077a 520252AC 		.ascii	"R\002R\254\222N\344\355\205\205R\343\035TaJ\240\374"
 351      924EE4ED 
 351      858552E3 
 351      1D54614A 
 351      A0FC
 352 078c 5D865E2A 		.ascii	"]\206^*)\364\376,\026\374\253WL\231\010u\313Y\345\037"
 352      29F4FE2C 
 352      16FCAB57 
 352      4C990875 
 352      CB59E51F 
 353 07a0 E652117A 		.ascii	"\346R\021zX\016}\343\020Q b\017(\006+\261\026\211\310"
 353      580E7DE3 
 353      10512062 
 353      0F28062B 
 353      B11689C8 
 354 07b4 4372A4FC 		.ascii	"Cr\244\374\035W,B\363\225\241^\377\226\354/$\273\270"
 354      1D572C42 
 354      F395A15E 
 354      FF96EC2F 
 354      24BBB8
 355 07c7 E08D5D0C 		.ascii	"\340\215]\014\033h\364nN"
 355      1B68F46E 
 355      4E
 356 07d0 95AFB081 		.ascii	"\225\257\260\201\312\035:T\001L_\252\304\015T\240\264"
 356      CA1D3A54 
 356      014C5FAA 
 356      C40D54A0 
 356      B4
 357 07e1 8184D2A1 		.ascii	"\201\204\322\241\243P\261\377\246z\344\014~n\327>\037"
 357      A350B1FF 
 357      A67AE40C 
 357      7E6ED73E 
 357      1F
 358 07f2 EFBEAD78 		.ascii	"\357\276\255x\255\311+=}K\356\223WD\305\332bccl\313"
 358      ADC92B3D 
 358      7D4BEE93 
 358      5744C5DA 
ARM GAS  C:\Users\Ciccio\AppData\Local\Temp\ccI8aJCd.s 			page 29


 358      6263636C 
 359 0807 A2A25726 		.ascii	"\242\242W&\255\262\305$\304E9\342m\216x\207S\273\360"
 359      ADB2C524 
 359      C44539E2 
 359      6D8E7887 
 359      53BBF0
 360 081a 933F0699 		.ascii	"\223?\006\231\270\360\351\323C\305\277\204\304Pp\010"
 360      B8F0E9D3 
 360      43C5BF84 
 360      C4507008 
 361 082a 5D95B0DA 		.ascii	"]\225\260\332\231\030j]\272$<\214\375.\230\265fM\250"
 361      99186A5D 
 361      BA243C8C 
 361      FD2E98B5 
 361      664DA8
 362 083d 876A7A34 		.ascii	"\207jz4g\024X\011\317\204Dg\\x\230-:6!z%}\340\023\023"
 362      67145809 
 362      CF844467 
 362      5C78982D 
 362      3A36217A 
 363 0856 17B518EE 		.ascii	"\027\265\030\356\263\377\015sD\304\274\320yK\346~\036"
 363      B3FF0D73 
 363      44C4BCD0 
 363      794BE67E 
 363      1E
 364 0867 16CA18C0 		.ascii	"\026\312\030\300m\372\012N\227\344\210w\202\3464\330"
 364      6DFA0A4E 
 364      97E48877 
 364      82E634D8 
 365 0877 6CC27079 		.ascii	"l\302py\364G\221\321+\034\313\034\211\316\244\030GB"
 365      F44791D1 
 365      2B1CCB1C 
 365      89CEA418 
 365      4742
 366 0889 A4332121 		.ascii	"\2443!!61\362o\361IAt\024\024\265:.\310\036\267\314"
 366      3631F26F 
 366      F1494174 
 366      1414B53A 
 366      2EC81EB7 
 367 089e 1E13638F 		.ascii	"\036\023c\217\211\2345\3757Aa3f\316\376{x$<\237\026"
 367      899C35FD 
 367      37416133 
 367      66CEFE7B 
 367      78243C9F 
 368 08b3 9F106F9F 		.ascii	"\237\020o\237f\217Z\346\210t\304G\307&\305\330#\343"
 368      668F5AE6 
 368      8874C447 
 368      C726C5D8 
 368      23E3
 369 08c5 A2802BDE 		.ascii	"\242\200+\336\036i\213\261/\217J\212u\332\234kW\331"
 369      1E698BB1 
 369      2F8F4A8A 
 369      75DA9C6B 
 369      57D9
 370 08d7 1361EACF 		.ascii	"\023a\352\317\376\247\323$\256M\214\264%:c`\015\300"
 370      FEA7D324 
 370      AE4D8CB4 
ARM GAS  C:\Users\Ciccio\AppData\Local\Temp\ccI8aJCd.s 			page 30


 370      253A6360 
 370      0DC0
 371 08e9 1D605D9B 		.ascii	"\035`]\233\350\264\307\231\022V\333M$S\276\346?[lKa"
 371      E8B4C799 
 371      1256DB4D 
 371      2453BEE6 
 371      3F5B6C4B 
 372 08fe E279F6E5 		.ascii	"\342y\366\345*\223\005\233\254\226Y\262|\331\3278CM"
 372      2A93059B 
 372      AC9659B2 
 372      7CD9D738 
 372      434D
 373 0910 4BAC8BAD 		.ascii	"K\254\213\255\220/\2572\320d-\2375c\346\032;\360\372"
 373      902FAF32 
 373      D0642D9F 
 373      3563E61A 
 373      3BF0FA
 374 0923 5A4C2681 		.ascii	"ZL&\201\307\307\034\021aZ\260\320\242&?\330\264\330"
 374      C7C71C11 
 374      615AB0D0 
 374      A2263FD8 
 374      B4D8
 375 0935 A29BBBE8 		.ascii	"\242\233\273\350\343\231\026\353R:\010\023\006\341d"
 375      E39916EB 
 375      523A0813 
 375      06E164
 376 0944 A0B7CCB7 		.ascii	"\240\267\314\267\316\267\374i\376\274\031\272\271f\001"
 376      CEB7FC69 
 376      FEBC19BA 
 376      B96601
 377 0953 646620D1 		.ascii	"df \3216\323\207\020\314\377\304B\356a\236{8\334ED\230"
 377      36D38710 
 377      CCFFC442 
 377      EE619E7B 
 377      38DC4544 
 378 0968 0FF1A616 		.ascii	"\017\361\246\0263E\210\226p=\361\2150\223g\304[\034"
 378      33458896 
 378      703DF18D 
 378      309367C4 
 378      5B1C
 379 097a 85B39180 		.ascii	"\205\263\221\200\233\245'\014\036\253Y\300\011\326\331"
 379      9BA5270C 
 379      1EAB59C0 
 379      09D6D9
 380 0989 EA8FE799 		.ascii	"\352\217\347\231$\365W\032\253\325\264\320b\200\205"
 380      24F5571A 
 380      ABD5B4D0 
 380      628085
 381 0998 2E0EB392 		.ascii	".\016\263\222e\372-\210\230k]$d\000\3175Y\324\277\237"
 381      65FA2D88 
 381      986B5D24 
 381      6400CF35 
 381      59D4BF9F 
 382 09ac FF178BCF 		.ascii	"\377\027\213\317\037\314K\311]e\265h`h\262h\351\357"
 382      1FCC4BC9 
 382      5D65B568 
 382      6068B268 
ARM GAS  C:\Users\Ciccio\AppData\Local\Temp\ccI8aJCd.s 			page 31


 382      E9EF
 383 09be CC7F0272 		.ascii	"\314\177\002rt\303\307"
 383      74C3C7
 384              		.text
 385              		.section	.gnu.lto_.symtab.275ce7ff,"",%progbits
 386 0000 68616C5F 		.ascii	"hal_lld_init\000\000\000\000\000\000\000\000\000\000"
 386      6C6C645F 
 386      696E6974 
 386      00000000 
 386      00000000 
 387 0016 0000AE00 		.ascii	"\000\000\256\000\000\000stm32_clock_init\000\000\000"
 387      00007374 
 387      6D33325F 
 387      636C6F63 
 387      6B5F696E 
 388 002f 00000000 		.ascii	"\000\000\000\000\000\000\000\000\000\260\000\000\000"
 388      00000000 
 388      00B00000 
 388      00
 389 003c 53797374 		.ascii	"SystemCoreClock\000\000\000\000\000\000\000\000\000"
 389      656D436F 
 389      7265436C 
 389      6F636B00 
 389      00000000 
 390 0054 000000BD 		.ascii	"\000\000\000\275\000\000\000dmaInit\000\000\002\000"
 390      00000064 
 390      6D61496E 
 390      69740000 
 390      0200
 391 0066 00000000 		.ascii	"\000\000\000\000\000\000\000\000\262\000\000\000"
 391      00000000 
 391      B2000000 
 392              		.text
 393              		.section	.gnu.lto_.opts,"",%progbits
 394 0000 272D666E 		.ascii	"'-fno-trapv' '-fno-strict-overflow' '-mcpu=cortex-m"
 394      6F2D7472 
 394      61707627 
 394      20272D66 
 394      6E6F2D73 
 395 0033 34272027 		.ascii	"4' '-mno-thumb-interwork' '-mthumb' '-ggdb' '-O0' '"
 395      2D6D6E6F 
 395      2D746875 
 395      6D622D69 
 395      6E746572 
 396 0066 2D666F6D 		.ascii	"-fomit-frame-pointer' '-falign-functions=16' '-ffun"
 396      69742D66 
 396      72616D65 
 396      2D706F69 
 396      6E746572 
 397 0099 6374696F 		.ascii	"ction-sections' '-fdata-sections' '-fno-common' '-f"
 397      6E2D7365 
 397      6374696F 
 397      6E732720 
 397      272D6664 
 398 00cc 6C746F27 		.ascii	"lto'\000"
 398      00
 399              		.text
ARM GAS  C:\Users\Ciccio\AppData\Local\Temp\ccI8aJCd.s 			page 32


 400              		.comm	__gnu_lto_v1,1,1
 401              		.comm	__gnu_lto_slim,1,1
 402              		.ident	"GCC: (GNU Tools for ARM Embedded Processors) 4.9.3 20150529 (release) [ARM/embedded-4_9-br
ARM GAS  C:\Users\Ciccio\AppData\Local\Temp\ccI8aJCd.s 			page 33


DEFINED SYMBOLS
                            *ABS*:00000000 hal_lld.c
                            *COM*:00000001 __gnu_lto_v1
                            *COM*:00000001 __gnu_lto_slim

NO UNDEFINED SYMBOLS
