ARM GAS  C:\Users\Ciccio\AppData\Local\Temp\ccEFeGQP.s 			page 1


   1              		.syntax unified
   2              		.cpu cortex-m4
   3              		.fpu softvfp
   4              		.eabi_attribute 20, 1
   5              		.eabi_attribute 21, 1
   6              		.eabi_attribute 23, 3
   7              		.eabi_attribute 24, 1
   8              		.eabi_attribute 25, 1
   9              		.eabi_attribute 26, 1
  10              		.eabi_attribute 30, 6
  11              		.eabi_attribute 34, 1
  12              		.eabi_attribute 18, 4
  13              		.thumb
  14              		.file	"memstreams.c"
  15              		.text
  16              	.Ltext0:
  17              		.section	.gnu.lto_.inline.275ce58f,"",%progbits
  18 0000 789C6366 		.ascii	"x\234cf\300\016\262\2404+\003\003\037/\003\003\223\304"
  18      C00EB2A0 
  18      342B0303 
  18      1F2F0303 
  18      93C4
  19 0012 84D38C0C 		.ascii	"\204\323\214\014,\014L 1FL!&\006QY )\327\360\013.\304"
  19      2C0C4C20 
  19      31464C21 
  19      26065159 
  19      2029D7F0 
  20 0029 0254C3C0 		.ascii	"\002T\303\300\214C\234\205\201\203\035(\316\263!\027"
  20      8C439C85 
  20      81831D28 
  20      CEB32117 
  21 0039 26CC0000 		.ascii	"&\314\000\000\010\370\010\263"
  21      08F808B3 
  22              		.text
  23              		.section	.gnu.lto_put.275ce58f,"",%progbits
  24 0000 789C8D54 		.ascii	"x\234\215T[O\023A\024\2363\263\273mi\271\304\230\230"
  24      5B4F1341 
  24      149E33B3 
  24      BB6D69B9 
  24      C49898
  25 0013 F0A02684 		.ascii	"\360\240&\204\030\302\245jL|\224\237\240?\001\014\211"
  25      18C2A56A 
  25      4C7C949F 
  25      A03F010C 
  25      89
  26 0024 241289F5 		.ascii	"$\022\211\365\3017\026[\025bT\304K@@@\"\202\312\245"
  26      C137165B 
  26      156254C4 
  26      4B404040 
  26      2282CAA5 
  27 0038 5410F1B6 		.ascii	"T\020\361\266(P$\030\341\301\210h\024\014\340%\032\251"
  27      28502418 
  27      E1C18868 
  27      140CE025 
  27      1AA9
  28 004a 92D43EE8 		.ascii	"\222\324>\350z\316l\205R \260\331\235\314\234\231\357"
  28      7ACE6C85 
ARM GAS  C:\Users\Ciccio\AppData\Local\Temp\ccEFeGQP.s 			page 2


  28      5220B0D9 
  28      9DCC9C99 
  28      EF
  29 005b 3BDF7766 		.ascii	";\337wff\005[\371\354\304oAel/\0154\006\234\341\307"
  29      66055BF9 
  29      ECC46F41 
  29      656C2F0D 
  29      34069CE1 
  30 0070 05633A57 		.ascii	"\005c:W\260Q\004\340$(\262U\001p\021\260\022.\024\025"
  30      B05104E0 
  30      2428B255 
  30      017011B0 
  30      122E1415 
  31 0084 4AE00B0F 		.ascii	"J\340\013\017q\270\337\276\360\302\371\231G8\333\316"
  31      71B8DFBE 
  31      F0C2F999 
  31      4738DBCE 
  32 0094 70D85739 		.ascii	"p\330W9\\\245\321\020\024\032\276\2550\277&\355\270"
  32      5CA5D110 
  32      141ABEAD 
  32      30BF26ED 
  32      B8
  33 00a5 A1EBFAFC 		.ascii	"\241\353\372\374u\377\361\352K\0158\303\331/\316\340"
  33      75FFF1EA 
  33      4B0D38C3 
  33      D92FCEE0 
  34 00b5 26A4420B 		.ascii	"&\244B\013\244\022a+\354\300\245\225\02356\341\006B"
  34      A412612B 
  34      ECC0A595 
  34      133536E1 
  34      0642
  35 00c7 FDF83916 		.ascii	"\375\3709\026\340\351M\272~\302\350\355\322s\225\010"
  35      E0E94DBA 
  35      7EC2E8ED 
  35      D2739508 
  36 00d7 17700B44 		.ascii	"\027p\013D,\014C\014nC:\256\276\366\371]/\210\335\022"
  36      2C0C430C 
  36      6E433AAE 
  36      BEF6F95D 
  36      2F88DD12 
  37 00eb 3936567E 		.ascii	"96V~\011,\344h\273\236\013\021\256\300\035\013\231\225"
  37      092CE468 
  37      BB9E0B11 
  37      AEC01D0B 
  37      9995
  38 00fd 0A198453 		.ascii	"\012\031\204S\030\264A:-\216\014|:\355\022{$\360\324"
  38      18B4413A 
  38      2D8E0C7C 
  38      3AED127B 
  38      24F0D4
  39 0110 E5E68B6A 		.ascii	"\345\346\213jZ#\002\247\3164\215\270\364a\3357e\232"
  39      5A2302A7 
  39      CE348DB8 
  39      F461DD37 
  39      659A
  40 0122 DB225C85 		.ascii	"\333\"\\\205\366\345\231\255\007!!\337\237\327N\315"
  40      F6E599AD 
ARM GAS  C:\Users\Ciccio\AppData\Local\Temp\ccEFeGQP.s 			page 3


  40      072121DF 
  40      9FD74ECD 
  41 0132 87DE52A0 		.ascii	"\207\336R\240\003\322\310\025\232\351\004\015\253\344"
  41      03D2C815 
  41      9AE9040D 
  41      ABE4
  42 0140 C0F9C981 		.ascii	"\300\371\311\201\272\377\224g\237\015\271N.Rjl%\037"
  42      BAFF9467 
  42      9F0DB94E 
  42      2E526A6C 
  42      251F
  43 0152 F8216D19 		.ascii	"\370!m\031\306h\357j\311\3655\350\177M\023\326\200t"
  43      C668EF6A 
  43      C9F535E8 
  43      7F4D13D6 
  43      8074
  44 0164 49C8C771 		.ascii	"I\310\307q\177\277F\220\262\251sM\263\373\215EL|\235"
  44      7FBF4690 
  44      B2A9734D 
  44      B3FB8D45 
  44      4C7C9D
  45 0177 25262031 		.ascii	"%& 1\365\025\021C\261\244\235\367\306J\263\255\206\271"
  45      F5151143 
  45      B1A49DF7 
  45      C64AB3AD 
  45      86B9
  46 0189 1B2FAD75 		.ascii	"\033/\255u]i\335qit\332\3722\3034\367\255\221\243'."
  46      5D69DD71 
  46      6974DAFA 
  46      32C334F7 
  46      AD91A327 
  47 019e C7549537 		.ascii	"\307T\2257\270^\311\356\305ab\223\254\012\350\2054\332"
  47      B85EC9EE 
  47      C5616293 
  47      AC0AE885 
  47      34DA
  48 01b0 A98E4D86 		.ascii	"\251\216M\206n\232\201\301Pyf5O\002<\023\234\003\035"
  48      6E9A81C1 
  48      50796635 
  48      4F023C13 
  48      9C031D
  49 01c3 263C5238 		.ascii	"&<R8\255`@S\251\321h\312\206\215\315NC\007\365\022\200"
  49      AD604053 
  49      A9D168CA 
  49      868DCD4E 
  49      4307F512 
  50 01d8 8E8F93C6 		.ascii	"\216\217\223\306.j\022i\015c3\264\371l\226\272b\022"
  50      2E6A1269 
  50      0D6333B4 
  50      F96C96BA 
  50      6212
  51 01ea 4E5C090D 		.ascii	"N\\\011\015^P\351,\204\271\010c\020C=\241\241Fa\205"
  51      5E50E92C 
  51      84B90863 
  51      10433DA1 
  51      A1466185 
  52 01fe 1494FD61 		.ascii	"\024\224\375a\346\345\270\235.\212*\017S\367\357\372"
ARM GAS  C:\Users\Ciccio\AppData\Local\Temp\ccEFeGQP.s 			page 4


  52      E6E5B89D 
  52      2E8A2A0F 
  52      53F7EFFA 
  53 020e EF897550 		.ascii	"\357\211uP\203\005\265#\006\356\223j\214\327.\\|\223"
  53      8305B523 
  53      06EE936A 
  53      8CD72E5C 
  53      7C93
  54 0220 9C9D19E1 		.ascii	"\234\235\031\341\016\350\203:\370)\323\300\003\310\226"
  54      0EE8833A 
  54      F829D3C0 
  54      03C896
  55 022f 948D5B2C 		.ascii	"\224\215[,Buc\014\017%\203\274\304\217\220\341\025\370"
  55      4275630C 
  55      0F2583BC 
  55      C48F90E1 
  55      15F8
  56 0241 26BCA951 		.ascii	"&\274\251QIa\022\"-\010\313\302|g\360\2005\247!\313"
  56      49611222 
  56      2D08CBC2 
  56      7C67F080 
  56      35A721CB 
  57 0255 5C4B5B73 		.ascii	"\\K[s\"\311\345\270\353\326\203\177\200\307\262\266"
  57      22C9E5B8 
  57      EBD6837F 
  57      80C7B2B6 
  58 0265 B3F4AB10 		.ascii	"\263\364\253\020\322b\2604j\321\266\021E6x\"\025\311"
  58      D262B034 
  58      6AD1B611 
  58      45367822 
  58      15C9
  59 0277 8B63443D 		.ascii	"\213cD=Mo\266\030\3541\014\245\272n\344\254\312r\033"
  59      4D6FB618 
  59      EC310CA5 
  59      BA6EE4AC 
  59      CA721B
  60 028a AF9F9141 		.ascii	"\257\237\221A\346\372\227\314=\225T\336*\315br\240\034"
  60      E6FA97CC 
  60      3D9554DE 
  60      2ACD6272 
  60      A01C
  61 029c E423F62B 		.ascii	"\344#\366+\323[)\026[\177\333\262\372S&\021\241r8\340"
  61      D35B2916 
  61      5B7FDBB2 
  61      FA532611 
  61      A17238E0 
  62 02b0 19658201 		.ascii	"\031e\202\001\344\015\363\004\251\315?\332\037\365\347"
  62      E40DF304 
  62      A9CD3FDA 
  62      1FF5E7
  63 02bf 5CD71F29 		.ascii	"\\\327\037)\263\223\260\301%aC\226\260\312\2500\227"
  63      B393B0C1 
  63      25614396 
  63      B0CAA830 
  63      97
  64 02d0 C5337EB5 		.ascii	"\3053~\265\331\233LR\034\300 \210$\230\252\022\242:"
  64      D99B4C52 
ARM GAS  C:\Users\Ciccio\AppData\Local\Temp\ccEFeGQP.s 			page 5


  64      1CC02088 
  64      2498AA12 
  64      A23A
  65 02e2 37986478 		.ascii	"7\230dx)\311s\310Fj\"\231\237\037\335eeJ\214uL\377\370"
  65      29C973C8 
  65      466A2299 
  65      9F1FDD65 
  65      654A8C75 
  66 02f9 91E8CEE1 		.ascii	"\221\350\316\341\246\213\011(Ma\013\030}O\2350\261\314"
  66      A68B0928 
  66      4D610B18 
  66      7D4F9D30 
  66      B1CC
  67 030b 017AD6C4 		.ascii	"\001z\326\3047\377f\304*\265\001\027\036p\014\343\232"
  67      37FF66C4 
  67      2AB50117 
  67      1E700CE3 
  67      9A
  68 031c AC9C1CF7 		.ascii	"\254\234\034\367\342{\304\343>\224w\330}\2700\337\355"
  68      E27BC4E3 
  68      3E9477D8 
  68      7DB830DF 
  68      ED
  69 032d 3976B420 		.ascii	"9v\264 \257\310\343.*(\212vs\0162^X\014\371\242\310"
  69      AFC8E32E 
  69      2A288A76 
  69      730E325E 
  69      580CF9A2 
  70 0342 53FC0F3D 		.ascii	"S\374\017=k\025\366"
  70      6B15F6
  71              		.text
  72              		.section	.gnu.lto_get.275ce58f,"",%progbits
  73 0000 789C9554 		.ascii	"x\234\225T[KTQ\024\336k\357s\316\3148cJD\017\363R \""
  73      5B4B5451 
  73      14DE6BEF 
  73      73CECC38 
  73      634A440F 
  74 0018 913A1181 		.ascii	"\221:\021\201\320K\376\204\372\011\032B\202\222d\017"
  74      D04BFE84 
  74      FA091A42 
  74      8292640F 
  75 0028 BD79D429 		.ascii	"\275y\324)\245\2070\3150\357b\231\227\324\274\246v;"
  75      A58730CD 
  75      30EF6299 
  75      97D4BCA6 
  75      763B
  76 003a 5E528BCA 		.ascii	"^R\213\312\004%\2630\313K\026Dj\222\315C\235\326\332"
  76      0425B330 
  76      CB4B1644 
  76      6A92CD43 
  76      9DD6DA
  77 004d 67D47154 		.ascii	"g\324qT\264\3039\233\275\327^\337\267\276\265\327\332"
  77      B4C3399B 
  77      BDD75EDF 
  77      B7BEB5D7 
  77      DA
  78 005e 47B0ADCF 		.ascii	"G\260\255\3171\374\226U\306\342h\2411\340\014?.\030"
ARM GAS  C:\Users\Ciccio\AppData\Local\Temp\ccEFeGQP.s 			page 6


  78      31FC9655 
  78      C6E268A1 
  78      31E00C3F 
  78      2E18
  79 0070 D3B98283 		.ascii	"\323\271\202\203\"\0007A\221\243\012\200N\3002\270P"
  79      22003741 
  79      91A30A80 
  79      4EC032B8 
  79      50
  80 0081 54C880AF 		.ascii	"T\310\200\257|\211Cw\323\312+\347\002\367qv\230\341"
  80      7C894377 
  80      D3CA2BE7 
  80      02F77176 
  80      98E1
  81 0093 B2277FB8 		.ascii	"\262'\177\270H\243%(\264|\237g~\333\027uG\327\365\305"
  81      48A32528 
  81      B47C9F67 
  81      7EDB1775 
  81      47D7F5C5 
  82 00a7 BEB64BB7 		.ascii	"\276\266K\267nT\342\016g?9\203\273\340\206Zp\023a\035"
  82      6E54E20E 
  82      673F3983 
  82      BBE0865A 
  82      7013611D 
  83 00bb 44A16BFE 		.ascii	"D\241k\376D\211Mx\200P?\226\337\264\361\310j]\3172\272"
  83      44894D78 
  83      80503F96 
  83      DFB4F1C8 
  83      6A5DCF32 
  84 00d0 5AF578C5 		.ascii	"Z\365x\305\307\005\324\203\010\204\241\211A\003D\222"
  84      C705D483 
  84      0884A189 
  84      41034492 
  85 00e0 7BF9C287 		.ascii	"{\371\302\207.\020\307%\364\366\265\366B\036Q\205\320"
  85      2E10C725 
  85      F4F6B5F6 
  85      421E5185 
  85      D0
  86 00f1 E9B29941 		.ascii	"\351\262\231A\247^\244{\247M\363\220\217+p\317b\210"
  86      A75EA47B 
  86      A74DF390 
  86      8F2B70CF 
  86      6288
  87 0103 76C311B7 		.ascii	"v\303\021\267?{\004\370\006\276\344\270\304\011\011"
  87      3F7B04F8 
  87      06BEE4B8 
  87      C40909
  88 0112 BE525853 		.ascii	"\276RXS\240Z\340\362\352\027.}x\015\254B\323\346\360"
  88      A05AE0F2 
  88      EA172E7D 
  88      780DAC42 
  88      D3E6F0
  89 0125 EBF025EF 		.ascii	"\353\360%\357\237\267N\315\213\011\206C#D@3DPz\230\325"
  89      9FB74ECD 
  89      8B098643 
  89      23444033 
  89      44507A98 
ARM GAS  C:\Users\Ciccio\AppData\Local\Temp\ccEFeGQP.s 			page 7


  90 013a 7DD0F0B8 		.ascii	"}\320\360\270B\320gr\240l\215\266\266\177\320uy\235"
  90      42D06772 
  90      A06C8DB6 
  90      B67FD075 
  90      799D
  91 014c 56635B39 		.ascii	"Vc[9\241\005\"6a\214\306\326\332xo\245\376\3274a\007"
  91      A1052236 
  91      618CC6D6 
  91      DA786FA5 
  91      FED73461 
  92 0161 48AB847C 		.ascii	"H\253\204|\036m\351\325\010\222;]W=w\332X\307\004\037"
  92      1E6DE9D5 
  92      08923B5D 
  92      573D77DA 
  92      58C7041F 
  93 0175 B8C4B449 		.ascii	"\270\304\264ILE\236\317P,i\365\331C\001\322l\333a\332"
  93      4C459ECF 
  93      502C69F5 
  93      D94301D2 
  93      6CDB61DA 
  94 0189 FF5F5A47 		.ascii	"\377_ZGP\030\235z \3270\315S;\304\350\014\2121\3350"
  94      50189D7A 
  94      20D730CD 
  94      533BC4E8 
  94      0C8A31DD 
  95 019e 33B4DB91 		.ascii	"3\264\333\221=\010\302\004\006\331\026\320\205\225\362"
  95      3D08C204 
  95      06D916D0 
  95      8595F2
  96 01ad 57AB79BF 		.ascii	"W\253y\277\241\233f\333\353\336\234\270b\276\017\260"
  96      A19B66DB 
  96      EBDE9CB8 
  96      62BE0FB0 
  97 01bd B13807EA 		.ascii	"\2618\007\352,\354/\334V\320\240\2514h\264e\303\301"
  97      2CEC2FDC 
  97      56D0A0A9 
  97      3468B465 
  97      C3C1
  98 01cf 66A7A583 		.ascii	"f\247\245\203f!\214h\234\264v\321\020J>\214\315R\003"
  98      66218C68 
  98      9CB476D1 
  98      104A3E8C 
  98      CD5203
  99 01e2 B0399A8A 		.ascii	"\2609\232\212I\310\272\3312r]\245~X\345b\025\215h\352"
  99      49C8BAD9 
  99      32725DA5 
  99      7E58E562 
  99      158D68EA 
 100 01f6 6C19AB12 		.ascii	"l\031\253\022\226IA\351\037gGF\355tkT\331T\035\277+"
 100      964941E9 
 100      1F674746 
 100      ED746B54 
 100      D9541DBF 
 101 020b BE879641 		.ascii	"\276\207\226A\011\036\252\0351\320M\312\321^\272R\360"
 101      091EAA1D 
 101      31D04DCA 
 101      D15EBA52 
ARM GAS  C:\Users\Ciccio\AppData\Local\Temp\ccEFeGQP.s 			page 8


 101      F0
 102 021c 2E2CE6A8 		.ascii	".,\346\250\217;\240\007\312`Y\206\201\207\020#)?\035"
 102      8F3BA007 
 102      CA605986 
 102      81871023 
 102      293F1D
 103 022f B408D5BD 		.ascii	"\264\010\325\2751<\222\014\362F?F\206q\360Nd\273\375"
 103      313C920C 
 103      F2463F46 
 103      8671F04E 
 103      64BBFD
 104 0242 92564988 		.ascii	"\222VI\210LAX),.\216\235\261\3664d\231\257m\254\011"
 104      4C415829 
 104      2C2E8E9D 
 104      B1F63464 
 104      99AF6DAC 
 105 0257 25B91C2B 		.ascii	"%\271\034+o=\370;x\"\317w\216\376\033B\2468\336\353"
 105      6F3DF83B 
 105      7822CF77 
 105      8EFE1B42 
 105      A638DEEB 
 106 026b 4FD1B617 		.ascii	"O\321\266\027E6x*\025\311\313c\004\345d\017`\310\324"
 106      4536782A 
 106      15C9CB63 
 106      04E5640F 
 106      60C8D4
 107 027e 75E3E4B6 		.ascii	"u\343\344\266,\015x\015\215\030J\256w#\271>I\225]\244"
 107      2C0D780D 
 107      8D184AAE 
 107      7723B93E 
 107      49955DA4 
 108 0292 594C0E94 		.ascii	"YL\016\224\203|\304\376\353j\264e\013\011,\201mS\011"
 108      837CC4FE 
 108      EB6AB465 
 108      0B092C81 
 108      6D5309
 109 02a5 2898CD47 		.ascii	"(\230\315G'\342\200~\012\006\003H-\265-\215/\371\363"
 109      27E2807E 
 109      0A060348 
 109      2DB52D8D 
 109      2FF9F3
 110 02b8 73EE9A1F 		.ascii	"s\356\232\037)\263\223\260g\033\302\006-a\371~a.\213"
 110      29B393B0 
 110      671BC206 
 110      2D61F97E 
 110      612E8B
 111 02cb 67B4B826 		.ascii	"g\264\270&;\214t8\200\301\020\222`\250| \227\275\007"
 111      3B8C7438 
 111      80C11092 
 111      60A87C20 
 111      97BD07
 112 02de 19DE08F2 		.ascii	"\031\336\010\362\034b\220\232H\246r\346\213\375\241"
 112      1C62909A 
 112      48A672E6 
 112      8BFDA1
 113 02ed 42316559 		.ascii	"B1eY*\254\262\230\200\314p\266\202\247>E\223U\202\315"
 113      2AACB298 
ARM GAS  C:\Users\Ciccio\AppData\Local\Temp\ccEFeGQP.s 			page 9


 113      80CC70B6 
 113      82A73E45 
 113      935582CD 
 114 0301 0360A145 		.ascii	"\003`\241Ei\307\001\364U^v\270\260\243\321\214>\321"
 114      69C701F4 
 114      555E76B8 
 114      B0A3D18C 
 114      3ED1
 115 0313 B1B19EF5 		.ascii	"\261\261\236\365\367|\272\347\\B\212'%9\321\223~\361"
 115      F77CBAE7 
 115      5C428A27 
 115      2539D193 
 115      7EF1
 116 0325 4252426A 		.ascii	"BRBj\272'5)\325?\215=\313xr\032$\212\324\364\264\177"
 116      BA273529 
 116      D53F8D3D 
 116      CB78721A 
 116      248AD4F4 
 117 033b 70EF1651 		.ascii	"p\357\026Q"
 118              		.text
 119              		.section	.gnu.lto_writes.275ce58f,"",%progbits
 120 0000 789C8D94 		.ascii	"x\234\215\224\373oLA\024\307\347\314\334{w\267\335j"
 120      FB6F4C41 
 120      14C7E7CC 
 120      DC7B77B7 
 120      DD6A
 121 0012 F9455284 		.ascii	"\371ER\204\244\032\021\332E\"\022$\374\350G\377\202"
 121      A41A11DA 
 121      45221224 
 121      FCE847FF 
 121      82
 122 0023 5742A234 		.ascii	"WB\2424\352\327\306m\255\325\370A\244-\251T=\"\236e"
 122      EAD7C66D 
 122      ADD5F841 
 122      A42DA954 
 122      3D229E65 
 123 0037 AB8F5D45 		.ascii	"\253\217]EqQ\024\365~t=\242E\2755\2546i\227\324u\316"
 123      715114F5 
 123      7E743DA2 
 123      45BD35AC 
 123      366997D4 
 124 004d CCD6D66D 		.ascii	"\314\326\326m\331\275\331\235\275sf>\337\363\235\331"
 124      D9BDD99D 
 124      BD73663E 
 124      DFF39DD9 
 125 005d 3323D8C8 		.ascii	"3#\330\310g\026~g\273\030\233O\035\203\001g\370\345"
 125      67167E67 
 125      BB189B4F 
 125      1D830167 
 125      F8E5
 126 006f 8231936B 		.ascii	"\2021\223k\330h\002\360\0074\320\261\325\001p\022\260"
 126      D86802F0 
 126      0734D0B1 
 126      D5017012 
 126      B0
 127 0080 4D5C683A 		.ascii	"M\\h:l\202\217<\312\341L\260\357v\372\007\036\343l\012"
 127      6C828F3C 
ARM GAS  C:\Users\Ciccio\AppData\Local\Temp\ccEFeGQP.s 			page 10


 127      CAE14CB0 
 127      EF76FA07 
 127      1EE36C0A 
 128 0094 C3EED9F2 		.ascii	"\303\356\331\362\266*\203\272\310a\267\343IU\207g\332"
 128      B62A83BA 
 128      C861B7E3 
 128      49558767 
 128      DA
 129 00a5 21D32CFD 		.ascii	"!\323,\375\366\372\363u\357\226%1\316Y/gp\004\262\341"
 129      F6FAF375 
 129      EF962531 
 129      CE592F67 
 129      7004B2E1 
 130 00b9 286493DE 		.ascii	"(d\223\3361\230\2063\313#\325.\341\003\202\276~\277"
 130      31988633 
 130      CB23D52E 
 130      E10382BE 
 130      7EBF
 131 00cb D7C8730F 		.ascii	"\327\310s\017\"d\2654\230\213\265\030\027p\034\304p"
 131      2264B534 
 131      988BB518 
 131      17701CC4 
 131      70
 132 00dc 0C430C6A 		.ascii	"\014C\014j!\027g\007[\374\337\0141G\222\257\374e\021"
 132      21176707 
 132      5BFCDF0C 
 132      314792AF 
 132      FC6511
 133 00ef AF223B15 		.ascii	"\257\";\025\251\301\011'\25118)\311G\2217\001M\314\225"
 133      A9C10927 
 133      A9313829 
 133      C9479137 
 133      014DCC95 
 134 0103 64E87CF0 		.ascii	"d\350|\360Z\246\"\177(\022\225\235$v\352 \227\246\307"
 134      5AA6227F 
 134      2812959D 
 134      2476EA20 
 134      97A6C7
 135 0116 5ADF6FF5 		.ascii	"Z\337o\365\212y\022\015\354<\\\241\347\034@\264\253"
 135      8A79120D 
 135      EC3C5CA1 
 135      E71C40B4 
 135      AB
 136 0127 F3C14ACB 		.ascii	"\363\301J\313\277\337\374e\333\020\343:\234\372[@=H"
 136      BFDFFC65 
 136      DB10E33A 
 136      9CFA5B40 
 136      3D48
 137 0139 44FD831D 		.ascii	"D\375\203\035\351\206\3374\315,\250\207\034\332\020"
 137      E986DF34 
 137      CD2CA887 
 137      1CDA10
 138 0148 DC870630 		.ascii	"\334\207\0060p\177\2758\376\254\265fH\361cS\367\322"
 138      707FBD38 
 138      FEACB566 
 138      48F16353 
 138      F7D2
ARM GAS  C:\Users\Ciccio\AppData\Local\Temp\ccEFeGQP.s 			page 11


 139 015a 84A4C146 		.ascii	"\204\244\301F\352A#\344\374\305X\301\206\243\213\377"
 139      EA4123E4 
 139      FCC558C1 
 139      86A38BFF 
 140 016a 8F343991 		.ascii	"\21749\221cI\221\220\003\351\372\324\234\324Y\330\231"
 140      63499190 
 140      03E9FAD4 
 140      9CD459D8 
 140      99
 141 017b A639699A 		.ascii	"\2469i\232\323\022\331\267#fi*\315\347\027\303\323\270"
 141      D312D9B7 
 141      2366692A 
 141      CDE717C3 
 141      D3B8
 142 018d 46639A9D 		.ascii	"Fc\232\235i*\256\224N5K\006l\333\365\217,g\034\204\271"
 142      692AAE94 
 142      4E354B06 
 142      6CDBF58F 
 142      2C671C84 
 143 01a2 BB723F2F 		.ascii	"\273r?/\263l{\021\025\326(\300Y\347\352\277$_\375\271"
 143      B36C7B11 
 143      15D628C0 
 143      59E7EABF 
 143      245FFDB9 
 144 01b6 FF241915 		.ascii	"\377$\031\025h\221\300\273\332\312\255\022\330\326\325"
 144      6891C0BB 
 144      DACAAD12 
 144      D8D6D5
 145 01c5 7338A0B7 		.ascii	"s8\240\267\231\376.\333\236<\362\334H\344<\344P\005"
 145      99FE2EDB 
 145      9E3CF2DC 
 145      48E43CE4 
 145      5005
 146 01d7 D58DB34C 		.ascii	"\325\215\263L\333n\254\033\214L\200q \253\224\003\235"
 146      DB6EAC1B 
 146      8C4C8071 
 146      20AB9403 
 146      9D
 147 01e8 0F3C2538 		.ascii	"\017<%8\254a\355\032:5\0065.\240\011nz\365P\223&\201"
 147      AC61ED1A 
 147      3A350635 
 147      2EA0096E 
 147      7AF55093 
 148 01fe 747C7579 		.ascii	"t|uy\251\237A\307k\014\320)\311\244~\0265ce\375\263"
 148      A99F41C7 
 148      6B0CD029 
 148      C9A47E16 
 148      356365FD 
 149 0213 6E2A55F6 		.ascii	"n*U\366\226^\3053(\335\025\255\233N\205\333\317E?\306"
 149      965EC533 
 149      28DD15AD 
 149      9B4E85DB 
 149      CF453FC6 
 150 0227 30128E36 		.ascii	"0\022\2166e\253\210\206\213\351\354\276{\337M\327\201"
 150      65AB8886 
 150      8BE9ECBE 
 150      7BDF4DD7 
ARM GAS  C:\Users\Ciccio\AppData\Local\Temp\ccEFeGQP.s 			page 12


 150      81
 151 0238 2E0B3F34 		.ascii	".\013?4\260\257'\243\006\252q\313\334\210\300\005Z\011"
 151      B0AF27A3 
 151      06AA71CB 
 151      DC88C005 
 151      5A09
 152 024a C6F7F455 		.ascii	"\306\367\364U<\315\314\233A\207\356\"\324\300w\231\004"
 152      3CCDCC9B 
 152      4187EE22 
 152      D4C07799 
 152      04
 153 025b 2CC8938A 		.ascii	",\310\223\212\007\306+A=5\205KRA^U\227\245\302\346\312"
 153      07C62B41 
 153      3D35854B 
 153      52415E55 
 153      97A5C2E6 
 154 0270 403B5712 		.ascii	"@;W\022d\013\205\330c\360\267o\316\376\023s1\265*\241"
 154      640B85D8 
 154      63F0B76F 
 154      CEFE1373 
 154      31B52AA1 
 155 0284 5615AE0F 		.ascii	"V\025\256\017MTc\356\324R^I\230n\0352\035W\360\244\246"
 155      4D5463EE 
 155      D4525E49 
 155      986E1D32 
 155      1D57F0A4 
 156 0299 703561FA 		.ascii	"p5a\372\332\220\351\205J!\255\237(\2174\250\305\015"
 156      DA90E985 
 156      4A21AD9F 
 156      288F34A8 
 156      C50D
 157 02ab 464393D4 		.ascii	"FC\223\324`z*\362.\270.\345\3455\323\346\330U\3570\205"
 157      607A2AF2 
 157      2EB82EE5 
 157      E535D3E6 
 157      D855EF30 
 158 02c0 12D3B416 		.ascii	"\022\323\264\026\214\252R\213\227\225\225ONo$\234\336"
 158      8CAA528B 
 158      9795954F 
 158      4E6F249C 
 158      DE
 159 02d1 544EAB02 		.ascii	"TN\253\002\361\265f\240\037\024d/\360&\303\000\321{"
 159      F1B566A0 
 159      1F14642F 
 159      F026C300 
 159      D17B
 160 02e3 1F6E0FF2 		.ascii	"\037n\017\362\342\237f\231\351\216qO/qp\013\212\231"
 160      E29F6699 
 160      E98E714F 
 160      2F71700B 
 160      8A99
 161 02f5 9C3CA61F 		.ascii	"\234<\246\037oR\236&\355\324\207\343\"\231IWD^\334d"
 161      6F529E26 
 161      EDD487E3 
 161      22994957 
 161      445EDC64 
 162 0309 A53D61E5 		.ascii	"\245=a\345\266\262Rn(\221,\324AqR.\007\012\245.z'!z"
ARM GAS  C:\Users\Ciccio\AppData\Local\Temp\ccEFeGQP.s 			page 13


 162      B6B2526E 
 162      28912CD4 
 162      4171522E 
 162      070AA52E 
 163 0321 17F2508A 		.ascii	"\027\362P\212\311:\017\013\245<\226d\331;\000\254\032"
 163      C93A0F0B 
 163      A53C9664 
 163      D93B00AC 
 163      1A
 164 0332 8E4D9A38 		.ascii	"\216M\2328\321\003\370\317`\201\213\010\224d\261>\334"
 164      D103F8CF 
 164      60818B08 
 164      9464B13E 
 164      DC
 165 0343 E5975062 		.ascii	"\345\227Pb=\317\210\003\214N\0152\030\237\231\237\357"
 165      3DCF8803 
 165      8C4E0D32 
 165      189F999F 
 165      EF
 166 0354 FBF3595F 		.ascii	"\373\363Y_\344[\275l\255o\355\232\345\276\242\215\033"
 166      E45BBD6C 
 166      AD6FED9A 
 166      E5BEA28D 
 166      1B
 167 0365 562D2B28 		.ascii	"V-+(\362\025\254*\210\277\346\257`|M!_^\010\353DAQ\341"
 167      F215AC2A 
 167      88BFE6AF 
 167      607C4D21 
 167      5F5E08EB 
 168 037d 6F2E9575 		.ascii	"o.\225ub"
 168      62
 169              		.text
 170              		.section	.gnu.lto_reads.275ce58f,"",%progbits
 171 0000 789C8D94 		.ascii	"x\234\215\224\373KTA\024\307\347\314\334{wW\327|\374"
 171      FB4B5441 
 171      14C7E7CC 
 171      DC7B7757 
 171      D77CFC
 172 0013 50204591 		.ascii	"P E\221ID\351V\020A\004\372c?\366/\364\202\202,\311"
 172      4944E956 
 172      104104FA 
 172      633FF62F 
 172      F482822C 
 173 0028 7E8DAEB6 		.ascii	"~\215\256\266\255\322\017\021ja\224=\210\312\26245\255"
 173      ADD20F11 
 173      6A61943D 
 173      88CAB234 
 173      35AD
 174 003a 7CDECACA 		.ascii	"|\336\312\312J\263\267[D)\231\025Q\266)\350\245\307"
 174      4AB3B75B 
 174      44299915 
 174      51B629E8 
 174      A5C7
 175 004c ED9C99B5 		.ascii	"\355\234\231\265\265\325\332]\334\343\235s\347\363="
 175      B5D5DA5D 
 175      DCE39D73 
 175      E7F33D
ARM GAS  C:\Users\Ciccio\AppData\Local\Temp\ccEFeGQP.s 			page 14


 176 005b DF993D33 		.ascii	"\337\231=3\202M\375,\305\3572\027c\253h`0\340\014\277"
 176      824DFD2C 
 176      C5EF3217 
 176      63AB6860 
 176      30E00CBF 
 177 006f 5C306672 		.ascii	"\\0fr\015\203&\000\377\201\006:F\035\000'\001\333\315"
 177      0D832600 
 177      FF81063A 
 177      461D0027 
 177      01DBCD
 178 0082 85A6C36E 		.ascii	"\205\246\303n\370\310C\034\256\325\214\366$~\3406g\363"
 178      F8C8431C 
 178      AED58CF6 
 178      247EE036 
 178      67F3
 179 0094 180E9B4B 		.ascii	"\030\016\233K\273*\014\032\"\207\303\276\347\025}\236"
 179      BB2A0C1A 
 179      2287C3BE 
 179      E7157D9E 
 180 00a4 85A74DB3 		.ascii	"\205\247M\263\350k\321\360\035\357\33656\347l\20438"
 180      E86BD1F0 
 180      1DEFDE35 
 180      36E76C84 
 180      3338
 181 00b6 0BE95005 		.ascii	"\013\351P\005\351\244w\016\026\342\314\322\340\021\227"
 181      E9A4770E 
 181      16E2CCD2 
 181      E01197
 182 00c5 F00141C3 		.ascii	"\360\001A\303\337\0366\360\314S\010Y-\365f\256fs\001"
 182      DF1E36F0 
 182      CC530859 
 182      2DF566AE 
 182      667301
 183 00d8 E7414CC6 		.ascii	"\347AL\3060\305\240\0322qvM\253\377\253!\226Kr\300_"
 183      30C5A01A 
 183      3271764D 
 183      ABFFAB21 
 183      964B72C0 
 184 00ed 12F42A32 		.ascii	"\022\364*2\250H\015.D\223\032\203\213\222|\032|\033"
 184      A8480D2E 
 184      44931A83 
 184      8B927C1A 
 184      7C1B
 185 00ff D0C40A49 		.ascii	"\320\304\012I6\266\325\334NV\344'E\242r4\211\203Z\310"
 185      36B6D5DC 
 185      4E56E427 
 185      45A27234 
 185      89835AC8 
 186 0113 A4E976E7 		.ascii	"\244\351v\347\373b\257X)\321\300\3013ez\306ID\373\355"
 186      FB62AF58 
 186      29D1C0C1 
 186      33657AC6 
 186      4944FBED 
 187 0127 C71B2DFF 		.ascii	"\307\033-\377\011\363\227\343\200\315u\270\364\267\200"
 187      09F397E3 
 187      80CD75B8 
 187      F4B780
ARM GAS  C:\Users\Ciccio\AppData\Local\Temp\ccEFeGQP.s 			page 15


 188 0136 FA2011F2 		.ascii	"\372 \021\362\377\354K4\374\246i\246@\035d\320\206\340"
 188      FFEC4B34 
 188      FCA669A6 
 188      401D64D0 
 188      86E0
 189 0148 3ED48381 		.ascii	">\324\203\201\373\353\305\367/;+'\024\277_\036\\\033"
 189      FBEBC5F7 
 189      2F3B2B27 
 189      14BF5F1E 
 189      5C1B
 190 015a 9134D854 		.ascii	"\2214\330T=h\200\214\277\030\353b}U\356\377\221\313"
 190      3D68808C 
 190      BF18EB62 
 190      7D55EEFF 
 190      91CB
 191 016c D148554C 		.ascii	"\321HUL\2441\012\351\377q5\246\263\246\3502\2651\313"
 191      A4310AE9 
 191      FF7135A6 
 191      B3A6E832 
 191      B531CB
 192 017f 5C91C8F1 		.ascii	"\\\221\310\361\003\266\245\2512?G'\227\321\246c\256"
 192      03B6A5A9 
 192      323F4727 
 192      97D1A663 
 192      AE
 193 0190 469729BB 		.ascii	"F\227)\273Y\264\300,\034w\034\327?\252\\\213\"\314\303"
 193      59B4C02C 
 193      1C771CD7 
 193      3FAA5C8B 
 193      22CCC3
 194 01a3 E5277889 		.ascii	"\345'x\211\345896wM\0074G\257\376W{\314\325\267\374"
 194      E5383936 
 194      774D0734 
 194      47AFFE57 
 194      7BCCD5B7 
 195 01b8 A7C8B440 		.ascii	"\247\310\264@\253\004\206\252\313\213%\260\257\3379"
 195      AB0486AA 
 195      CB8B25B0 
 195      AFDF39
 196 01c7 13D0BB4C 		.ascii	"\023\320\273L\177\277\343\314\235zn$\322\006\031\324"
 196      7FBFE3CC 
 196      9D7A6E24 
 196      D20619D4 
 197 01d7 41B56996 		.ascii	"A\265i\226\3518\015\255_*\346\247\246\201\354R\016t"
 197      E9380DAD 
 197      5F2AE6A7 
 197      A681EC52 
 197      0E74
 198 01e9 3EF094E0 		.ascii	">\360\224\340k\015{\327\320)\030\024\\@\023\334\364"
 198      6B0D7BD7 
 198      D0291814 
 198      5C4013DC 
 198      F4
 199 01fa E8A19020 		.ascii	"\350\241\220 \201D:\032^\032'ap\315\000:%\3114N\241"
 199      81443A1A 
 199      5E1A2761 
 199      70CD003A 
ARM GAS  C:\Users\Ciccio\AppData\Local\Temp\ccEFeGQP.s 			page 16


 199      25C9344E 
 200 020f 902AFB9F 		.ascii	"\220*\373\237\015R\253\262w\364(^B\321\241P\353\"j\334"
 200      0D52ABB2 
 200      77F4285E 
 200      42D1A150 
 200      EB226ADC 
 201 0223 312EC630 		.ascii	"1.\3060\207\231\246P[\272\312h\270\2307\203\275\217"
 201      8799A650 
 201      5BBACA68 
 201      B8983783 
 201      BD8F
 202 0235 DC741DE8 		.ascii	"\334t\035\350\262\361\033\307\217\177N\252\204#\270"
 202      B2F11BC7 
 202      8F7F4EAA 
 202      8423B8
 203 0244 656E44A0 		.ascii	"enD\240\235V\202\371\243\243e/\222\263\026\323\241\353"
 203      9D5682F9 
 203      A3A3652F 
 203      92B316D3 
 203      A1EB
 204 0256 804AF826 		.ascii	"\200J\370&\213\200\005YRq`\246\022\324\343S\270.\025"
 204      8B800559 
 204      527160A6 
 204      12D4E353 
 204      B82E15
 205 0269 E4557543 		.ascii	"\344UuC*\354)\017tr%A\266P\210=\003\177\367\236\364"
 205      2AEC290F 
 205      74722541 
 205      B650883D 
 205      037FF79E 
 206 027e 3F391753 		.ascii	"?9\027S\253\022jUMu\355\263\325;w|%oFLwN\230\236\245"
 206      AB126A55 
 206      4D75EDB3 
 206      D53B777C 
 206      256F464C 
 207 0297 143CF129 		.ascii	"\024<\361)\334\212\230\276=az\265RH\030#\312#\015ja"
 207      DC8A98BE 
 207      3D617AB5 
 207      52481823 
 207      CA230D6A 
 208 02ac 83A1F6F0 		.ascii	"\203\241\366\360\266'\306#\257\301\035)/\257\231\256"
 208      B627C623 
 208      AFC11D29 
 208      2FAF99AE 
 209 02bc B0C19373 		.ascii	"\260\301\223s\224\202w\222B\241iZ9\323\252T\343ee\255"
 209      94827792 
 209      42A1695A 
 209      39D3AA54 
 209      E36565AD 
 210 02d0 22A77723 		.ascii	"\"\247w#N\357)\247\025\201\360n%\241\037\024d\257\360"
 210      4EEF29A7 
 210      1581F06E 
 210      25A11F14 
 210      64AFF0
 211 02e3 26C304D1 		.ascii	"&\303\004\321\307\236\354\257\341\273\276\233%\246\333"
 211      C79EECAF 
 211      E1BBBE9B 
ARM GAS  C:\Users\Ciccio\AppData\Local\Temp\ccEFeGQP.s 			page 17


 211      25A6DB
 212 02f2 E69E11E2 		.ascii	"\346\236\021\342\340>\354bc|\206\234\217\236\023\244"
 212      E03EEC62 
 212      637C869C 
 212      8F9E13A4 
 213 0302 9DBA8EB9 		.ascii	"\235\272\216\271J$9\346\212\310\213\233\254tG\254\364"
 213      4A2439E6 
 213      8AC88B9B 
 213      AC7447AC 
 213      F4
 214 0313 282BA586 		.ascii	"(+\245\206\022IA\035\024'\345R\240T\374\242\017\"\242"
 214      1249411D 
 214      1427E552 
 214      A054FCA2 
 214      0F22A2
 215 0326 BD908552 		.ascii	"\275\220\205RL\366y\207P\312\251$\313\206\000\260k8"
 215      4CF67987 
 215      50CAA924 
 215      CB8600B0 
 215      6B38
 216 0338 8604D13D 		.ascii	"\206\004\321=\014\370\313`\203\213 \024\246\260Q\334"
 216      0CF8CB60 
 216      838B2014 
 216      A6B051DC 
 217 0348 E5D75068 		.ascii	"\345\327Ph9Ia\200\321\251A\006\363K\262\263}\177\376"
 217      39496180 
 217      D1A94106 
 217      F34BB2B3 
 217      7D7FFE
 218 035b B617F836 		.ascii	"\266\027\3706\257\333\352\333\272e\275\257`\347\216"
 218      AFDBEADB 
 218      BA65BDAF 
 218      60E78E
 219 036a 4DEBF20A 		.ascii	"M\353\362\012|y\233\362\302\217\331\033\030\337\222"
 219      7C799BF2 
 219      C28FD91B 
 219      18DF92
 220 0379 CFD7E7C3 		.ascii	"\317\327\347\3036\221W\220\377\033\033\277va"
 220      36915790 
 220      FF1B1BBF 
 220      7661
 221              		.text
 222              		.section	.gnu.lto_msObjectInit.275ce58f,"",%progbits
 223 0000 789C9592 		.ascii	"x\234\225\222\337K\223Q\030\307\317\367\234ws0\303\010"
 223      DF4B9351 
 223      18C7CFF7 
 223      9C777330 
 223      C308
 224 0012 02F1AA9B 		.ascii	"\002\361\252\233!Q\333.\272\353\242\242\233\37274&\011"
 224      2151DB2E 
 224      BAEBA2A2 
 224      9BFA3734 
 224      2609
 225 0024 0E63AB9B 		.ascii	"\016c\253\233`x&\206\004\201\322\017\033\324\360B\""
 225      60782686 
 225      0481D20F 
 225      1BD4F042 
ARM GAS  C:\Users\Ciccio\AppData\Local\Temp\ccEFeGQP.s 			page 18


 225      22
 226 0035 CDF26796 		.ascii	"\315\362g\226\323jo\255\213\274(\023\"\255 \205&\331"
 226      D36A6FAD 
 226      8BBC2813 
 226      22AD2085 
 226      26D9
 227 0047 C572D391 		.ascii	"\305r\323\221\275\225\330\363\234\015\011\353\242\275"
 227      BD95D8F3 
 227      9C0D09EB 
 227      A2BD
 228 0055 BC87F73C 		.ascii	"\274\207\367<\347y\276\237\363\234\357y\225\370\373"
 228      E779BE9F 
 228      F39CEF79 
 228      95F8FB
 229 0064 D94B23A2 		.ascii	"\331K#\242\2048\316\201\022\220\202\006@\001D\233D\033"
 229      8438CE81 
 229      12908206 
 229      4001449B 
 229      441B
 230 0076 BEC88244 		.ascii	"\276\310\202D\267=\230\360\326\337\322Z\347\327R\265"
 230      B73D98F0 
 230      D6DFD25A 
 230      E7D752B5 
 231 0086 176A1D2A 		.ascii	"\027j\035*[\227%\002n\243\236J\234\347\237;\253U\020"
 231      5B972502 
 231      6EA39E4A 
 231      9CE79F3B 
 231      AB5510
 232 0099 82E6A9A1 		.ascii	"\202\346\251\241\342K\357\212t$\366q8u\371E\302\315"
 232      E24BEF8A 
 232      7424F671 
 232      3875F945 
 232      C2CD
 233 00ab A1B4389C 		.ascii	"\241\2648\234[^\312W\371\372\264n\267g\306\3641\313"
 233      5B5ECA57 
 233      F9FAB46E 
 233      B767C6F4 
 233      31CB
 234 00bd 910AFD50 		.ascii	"\221\012\375P\304\303\000\352p\007u\202\226\004\006"
 234      C4C300EA 
 234      70077582 
 234      960406
 235 00cc E1A3EA4F 		.ascii	"\341\243\352O\351\221\037^u\310p\347/^Z)+\027KJ\013"
 235      E9911F5E 
 235      75C870E7 
 235      2F5E5A29 
 235      2B174B4A 
 236 00e1 77772A2D 		.ascii	"ww*-\201{F\371z&\376\241F\0356\312\342jf\241\332(\227"
 236      817B46F9 
 236      7A26FEA1 
 236      461D36CA 
 236      E26A66A1 
 237 00f8 1632AFAA 		.ascii	"\0262\257\252\365IG\2720\264S\352\022\0306\322Ln\374"
 237      F54947BA 
 237      30B453EA 
 237      121836D2 
 237      4C6EFC
ARM GAS  C:\Users\Ciccio\AppData\Local\Temp\ccEFeGQP.s 			page 19


 238 010b 1AD45123 		.ascii	"\032\324Q#\325\327\327\223\236\322\246\263\245M]\030"
 238      D5D7D793 
 238      9ED2A6B3 
 238      A54D5D18 
 239 011b F9877214 		.ascii	"\371\207r\024>./tl\316{\335\035d\325\356\222E\030\203"
 239      3E2E2F74 
 239      6CCE7BDD 
 239      1D64D5EE 
 239      92451883 
 240 012f 9BFD1CDE 		.ascii	"\233\375\034\336c\353\255\255\276\241_\323\226\013\340"
 240      63EBADAD 
 240      BEA15FD3 
 240      960BE0
 241 013e D391CFD4 		.ascii	"\323\221\317\324\251\002oj\301\000D\326\270\272,\351"
 241      A9026F6A 
 241      C10044D6 
 241      B8BA2CE9 
 242 014e A3DEA3FD 		.ascii	"\243\336\243\375[\347\333\344\021&\020y1;;\347a\033"
 242      5BE7DBE4 
 242      11261079 
 242      313B3BE7 
 242      611B
 243 0160 E9BA289C 		.ascii	"\351\272(\234\370\336\233\333\225\304\215\270\326\266"
 243      F8DE9BDB 
 243      95C48DB8 
 243      D6B6
 244 016e DB91EE0D 		.ascii	"\333\221\356\015\302\215S3\234\273Y\274\362\256\306"
 244      C28D5333 
 244      9CBB59BC 
 244      F2AEC6
 245 017d 7FC09155 		.ascii	"\177\300\221U\270\217$\326\014\024\023\360S\256\247"
 245      B88F24D6 
 245      0C1413F0 
 245      53AEA7
 246 018c EBCDA48A 		.ascii	"\353\315\244\212\375\324\011\355\241\374&\247\376\204"
 246      FDD409ED 
 246      A1FC26A7 
 246      FE84
 247 019a 579970A0 		.ascii	"W\231p\240\353\352$\030\336\315U\036<@\014\017\313\360"
 247      EBEA2418 
 247      DECD551E 
 247      3C400C0F 
 247      CBF0
 248 01ac DE6C7FC2 		.ascii	"\336l\177\302k\000\366~\336\201\013\211\236BLP\307="
 248      6B00F67E 
 248      DE810B89 
 248      9E424C50 
 248      C73D
 249 01be 855C4195 		.ascii	"\205\\A\225;\376\257\026-L\231\026\315?7\015\377\006"
 249      3BFEAF16 
 249      2D4C9916 
 249      CD3F370D 
 249      FF06
 250 01d0 9D9D39A3 		.ascii	"\235\2359\243_+\343\270\360\310p\214\347\217\231\243"
 250      5F2BE3B8 
 250      F0C8708C 
 250      E78F99A3 
ARM GAS  C:\Users\Ciccio\AppData\Local\Temp\ccEFeGQP.s 			page 20


 251 01e0 4AFD54CC 		.ascii	"J\375T\314yb8\2129i\346X\314\311\217\254V\312\261\015"
 251      7962388A 
 251      3969E658 
 251      CCC98FAC 
 251      56CAB10D 
 252 01f4 C762CE53 		.ascii	"\307b\316Sc\375\266\311.ZzF\202\217\210\333\351\023"
 252      63FDB6C9 
 252      2E5A7A46 
 252      828F88DB 
 252      E913
 253 0206 4CE50BCA 		.ascii	"L\345\013\312\262\007\324\376\301@ \270\375\266F\203"
 253      B207D4FE 
 253      C14020B8 
 253      FDB64683 
 254 0216 A71B5A82 		.ascii	"\247\033Z\202-\315\215\301\350\331H\250!\034\015\206"
 254      2DCD8DC1 
 254      E8D948A8 
 254      211C0D86 
 255 0226 43E1F234 		.ascii	"C\341\3624pJ\250p\364\214\273\361\\SS(bE\233\317\207"
 255      704AA870 
 255      F48CBBF1 
 255      5C535328 
 255      62459BCF 
 256 023b 54A835FA 		.ascii	"T\2505\372\033u#G}"
 256      1B752347 
 256      7D
 257              		.text
 258              		.section	.gnu.lto_.symbol_nodes.275ce58f,"",%progbits
 259 0000 789C55CA 		.ascii	"x\234U\312=\016@@\024\004\3401\317\312\026\356<\032"
 259      3D0E4040 
 259      1404E031 
 259      CFCA16EE 
 259      3C1A
 260 0012 A1F4DF12 		.ascii	"\241\364\337\022Q8\215J\234\302!H\254b\247\232|3\006"
 260      51388D4A 
 260      9CC22148 
 260      AC62A79A 
 260      7C3306
 261 0025 A044083B 		.ascii	"\240D\010;\012h\016@\302\271\3279\330SI,\015\305XZ\312"
 261      0A680E40 
 261      C2B9D739 
 261      D853492C 
 261      0DC5585A 
 262 003a 6219A9F4 		.ascii	"b\031\251\364\227k\361p\003\261\276\257d\242\3347\240"
 262      976BF170 
 262      03B1BEAF 
 262      64A2DC37 
 262      A0
 263 004b 283C8C19 		.ascii	"(<\214\031\266\352\236\275Y(x\000r\347&\335"
 263      B6EA9EBD 
 263      59287800 
 263      72E726DD 
 264              		.text
 265              		.section	.gnu.lto_.refs.275ce58f,"",%progbits
 266 0000 789C6366 		.ascii	"x\234cf``\020`\200\000F\026&VF\026V&&&f&\006&F\006\000"
 266      60601060 
 266      80004616 
ARM GAS  C:\Users\Ciccio\AppData\Local\Temp\ccEFeGQP.s 			page 21


 266      26564616 
 266      56262626 
 267 001b 03570038 		.ascii	"\003W\0008"
 268              		.text
 269              		.section	.gnu.lto_.decls.275ce58f,"",%progbits
 270 0000 789CAD57 		.ascii	"x\234\255WiPTW\026~\367\275\336hZ\260\312\214N\231\231"
 270      69505457 
 270      167EF7BD 
 270      DE685AB0 
 270      CA8C4E99 
 271 0015 B12555D6 		.ascii	"\261%U\326,\006L\234\311,\177\306\224U\0113U\306\314"
 271      2C064C9C 
 271      C92C7FC6 
 271      94550933 
 271      55C6CC
 272 0028 963FA18A 		.ascii	"\226?\241\212\202\346\001=E\323\014\375\030\343TY\363"
 272      82E6013D 
 272      45D30CFD 
 272      18E35459 
 272      F3
 273 0039 A451C18D 		.ascii	"\244Q\301\215EQ D\332\200\242\010\004\005E6\005YB\013"
 273      45512044 
 273      DA80A208 
 273      04054536 
 273      0559420B 
 274 004d 8A2C8A08 		.ascii	"\212,\212\010\012\256\270\240 \"\342\002\314\271\367"
 274      0AAEB8A0 
 274      2022E202 
 274      CCB9F7
 275 005c BED79B8D 		.ascii	"\276\327\233\2153\223J\027\247\373\335s\277s\316w\316"
 275      33934A17 
 275      A7FBDD73 
 275      BF73CE77 
 275      CE
 276 006d B9F73CE5 		.ascii	"\271\367<\345\030\206\321\263\0143\013\237(?\206\351"
 276      1886D1B3 
 276      0C330B9F 
 276      283F86E9 
 277 007d 826715E8 		.ascii	"\202g\025\350>e\234\037\274n\000i\006\351\002\351\003"
 277      3E659C1F 
 277      BC6E0069 
 277      06E902E9 
 277      03
 278 008e 51208679 		.ascii	"Q \206y\013\004\376\230\305\210q\373`\254\026\004\334"
 278      0B04FE98 
 278      C58871FB 
 278      60AC1604 
 278      DC
 279 009f 313A9072 		.ascii	"1:\220r\220\265 5 \323 \301 \335 /A\354 \034\310$\310"
 279      90B52035 
 279      20D320C1 
 279      20DD202F 
 279      41EC201C 
 280 00b6 33900986 		.ascii	"3\220\011\206\372l\220~\337\366\360\335\374\035|c\277"
 280      FA6C907E 
 280      DFF6F0DD 
 280      FC1D7C63 
ARM GAS  C:\Users\Ciccio\AppData\Local\Temp\ccEFeGQP.s 			page 22


 280      BF
 281 00c7 CF5D7C37 		.ascii	"\317]|7K\277?\362\360\215s\363u\361m\227|\267{\361\375"
 281      4BBF3FF2 
 281      F08D73F3 
 281      75F16D97 
 281      7CB77BF1 
 282 00dc 63B0F543 		.ascii	"c\260\365C\257sg%?rm~\342\021\243o\216\030\335.1>\362"
 282      AF736725 
 282      3F726D7E 
 282      E211A36F 
 282      8E18DD2E 
 283 00f3 12C33507 		.ascii	"\022\3035\007V\362#\307X\342\021\003\367\306\207\241"
 283      56F223C7 
 283      58E21103 
 283      F7C687A1 
 284 0103 3D94E34C 		.ascii	"=\224\343LK1\354\222\357G \017A\224 O%\277\223.q\220"
 284      4B31EC92 
 284      EF47200F 
 284      4194204F 
 284      25BF932E 
 285 0119 E4C75B7F 		.ascii	"\344\307[\177\037\263\250\252t\342\234\357]\026\371"
 285      1FB3A8AA 
 285      74E29CEF 
 285      5D16F9
 286 0128 69F57859 		.ascii	"i\365xY\235\321\232\245\202\245N\253\300\313\212\226"
 286      9DD19AA5 
 286      82A54EAB 
 286      C0CB8A96 
 287 0138 C173F338 		.ascii	"\301s\3638\026\341\347\374\254\353=\332\345E\242(&\213"
 287      16E1E7FC 
 287      ACEB3DDA 
 287      E545A228 
 287      268B
 288 014a F5F5C8E9 		.ascii	"\365\365\310\351\242f8\261O\315\371\023\320\324\375"
 288      A26638B1 
 288      4FCDF913 
 288      D0D4FD
 289 0159 E111C42D 		.ascii	"\341\021\304-\"\317\245W\033\327\201+\225\026L\304)"
 289      22CFA557 
 289      1BD7812B 
 289      95164CC4 
 289      29
 290 016a 7C2ED1BF 		.ascii	"|.\321\277Am\357\356\270\240$z\254R\003\222\335s=\365"
 290      416DEFEE 
 290      B8A0247A 
 290      AC520392 
 290      DD733DF5 
 291 017e 398BB4CB 		.ascii	"9\213\264\313\22212\315*\372\0043\250\020-F\207\320"
 291      923132CD 
 291      2AFA0433 
 291      A8102D46 
 291      87D0
 292 0190 620695A1 		.ascii	"b\006\225\241e\200EEh9\203J@Y\012\312\002\300\215\331"
 292      65804545 
 292      6839834A 
 292      40590ACA 
 292      02C08DD9 
ARM GAS  C:\Users\Ciccio\AppData\Local\Temp\ccEFeGQP.s 			page 23


 293 01a4 67AE2351 		.ascii	"g\256#QT\240o\220\026\025#\216  O\225Vf\306\332Z\262"
 293      54A06F90 
 293      1615238E 
 293      20204F95 
 293      5666C6DA 
 294 01ba AB105AA6 		.ascii	"\253\020Z\246%\360\254\333\035?\300\360c\000?\342\204"
 294      25F0ACDB 
 294      1D3FC0F0 
 294      63003FE2 
 294      84
 295 01cb 8335C57B 		.ascii	"\2035\305{\015~\324Kpp<\223\362\330\252\235\213p\305"
 295      0D7ED44B 
 295      70703C93 
 295      F2D8AA9D 
 295      8B70C5
 296 01de 5C84DB0B 		.ascii	"\\\204\333\013oD[\305U\250\034\030\034v28\206\034\214"
 296      6F445BC5 
 296      55A81C18 
 296      1C763238 
 296      861C8C
 297 01f1 D1DECECB 		.ascii	"\321\336\316\313\225\012.\227V|k\377\341v5W@\027\033"
 297      950A2E97 
 297      567C6BFF 
 297      E1763557 
 297      40171B
 298 0204 0FD66C57 		.ascii	"\017\326lWC\331\026j\011pg[N\003G\226\263x\233\315\270"
 298      43D9166A 
 298      0970675B 
 298      4E034796 
 298      B3789BCD 
 299 0219 39710051 		.ascii	"9q\000QF\211\342X\206\310\375\220A\313\027\243\237\001"
 299      4689E258 
 299      86C8FD90 
 299      41CB17A3 
 299      9F01
 300 022b 9F6AE0B3 		.ascii	"\237j\340\263P\342S\011|N:\012\370b\210\024\260\012"
 300      50E25309 
 300      7C4E3A0A 
 300      F8628814 
 300      B00A
 301 023d F89C70F2 		.ascii	"\370\234p\362Y\350,\340P\357\201?ywZ;\227\323\254Mm"
 301      59E82CE0 
 301      50EF813F 
 301      79775A3B 
 301      97D3AC4D 
 302 0252 A4CC35E0 		.ascii	"\244\3145\340\364\270\323i\225K\222\373\306svj\024p"
 302      F4B8D369 
 302      954B92FB 
 302      C673766A 
 302      1470
 303 0264 F809E873 		.ascii	"\370\011\350sr\3226\2378\177\007\021\335Z\035\252CT"
 303      72D2369F 
 303      387F0711 
 303      DD5A1DAA 
 303      4354
 304 0276 D79E3DAE 		.ascii	"\327\236=\256Y\224)\325x\276\202\024N.3\203N\243E\360"
 304      599429D5 
ARM GAS  C:\Users\Ciccio\AppData\Local\Temp\ccEFeGQP.s 			page 24


 304      78BE8214 
 304      4E2E3383 
 304      4EA345F0 
 305 028a 7D0AB0C4 		.ascii	"}\012\260\304kNCz\231?WJ\253\325\277\253\256\323G\277"
 305      6B4E437A 
 305      993F574A 
 305      ABD5BFAB 
 305      AED347BF 
 306 029e 4FACB78D 		.ascii	"O\254\267\215\335\267\337\210K\267\212\005\342\320\354"
 306      DDB7DF88 
 306      4BB78A05 
 306      E2D0EC
 307 02ad EC126285 		.ascii	"\354\022b\205\352\035\274\030\374Lx\241\006\244\007"
 307      EA1DBC18 
 307      FC4C78A1 
 307      06A407
 308 02bc C3331D27 		.ascii	"\3033\035'\3678xPj\215M\247.\253\346\246\321Hh\234\221"
 308      F7387850 
 308      6A8D4DA7 
 308      2EABE6A6 
 308      D148689C 
 309 02d1 69A4570C 		.ascii	"i\244W\014o\321r\203\224FvQ\317\037\011\013[n\276\252"
 309      6FD17283 
 309      94467651 
 309      CF1F090B 
 309      5B6EBEAA 
 310 02e5 55AC9F9D 		.ascii	"U\254\237\235\375=\306\243&\027\002M2\201fB\240\366"
 310      FD3DC6A3 
 310      2617024D 
 310      32816642 
 310      A0F6
 311 02f7 E0512577 		.ascii	"\340Q%w\323\275\347\301\264\347\203_>/\360!K|s\374q"
 311      D3BDE7C1 
 311      B4E7835F 
 311      3E2FF021 
 311      4B7C73FC 
 312 030c 8306C636 		.ascii	"\203\006\3066W+\344\016y\036\304\263\320\243`\251G\337"
 312      572BE40E 
 312      791EC4B3 
 312      D0A360A9 
 312      47DF
 313 031e 82B255EE 		.ascii	"\202\262U\356\321\225m\017\326'\302A\264C\"-\316\036"
 313      D1956D0F 
 313      D627C241 
 313      B443222D 
 313      CE1E
 314 0330 053B5B94 		.ascii	"\005;[\224\332\335Z\245\324J}O\376/}\007\374n\353\267"
 314      DADD5AA5 
 314      D44A7D4F 
 314      FE2F7D07 
 314      FC6EEBB7 
 315 0344 B56ADD56 		.ascii	"\265j\335V\007\013\324\346V\243v\244\223\034?\336\226"
 315      070BD4E6 
 315      56A376A4 
 315      931C3FDE 
 315      96
 316 0355 B39BD6D7 		.ascii	"\263\233\326\327\356\350}\352\246\355\225\363\210\016"
ARM GAS  C:\Users\Ciccio\AppData\Local\Temp\ccEFeGQP.s 			page 25


 316      EEE87DEA 
 316      A6ED95F3 
 316      880E
 317 0363 70E81C6D 		.ascii	"p\350\034m~Qs\3659\235\334\210\363TW6\320y\321\355@"
 317      7E5173F5 
 317      399DDC88 
 317      F3545736 
 317      D079D1ED 
 318 0378 D8DDA25C 		.ascii	"\330\335\242\\ \235\350\220;Q\234V9\251\346:8R\312\362"
 318      209DE890 
 318      3B519C56 
 318      39A9E63A 
 318      3852CAF2 
 319 038c 8B5D271C 		.ascii	"\213]'\034\007\242\327?[\264%\21230\221\210\025\352"
 319      07A2D73F 
 319      5BB4258A 
 319      33309188 
 319      15EA
 320 039e 74E947A7 		.ascii	"t\351G\247\334\217.\322\217\226\354\0075J\327\314j\334"
 320      DC8F2ED2 
 320      8F96EC07 
 320      354AD7CC 
 320      6ADC
 321 03b0 6276BF31 		.ascii	"bv\2771\263\216\302\251Z\232\004\340P\017\315\342V\336"
 321      B38EC2A9 
 321      5A9A04E0 
 321      500FCDE2 
 321      56DE
 322 03c2 F3ED4A39 		.ascii	"\363\355J9\263\213\222\256\341`\251z\356\314zIf\227"
 322      B38B92AE 
 322      E160A97A 
 322      EECC7A49 
 322      6697
 323 03d4 E4CCEE1D 		.ascii	"\344\314\356\035\354\255\363\345.\321\314R\356\235\257"
 323      ECADF3E5 
 323      2ED1CC52 
 323      EE9DAF
 324 03e3 57D24336 		.ascii	"W\322C6uL\\\225$\276\232\235\345\260\005\272\354\222"
 324      754C5C95 
 324      24BE9A9D 
 324      E5B005BA 
 324      EC92
 325 03f5 D56539AB 		.ascii	"\325e9\253>\222USg\377\021\025\031\3736\342$\263\355"
 325      3E925553 
 325      67FF1115 
 325      19FB36E2 
 325      24B3ED
 326 0408 E4552D99 		.ascii	"\344U-\231\373o\341\345@G\335n%7@\003d\326\346f\370"
 326      FB6FE1E5 
 326      4047DD6E 
 326      25374003 
 326      64D6E666 
 327 041d 10AC48D6 		.ascii	"\020\254H\326m7\246\236\350\010v>^\036M\312\350\237"
 327      6D37A69E 
 327      E808763E 
 327      5E1E4DCA 
 327      E89F
ARM GAS  C:\Users\Ciccio\AppData\Local\Temp\ccEFeGQP.s 			page 26


 328 042f C7DDA3D8 		.ascii	"\307\335\243\330\311\234[)\276\256\325\302\325u\346"
 328      C99C5B29 
 328      BEAED5C2 
 328      D575E6
 329 043e 31E4A856 		.ascii	"1\344\250VO\327\250\310q\223\324\352r\307D\005\353j"
 329      4FD7A8C8 
 329      7193D4EA 
 329      72C74405 
 329      EB6A
 330 0450 D5EB6675 		.ascii	"\325\353fu\303a\265\275 \367\201/\367\212Z5\245\216"
 330      C361B5BD 
 330      20F7812F 
 330      F78A5A35 
 330      A58E
 331 0462 0CBA75E6 		.ascii	"\014\272u\346\264\233\325-\207UA\346\236b%!\254!v\023"
 331      B49BD52D 
 331      875541E6 
 331      9E622521 
 331      AC217613 
 332 0476 5D577C5C 		.ascii	"]W|\\\355\032\335\354\356\310v\252\302\262CV\035\012"
 332      ED1ADDEC 
 332      EEC876AA 
 332      C2B24356 
 332      1D0A
 333 0488 08085810 		.ascii	"\010\010X\020\260\314\006\360\261\224\243So\303\311"
 333      B0CC06F0 
 333      B194A353 
 333      6FC3C9
 334 0497 3983B073 		.ascii	"9\203\260s2E\356\243\005\316\373v\233\330\377\034\276"
 334      3245EEA3 
 334      05CEFB76 
 334      9BD8FF1C 
 334      BE
 335 04a8 180C1701 		.ascii	"\030\014\027\001\312\2520{t\323\023\372S\214,D\036P"
 335      CAAA307B 
 335      74D313FA 
 335      538C2C44 
 335      1E50
 336 04ba 084D4683 		.ascii	"\010MF\203\027\257\024\233N\016\210(\256R0\350*\000"
 336      17AF149B 
 336      4E0E8828 
 336      AE5230E8 
 336      2A00
 337 04cc AE61C0A0 		.ascii	"\256a\300\240d\001\255F#p=\037\240\000t\027d\030\344"
 337      6401AD46 
 337      23703D1F 
 337      A0007417 
 337      6418E4
 338 04df 1E0A206D 		.ascii	"\036\012 mw\011\002=@\327\275\362!\314\361\200\030\232"
 338      7709023D 
 338      40D7BDF2 
 338      21CCF180 
 338      189A
 339 04f1 5EA1C1FB 		.ascii	"^\241\301\373\214||\034s\341\345.{\265b\201D\3036\027"
 339      8C7C7C1C 
 339      73E1E52E 
 339      7BB56281 
ARM GAS  C:\Users\Ciccio\AppData\Local\Temp\ccEFeGQP.s 			page 27


 339      44C33617 
 340 0505 0DC62B07 		.ascii	"\015\306+\0070\177b\357\317\233\347Z\372\207.$\030\364"
 340      307F62EF 
 340      CF9BE75A 
 340      FA872E24 
 340      18F4
 341 0517 C8D1B223 		.ascii	"\310\321\262#\373w\014\316\343J\025\244\3217O\227\275"
 341      FB770CCE 
 341      E34A15A4 
 341      D1374F97 
 341      BD
 342 0528 F0E58ED1 		.ascii	"\360\345\216\321\305\005\373\306~\177\256\212.\032\037"
 342      C505FBC6 
 342      7E7FAE8A 
 342      2E1A1F
 343 0537 966722EE 		.ascii	"\226g\"\356\024]\024\017\227_\341\2703d\241\036\037"
 343      145D140F 
 343      975FE1B8 
 343      3364A11E 
 343      1F
 344 0548 AEC9D7E0 		.ascii	"\256\311\327\340\336\311\315\033\312\276\031Q\237\304"
 344      DEC9CD1B 
 344      CABE1951 
 344      9FC4
 345 0556 918B3806 		.ascii	"\221\2138\006T\247\336\320\216\241\254\306\016\235\330"
 345      54A7DED0 
 345      8EA1ACC6 
 345      0E9DD8
 346 0565 BA021342 		.ascii	"\272\002\023B\243^\301\216.\313~\361\205}\354\011\365"
 346      A35EC18E 
 346      2ECB7EF1 
 346      857DEC09 
 346      F5
 347 0576 7E223074 		.ascii	"~\"0t\334;\364\3656_\001@?\331\233\222z\374\002z\374"
 347      DC3BF4F5 
 347      365F0140 
 347      3FD99B92 
 347      7AFC027A 
 348 058b 14EA3A01 		.ascii	"\024\352:\0012\011\362\014\344\371\353}\306Q\236xF\271"
 348      3209F20C 
 348      E4F9EB7D 
 348      C6519E78 
 348      46B9
 349 059d 86DC1BBD 		.ascii	"\206\334\033\2753_%\"\014y\255\325lk\331\361$\026-X"
 349      335F2522 
 349      0C79ADD5 
 349      6C6BD9F1 
 349      24162D58 
 350 05b1 E68D0C7A 		.ascii	"\346\215\014z\005\034\376\027>$H\216A\203^\002x\300"
 350      051CFE17 
 350      3E24488E 
 350      41835E02 
 350      78C0
 351 05c3 F9AAC111 		.ascii	"\371\252\301\021\345C\321\222{=\303\355P\274t;\024\323"
 351      E543D192 
 351      7B3DC3ED 
 351      50BC743B 
ARM GAS  C:\Users\Ciccio\AppData\Local\Temp\ccEFeGQP.s 			page 28


 351      14D3
 352 05d5 6F9CB0D7 		.ascii	"o\234\260\327FJJt\016\335\014\235\246{\354\323\225~"
 352      464A4A74 
 352      0EDD0C9D 
 352      A67BECD3 
 352      957E
 353 05e7 8EB13B4B 		.ascii	"\216\261;K\225\211\335\265g}\210\022<\"\221%\312\006"
 353      9589DDB5 
 353      677D8812 
 353      3C229125 
 353      CA06
 354 05f9 EBA14D6E 		.ascii	"\353\241Mns\367\323\205.\241\023Y<v7\262\322\330\035"
 354      73F7D385 
 354      2EA11359 
 354      3C7637B2 
 354      D2D81D
 355 060c 6F6E6FF3 		.ascii	"ono\363\343\354\364\264\015\325\036hW\301\330\265\301"
 355      E3ECF4B4 
 355      0DD51E68 
 355      57C1D8B5 
 355      C1
 356 061d 0BE5DE93 		.ascii	"\013\345\336\223\025./\024\260BV\3269z\341\231\216\336"
 356      152E2F14 
 356      B04256D6 
 356      397AE199 
 356      8EDE
 357 062f 24168FDE 		.ascii	"$\026\217\336\272\202\3061\037\356\022\365R\375h\340"
 357      BA82C631 
 357      1FEE12F5 
 357      52FD68E0 
 358 063f 991F778D 		.ascii	"\231\037w\215.\036~]\365P\267\344\216\342+QC/\333\376"
 358      2E1E7E5D 
 358      F550B7E4 
 358      8EE22B51 
 358      432FDBFE 
 359 0653 03F91C61 		.ascii	"\003\371\034a\274\205]B4\273\013S\217\3417%\332\014"
 359      BC855D42 
 359      34BB0B53 
 359      8FE13725 
 359      DA0C
 360 0665 FE93312F 		.ascii	"\376\2231/|#\236\036N\324b\345&\010\204Rhb\336j\325"
 360      7C239E1E 
 360      4ED462E5 
 360      26088452 
 360      6862DE6A 
 361 067a 593630AE 		.ascii	"Y60\256&\272\217th\033\305M\267Toa\345\227\321v\252"
 361      26BA8F74 
 361      681BC54D 
 361      B7546F61 
 361      E597D176 
 362 068f BB6DBF98 		.ascii	"\273m\277\230\251s-\012lIEA[\001\202v\222\272\354\220"
 362      A9732D0A 
 362      6C494541 
 362      5B018276 
 362      92BAEC90 
 363 06a3 EB3260DB 		.ascii	"\3532`\333Y\303rwi\022iE\003\307U\334(]\264$V\014h\271"
 363      59C37277 
ARM GAS  C:\Users\Ciccio\AppData\Local\Temp\ccEFeGQP.s 			page 29


 363      69126945 
 363      03C755DC 
 363      285DB424 
 364 06bb 6774919B 		.ascii	"gt\221\2334\324Kx\246\223\202\340\227\300h\325V\334"
 364      34D44B78 
 364      A69382E0 
 364      97C068D5 
 364      56DC
 365 06cd 12948699 		.ascii	"\022\224\206\231g\320\350\2473\352\276\306\357\263\241"
 365      67D0E8A7 
 365      33EABEC6 
 365      EFB3A1
 366 06dc B4B157E5 		.ascii	"\264\261W\345\265\037\246[\323\350?\335\254\242\355"
 366      B51FA65B 
 366      D3E83FDD 
 366      ACA2ED
 367 06eb 1738324A 		.ascii	"\02782J\225k\213va2\251ryw\223\362\026o\271\266\013"
 367      956B8B76 
 367      6132A972 
 367      797793F2 
 367      166FB9B6 
 368 0700 6D7809FF 		.ascii	"mx\011\377I\201\276<\010V\222y\007\257r\022p\307\211"
 368      4981BE3C 
 368      08569279 
 368      07AF7212 
 368      70C789
 369 0713 F60A05D9 		.ascii	"\366\012\005\331\2547\222\301\334'm\364L\215\224h\350"
 369      AC3792C1 
 369      DC276DF4 
 369      4C8D9468 
 369      E8
 370 0724 C61764B8 		.ascii	"\306\027d\2707H\033[ZZ*\375\351\306\0062\237\233\245"
 370      37481B5B 
 370      5A5A2AFD 
 370      E9C60632 
 370      9F9BA5
 371 0737 8D91D2D1 		.ascii	"\215\221\322\321\006\355\007\025b\262MO\246\030\236"
 371      06ED0715 
 371      62B24D4F 
 371      A6189E
 372 0746 7899EC06 		.ascii	"x\231\354\0062\365\366\300/\236|{\341\027\246\037\312"
 372      32F5F6C0 
 372      2F9E7C7B 
 372      E117A61F 
 372      CA
 373 0757 62376093 		.ascii	"b7`\223\344\224\274R\237w\366\213\027l\365g\023\361"
 373      E494BC52 
 373      9F77F68B 
 373      176CF567 
 373      13F1
 374 0769 9B9A1C18 		.ascii	"\233\232\034\030b=J\257\206c\2322X\003\337\331\354\007"
 374      623D4AAF 
 374      86639A32 
 374      5803DFD9 
 374      EC07
 375 077b 0CCA61DF 		.ascii	"\014\312a\337\301/\311\275g\016rK\363\310\205\312\027"
 375      C12FC9BD 
ARM GAS  C:\Users\Ciccio\AppData\Local\Temp\ccEFeGQP.s 			page 30


 375      670E724B 
 375      F3C885CA 
 375      17
 376 078c E76BE0A8 		.ascii	"\347k\340\2502\224&N\376Kv)`\276I>?C1\266\022+\\l\202"
 376      3294264E 
 376      FE4B7629 
 376      60BE493E 
 376      3F4331B6 
 377 07a5 699631B9 		.ascii	"i\2261\271\004\3234~\340\256\333\313\026\327\324y\346"
 377      04D3347E 
 377      E0AEDBCB 
 377      16D7D479 
 377      E6
 378 07b6 BF62C975 		.ascii	"\277b\311u\303\277\000N:\3353\250\242\016\037\211\311"
 378      C3BF004E 
 378      3ADD33A8 
 378      A20E1F89 
 378      C9
 379 07c7 1A8638EC 		.ascii	"\032\2068\354\222\035\356#\016"
 379      921DEE23 
 379      0E
 380 07d0 FB73B232 		.ascii	"\373s\26225\024\223\354\010\332'c\362\330\245\214\322"
 380      351493EC 
 380      08DA2763 
 380      F2D8A58C 
 380      D2
 381 07e1 64890A15 		.ascii	"d\211\012\025T\037\177\3627\375jFm\214\025V\276\037"
 381      541F7FF2 
 381      37FD6A46 
 381      6D8C1556 
 381      BE1F
 382 07f3 2AF88486 		.ascii	"*\370\204\206JO\221\206\337\205\030\242\215\341F\213"
 382      4A4F9186 
 382      DF8518A2 
 382      8DE1468B 
 383 0803 90106134 		.ascii	"\220\020a4\207\010fs\214%$*6AO\236\364a\361&=o\012\347"
 383      87086673 
 383      8C25242A 
 383      36414F9E 
 383      F461F126 
 384 081b 2322F888 		.ascii	"#\"\370\210\220_\006\376V\377\376\212\367~\365\217\225"
 384      905F06FE 
 384      56FFFE8A 
 384      F77EF58F 
 384      95
 385 082c 21A07F37 		.ascii	"!\240\1777\326\034\313\277\313\207\205\033C\214\261"
 385      D61CCBBF 
 385      CB87851B 
 385      438CB1
 386 083b 86988408 		.ascii	"\206\230\204\010>\304\024\006\276b\371\220\320\010>"
 386      3EC41406 
 386      BE62F990 
 386      D0083E
 387 084a 322C2146 		.ascii	"2,!F\010\025\326\307\361\226\300h\346\363\3575\214e"
 387      0815D6C7 
 387      F196C068 
 387      E6F3EF35 
ARM GAS  C:\Users\Ciccio\AppData\Local\Temp\ccEFeGQP.s 			page 31


 387      8C65
 388 085c BD2524D4 		.ascii	"\275%$\324\"D@\016\340\373\327\201\201A\216?\263%(^"
 388      2244400E 
 388      E0FBD781 
 388      81418E3F 
 388      B325285E 
 389 0870 088A33C7 		.ascii	"\010\2123\307\013\226\240\017\377\274f\365\232/\202"
 389      0B96A00F 
 389      FFBC66F5 
 389      9A2F82
 390 087f 0C66539C 		.ascii	"\014fS\2341\206\217\267\004}\274zu\220!Z\346\244N\000"
 390      31868FB7 
 390      047DBC7A 
 390      7590215A 
 390      E6A44E00 
 391 0893 FBDF9062 		.ascii	"\373\337\220bHO\\\\\202\260\334\303[tXLP\2141<\310\""
 391      484F5C5C 
 391      82B0DCC3 
 391      5B74584C 
 391      508C313C 
 392 08a9 C4F36126 		.ascii	"\304\363a&K\220\2117I\217\201\006\206\213\342\005\225"
 392      4B908937 
 392      498F8106 
 392      868BE205 
 392      95
 393 08ba C5F82F3E 		.ascii	"\305\370/>T\210\370\216\031\202\357\220(\203\301#S\000"
 393      5488F88E 
 393      1982EF90 
 393      2883C123 
 393      5300
 394 08cc 04AE74E6 		.ascii	"\004\256t\346+\200U$PV\255\2137\012\274E\011\361#,\272"
 394      2B805524 
 394      5056AD8B 
 394      370ABC45 
 394      09F1232C 
 395 08e1 35BCC91C 		.ascii	"5\274\311\034\277\376/\204\015^\320\247\317\326\374"
 395      BFFE2F84 
 395      0D5ED0A7 
 395      CFD6FC
 396 08f0 5549600A 		.ascii	"UI`\012\214\372?\322\211f\270\177\232\004UxBd$\037\257"
 396      8CFA3FD2 
 396      8966B87F 
 396      9A045578 
 396      4264241F 
 397 0905 C05971BC 		.ascii	"\300Yq\274\331\2422GFZxAg\262\254\015\377;o\020\376"
 397      D9A23247 
 397      465A7841 
 397      67B2AC0D 
 397      FF3B6F10 
 398 091a 106B14D4 		.ascii	"\020k\024\324@46!&F\035\031\253\267\304\361\006\364"
 398      40343621 
 398      26461D19 
 398      ABB7C4F1 
 398      06F4
 399 092c 9E0AFC18 		.ascii	"\236\012\374\030\342\326\303\206\020\035o^\247\210\341"
 399      E2D6C386 
 399      101D6F5E 
ARM GAS  C:\Users\Ciccio\AppData\Local\Temp\ccEFeGQP.s 			page 32


 399      A788E1
 400 093b C3223FFB 		.ascii	"\303\"?\373~{.\304\033c\243\200\344\177\000}\035r\362"
 400      7E7B2EC4 
 400      1B63A380 
 400      E47F007D 
 400      1D72F2
 401              		.text
 402              		.section	.gnu.lto_.symtab.275ce58f,"",%progbits
 403 0000 6D734F62 		.ascii	"msObjectInit\000\000\000\000\000\000\000\000\000\000"
 403      6A656374 
 403      496E6974 
 403      00000000 
 403      00000000 
 404 0016 00000401 		.ascii	"\000\000\004\001\000\000"
 404      0000
 405              		.text
 406              		.section	.gnu.lto_.opts,"",%progbits
 407 0000 272D666E 		.ascii	"'-fno-trapv' '-fno-strict-overflow' '-mcpu=cortex-m"
 407      6F2D7472 
 407      61707627 
 407      20272D66 
 407      6E6F2D73 
 408 0033 34272027 		.ascii	"4' '-mno-thumb-interwork' '-mthumb' '-ggdb' '-O0' '"
 408      2D6D6E6F 
 408      2D746875 
 408      6D622D69 
 408      6E746572 
 409 0066 2D666F6D 		.ascii	"-fomit-frame-pointer' '-falign-functions=16' '-ffun"
 409      69742D66 
 409      72616D65 
 409      2D706F69 
 409      6E746572 
 410 0099 6374696F 		.ascii	"ction-sections' '-fdata-sections' '-fno-common' '-f"
 410      6E2D7365 
 410      6374696F 
 410      6E732720 
 410      272D6664 
 411 00cc 6C746F27 		.ascii	"lto'\000"
 411      00
 412              		.text
 413              		.comm	__gnu_lto_v1,1,1
 414              		.comm	__gnu_lto_slim,1,1
 415              		.ident	"GCC: (GNU Tools for ARM Embedded Processors) 4.9.3 20150529 (release) [ARM/embedded-4_9-br
ARM GAS  C:\Users\Ciccio\AppData\Local\Temp\ccEFeGQP.s 			page 33


DEFINED SYMBOLS
                            *ABS*:00000000 memstreams.c
                            *COM*:00000001 __gnu_lto_v1
                            *COM*:00000001 __gnu_lto_slim

NO UNDEFINED SYMBOLS
