ARM GAS  C:\Users\Ciccio\AppData\Local\Temp\ccU69cp7.s 			page 1


   1              		.syntax unified
   2              		.cpu cortex-m4
   3              		.fpu softvfp
   4              		.eabi_attribute 20, 1
   5              		.eabi_attribute 21, 1
   6              		.eabi_attribute 23, 3
   7              		.eabi_attribute 24, 1
   8              		.eabi_attribute 25, 1
   9              		.eabi_attribute 26, 1
  10              		.eabi_attribute 30, 6
  11              		.eabi_attribute 34, 1
  12              		.eabi_attribute 18, 4
  13              		.thumb
  14              		.file	"nvic.c"
  15              		.text
  16              	.Ltext0:
  17              		.section	.gnu.lto_.inline.275ce418,"",%progbits
  18 0000 789C6366 		.ascii	"x\234cf\300\016\002\2404\013\003\003/\017\003\003\223"
  18      C00E02A0 
  18      340B0303 
  18      2F0F0303 
  18      93
  19 0011 D881DD8C 		.ascii	"\330\201\335\214@\016\023H\214\221\201\203\035(\304"
  19      400E1348 
  19      8C918183 
  19      1D28C4
  20 0020 B3211726 		.ascii	"\263!\027&\302\304\300)\010$\271\036\304\302E\270\301"
  20      C2C4C029 
  20      0824B91E 
  20      C4C245B8 
  20      C1
  21 0031 9AD9D950 		.ascii	"\232\331\331P\205\031\000\030\327\006$"
  21      85190018 
  21      D70624
  22              		.text
  23              		.section	.gnu.lto_nvicEnableVector.275ce418,"",%progbits
  24 0000 789C9594 		.ascii	"x\234\225\224\337K\024Q\024\307\357\231\231\235Y\335"
  24      DF4B1451 
  24      14C7EF99 
  24      999D59DD 
  25 0010 5F164460 		.ascii	"_\026D`\204\221H\004\265\233\364\322C\240\021\364&H"
  25      84914804 
  25      B59BF4D2 
  25      43A011F4 
  25      2648
  26 0022 7F41E14B 		.ascii	"\177A\341KB\356\226FD/\335\325eM{PL\310\222\315\302"
  26      42EE9646 
  26      442FDDD5 
  26      654D7B50 
  26      4CC892CD 
  27 0037 22CB5C6D 		.ascii	"\"\313\\mKK\323\232lM+#%!\021Q\303\025\354\027\371\013"
  27      4B4BD39A 
  27      6C4D2B23 
  27      25211151 
  27      C315EC17 
  28 004d 74A39ACE 		.ascii	"t\243\232\316\2753\212\271\023\342\262sw\356\271\347"
  28      BD338AB9 
ARM GAS  C:\Users\Ciccio\AppData\Local\Temp\ccU69cp7.s 			page 2


  28      13E2B273 
  28      77EEB9E7 
  29 005d 7BEEF97C 		.ascii	"{\356\371|w\356\210$\361\263\005\257r\231\220,6\021"
  29      77EE8824 
  29      F1B305AF 
  29      7299902C 
  29      3611
  30 006f 0908042F 		.ascii	"\011\010\004/\000\234\000\271 \300\005\370,\314\012"
  30      009C00B9 
  30      20C005F8 
  30      2CCC0A
  31 007e 50A936D6 		.ascii	"P\2516\326\330v\335\246\224\316T\275\367\347\252\020"
  31      D876DDA6 
  31      94CE54BD 
  31      F7E7AA10 
  32 008e C7BC7941 		.ascii	"\307\274yA/\001w`\027\346\014\015O\006%1\023\010\336"
  32      2F017760 
  32      17E60C0D 
  32      4F062531 
  32      1308DE
  33 00a1 B78717DE 		.ascii	"\267\207\027\336\331\246\205\270\000;\330\264\243\252"
  33      D9A685B8 
  33      003BD8B4 
  33      A3AA
  34 00af AF466653 		.ascii	"\257FfSAb\323\326\256\360+WF=\245\305j_\204fKqA\204"
  34      4162D3D6 
  34      AEF02B57 
  34      463DA5C5 
  34      6A5F8466 
  35 00c7 0610B11E 		.ascii	"\006\020\261\036\334\205T\270\007\251\004C\004\032!"
  35      DC8554B8 
  35      07A90443 
  35      041A21
  36 00d6 03B307AE 		.ascii	"\003\263\007\256-\014I\342~^w0\334?d(G\227\225\367M"
  36      2D0C49E2 
  36      7E5E7730 
  36      DC3F6428 
  36      479795F7 
  37 00eb 944D90C1 		.ascii	"\224M\220\301\322g\003\277?\332\344\000\266\235\242"
  37      D26703BF 
  37      3FDAE400 
  37      B69DA2
  38 00fa 770B6190 		.ascii	"w\013a\220\221\315\201ku\225qUJ\277\211\245&\264p\320"
  38      91CD816B 
  38      75957155 
  38      4ABF89A5 
  38      26B470D0 
  39 010e D2470313 		.ascii	"\322G\003\023\232\226\026\307\016WW3\010\233!\035%w"
  39      9A9616C7 
  39      0E575733 
  39      089B211D 
  39      2577
  40 0120 7ED49FE7 		.ascii	"~\324\237\347\012\265.\334\220\355\277A\377h\032:a\341"
  40      0AB52EDC 
  40      90EDBF41 
  40      FF681A3A 
  40      61E1
ARM GAS  C:\Users\Ciccio\AppData\Local\Temp\ccU69cp7.s 			page 3


  41 0132 8A3DA9B0 		.ascii	"\212=\251\260{%\277\345\337|z\245\372\330EU\323\262"
  41      7B25BFE5 
  41      DF7C7AA5 
  41      FAD84555 
  41      D3B2
  42 0144 4C931FF0 		.ascii	"L\223\037\360\344U\375\224MN\345\252\201\345\362\246"
  42      E455FD94 
  42      4D4EE5AA 
  42      81E5F2A6 
  43 0154 0D45B866 		.ascii	"\015E\270f$\032\272l\321;j\2104d\257Hd3\311C.\231\013"
  43      241ABA6C 
  43      D13B6A88 
  43      3464AF48 
  43      6433C943 
  44 016b 940565F1 		.ascii	"\224\005e\361\000w3P:\027Lbr\2526\257\226+\360\350_"
  44      00773350 
  44      3A174C62 
  44      72AA36AF 
  44      962BF0E8 
  45 0180 4F8D0AAD 		.ascii	"O\215\012\255\274\302\275\256\305\210\213\253\350\325"
  45      BCC2BDAE 
  45      C5888BAB 
  45      E8D5
  46 018e EA1B82C1 		.ascii	"\352\033\202\301\245\230m\331\266\246\313\325\002\253"
  46      A5986DD9 
  46      B6A6CBD5 
  46      02AB
  47 019c 99E0F15A 		.ascii	"\231\340\361Z+\312\327\267\342\311\306\255h\347\222"
  47      2BCAD7B7 
  47      E2C9C6AD 
  47      68E792
  48 01ab 9FD7DFF4 		.ascii	"\237\327\337\364\333\305\203\334\212\201Oj\275\323\324"
  48      DBC583DC 
  48      8A814F6A 
  48      BDD3D4
  49 01ba 8A0E532B 		.ascii	"\212\016S+\236n\324\212\316\215Z\321\005\351\315\233"
  49      9E6ED48A 
  49      CE8D5AD1 
  49      05E9CD9B 
  50 01ca 55AA69F3 		.ascii	"U\252i\363\235_\226vnJ\001|\262%<\231\370h\213xk\221"
  50      9D5F9676 
  50      6E4A017C 
  50      B2253C99 
  50      F8688B78 
  51 01e0 D8600176 		.ascii	"\330`\001vHd\266\244\340 [qP\222\330\220\214\203\325"
  51      4864B6A4 
  51      E0205B71 
  51      5092D890 
  51      8C83D5
  52 01f3 C616EC6C 		.ascii	"\306\026\354l\301\301bN6\270\330\002!1~x\247\004\374"
  52      C1C1624E 
  52      36B8D802 
  52      21317E78 
  52      A704FC
  53 0206 1147A078 		.ascii	"\021G\240xf\346\271\302\016\307\"\036\032|H\276\322"
  53      66E6B9C2 
  53      0EC7221E 
ARM GAS  C:\Users\Ciccio\AppData\Local\Temp\ccU69cp7.s 			page 4


  53      1A7C48BE 
  53      D2
  54 0217 90C4CEAB 		.ascii	"\220\304\316\253D\273K\250\223\3003\354\013\263\206"
  54      44BB4BA8 
  54      93C033EC 
  54      0BB386
  55 0226 4B7F819E 		.ascii	"K\177\201\236%.\242r\004JFe}.a\010\205\267\006\307\007"
  55      252EA272 
  55      044A4665 
  55      7D2E6108 
  55      85B706C7 
  56 023b 45264C92 		.ascii	"E&L\222\010<\347\242\356*.\301\305\361\330\373A+\257"
  56      083CE7A2 
  56      EE2A2EC1 
  56      C5F1D8FB 
  56      412BAF
  57 024e 4AF85B60 		.ascii	"J\370[`\251\356\273#\004\265~\364\\\211\013\311\270"
  57      A9EEBB23 
  57      04B57EF4 
  57      5C890BC9 
  57      B8
  58 025f 35A88C1F 		.ascii	"5\250\214\037\327b\375\227\332\254{\033i\000\377\002"
  58      D762FD97 
  58      DAAC7B1B 
  58      6900FF02 
  59 026f 1BBC8010 		.ascii	"\033\274\200\020\314\361~\331k\246\351b\\\3644\321\200"
  59      CCF17ED9 
  59      6BA6E962 
  59      5CF434D1 
  59      80
  60 0280 5FDD86FB 		.ascii	"_\335\206\373@7\354]\304S\305,{\011\036\354\204p\234"
  60      4037EC5D 
  60      C453C52C 
  60      7B091EEC 
  60      84709C
  61 0293 E869BD31 		.ascii	"\350i\2751\331\350\275d,\030\025\364\220\202\371X\350"
  61      D9E8BD64 
  61      2C1815F4 
  61      9082F958 
  61      E8
  62 02a4 DB87DA0E 		.ascii	"\333\207\332\016;kG\261\020\210\352\200c\245\277\214"
  62      3B6B47B1 
  62      1088EA80 
  62      63A5BF8C 
  63 02b4 242B2B8A 		.ascii	"$++\212\262%\0030\011C(\352\254\250\350Q\270(\215@\217"
  63      B2250330 
  63      094328EA 
  63      ACA8E851 
  63      B8288D40 
  64 02c9 5E793418 		.ascii	"^y4\030\023\365\244d\314\350\015MG\270wV \360\012RQ"
  64      13F5A464 
  64      CCE80D4D 
  64      47B87756 
  64      20F00A52 
  65 02de CA5DF8B4 		.ascii	"\312]\370\264\325\260!\221[6\345\266C/\347\206\004\356"
  65      D5B02191 
  65      5B36E5B6 
ARM GAS  C:\Users\Ciccio\AppData\Local\Temp\ccU69cp7.s 			page 5


  65      432FE786 
  65      04EE
  66 02f0 ED71C101 		.ascii	"\355q\301\001}\214[\341\334\257\031w2\347n\3511\270"
  66      7D8C5BE1 
  66      DCAF1977 
  66      32E76EE9 
  66      31B8
  67 0302 6D89DC76 		.ascii	"m\211\334vDJ\004u\254\001ub(\221\314\245\2438\327C\261"
  67      444A0475 
  67      AC017562 
  67      2891CCA5 
  67      A338D743 
  68 0317 FD07E50D 		.ascii	"\375\007\345\015G\021\314Q\3362\024;G\351g(.2\006~\365"
  68      4711CC51 
  68      DE32143B 
  68      47E96728 
  68      2E32067E 
  69 032c CA11B60B 		.ascii	"\312\021\266\013\213\306\230\007\250u\273\335\236\225"
  69      8BC69807 
  69      A875BBDD 
  69      9E95
  70 033a AFAFC873 		.ascii	"\257\257\310s\342\370I\317)_\341\231\"O\236\257\240"
  70      E2F849CF 
  70      295FE199 
  70      224F9EAF 
  70      A0
  71 034b C0E7F51C 		.ascii	"\300\347\365\034:\232s8\347\234\307{6?\317\235G\300"
  71      3A9A7338 
  71      E79CC77B 
  71      363FCF9D 
  71      47C0
  72 035d 2B9D2ACC 		.ascii	"+\235*\314\367\211^\367>\2742\377\002$VM?"
  72      F7895EF7 
  72      3EBC32FF 
  72      0224564D 
  72      3F
  73              		.text
  74              		.section	.gnu.lto_nvicDisableVector.275ce418,"",%progbits
  75 0000 789C8552 		.ascii	"x\234\205R\337KTA\024\236o\346\356\275kk\031A$F\024"
  75      DF4B5441 
  75      149E6FE6 
  75      EEBD6B6B 
  75      19412446 
  76 0015 88F810EE 		.ascii	"\210\370\020\356\245\202^3\202\336\204\350?\010_\012"
  76      A5825E33 
  76      82DE84E8 
  76      3F085F0A 
  77 0025 72B732A2 		.ascii	"r\2672\2427G\335\314(P\254\007\323\026\255\2106\315"
  77      3747DDCC 
  77      2850AC07 
  77      D316AD88 
  77      36CD
  78 0037 1FAD6969 		.ascii	"\037\255iij7\321~@\026\222\221H\230\341\012F\005j\321"
  78      6A37D17E 
  78      40169291 
  78      4898E10A 
  78      46056AD1 
ARM GAS  C:\Users\Ciccio\AppData\Local\Temp\ccU69cp7.s 			page 6


  79 004b 7AA1DACE 		.ascii	"z\241\332\316\314.\262\345B\313\336\271\367\314|\337"
  79      CC2EB2E5 
  79      42CBDEB9 
  79      F7CC7CDF 
  80 005b F9CEF9CE 		.ascii	"\371\316\371\316\010\266\366\267\231\236\011\301\330"
  80      08B6F6B7 
  80      999E09C1 
  80      D8
  81 0068 5E150806 		.ascii	"^\025\010\006\316\350\001(\000\253\340\250\300'\276"
  81      CEE80128 
  81      00ABE0A8 
  81      C027BE
  82 0077 C451EFB4 		.ascii	"\304Q\357\2647\372\012oI)\027o\364\344\236\313u\011"
  82      37FA0A6F 
  82      4929176F 
  82      F4E49ECB 
  82      7509
  83 0089 F68D2733 		.ascii	"\366\215'3\3406\012\011295Wc\210]`\364\335\337\371}"
  83      E0360A09 
  83      32393557 
  83      63885D60 
  83      F4DDDFF9 
  84 009e DCB7C05D 		.ascii	"\334\267\300]\216\035*\034hx\336h\252\220\033*\354\035"
  84      8E1D2A1C 
  84      6878DE68 
  84      AA901B2A 
  84      EC1D
  85 00b0 EA7C9A53 		.ascii	"\352|\232SpS\312*\347ET\026\033.\027\210@P>\334A\036"
  85      7053CA2A 
  85      E7455416 
  85      1B2E1788 
  85      40503EDC 
  86 00c6 DA90C768 		.ascii	"\332\220\307h\213\241\035\005\012\276\024\372\365\316"
  86      8BA11D05 
  86      0ABE14FA 
  86      F5CE
  87 00d4 6786487B 		.ascii	"g\206H{cR\023waR\201&\235\265\324\273\216\221\177\235"
  87      63521377 
  87      61528126 
  87      9DB5D4BB 
  87      8E917F9D 
  88 00e8 52CD5E9B 		.ascii	"R\315^\233\233?\344\204Z\345\357D\002.\011\245\247K"
  88      9B3FE484 
  88      5AE5EF44 
  88      022E09A5 
  88      A74B
  89 00fa 15DA817C 		.ascii	"\025\332\201|\342L\217\206/{4\307\211D#\305\253\024"
  89      E24C8F86 
  89      2F7B34C7 
  89      894423C5 
  89      AB14
  90 010c 4F264AA7 		.ascii	"O&J\247\246\374\230\272\324d\210=\272\267\261\253\303"
  90      A6FC98BA 
  90      D464883D 
  90      BAB7B1AB 
  90      C3
  91 011d F12C4597 		.ascii	"\361,E\227NW:\335D\327\337=\2442t\353\014mC\361h\216"
ARM GAS  C:\Users\Ciccio\AppData\Local\Temp\ccU69cp7.s 			page 7


  91      4E573ADD 
  91      44D7DF3D 
  91      A43274EB 
  91      0C6D43F1 
  92 0133 66C9AB57 		.ascii	"f\311\253WZy\255\223H\354#N&\311{\377T\231N\2602\021"
  92      5A79AD93 
  92      48EC234E 
  92      26C97BFF 
  92      54994EB0 
  93 0149 A29A9066 		.ascii	"\242\232\220fE\344\377V\364 \277k\223#\023\211\236\361"
  93      45E4FF56 
  93      F420BF6B 
  93      93231389 
  93      9EF1
  94 015b 27177636 		.ascii	"'\027v6q/\310s\203\006O\246\013\372\364\030\264\230"
  94      712FC873 
  94      83064FA6 
  94      0BFAF418 
  94      B498
  95 016d 1EB598B4 		.ascii	"\036\265\230\264X\226:f,\246g>\317\351%\246Q\265\330"
  95      58963A66 
  95      2CA6673E 
  95      CFE925A6 
  95      51B5D8
  96 0180 FDEAA49A 		.ascii	"\375\352\244\232F\234\246\304\261\374Y\206\0155fC\216"
  96      469CA6C4 
  96      B1FC5986 
  96      0D356643 
  96      8E
  97 0191 54CB0D0C 		.ascii	"T\313\015\014\367Io\032\32535\243<\211\022q\256n\323"
  97      F7496F1A 
  97      D53335A3 
  97      3C891271 
  97      AE6ED3
  98 01a4 9737CD03 		.ascii	"\2277\315\003\331\012H\002\350\325\240\252\231\363?"
  98      D90A4802 
  98      E8D5A0AA 
  98      99F33F
  99 01b3 53208340 		.ascii	"S \203@\212\266b&c\017m\021i\260\256n\314\322\244\355"
  99      8AB66226 
  99      630F6D11 
  99      69B0AE6E 
  99      CCD2A4ED 
 100 01c7 0C7DC9CC 		.ascii	"\014}\311\314\357kb\"\011R\227\341Yx!\252\365-0<@\036"
 100      EF6B6222 
 100      095297E1 
 100      597821AA 
 100      F52D303C 
 101 01dd 510934D2 		.ascii	"Q\0114\322\360q\213\302\020\340C\354\365\204W\027\310"
 101      F0718BC2 
 101      10E043EC 
 101      F5845717 
 101      C8
 102 01ee F43D5C69 		.ascii	"\364=\\i\371\272>\214\346J\032\245\345r/u\201\207\312"
 102      F9BA3E8C 
 102      E64A1AA5 
 102      E5722F75 
ARM GAS  C:\Users\Ciccio\AppData\Local\Temp\ccU69cp7.s 			page 8


 102      8187CA
 103 0201 223A8BBD 		.ascii	"\":\213\275\274\330\347-j\227!20\013\375\010cY\267\256"
 103      BCD8E72D 
 103      6A972132 
 103      300BFD08 
 103      6359B7AE 
 104 0215 2E7A47AD 		.ascii	".zG\255+\354\016\031\252t\266\271|\035\006PD\235iW\037"
 104      2BEC0E19 
 104      AA74B6B9 
 104      7C1D0650 
 104      449D6957 
 105 022a C1A65298 		.ascii	"\301\246R\230vf2\345\214\225\262adq6'U\307Za+\243\260"
 105      766632E5 
 105      8C95B261 
 105      64713627 
 105      55C75A61 
 106 0241 0F835A18 		.ascii	"\017\203Z\030k\204\267\272<\033CJXW\205a\330\351\375"
 106      6B84B7BA 
 106      3C1B434A 
 106      58578561 
 106      D8E9FD
 107 0254 65D3D663 		.ascii	"e\323\326cJ8\203J\347\355A\245\252P1\225\210\360~\277"
 107      4A38834A 
 107      E7ED41A5 
 107      AA503195 
 107      88F07EBF 
 108 0268 DF5EFD07 		.ascii	"\337^\375\007\313\355\243G\216\333'\202\247N\227\333"
 108      CBEDA347 
 108      8EDB2782 
 108      A74E97DB 
 109 0278 A5C1B2B2 		.ascii	"\245\301\262\262`\300\336\177\270\344@\311Y;p\346X\251"
 109      60C0DE7F 
 109      B8E440C9 
 109      593B70E6 
 109      58A9
 110 028a BF942120 		.ascii	"\277\224! \002\376\335\177\000\374\362a6"
 110      02FEDD7F 
 110      00FCF261 
 110      36
 111              		.text
 112              		.section	.gnu.lto_nvicSetSystemHandlerPriority.275ce418,"",%progbits
 113 0000 789C6D52 		.ascii	"x\234mR[KTQ\030\335k\3573g&\2472z\022{\011\006\221 "
 113      5B4B5451 
 113      18DD6BEF 
 113      336726A7 
 113      327A127B 
 114 0018 E7D8630F 		.ascii	"\347\330c\017\221\021\324\223\020\375\202\304\002\005"
 114      9111D493 
 114      10FD82C4 
 114      0205
 115 0026 75442322 		.ascii	"uD#\"\030\334\243\023\011\241\016\"5\024fe\341\230\316"
 115      18DCA313 
 115      09A10E22 
 115      35146665 
 115      E198CE
 116 0039 78CB7BC1 		.ascii	"x\313{\301\251^z0kh\302\020K\037\306(*\362\006vH\235"
 116      A95E7A30 
ARM GAS  C:\Users\Ciccio\AppData\Local\Temp\ccU69cp7.s 			page 9


 116      6B68C210 
 116      4B1FC628 
 116      2AF20676 
 117 004f BE7D46C5 		.ascii	"\276}F\305\310a\316\345\333{\255\357[k\355#\330\377"
 117      C861CEE5 
 117      DB7BADEF 
 117      5B6BED23 
 117      D8FF
 118 0061 BF7CBACE 		.ascii	"\277|\272\316\010\306N\250Bg\340\214.\320\002\004\327"
 118      08C64EA8 
 118      4267E08C 
 118      2ED00204 
 118      D7
 119 0072 1893DC41 		.ascii	"\030\223\334A7M\003=\340\000\010\004V\303\205\346@\015"
 119      374D033D 
 119      E0000804 
 119      56C385E6 
 119      400D
 120 0084 BEF1458E 		.ascii	"\276\361E\216\220\331\025v\347>\226R.<\034\316\272\236"
 120      90D91576 
 120      E73E9652 
 120      2E3C1CCE 
 120      BA9E
 121 0096 65518765 		.ascii	"eQ\207e\236n\216\016\344\022\244-2\325\235)\216\201"
 121      9E6E8E0E 
 121      E412A42D 
 121      32D59D29 
 121      8E81
 122 00a8 D1FB686C 		.ascii	"\321\373hl\345\215\373+\2678\016\253r\254\371uXW%\015"
 122      E58DFB2B 
 122      B7380EAB 
 122      72ACF975 
 122      5857250D 
 123 00bc A3B26F2D 		.ascii	"\243\262o-\270\206\234v)k\315\231~Y\240Y\\ \002A\375"
 123      B8869C76 
 123      296BCD99 
 123      7E59A059 
 123      5C200241 
 124 00d1 D0896C3C 		.ascii	"\320\211l<A6\243%\206.\344\020\372\335\235\225\204&"
 124      4136A325 
 124      862EE410 
 124      FADD9D95 
 124      8426
 125 00e3 8EDB7DE3 		.ascii	"\216\333}\343\261\211Df\232\271\261\305\354\336\205"
 125      B1894466 
 125      9AB9B1C5 
 125      ECDE85
 126 00f2 19458E82 		.ascii	"\031E\216\202/\006\327\247\334z\220T\037X\337\022\214"
 126      2F06D7A7 
 126      DC7A9054 
 126      1F58DF12 
 126      8C
 127 0103 187432A8 		.ascii	"\030t2\250)\305!\313\324<\017\250\333\334\304\253\371"
 127      29C521CB 
 127      D43C0FA8 
 127      DBDCC4AB 
 127      F9
ARM GAS  C:\Users\Ciccio\AppData\Local\Temp\ccU69cp7.s 			page 10


 128 0114 7366F0BE 		.ascii	"sf\360\276\334H\245`\221\312\235\0357]\366\300C\234"
 128      DC48A560 
 128      91CA9D1D 
 128      375DF6C0 
 128      439C
 129 0126 8E5FEDD7 		.ascii	"\216_\355\327l\212\031\215E\012\002[\014\207\3158\232"
 129      6C8A198D 
 129      450A025B 
 129      0C87CD38 
 129      9A
 130 0137 8D23DBF8 		.ascii	"\215#\333\370\336\177\361\362v\313\205z3\225:\271+\270"
 130      DE7FF1F2 
 130      76CB857A 
 130      33953AB9 
 130      2BB8
 131 0149 0F1E52D8 		.ascii	"\017\036R\330s\320\224\251\324\300\247\027}\371\223"
 131      73D094A9 
 131      D4C0A717 
 131      7DF993
 132 0158 1E1D5009 		.ascii	"\036\035P\011pr\244\011(K\032\275:\034\352\306X\322"
 132      7072A409 
 132      284B1ABD 
 132      3A1CEAC6 
 132      58D2
 133 016a 0E3FC9E9 		.ascii	"\016?\311\351!\346\3112\023\037\020\234\254[n\020\312"
 133      21E6C932 
 133      131F109C 
 133      AC5B6E10 
 133      CA
 134 017b E02A79E7 		.ascii	"\340*y\347\230\033o\010e\250\330\205\233\241\177\323"
 134      981B6F08 
 134      65A8D885 
 134      9BA17FD3 
 135 018b C9BC3A70 		.ascii	"\311\274:p1\003M\341TH\367\3367\306\270\377\217\254"
 135      31034DE1 
 135      5448F7DE 
 135      37C6B8FF 
 135      8FAC
 136 019d 972E8BEB 		.ascii	"\227.\213\353\313\234\302\301\000\374j\353VSbD\320V"
 136      CB9CC2C1 
 136      00FC6AEB 
 136      56536244 
 136      D056
 137 01af 586D3955 		.ascii	"Xm9U\204ju6\3716\356Rm\235v\331\331\3242\202V\334\015"
 137      846A7536 
 137      F936EE52 
 137      6D9D76D9 
 137      D9D43282 
 138 01c6 8414CA85 		.ascii	"\204\024\312\205\247\360cP\015S\011'#a75\240\357\305"
 138      A7F06350 
 138      0D530927 
 138      23613735 
 138      A0EFC5
 139 01d9 892142D9 		.ascii	"\211!B\331C1\014\277\305\367\330b\310\212\230F\355B"
 139      43310CBF 
 139      C5F7D862 
 139      C88A9846 
ARM GAS  C:\Users\Ciccio\AppData\Local\Temp\ccU69cp7.s 			page 11


 139      ED42
 140 01eb EF97A2B4 		.ascii	"\357\227\242\264p\365\265}_j\234\265\205kr\272N\356"
 140      70F5B57D 
 140      5F6A9CB5 
 140      856B72BA 
 140      4EEE
 141 01fd 6718A17E 		.ascii	"g\030\241~\204\372x\343\007O\243\264U\362<\215\272\031"
 141      84FA78E3 
 141      074FA3B4 
 141      55F23C8D 
 141      BA19
 142 020f 3D5D3B68 		.ascii	"=];h\211\210\217\342\263q\241\210\031\032\303\250Mz"
 142      89888FE2 
 142      B371A188 
 142      191AC3A8 
 142      4D7A
 143 0221 D96C0FDD 		.ascii	"\331l\017\335\251[\263\265\015\376n\373\271O\351\226"
 143      A95BB3B5 
 143      0DFE6EFB 
 143      B94FE996 
 144 0231 D2D42DEE 		.ascii	"\322\324-\356\246\321\030\333\324\235\234\2709\344\312"
 144      A6D118DB 
 144      D49D9CB8 
 144      39E4CA
 145 0240 EB92413A 		.ascii	"\353\222A:\332\275\030'\341Kv\336\264\225\210\326[\302"
 145      DABD1827 
 145      E14B76DE 
 145      B49588D6 
 145      5BC2
 146 0252 88CA60C0 		.ascii	"\210\312`\300<Ds\360\014y\253*3J\3559\014R\302>#`\266"
 146      3C4473F0 
 146      0C79AB2A 
 146      334AED39 
 146      0C52C23E 
 147 0269 9EB59DDA 		.ascii	"\236\265\235\332GD\233D\366z\275\306\366\337Wm\224\024"
 147      47449B44 
 147      F67ABDC6 
 147      F6DF576D 
 147      9414
 148 027b 951995BE 		.ascii	"\225\031\225\276\252\313\325F\261\257\274\334Wa\234"
 148      AACBD546 
 148      B1AFBCDC 
 148      57619C
 149 028a 3A5F78BA 		.ascii	":_x\272\360\252Qq\245\264\330[\314\234%E\025\027\313"
 149      F0AA5171 
 149      A5B4D85B 
 149      CC9C2545 
 149      1517CB
 150 029d 2E556995 		.ascii	".Ui\225U\245\276\277~W.\325"
 150      55A5BEBF 
 150      7E572ED5 
 151              		.text
 152              		.section	.gnu.lto_nvicClearPending.275ce418,"",%progbits
 153 0000 789C9552 		.ascii	"x\234\225R\335K\024Q\024\277\277{gg\267\2664\202@\026"
 153      DD4B1451 
 153      14BFBF7B 
 153      6767B7B6 
ARM GAS  C:\Users\Ciccio\AppData\Local\Temp\ccU69cp7.s 			page 12


 153      34824016 
 154 0014 A260139F 		.ascii	"\242`\023\237\334!\204^3\202z\022\242\377 \366\245 "
 154      DC21845E 
 154      33827A12 
 154      A2FF20F6 
 154      A520
 155 0026 772B237A 		.ascii	"w+#z\363\272nf\364\240X\017\033\262iD\264\271\355\232"
 155      F3BA6E66 
 155      F4A0580F 
 155      1BB26944 
 155      B4B9ED9A 
 156 003a 5B5A6E09 		.ascii	"[Zn\011\203Y\370P\204%\024Kh\340\012E_\353\007\254#"
 156      8359F850 
 156      8425144B 
 156      68E00A45 
 156      5FEB07AC 
 157 004f D474EECC 		.ascii	"\324t\356\314\"VB4\314\334\231s\346\367q\3179W\260\277"
 157      22564234 
 157      CCDC9973 
 157      E6F771CF 
 157      3957B0BF 
 158 0063 AF1DF41C 		.ascii	"\257\035\364\034\022\214\355S\201`\340\214\036\200\002"
 158      128CED53 
 158      8160E08C 
 158      1E8002
 159 0072 B0568E56 		.ascii	"\260V\216V|\342\013\034\335f:\341\257\273%\245,\275"
 159      7CE20B1C 
 159      DD663AE1 
 159      AFBB25A5 
 159      2CBD
 160 0084 7E5C73A1 		.ascii	"~\\s\241\306\"\330\022w\025p\033u\004\231~7\327\241"
 160      C622D812 
 160      7715701B 
 160      7504997E 
 160      37D7A1
 161 0097 89BD60F4 		.ascii	"\211\275`\364=\232]~\351\377\310-\216\335*\314\367L"
 161      3D9A5D7E 
 161      E9FFC82D 
 161      8EDD2ACC 
 161      F74C
 162 00a9 26741572 		.ascii	"&t\025rM\205\303c\331\347\325\2657\245\214\231\2239"
 162      4D85C363 
 162      D9E7D5B5 
 162      37A58C99 
 162      9339
 163 00bb D9A8595C 		.ascii	"\331\250Y\\ \005Az\270\203\000\006\020`\224bH\243V\301"
 163      2005417A 
 163      B8830006 
 163      10609462 
 163      48A356C1 
 164 00cf 17E23FDE 		.ascii	"\027\342?\336\372\3658yos=q\027:mP\247\177}\335\226"
 164      FAF53879 
 164      6F733D71 
 164      173A6D50 
 164      A77F7DDD 
 165 00e4 A9056F90 		.ascii	"\251\005o\220\324\207\331\271\371#f\274_\376\264mXd"
 165      D487D9B9 
ARM GAS  C:\Users\Ciccio\AppData\Local\Temp\ccU69cp7.s 			page 13


 165      F92366BC 
 165      5FFEB46D 
 165      5864
 166 00f6 B45EAEB2 		.ascii	"\264^\256\262\321\014\202\304)L$\257x\034\216\231\312"
 166      D10C82C4 
 166      294C24AF 
 166      781C8E99 
 166      CA
 167 0107 A51AD728 		.ascii	"\245\032\327(\236\215(Y\207\222\262\315\325*\321\340"
 167      9E8D2859 
 167      8792B2CD 
 167      D52AD1E0 
 168 0117 D496783A 		.ascii	"\324\226x:\275\272Y\321\245\231_O\3271\370{\015\025"
 168      BDBA59D1 
 168      A5995F4F 
 168      D731F87B 
 168      0D15
 169 0129 857B8EC2 		.ascii	"\205{\216\302\300X9W\355\260\344\265\253\375\274\323"
 169      C0583957 
 169      EDB0E4B5 
 169      ABFDBCD3 
 170 0139 B4EDFDC4 		.ascii	"\264\355\375\304\331\310r\350\177\011\271?\313\312\376"
 170      D9C872E8 
 170      7F09B93F 
 170      CBCAFE
 171 0148 B3ACFB08 		.ascii	"\263\254\373\010\016n7\245m/}\033\272\024\274\316}\240"
 171      0E6E37A5 
 171      6D2F7D1B 
 171      BA14BCCE 
 171      7DA0
 172 015a 966B3477 		.ascii	"\226k4w\352\271\240O\217F\213\356Q\213\256\026\257\312"
 172      EAB9A04F 
 172      8F468BEE 
 172      518BAE16 
 172      AFCA
 173 016c 31567446 		.ascii	"1VtF>\317\351%\012\210\225J\337O\253a\224iH\034\213"
 173      3ECFE925 
 173      0A88954A 
 173      DF4FAB61 
 173      9469481C 
 174 0181 9F655253 		.ascii	"\237eRSS\326\344x\273\254bx@~\005\264\317tLp\027%\312"
 174      53D6E478 
 174      BBAC6278 
 174      407E05B4 
 174      CF744C70 
 175 0198 5C1DA62F 		.ascii	"\\\035\246/oz\363[\024\220\0140\354\200b3\027\247\205"
 175      6F7AF35B 
 175      14900C30 
 175      EC806233 
 175      17A785
 176 01ab 0BD208A4 		.ascii	"\013\322\010\244h+\272\033{(E\244']]\317\274\016i\027"
 176      682BBA1B 
 176      7B2845A4 
 176      275D5DCF 
 176      BC0E6917 
 177 01bf C388ABFC 		.ascii	"\303\210\253\374\276\002\321\261'@@Wg\271b\346\245<"
 177      BE02D1B1 
ARM GAS  C:\Users\Ciccio\AppData\Local\Temp\ccU69cp7.s 			page 14


 177      27404057 
 177      67B962E6 
 177      A53C
 178 01d1 65C67BA0 		.ascii	"e\306{\240bR\230-\276\232\3629\373c\316)\\\351\373\272"
 178      6252982D 
 178      BE9AF239 
 178      FB63CE29 
 178      5CE9FBBA 
 179 01e5 3589DE36 		.ascii	"5\211\3366\032\244\327Rp\340\241\352\020\375+\276\270"
 179      1AA4D752 
 179      70E0A1EA 
 179      10FD2BBE 
 179      B8
 180 01f6 3CE2AB4F 		.ascii	"<\342\253O\3138\365\317\207GHb\321\251\\\035\363L\247"
 180      CB38F5CF 
 180      87474862 
 180      D1A95C1D 
 180      F34CA7
 181 0209 258C8C8C 		.ascii	"%\214\214\214\267\231;-\276\011\243\250\247\302\234"
 181      B7993B2D 
 181      BE09A3A8 
 181      A7C29C
 182 0218 A6E66190 		.ascii	"\246\346a\220-\233A\2339uX\231\252l\221\323Q%r(\024"
 182      2D9B419B 
 182      39755899 
 182      AA6C91D3 
 182      51257228 
 183 022d 32D6EE68 		.ascii	"2\326\356h\213q\374\330I\343T\364\314\331\026#\034m"
 183      8B71FCD8 
 183      49E354F4 
 183      CCD91623 
 183      1C6D
 184 023f 6E8E468C 		.ascii	"n\216F\214\003G\233\0166\2357\"\347N\204Ca\206\210\210"
 184      03479B0E 
 184      369D3722 
 184      E74E8443 
 184      61868888 
 185 0253 841A7E01 		.ascii	"\204\032~\001\356e-\306"
 185      EE652DC6 
 186              		.text
 187              		.section	.gnu.lto_.symbol_nodes.275ce418,"",%progbits
 188 0000 789C55C9 		.ascii	"x\234U\311\273\015\2000\020\004\321\361\036\226\334"
 188      BB0D8030 
 188      1004D1F1 
 188      1E96DC
 189 000f 16CDD0C6 		.ascii	"\026\315\320\306\271\004\363\313]\0141!1\225 \220 0"
 189      B904F3CB 
 189      5D0C3121 
 189      31952090 
 189      2030
 190 0021 1B4CF0D6 		.ascii	"\033L\360\326\200\201o*r(;\270s\324\204Fy\370\301$W"
 190      80816F2A 
 190      72283BB8 
 190      73D48446 
 190      79F8C124 
 191 0036 0B711555 		.ascii	"\013q\025Un\232\237\264GX\344\335\013\344\2340E\266"
 191      6E9A9FB4 
ARM GAS  C:\Users\Ciccio\AppData\Local\Temp\ccU69cp7.s 			page 15


 191      4758E4DD 
 191      0BE49C30 
 191      45B6
 192 0048 F3EAB901 		.ascii	"\363\352\271\001\325\235\034\326"
 192      D59D1CD6 
 193              		.text
 194              		.section	.gnu.lto_.refs.275ce418,"",%progbits
 195 0000 789C6366 		.ascii	"x\234cf```c\200\000F&&f&\006\000\000\301\000\024"
 195      60606063 
 195      80004626 
 195      26662606 
 195      0000C100 
 196              		.text
 197              		.section	.gnu.lto_.decls.275ce418,"",%progbits
 198 0000 789CBD58 		.ascii	"x\234\275XkPTG\026\236\276=\274\206\001\262\272\253"
 198      6B505447 
 198      169EBE3D 
 198      BC8601B2 
 198      BAAB
 199 0012 966B2A48 		.ascii	"\226k*H\262\224\331R1\306l\262\373'A4\013[e\226\035"
 199      B294D952 
 199      31C66CB2 
 199      FB274134 
 199      0B5B6596 
 200 0027 12FF842A 		.ascii	"\022\377\204*\2020\211T!da\314\306\177\227\2078* \202"
 200      82308954 
 200      216461CC 
 200      C67F9787 
 200      382A2082 
 201 003b A8C8C351 		.ascii	"\250\310\303QQy\210<D^\"\240\"\"\017\001Q@\021\031\361"
 201      5179883C 
 201      445E22A0 
 201      22220F01 
 201      51401119 
 202 0050 AD280F51 		.ascii	"\255(\017Q@\015\263\247\273\357\235\271\\\031\223\037"
 202      400DB3A7 
 202      BBEF9DB9 
 202      5C19931F 
 203 0060 5B7BCB33 		.ascii	"[{\31333\347\366\327\247\277s\372\364\351#X\241PT \205"
 203      33E7F6D7 
 203      A7BF73FA 
 203      F4E92358 
 203      A1505420 
 204 0075 C2044FD6 		.ascii	"\302\004O\326<\205\242\233S(l\340\235\257\302\362\020"
 204      3C85A29B 
 204      53286CE0 
 204      9DAFC2F2 
 204      10
 205 0086 BD0CA40A 		.ascii	"\275\014\244\012\244\032\244\006\344\"\010LSt*\246?"
 205      A41AA406 
 205      E422084C 
 205      53742AA6 
 205      3F
 206 0097 04E72CCC 		.ascii	"\004\347,\314'\337j\220\"\220?\001x\016|/\004\371\007"
 206      27DF6A90 
 206      22903F01 
 206      780E7C2F 
ARM GAS  C:\Users\Ciccio\AppData\Local\Temp\ccU69cp7.s 			page 16


 206      04F907
 207 00aa 88370807 		.ascii	"\2107\010\007\357>\000\261\007\351\003\275\033\004\203"
 207      EF3E00B1 
 207      07E903BD 
 207      1B0483
 208 00b9 BC0BFA42 		.ascii	"\274\013\372B\220?\"\266F\231\342\315\207pq\262\262"
 208      903F22B6 
 208      4699E2CD 
 208      877071B2 
 208      B2
 209 00ca 8E748D0F 		.ascii	"\216t\215\017$\266\311:dMpQ\261\000\261u\220`K\376T"
 209      24B6C93A 
 209      644D7051 
 209      B100B175 
 209      90604BFE 
 210 00df 5BB1FF93 		.ascii	"[\261\377\223\340\307\177\340\373g\2206\370}A\360E\007"
 210      E0C77FE0 
 210      FB679036 
 210      F87D41F0 
 210      4507
 211 00f1 F2A96033 		.ascii	"\362\251`3DX\247\372-\261\"qT\375\212\017R\376\304\306"
 211      4458A7FA 
 211      2DB12271 
 211      54FD8A0F 
 211      52FEC4C6 
 212 0105 42C17ECD 		.ascii	"B\301~\315\014\234G8Ty|\254\325\361\001\207\234U\256"
 212      0C9C4738 
 212      54797CAC 
 212      D5F10187 
 212      9C55AE
 213 0118 44AD4A6E 		.ascii	"D\255Jn\334k\013\252Z\245$jm\315D\203\012\003U\370}"
 213      DC6B0BAA 
 213      5AA5246A 
 213      6DCD4483 
 213      0A0355F8 
 214 012d 68EFAD2B 		.ascii	"h\357\255+\252\305y<\317\353\371\272\036d1\021\2577"
 214      AAC5793C 
 214      CFEBF9BA 
 214      1E643111 
 214      AF37
 215 013f 5E54E159 		.ascii	"^T\341Y\024\024u\344T\274\035\314_\250\242C\375\351"
 215      141475E4 
 215      54BC1DCC 
 215      5FA8A243 
 215      FDE9
 216 0151 93D90E54 		.ascii	"\223\331\016T%\351\342\002\257\270\023\223\373\317!"
 216      25E9E202 
 216      AFB81393 
 216      FBCF21
 217 0160 E4AECA06 		.ascii	"\344\256\312\006C\303\247\223\033\026\360\274\022\025"
 217      43C3A793 
 217      1B16F0BC 
 217      1215
 218 016e 2215CA47 		.ascii	"\"\025\312G\030\345\241\305\2046\231M\036=\317G\363"
 218      18E5A1C5 
 218      8436994D 
 218      1E3DCF47 
ARM GAS  C:\Users\Ciccio\AppData\Local\Temp\ccU69cp7.s 			page 17


 218      F3
 219 017f 4931BC83 		.ascii	"I1\274\203\267\002\035E\363Q\016\232\257@\307\221;\000"
 219      B7021D45 
 219      F3510E9A 
 219      AF40C791 
 219      3B00
 220 0191 28141D83 		.ascii	"(\024\035\203\227\005\360\022\354\246\351\371\013\216"
 220      9705F012 
 220      ECA6E9F9 
 220      0B8E
 221 019f 48E53EE3 		.ascii	"H\345>\343\234\342\031\346P\002\361\233\223\347\020"
 221      9CE219E6 
 221      5002F19B 
 221      93E710
 222 01ae 02454020 		.ascii	"\002E@ \327B\000\370\230\335K\310\3123pJ\330\032\012"
 222      D74200F8 
 222      98DD4BC8 
 222      CA33704A 
 222      D81A0A
 223 01c1 FA96C6E5 		.ascii	"\372\226\306\345\372\371+S\226w%\210\276\314\276\274"
 223      FAF92B53 
 223      96772588 
 223      BECCBEBC 
 224 01d1 BDC27E6E 		.ascii	"\275\302~n*\230%\353\277\243D\276s\314\014\024\250\024"
 224      2A9825EB 
 224      BFA344BE 
 224      73CC0C14 
 224      A814
 225 01e3 CD85CF13 		.ascii	"\315\205\317\023\000\245VK\256\344g\251\260\021\321"
 225      00A5564B 
 225      AEE467A9 
 225      B011D1
 226 01f2 A8158EDC 		.ascii	"\250\025\216\334|e\347\232\305\033\014\303\017\217f"
 226      7C65E79A 
 226      C51B0CC3 
 226      0F8F66
 227 0201 E134DE10 		.ascii	"\3414\336\020\315O\231L\210\316B'\315\274\024\3447\345"
 227      CD4F994C 
 227      88CE4227 
 227      CDBC14E4 
 227      37E5
 228 0213 85CA90AB 		.ascii	"\205\312\220\253\025nWKOt\330Z\245QAi\224\2134Z\342"
 228      156E574B 
 228      4F74D85A 
 228      A5514169 
 228      948B345A 
 229 0228 B79C5763 		.ascii	"\267\234Wc\003\333\341\224\362\235\321*J\303\260\357"
 229      03DBE194 
 229      F29DD12A 
 229      4AC3B0EF 
 230 0238 906D235F 		.ascii	"\220m#_g2}N&\240J\011\203J\221A\025e\260\253\2422\306"
 230      67327D4E 
 230      26A04A09 
 230      834A9141 
 230      1565B0AB 
 231 024f 09973003 		.ascii	"\011\2270\003\223\311\011<\307\014T\231\015\020\027"
 231      93C9093C 
ARM GAS  C:\Users\Ciccio\AppData\Local\Temp\ccU69cp7.s 			page 18


 231      C70C5499 
 231      0D1017
 232 025e 4E490C9C 		.ascii	"NI\014\234\022\015TS\003\327\342\371\011%n\023r,\246"
 232      120D5453 
 232      03D7E2F9 
 232      09256E13 
 232      722CA6
 233 0271 608405C2 		.ascii	"`\204\005\302\3207\215\301i\211\201\323\242\201\032"
 233      D0378DC1 
 233      698981D3 
 233      A2811A
 234 0280 6AA0313F 		.ascii	"j\2401?\363;l\244\363\225\2673\212\312\\\220\373\374"
 234      F33B6CA4 
 234      F395B733 
 234      8ACA5C90 
 234      FBFC
 235 0292 F934BDF4 		.ascii	"\3714\275\364\374\027\350\034\304\245V\230\300\236\275"
 235      FC17E81C 
 235      C4A55698 
 235      C09EBD
 236 02a1 F07EE273 		.ascii	"\360~\342s2\000?\355\3517\315\231\341d\036\317S\240"
 236      32003FED 
 236      E937CD99 
 236      E1641ECF 
 236      53A0
 237 02b3 C5F3D187 		.ascii	"\305\363\321\207\2201u\2201dH\201\316B\354\316\320\034"
 237      90317590 
 237      31644881 
 237      CE42ECCE 
 237      D01C
 238 02c5 43032923 		.ascii	"C\003)#[mT\002Z\377k\350\373\261\317\032U\352m\346|"
 238      5B6D5402 
 238      5AFF6BE8 
 238      FBB1CF1A 
 238      55EA6DE6 
 239 02da 44F5C0C5 		.ascii	"D\365\300\305\262\023\347\221Z\310\260\364\261\301D"
 239      B213E791 
 239      5AC8B0F4 
 239      B1C144
 240 02e9 3BBA8BF0 		.ascii	";\272\213\360N\330\305\262\372\204\"\353\311t\201\356"
 240      4ED8C5B2 
 240      FA8422EB 
 240      C97481EE 
 241 02f9 6283B88B 		.ascii	"b\203\270\213\205)\267F\355\361]\026\303\372\213\305"
 241      8529B746 
 241      EDF15D16 
 241      C3FA8BC5 
 242 0309 49CE1043 		.ascii	"I\316\020C#?\334\337\234\277rgLR6o4\231\336\243\263"
 242      233FDCDF 
 242      9CBF7267 
 242      4C52366F 
 242      3499DEA3 
 243 031e 50A32490 		.ascii	"P\243$\220\215b /\322@\306u\307ucZ\012\036PC\351\373"
 243      8D62202F 
 243      D240C675 
 243      C775635A 
 243      0A1E5043 
ARM GAS  C:\Users\Ciccio\AppData\Local\Temp\ccU69cp7.s 			page 19


 244 0334 BB9F3AD1 		.ascii	"\273\237:\321Z\360.\315\330\352\007\317]\250\272\200"
 244      5AF02ECD 
 244      D8EA07CF 
 244      5DA8BA80 
 245 0344 7A77E166 		.ascii	"zw\341f\201-\211\005/x\247\226:\327J\203\261h>ja\261"
 245      812D8905 
 245      2F78A796 
 245      3AD74A83 
 245      B1683E6A 
 246 035a 78F0DA54 		.ascii	"x\360\332Ti?+\211\242y\336\025\321}i\002x3\205_B\263"
 246      693F2B89 
 246      A279DE15 
 246      D17D6902 
 246      7833855F 
 247 0370 C449B46C 		.ascii	"\304I\264l\014\216\345\")\272\376m\350\273\311\251\303"
 247      0C8EE522 
 247      29BAFE6D 
 247      E8BBC9A9 
 247      C3
 248 0381 1827634A 		.ascii	"\030'cJ\272\257+\017\3621\235)\217o\035iqz/\027g\302"
 248      BAAF2B0F 
 248      F2319D29 
 248      8F6F1D69 
 248      717A2F17 
 249 0397 3EB7C124 		.ascii	">\267\301$xU\320\260;\321\361\375\003|;\034\265-C\363"
 249      7855D0B0 
 249      3BD1F1FD 
 249      037C3B1C 
 249      B52D43F3 
 250 03ab A2920CD1 		.ascii	"\242\222\014\321I<\3112\002@\355\020\035HK\311Z\035"
 250      493CC932 
 250      0240ED10 
 250      1D484BC9 
 250      5A1D
 251 03bd 2446E832 		.ascii	"$F\3502\202\360u\242\367\211\337\333\3711%\215\222\301"
 251      82F075A2 
 251      F789DFDB 
 251      F931258D 
 251      92C1
 252 03cf 4817696B 		.ascii	"H\027ik2\351\235i\\bi`\2664u_\263\305\027\030\203#\235"
 252      32E99D69 
 252      5C626960 
 252      B634755F 
 252      B3C51718 
 253 03e6 C9FB5C48 		.ascii	"\311\373\\H\224b~SM\202\031\247Zr\0139j\237\347\244"
 253      94627E53 
 253      4D8219A7 
 253      5A720B39 
 253      6A9FE7A4 
 254 03fa 055ACD0A 		.ascii	"\005Z\315\012\364\370!\343cDU;\352aEu\243\243\325]\350"
 254      F4F821E3 
 254      6344553B 
 254      EA614575 
 254      A3A3D55D 
 255 040f 1577E1BA 		.ascii	"\025w\341\272`\273$\325\344d\211++{=\000\277F\3417h"
 255      60BB24D5 
 255      E464892B 
ARM GAS  C:\Users\Ciccio\AppData\Local\Temp\ccU69cp7.s 			page 20


 255      2B7B3D00 
 255      BF46E137 
 256 0424 5C7BC5B8 		.ascii	"\\{\305\270\016_\276Xo#Ew\277\015}3\257\252\336\021"
 256      0E5FBE58 
 256      6F234577 
 256      BF0D7D33 
 256      AFAADE11 
 257 0438 7730B71B 		.ascii	"w0\267\033\036\326$\252\231\023\266D/\252\315\337\352"
 257      1ED624AA 
 257      9913B644 
 257      2FAACDDF 
 257      EA
 258 0449 40597F47 		.ascii	"@Y\177G\324\033\355W\363Y\310\346\022\265y\352q\272"
 258      D41BED57 
 258      F359C8E6 
 258      12B579EA 
 258      71BA
 259 045b 8B552706 		.ascii	"\213U'\006D'n1'\256=\356\314\343\344N\364\003\334H\341"
 259      44276E31 
 259      27AE3DEE 
 259      CCE3E44E 
 259      F403DC48 
 260 0470 B729AD01 		.ascii	"\267)\255\001\221Vv\317\216\014\214\273\030\255-\031"
 260      915676CF 
 260      8E0C8CBB 
 260      18AD2D19 
 261 0480 A6834ED8 		.ascii	"\246\203N\330\310\224\324\352\214d\306\211\247zkVf9"
 261      C894D4EA 
 261      8C64C689 
 261      A77A6B56 
 261      6639
 262 0492 C677D960 		.ascii	"\306w\331`}Go>\273\007\015T\327\237\237hW\342\247lP"
 262      7D476F3E 
 262      BB070D54 
 262      D79F9F68 
 262      57E2A76C 
 263 04a7 DC22B5B0 		.ascii	"\334\"\265\260E\367\012\032\0169\343g\202\353\255\035"
 263      45F70A1A 
 263      0E39E367 
 263      82EBAD1D 
 264 04b7 77D80619 		.ascii	"w\330\006\031\350\340\213\207g\216\330\341_\330\340"
 264      E8E08B87 
 264      678ED8E1 
 264      5FD8E0
 265 04c6 64CAD654 		.ascii	"d\312\326Tf\226\307D7\225\355\275\350\204\243\225t\260"
 265      6696C744 
 265      3795EDBD 
 265      E884A395 
 265      74B0
 266 04d8 252D3B5B 		.ascii	"%-;[\315f\322\301\336\226\244Wj\034\317\006w\014w$\010"
 266      CD66D2C1 
 266      DE96A457 
 266      6A1CCF06 
 266      770C7724 
 267 04ed 6C697D78 		.ascii	"li}xr\370\365#\226\206\2743\3454Qv\224\205\224e%\377"
 267      72F8F523 
 267      9686BC33 
ARM GAS  C:\Users\Ciccio\AppData\Local\Temp\ccU69cp7.s 			page 21


 267      E5345176 
 267      94859465 
 268 0503 72B710F1 		.ascii	"r\267\020\361O\351^\346\364=PY\015\361\0131\304\317"
 268      4FE95EE6 
 268      F43D5059 
 268      0DF10B31 
 268      C4CF
 269 0515 5988F31B 		.ascii	"Y\210\363\033\362\322\220<\304\317\000>F\341\3434\304"
 269      F2D2903C 
 269      C4CF003E 
 269      46E1E334 
 269      C4
 270 0526 2FC410BF 		.ascii	"/\304\020\277\232\312\035r\302;\031\317\303u\343\333"
 270      9ACA1D72 
 270      C23B19CF 
 270      C375E3DB 
 271 0536 596C0C4A 		.ascii	"Yl\014JiC0\2075\004\211\315\373\316`\252\232(|OGO\271"
 271      69433087 
 271      350489CD 
 271      FBCE60AA 
 271      9A287C4F 
 272 054d 12A7B3B9 		.ascii	"\022\247\263\271\333zs[\354\360!\252p\311\267\307\016"
 272      DB7A735B 
 272      ECF021AA 
 272      70C9B7C7 
 272      0E
 273 055e 23F13E9F 		.ascii	"#\361>\237^\233Mpr\346\010'\347%\260z%\336\346\247_"
 273      5E9B4D70 
 273      72E60827 
 273      E725B07A 
 273      25DEE6A7 
 274 0573 1A11B9CD 		.ascii	"\032\021\271\315\247\200\356/\226\333|\216\3712\347"
 274      A780EE2F 
 274      96DB7C8E 
 274      F932E7
 275 0582 8CDD87FF 		.ascii	"\214\335\207\3775\263\321(\316\212\321\370\315\315\177"
 275      35B3D128 
 275      CE8AD1F8 
 275      CDCD7F
 276 0591 2046794E 		.ascii	" FyN\205^[\214NIZ\204\256\370\250=\230\235\362_7\012"
 276      855E5B8C 
 276      4E495A84 
 276      AEF8A83D 
 276      989DF25F 
 277 05a7 F89CDAE4 		.ascii	"\370\234\332\344\243\302\346\271\320\324K3\226\262\315"
 277      A3C2E6B9 
 277      D0D44B33 
 277      96B2CD
 278 05b6 1BA68188 		.ascii	"\033\246\201\210\355\326\267\331Q}\210\352\257O\265"
 278      EDD6B7D9 
 278      517D88EA 
 278      AF4FB5
 279 05c5 3F75B2BA 		.ascii	"?u\262\272{q\234\260{\2339j=\267?\257\330YZ=\011\363"
 279      7B719CB0 
 279      7B9B396A 
 279      3DB73FAF 
 279      D8595A3D 
ARM GAS  C:\Users\Ciccio\AppData\Local\Temp\ccU69cp7.s 			page 22


 280 05db 186E3E8A 		.ascii	"\030n>\212\345\010|\0137K\234Dw\240\2472Q)EG\277\015"
 280      E5087C0B 
 280      374B9C44 
 280      77A0A732 
 280      51294547 
 281 05f1 BDFFCA48 		.ascii	"\275\377\312H\272\032\027(\247\235r\265p\312\207\015"
 281      BA1A1728 
 281      A79D72B5 
 281      70CA870D 
 282 0601 15B71C98 		.ascii	"\025\267\034\230[\007(\300tx0\305\236\002\222~O\364"
 282      5B0728C0 
 282      747830C5 
 282      9E02927E 
 282      4FF4
 283 0613 83D155F7 		.ascii	"\203\321U\367\331\215\022cC\213Y\355U\275\365\352\225"
 283      D98D1263 
 283      438B59ED 
 283      55BDF5EA 
 283      95
 284 0624 28FA95C0 		.ascii	"(\372\225\300\374z\232q\367\266R\236\225\333\201i<e"
 284      FC7A9A71 
 284      F7B6529E 
 284      95DB8169 
 284      3C65
 285 0636 BA83324D 		.ascii	"\272\2032M\024\231v\235\277~\303\011\0271\2469\245W"
 285      1499769D 
 285      BF7EC309 
 285      1731A639 
 285      A557
 286 0648 8DEC500E 		.ascii	"\215\354P\016\323\2629<\361\372\262\003\256b\2031\307"
 286      D3B2393C 
 286      F1FAB203 
 286      AE628331 
 286      C7
 287 0659 6E4EAA98 		.ascii	"nN\252\230\033\244\200\273\304e6\227\253\221\233\233"
 287      1BA480BB 
 287      C4653697 
 287      AB919B9B 
 288 0669 DB6C37F3 		.ascii	"\333l7\363\343n \251`*.\375Kn4_\027\213I\231A\367!\033"
 288      E36E20A9 
 288      602A2EFD 
 288      4B6E345F 
 288      178B4999 
 289 0681 F670B3CD 		.ascii	"\366p\263\315\305\007=\240\274\377\014\037\012\003\037"
 289      C5073DA0 
 289      BCFF0C1F 
 289      0A031F
 290 0690 1B63801B 		.ascii	"\033c\200\033\262q\031-\233\311\034\203\232\253\177"
 290      B271192D 
 290      9BC91C83 
 290      9AAB7F
 291 069f 0A278546 		.ascii	"\012'\205F\031.-\001d\037\030}(\030\025\013-zd1\272"
 291      192E2D01 
 291      641F187D 
 291      2818150B 
 291      2D7A6431 
 292 06b4 53F0FD0B 		.ascii	"S\360\375\013\245\002]\201\361\253t\210\240!\303\320"
ARM GAS  C:\Users\Ciccio\AppData\Local\Temp\ccU69cp7.s 			page 23


 292      A5025D81 
 292      F1AB7488 
 292      A021C3D0 
 293 06c4 4148B674 		.ascii	"AH\266t\316\015e\201d\200\354\002\331\015\262\037\344"
 293      CE0D6581 
 293      6480EC02 
 293      D90DB21F 
 293      E4
 294 06d5 00481AC8 		.ascii	"\000H\032\310>\220\275 \231 \006\220T\316\215&1q\317"
 294      3E90BD20 
 294      99200690 
 294      54CE8D26 
 294      3171CF
 295 06e8 D04B38C0 		.ascii	"\320K8\300\341F\023\002\007\361\310\243I\251c\200\274"
 295      E1461302 
 295      07F1C8A3 
 295      49A96380 
 295      BC
 296 06f9 46902404 		.ascii	"F\220$\004C\362\020\014\243\351~]\027\375\032\221\373"
 296      43F2100C 
 296      A3E97E5D 
 296      17FD1A91 
 296      FB
 297 070a 352A4336 		.ascii	"5*C6\211\310\233r\344\242\351\300\026\021xW\016\274"
 297      89C89B72 
 297      E4A2E9C0 
 297      16117857 
 297      0EBC
 298 071c 27337963 		.ascii	"'3yc\311\336eH\317\315B[\205\360\213y\215\266q\323\035"
 298      C9DE6548 
 298      CFCD425B 
 298      85F08B79 
 298      8DB671D3 
 299 0731 6A161DBA 		.ascii	"j\026\035\272#w\350\232\314\3656\021\371X\216\034\224"
 299      2377E89A 
 299      CCF53611 
 299      F9588E1C 
 299      94
 300 0742 21FB0812 		.ascii	"!\373\010\022\262\022%\011\253\213\271\212v\3126\277"
 300      B2122509 
 300      AB8BB98A 
 300      76CA36BF 
 301 0752 47F4E889 		.ascii	"G\364\350\211\334\243\247\026\233\244\030\031\033\013"
 301      DCA3A716 
 301      9BA41819 
 301      1B0B
 302 0760 6C794420 		.ascii	"lyD \012\261\2133\227\266[\235wb\225\310}6\305\365'"
 302      0AB18B33 
 302      97B65B9D 
 302      776295C8 
 302      7D36C5F5 
 303 0775 207B940D 		.ascii	" {\224\015\226\272,\025\213\314\242\317Li\204\016A\366"
 303      96BA2C15 
 303      8BCCA2CF 
 303      4C69840E 
 303      41F6
 304 0787 FC2F3209 		.ascii	"\374/2\011\016\324\324`_\234Z\332\370fK2_\201\016s\264"
ARM GAS  C:\Users\Ciccio\AppData\Local\Temp\ccU69cp7.s 			page 24


 304      0ED4D460 
 304      5F9C5ADA 
 304      F8664B32 
 304      5F810E73 
 305 079c F125DF00 		.ascii	"\361%\337\000\256\276\271\365\021+\032F{2\271\311\224"
 305      AEBEB9F5 
 305      112B1A46 
 305      7B32B9C9 
 305      94
 306 07ad 1265434F 		.ascii	"\022eCOc<=\235%\367\023\342\\\360 ;\252\023\211\375"
 306      633C3D9D 
 306      25F713E2 
 306      5CF0203B 
 306      AA1389FD 
 307 07c1 9DF6623B 		.ascii	"\235\366b;\245\377-\355\324\351\266\343g]\360"
 307      A5FF2DED 
 307      D4E9B6E3 
 307      675DF0
 308 07d0 7336BD79 		.ascii	"s6\275y\254\256\310\001\277b\312\363\241\263}\366\230"
 308      ACAEC801 
 308      BF62CAF3 
 308      A1B37DF6 
 308      98
 309 07e1 B7A14A76 		.ascii	"\267\241Jv\352\356clUJ\242\264%\246\306\026ofc\245["
 309      EAEE636C 
 309      554AA2B4 
 309      25A6C616 
 309      6F6663A5 
 310 07f6 4FB6DAE2 		.ascii	"O\266\332\342\355Li\036\230x\306j\336;\364\312\332\275"
 310      ED4C691E 
 310      9878C66A 
 310      DE3BF4CA 
 310      DABD
 311 0808 AB01E11D 		.ascii	"\253\001\341\035lL\354r\234Y\2273\276yx+\253+j\3320"
 311      6C4CEC72 
 311      9C599733 
 311      BE79782B 
 311      AB2B6ADA 
 312 081d 27E514B2 		.ascii	"'\345\024\262\231\216\364\002?2\320n\275\366\235\024"
 312      998EF402 
 312      3F32D06E 
 312      BDF69D14 
 313 082d 6B5F29AB 		.ascii	"k_)\253}\035U\303So\324\364\022\310\247\0234\225\312"
 313      7D1D55C3 
 313      536FD4F4 
 313      12C8A713 
 313      3495CA
 314 0840 68ED3B29 		.ascii	"h\355;)\326\276\362\230[=jyM\267\212\256\035\03359\342"
 314      D6BEF298 
 314      5B3D6A79 
 314      4DB78AAE 
 314      1D1B3539 
 315 0855 14E643DA 		.ascii	"\024\346C\332xK\003\353\362\347\021\265\275\341\\\257"
 315      784B03EB 
 315      F2E711B5 
 315      BDE15CAF 
 316 0865 23DEC3C6 		.ascii	"#\336\303\306\364|L\201\012g2%g\340R2\253\345\213hE"
ARM GAS  C:\Users\Ciccio\AppData\Local\Temp\ccU69cp7.s 			page 25


 316      F47C4C81 
 316      0A673225 
 316      67E05232 
 316      ABE58B68 
 317 087a BDF338DD 		.ascii	"\275\3638\335\011\037dc\217\016\346\364\250\361Q\246"
 317      091F6463 
 317      8F0EE6F4 
 317      A8F151A6 
 318 088a F48FF79F 		.ascii	"\364\217\367\237e\227\3312\242\236\211\316,s\304\307"
 318      6597D932 
 318      A29E89CE 
 318      2C73C4C7 
 319 089a D8D8FDC1 		.ascii	"\330\330\375\301\344!%.aJT]A'\003~F\257\232\321\203"
 319      E421252E 
 319      614A545D 
 319      4127037E 
 319      46AF9AD1 
 320 08af 71F6B89C 		.ascii	"q\366\270\234\215\225\034:\\\306B\373\005\335\273\364"
 320      8D951C3A 
 320      5CC642FB 
 320      05DDBBF4 
 321 08bf 474BACC6 		.ascii	"GK\254\306\356\274\030\273\017i\350\272GvE\213\2413"
 321      EEBC18BB 
 321      0F69E8BA 
 321      4776458B 
 321      A133
 322 08d1 88D7463D 		.ascii	"\210\327F=\004\243\200\006\243\201\006\343\274\030\214"
 322      04A38006 
 322      A38106E3 
 322      BC188C
 323 08e0 E2FC9707 		.ascii	"\342\374\227\007m\245\350\\\356-\350\312\263\335S\216"
 323      6DA5E85C 
 323      EE2DE8CA 
 323      B3DD538E 
 324 08f0 B87A3A47 		.ascii	"\270z:G5\343\370:\206?\341\200\353\330Xeq\322$\273\341"
 324      35E3F83A 
 324      863FE180 
 324      EBD85865 
 324      71D224BB 
 325 0905 BD897A56 		.ascii	"\275\211zV\317\037P\343z\233i\215\250\263\320\210&\036"
 325      CF1F50E3 
 325      7A9B698D 
 325      A8B3D088 
 325      261E
 326 0917 CF7EC6B6 		.ascii	"\317~\306\266\200\266\201\245\317\332\317(\255:\333"
 326      80B681A5 
 326      CFDACF28 
 326      AD3ADB
 327 0926 263A7B89 		.ascii	"&:{\211%JY\372\350\204\213\374\222l\005\376E\224\177"
 327      254A59FA 
 327      E8848BFC 
 327      926C05FE 
 327      45947F
 328 0939 3BE5DF26 		.ascii	";\345\337&\362\217?\225|O-E\023o\255\242\207Jr\340\362"
 328      F28F3F95 
 328      7C4F2D45 
 328      136FADA2 
ARM GAS  C:\Users\Ciccio\AppData\Local\Temp\ccU69cp7.s 			page 26


 328      874A72E0 
 329 094e 6F14B6AE 		.ascii	"o\024\266\256f\220g\215\236\257\264av\026\032\346\324"
 329      6690678D 
 329      9EAFB461 
 329      76161AE6 
 329      D4
 330 095f E68A3E96 		.ascii	"\346\212>\226\374\364\346\337yb\264\312\301\252\023"
 330      FCF4E6DF 
 330      7962B4CA 
 330      C1AA13
 331 096e 5DA21339 		.ascii	"]\242\0239\354\320>oo\310x\343\377)W\200\326UJ\253\233"
 331      ECD03E6F 
 331      6FC878E3 
 331      FF295780 
 331      D6554AAB 
 332 0983 D2EA1269 		.ascii	"\322\352\022i\035i:y\317E\356\204U\364`\327\271\355"
 332      1D693A79 
 332      CF45EE84 
 332      55F460D7 
 332      B9ED
 333 0995 6ADCCA9C 		.ascii	"j\334\312\234\330\237X2\311\372\361\037\211\032\267"
 333      D89F5832 
 333      C9FAF11F 
 333      891AB7
 334 09a4 27B65589 		.ascii	"'\266U\211/\013\307\276\366\304(;\257z\242\317\2757"
 334      2F0BC7BE 
 334      F6C4283B 
 334      AF7AA2CF 
 334      BD37
 335 09b6 D0D3608B 		.ascii	"\320\323`\213\334fxf\273\273\221\353\336\270\257\260"
 335      DC667866 
 335      BBBB91EB 
 335      DEB8AFB0 
 336 09c6 49CD0B17 		.ascii	"I\315\013\027\376)\250\371#\322\013\277zZ\315\2171\034"
 336      FE29A8F9 
 336      23D20BBF 
 336      7A5ACD8F 
 336      311C
 337 09d8 2F147B83 		.ascii	"/\024{\203^9\364\206\024\272+\306\220K\241\304\253&"
 337      5E39F486 
 337      14BA2BC6 
 337      904BA1C4 
 337      AB26
 338 09ea 39B45966 		.ascii	"9\264Yf5\335l\365\364\314\004\216\"3v\273\031\233/\307"
 338      35DD6CF5 
 338      F4CC048E 
 338      223376BB 
 338      199B2FC7 
 339 09fe 2E9241F7 		.ascii	".\222A\367\233\241\347\344\320\263r\263\361f\35419\266"
 339      9BA1E7E4 
 339      D0B372B3 
 339      F166EC31 
 339      39B6
 340 0a10 40C636CB 		.ascii	"@\3066\313\014=3\263Y1\006Q\206\034\017@^\200\313\264"
 340      0C3D33B3 
 340      59310651 
 340      861C0F40 
ARM GAS  C:\Users\Ciccio\AppData\Local\Temp\ccU69cp7.s 			page 27


 340      5E80CBB4 
 341 0a24 51408A67 		.ascii	"Q@\212g\022]\224\031\3154\033\255\223\033\255\235\306"
 341      125D9419 
 341      CD341BAD 
 341      931BAD9D 
 341      C6
 342 0a35 15AEE802 		.ascii	"\025\256\350\002b\025\022\204^\373\004*\246\015\272"
 342      62151284 
 342      5EFB042A 
 342      A60DBA
 343 0a44 3E0D0A9B 		.ascii	">\015\012\233\220g\336\204\226\2317\301\034\202(\303"
 343      9067DE84 
 343      969937C1 
 343      1C8228C3 
 344 0a54 5E0FE83B 		.ascii	"^\017\350;\312\301l\205\000\025k/\252\224\221M3\223"
 344      CAC16C85 
 344      00156B2F 
 344      AA94914D 
 344      3393
 345 0a66 AD925B65 		.ascii	"\255\222[e\215\207\231A\224\341\030!\333\003V\257q2"
 345      8D879941 
 345      94E11821 
 345      DB0356AF 
 345      7132
 346 0a78 B24659DF 		.ascii	"\262FY\337\231h\266Z(\267Z$\313\255mf\267\362fL\002"
 346      9968B65A 
 346      28B75A24 
 346      CBAD6D66 
 346      B7F2664C 
 347 0a8d CB0EE493 		.ascii	"\313\016\344\223\345;`\371\313\002P\254\023\250S\346"
 347      E53B60F9 
 347      CB0250AC 
 347      13A853E6 
 348 0a9d D40EF3F2 		.ascii	"\324\016\363\362\3053//\311\226\0143\266f\346\335z\243"
 348      C5332F2F 
 348      C9960C33 
 348      B666E6DD 
 348      7AA3
 349 0aaf F13D02CB 		.ascii	"\361=\002\313\036\245C#B\2732\012\355\312\023hAn\201"
 349      1EA54323 
 349      42BB320A 
 349      EDCA1368 
 349      416E81
 350 0ac2 DC067906 		.ascii	"\334\006y\0062\0102\004\362\020\344\021H\037\210\021"
 350      32083204 
 350      F210E411 
 350      481F8811 
 351 0ad2 6418E41E 		.ascii	"d\030\344\036\310\035\220\001\220\273 \375 \017@\236"
 351      C81D9001 
 351      90BB20FD 
 351      200F409E 
 352 0ae2 823C06B9 		.ascii	"\202<\006\271\017rShgh7\245/$]\327\310\033]\027=\365"
 352      0F725368 
 352      676837A5 
 352      2F245DD7 
 352      C81B5D17 
 353 0af8 0992537F 		.ascii	"\011\222S\177|\346\214g\376B\2176V\021u\307\031\315"
ARM GAS  C:\Users\Ciccio\AppData\Local\Temp\ccU69cp7.s 			page 28


 353      7CE68C67 
 353      FE428F36 
 353      561175C7 
 353      19CD
 354 0b0a 769FC91F 		.ascii	"v\237\311\037\364\034\334\370\277\271T\030n\217\306"
 354      F41CDCF8 
 354      BFB95418 
 354      6E8FC6
 355 0b19 60B11CCE 		.ascii	"`\261\034\316\334\037\216\210\375!\271\313R\213ns\322"
 355      DC1F8E88 
 355      FD21B9CB 
 355      528B6E73 
 355      D2
 356 0b2a 166E6C5A 		.ascii	"\026nlZ\013\367Bh\341^\320\026n\262\270\341\211\243"
 356      0BF74268 
 356      E15ED016 
 356      6EB2B8E1 
 356      89A3
 357 0b3c 144CFED0 		.ascii	"\024L\376\320h\001\217\013\340q\012\276>\272\245\037"
 357      68018F0B 
 357      E0710ABE 
 357      3EBAA51F 
 358 0b4c 4BC1E4EF 		.ascii	"K\301\344\357n\026\360\204\000&\337\366\033C\302t\037"
 358      6E16F084 
 358      0026DFF6 
 358      1B43C274 
 358      1F
 359 0b5d 2F0FD0D9 		.ascii	"/\017\320\331\376\375\253o\\\275\024\252\200\000\361"
 359      FEFDAB6F 
 359      5CBD14AA 
 359      8000F1
 360 0b6c CDF7417F 		.ascii	"\315\367A\177\363\017Z\037\262.$R\26718$\334_\027\036"
 360      F30F5A1F 
 360      B22E2452 
 360      B7313824 
 360      DC5F171E 
 361 0b80 1E1AE9FF 		.ascii	"\036\032\351\377C\330FW\372\31350b\203\253v\303:mp\260"
 361      43D84657 
 361      FACB3530 
 361      6283AB76 
 361      C33A6D70 
 362 0b95 36D87FC5 		.ascii	"6\330\177\305\322\277\272._\366\321'\377\376\330\037"
 362      D2BFBA2E 
 362      5FF6D127 
 362      FFFED81F 
 363 0ba5 DE2F090B 		.ascii	"\336/\011\013\017\323.\321\006\256\013\361\017\011\013"
 363      0FD32ED1 
 363      06AE0BF1 
 363      0F090B
 364 0bb4 0ADD18AC 		.ascii	"\012\335\030\254\365\337\020\010\266\302\264\376\001"
 364      F5DF1008 
 364      B6C2B4FE 
 364      01
 365 0bc1 C1DAEF03 		.ascii	"\301\332\357\0037\206\352\002t\233~\324F.]\257\370\366"
 365      3786EA02 
 365      749B7ED4 
 365      462E5DAF 
ARM GAS  C:\Users\Ciccio\AppData\Local\Temp\ccU69cp7.s 			page 29


 365      F8F6
 366 0bd3 7FBA4CE4 		.ascii	"\177\272L\344\246H\377\200H]0\370\000\266\337\011\373"
 366      A648FF80 
 366      485D30F8 
 366      00B6DF09 
 366      FB
 367 0be4 29246875 		.ascii	")$huX\340\272P\355Zm\220.<b\351\322\245\036\346\177"
 367      58E0BA50 
 367      ED5A6D90 
 367      2E3C62E9 
 367      D2A51EE6 
 368 0bf9 E1911EEB 		.ascii	"\341\221\036\353\003C=~\014\217\320Ez\004\205o\330\020"
 368      03433D7E 
 368      0C8FD045 
 368      7A04856F 
 368      D810
 369 0c0b 1EE6E1A9 		.ascii	"\036\346\341\251Y\343\265\346g\0172oi\220\342w\344{"
 369      59E3B5E6 
 369      670F326F 
 369      6990E277 
 369      E47B
 370 0c1d 5548A4C5 		.ascii	"UH\244\305\300\002\362\306O\253\363\333\024\251\323"
 370      C002F2C6 
 370      4FABF3DB 
 370      14A9D3
 371 0c2c 6EF00E0C 		.ascii	"n\360\016\014\013\016\325F\370F\204\204G\204\3506\321"
 371      0B0ED546 
 371      F8468484 
 371      4784E836 
 371      D1
 372 0c3d E5BC42B5 		.ascii	"\345\274B\265\201\021\276\3320\240\360\2032h}`\204C"
 372      8111BEDA 
 372      30A0F083 
 372      32687D60 
 372      8443
 373 0c4f D07A407B 		.ascii	"\320z@{\007\206\352\334d\253G\350<\004\336\036A\353"
 373      0786EADC 
 373      64AB47E8 
 373      3C04DE1E 
 373      41EB
 374 0c61 813930B6 		.ascii	"\20190\266\017\010\370~cXP@\200\223\370c\351\247\313"
 374      0F08F87E 
 374      63585040 
 374      8093F863 
 374      E9A7CB
 375 0c74 562C7FF7 		.ascii	"V,\177\367m\313*\034\276Z\353\343\025\3605\004T\351"
 375      6DCB2A1C 
 375      BE5AEBE3 
 375      15F03504 
 375      54E9
 376 0c86 E3B75AE3 		.ascii	"\343\267Z\343\240Y\015\237kW\257Z\246\364\361Z\255\261"
 376      A0590D9F 
 376      6B57AF5A 
 376      A6F4F15A 
 376      ADB1
 377 0c98 D730ED23 		.ascii	"\3270\355#\030\364\265\014.\207A\211\372\261\322\307"
 377      18F4B50C 
ARM GAS  C:\Users\Ciccio\AppData\Local\Temp\ccU69cp7.s 			page 30


 377      2E874189 
 377      FAB1D2C7 
 378 0ca8 73A5455D 		.ascii	"s\245E]aG\322\340\263\000\235\003K\010\370\305\371\370"
 378      6147D2E0 
 378      B3009D03 
 378      4B08F8C5 
 378      F9F8
 379 0cba 9A873F51 		.ascii	"\232\207?Q\372}\355\243Y,\363G\373\263\316\303k\215"
 379      FA7DEDA3 
 379      592CF347 
 379      FBB3CEC3 
 379      6B8D
 380 0ccc 9F8F9FC5 		.ascii	"\237\217\237\305\255\360\010m@\320\206\025\3043?\257"
 380      ADF0086D 
 380      40D08615 
 380      C4333FAF 
 381 0cdc 9594A38D 		.ascii	"\225\224\243\215\227\3577>\253`u?\215r\355\327\377\324"
 381      97EF373E 
 381      AB60753F 
 381      8D72EDD7 
 381      FFD4
 382 0cee D878FA68 		.ascii	"\330x\372h\2744\330\017\304\213|{\373\332\370y\223A"
 382      BC34D80F 
 382      C48B7C7B 
 382      FBDAF879 
 382      9341
 383 0d00 AF2FE1C3 		.ascii	"\257/\341\303\233|\254\202\017\2335k\276\364\324(W\222"
 383      9B7CAC82 
 383      0F9B356B 
 383      BEF4D428 
 383      5792
 384 0d12 0F4FD0B1 		.ascii	"\017O\320\261\357\227\032\274\012\304s\225F\011c\032"
 384      EF971ABC 
 384      0AC47395 
 384      4609631A 
 385 0d22 70CF5303 		.ascii	"p\317S\003\306=\2754\377\005q\243\012T"
 385      C63DBD34 
 385      FF0571A3 
 385      0A54
 386              		.text
 387              		.section	.gnu.lto_.symtab.275ce418,"",%progbits
 388 0000 6E766963 		.ascii	"nvicEnableVector\000\000\000\000\000\000\000\000\000"
 388      456E6162 
 388      6C655665 
 388      63746F72 
 388      00000000 
 389 0019 000000B6 		.ascii	"\000\000\000\266\000\000\000nvicDisableVector\000\000"
 389      0000006E 
 389      76696344 
 389      69736162 
 389      6C655665 
 390 0033 00000000 		.ascii	"\000\000\000\000\000\000\000\000\000\000\272\000\000"
 390      00000000 
 390      0000BA00 
 390      00
 391 0040 006E7669 		.ascii	"\000nvicSetSystemHandlerPriority\000\000\000\000\000"
 391      63536574 
ARM GAS  C:\Users\Ciccio\AppData\Local\Temp\ccU69cp7.s 			page 31


 391      53797374 
 391      656D4861 
 391      6E646C65 
 392 0062 00000000 		.ascii	"\000\000\000\000\000\000\000\274\000\000\000nvicCle"
 392      000000BC 
 392      0000006E 
 392      76696343 
 392      6C65
 393 0074 61725065 		.ascii	"arPending\000\000\000\000\000\000\000\000\000\000\000"
 393      6E64696E 
 393      67000000 
 393      00000000 
 393      00000000 
 394 0088 00BE0000 		.ascii	"\000\276\000\000\000chSysHalt\000\000\002\000\000\000"
 394      00636853 
 394      79734861 
 394      6C740000 
 394      02000000 
 395 009c 00000000 		.ascii	"\000\000\000\000\000\000\311\000\000\000"
 395      0000C900 
 395      0000
 396              		.text
 397              		.section	.gnu.lto_.opts,"",%progbits
 398 0000 272D666E 		.ascii	"'-fno-trapv' '-fno-strict-overflow' '-mcpu=cortex-m"
 398      6F2D7472 
 398      61707627 
 398      20272D66 
 398      6E6F2D73 
 399 0033 34272027 		.ascii	"4' '-mno-thumb-interwork' '-mthumb' '-ggdb' '-O0' '"
 399      2D6D6E6F 
 399      2D746875 
 399      6D622D69 
 399      6E746572 
 400 0066 2D666F6D 		.ascii	"-fomit-frame-pointer' '-falign-functions=16' '-ffun"
 400      69742D66 
 400      72616D65 
 400      2D706F69 
 400      6E746572 
 401 0099 6374696F 		.ascii	"ction-sections' '-fdata-sections' '-fno-common' '-f"
 401      6E2D7365 
 401      6374696F 
 401      6E732720 
 401      272D6664 
 402 00cc 6C746F27 		.ascii	"lto'\000"
 402      00
 403              		.text
 404              		.comm	__gnu_lto_v1,1,1
 405              		.comm	__gnu_lto_slim,1,1
 406              		.ident	"GCC: (GNU Tools for ARM Embedded Processors) 4.9.3 20150529 (release) [ARM/embedded-4_9-br
ARM GAS  C:\Users\Ciccio\AppData\Local\Temp\ccU69cp7.s 			page 32


DEFINED SYMBOLS
                            *ABS*:00000000 nvic.c
                            *COM*:00000001 __gnu_lto_v1
                            *COM*:00000001 __gnu_lto_slim

NO UNDEFINED SYMBOLS
