ARM GAS  C:\Users\Ciccio\AppData\Local\Temp\ccsCf20g.s 			page 1


   1              		.syntax unified
   2              		.cpu cortex-m4
   3              		.fpu softvfp
   4              		.eabi_attribute 20, 1
   5              		.eabi_attribute 21, 1
   6              		.eabi_attribute 23, 3
   7              		.eabi_attribute 24, 1
   8              		.eabi_attribute 25, 1
   9              		.eabi_attribute 26, 1
  10              		.eabi_attribute 30, 6
  11              		.eabi_attribute 34, 1
  12              		.eabi_attribute 18, 4
  13              		.thumb
  14              		.file	"pal.c"
  15              		.text
  16              	.Ltext0:
  17              		.section	.gnu.lto_.inline.275cdf08,"",%progbits
  18 0000 789C6366 		.ascii	"x\234cf\300\016\374\24143\003\203\200\004\003\003\223"
  18      C00EFCA1 
  18      34330383 
  18      80040303 
  18      93
  19 0011 C484D38C 		.ascii	"\304\204\323\214\014,\014L 1&n\020\301 .\017$\325\016"
  19      0C2C0C4C 
  19      2031266E 
  19      10C1202E 
  19      0F24D50E 
  20 0025 EC604211 		.ascii	"\354`B\021ga\020R\0062E>\254\206\253g\341\205I2\000"
  20      67611052 
  20      0632453E 
  20      AC86AB67 
  20      E1854932 
  21 003a 00181C06 		.ascii	"\000\030\034\006\003"
  21      03
  22              		.text
  23              		.section	.gnu.lto_palReadBus.275cdf08,"",%progbits
  24 0000 789C9554 		.ascii	"x\234\225T\335KTQ\020?s\316\375t\323\225\236B\212\214"
  24      DD4B5451 
  24      103F73CE 
  24      FD74D395 
  24      9E428A8C 
  25 0014 457C08DD 		.ascii	"E|\010\335?\240\207|\350\017\350_0_z\020\212$\350e\361"
  25      3FA0877C 
  25      E80FE85F 
  25      305F7A10 
  25      8A24E865 
  26 0029 A88B5956 		.ascii	"\250\213YV\212Jl\231\251D\344G\271\271\245\251em\246"
  26      8A4A6C99 
  26      A944E447 
  26      B9B9A5A9 
  26      656DA6
  27 003c 22F48558 		.ascii	"\"\364\205X\352J\230\320\032\365\020h\012z\011\273\315"
  27      EA4A98D0 
  27      1AF51068 
  27      0A7A09BB 
  27      CD
  28 004d 9CDDD60D 		.ascii	"\234\335\326\015\227\320\313\336\271w\316\231\337\357"
ARM GAS  C:\Users\Ciccio\AppData\Local\Temp\ccsCf20g.s 			page 2


  28      97D0CBDE 
  28      B977CE99 
  28      DFEF
  29 005b 377366EE 		.ascii	"7sf\356\012\266\363:\201\367\021\2351\0379\026\003\316"
  29      0AB6F33A 
  29      81F7119D 
  29      311F3916 
  29      03CE
  30 006d F0068156 		.ascii	"\360\006\201Vp\\\226\\C\243i\211w\203\336u\300\007\030"
  30      705C965C 
  30      43A36989 
  30      7783DE75 
  30      C00718
  31 0080 60A23501 		.ascii	"`\2425\001\020\006\254\222\013M7L\250\204\357|\225\303"
  31      1006AC92 
  31      0B4D374C 
  31      A884EF7C 
  31      95C3
  32 0092 70DFFA5B 		.ascii	"p\337\372[\3177\356p\226\317\320\035i\232\012\031\344"
  32      CF37EE70 
  32      96CFD01D 
  32      699A0A19 
  32      E4
  33 00a3 8246EEDC 		.ascii	"\202F\356\334lh\316.\274+e\365JS\377\205\033-\035\270"
  33      6C68CE2E 
  33      BC2B65F5 
  33      4A53FF85 
  33      1B2D1DB8 
  34 00b7 C3D91A67 		.ascii	"\303\331\032gp\017\362\240\013\362\210\262\033\0121"
  34      700FF2A0 
  34      0BF288B2 
  34      1B0A31
  35 00c6 74A52A16 		.ascii	"t\245*\0267E>\020l6\026\2331\012\356 ,:\025\221%\232"
  35      37453E10 
  35      6C36169B 
  35      310AEE20 
  35      2C3A1591 
  36 00dc C305F480 		.ascii	"\303\005\364\200H\307\341\022\203^(\240\360\325\340"
  36      48C7E112 
  36      835E28A0 
  36      F0D5E0
  37 00eb D69CC708 		.ascii	"\326\234\307\010J)s\267\260(\014C\326\373\2307c6n/\214"
  37      4A2973B7 
  37      B0280C43 
  37      D6FB9837 
  37      63366E2F 
  38 0100 B735EBBE 		.ascii	"\2675\353\276Nd[\252\377\022?\031\015v\310\337\256\013"
  38      4E645BAA 
  38      FF123F19 
  38      0D76C8DF 
  38      AE0B
  39 0112 0ED6FB6F 		.ascii	"\016\326\373o&t\301\003\360!\346ko\313E\205\271\334"
  39      2674C103 
  39      F021E66B 
  39      6FCB4585 
  39      B9DC
  40 0124 71F54EAD 		.ascii	"q\365N\255>%\203K\256{xg\362\012\322\247 \355\215NT"
ARM GAS  C:\Users\Ciccio\AppData\Local\Temp\ccsCf20g.s 			page 3


  40      3E25834B 
  40      AE7B7867 
  40      F20AD2A7 
  40      20ED8D4E 
  41 0139 5332D19B 		.ascii	"S2\321\233\221\256\222\224\212\236\011\022V\220\355"
  41      91AE9294 
  41      8A9E0912 
  41      5690ED
  42 0148 CC249D4D 		.ascii	"\314$\235M]\324u\217;x\364\031\000\017\377\003\310X"
  42      5DD4758F 
  42      3B78F419 
  42      000FFF03 
  42      C858
  43 015a 47BF02F4 		.ascii	"G\277\002\364\214nD\274\004\220\351\0003\023 \262\327"
  43      8C6E44BC 
  43      0490E900 
  43      331320B2 
  43      D7
  44 016b 941EED15 		.ascii	"\224\036\355\025\360\030|\330\237\360\376\250t\335\265"
  44      F0187CD8 
  44      9FF0FEA8 
  44      74DDB5
  45 017a F1E94BC7 		.ascii	"\361\351K\307B<\013\200\272\310\261\237\232@\243kh\014"
  45      423C0B80 
  45      BAC8B19F 
  45      9A40A36B 
  45      680C
  46 018c 9D5C038D 		.ascii	"\235\\\003\215i\222k\221\261\031\235>\213Ss\321\342"
  46      69926B91 
  46      B1199D3E 
  46      8B5373D1 
  46      E2
  47 019d 432CE30C 		.ascii	"C,\343\0140\361\021\202\3635\341+\202:\276\201\303\300"
  47      30F11182 
  47      F335E12B 
  47      823ABE81 
  47      C3C0
  48 01af E173FCFD 		.ascii	"\341s\374\375\264ECH\263=\220\324_\246\361\026\013P"
  48      B4454348 
  48      B33D90D4 
  48      5FA6F116 
  48      0B50
  49 01c1 3D088948 		.ascii	"=\010\211H\232\336\201\315\366\037\331m\320\212m\262"
  49      9ADE81CD 
  49      F61FD96D 
  49      D08A6DB2 
  50 01d1 109B08C6 		.ascii	"\020\233\010\306\365[\353\3151o\321Q\207\3330\010m\360"
  50      F55BEBCD 
  50      316FD151 
  50      87DB3008 
  50      6DF0
  51 01e3 5389C213 		.ascii	"S\211\302\023(b\250\366Nl\023\204'^\217\251y\267\275"
  51      2862A8F6 
  51      4E6C1384 
  51      275E8FA9 
  51      79B7BD
  52 01f6 0C865252 		.ascii	"\014\206RR\370\011\211O\240Q\034\321\335\236\271\326"
ARM GAS  C:\Users\Ciccio\AppData\Local\Temp\ccsCf20g.s 			page 4


  52      F809894F 
  52      A0511CD1 
  52      DD9EB9D6 
  53 0206 C703BF64 		.ascii	"\307\003\277d\235\264\034\236\265\306q0a\030\002\264"
  53      9DB41C9E 
  53      B5C67130 
  53      611802B4 
  54 0216 75BDE1C3 		.ascii	"u\275\341\303\220\300\255\020myh|Yz\005\036\345v7\264"
  54      90C0AD10 
  54      6D79687C 
  54      597A051E 
  54      E57637B4 
  55 022a 0C611AAD 		.ascii	"\014a\032\255U\215\024\265\017F \000O\223\251\266\307"
  55      558D14B5 
  55      0F462000 
  55      4F93A9B6 
  55      C7
  56 023b BB421E24 		.ascii	"\273B\036$8\200\301\360\014\243\224(\214B\300\341\331"
  56      3880C1F0 
  56      0CA39428 
  56      8C42C0E1 
  56      D9
  57 024c 2A192359 		.ascii	"*\031#Y\367\352dg2s\261\233\322s\340\271*]}\366/\260"
  57      F7EA6467 
  57      3273B19B 
  57      D273E0B9 
  57      2A5D7DF6 
  58 0262 F40518FB 		.ascii	"\364\005\030\373{vZz\2169\012\227\306\347E\005\210&"
  58      7B765A7A 
  58      8E390A97 
  58      C6E74505 
  58      8826
  59 0274 F9E26FEA 		.ascii	"\371\342o\352\007\255\242^\031\304\215\\x\251(\325\007"
  59      07ADA25E 
  59      19C48D5C 
  59      78A928D5 
  59      07
  60 0285 3AA62853 		.ascii	":\246(S\355\320w\327\216W\333\355\030O\020,\232\011"
  60      EDD077D7 
  60      8E57DBED 
  60      184F102C 
  60      9A09
  61 0297 02E240BF 		.ascii	"\002\342@\277f\321H\370&\246\211\253\351\032\326n48"
  61      66D148F8 
  61      26A689AB 
  61      E91AD66E 
  61      3438
  62 02a9 4C280D41 		.ascii	"L(\015A\032\223J\243f\263\366`\202\301V\274\226:W\374"
  62      1A934AA3 
  62      66B3F660 
  62      82C156BC 
  62      963A57FC 
  63 02bd 5714F350 		.ascii	"W\024\363P\225\313\326\361\214\026!\251a\253\361\304"
  63      95CBD6F1 
  63      8C1621A9 
  63      61ABF1C4 
  64 02cd 43C3240F 		.ascii	"C\303$\017\025\027\373S\2773\025\376\323\245\345\376"
ARM GAS  C:\Users\Ciccio\AppData\Local\Temp\ccsCf20g.s 			page 5


  64      1517FB53 
  64      BF3315FE 
  64      D3A5E5FE 
  65 02dd 8A7365FE 		.ascii	"\212se\376\263\245\345\305eL\234:_\361\007\326\373\266"
  65      B3A5E5C5 
  65      654C9C3A 
  65      5FF107D6 
  65      FBB6
  66 02ef 40       		.ascii	"@"
  67              		.text
  68              		.section	.gnu.lto_palWriteBus.275cdf08,"",%progbits
  69 0000 789C9554 		.ascii	"x\234\225T\335K\024Q\024\277\347\336\231\331u?\334\325"
  69      DD4B1451 
  69      14BFE7DE 
  69      99D9753F 
  69      DCD5
  70 0012 A71022C1 		.ascii	"\247\020\"\301\244 V\377\2020z\350\271\177A})\010\212"
  70      A42056FF 
  70      82307AE8 
  70      B97F417D 
  70      29088A
  71 0025 AC4769CC 		.ascii	"\254Gi\314-\202\250\324$L3\255\210\374(-M\323\262\332"
  71      2D82A8D4 
  71      244C33AD 
  71      88FC282D 
  71      4DD3B2DA 
  72 0039 4CCBB232 		.ascii	"L\313\2622\277*\255Tj\205z\010\374\002\235\302\246s"
  72      BF2AAD54 
  72      6A857A08 
  72      FC029DC2 
  72      A673
  73 004b EE8CED54 		.ascii	"\356\214\355T\022;\313\356\331\271\367\234\337\357\234"
  73      123BCBEE 
  73      D9B9F79C 
  73      DFEF9C
  74 005a DF9D7B8E 		.ascii	"\337\235{\216`\377~\266\343\357\215\207\261\255\264"
  74      60FF7EB6 
  74      E3EF8D87 
  74      B1ADB4
  75 0069 F030E00C 		.ascii	"\3600\340\014\177 \320\012\2562\246s\005\215\242X\317"
  75      7F20D00A 
  75      AE32A673 
  75      058DA258 
  75      CF
  76 007a 1A3DAB80 		.ascii	"\032=\253\200\177\240\001 \000\330\021.\024U\203#\360"
  76      7FA00120 
  76      00D8112E 
  76      14558323 
  76      F0
  77 008b 95CF7328 		.ascii	"\225\317s(\2135W\371\267\\\325u}\356\362\235\015\307"
  77      8B3557F9 
  77      B75CD575 
  77      7DEEF29D 
  77      0DC7
  78 009d 361848B7 		.ascii	"6\030H\267\310\255Lp\015\266`\310\\\311D\334#2\201\341"
  78      C8AD4C70 
  78      0DB660C8 
ARM GAS  C:\Users\Ciccio\AppData\Local\Temp\ccsCf20g.s 			page 6


  78      5CC944DC 
  78      233281E1 
  79 00b1 7377CBD2 		.ascii	"sw\313\322K\377\027np\310\244\345\335\212\201*\215\226"
  79      4BFF176E 
  79      70C8A4E5 
  79      DD8A812A 
  79      8D96
  80 00c3 9814976F 		.ascii	"\230\024\227o&&F\265\354+\272~4\326\335\246\357P\014"
  80      262646B5 
  80      EC2BBA7E 
  80      34D6DDA6 
  80      EF500C
  81 00d6 2EA00104 		.ascii	".\240\001\004\362A#d@\023d0\334b\320\014\331\030\335"
  81      F2412364 
  81      40136430 
  81      DC62D00C 
  81      D918DD
  82 00e9 DA395C1D 		.ascii	"\3329\\\035\024\233%oOM\365N\013\370\336\002*p\375o"
  82      149B256F 
  82      4F4DF54E 
  82      0BF8DE02 
  82      2A70FD6F 
  83 00fd A0C2E006 		.ascii	"\240\302\340\006dS\364|t\365\255_\213b\321\341\325\265"
  83      6453F47C 
  83      74F5AD5F 
  83      8B62D1E1 
  83      D5B5
  84 010f 7AA10515 		.ascii	"z\241\005\0252\026F\367d_\355Y5\353\022\262\315\364"
  84      321646F7 
  84      645FED59 
  84      35EB12B2 
  84      CDF4
  85 0121 7C8EEF8E 		.ascii	"|\216\357\216E\353\365\237\246\011\006\036\211\223\321"
  85      45EBF59F 
  85      A609061E 
  85      8993D1
  86 0130 16D90A59 		.ascii	"\026\331\012Y\210\251+3b\212\304\324?\270r\\\035\320"
  86      88A92B33 
  86      628AC4D4 
  86      3FB8725C 
  86      1DD0
  87 0142 A333A6B9 		.ascii	"\2433\246\271\311\300\003\\\007rSB\022i\364\363\225"
  87      C9C0035C 
  87      07725342 
  87      1269F4F3 
  87      95
  88 0153 F5FC44CC 		.ascii	"\365\374D\3144\363\014\356Y\017p\313-\240\315-\240\375"
  88      34F30CEE 
  88      590F70CB 
  88      2DA0CD2D 
  88      A0FD
  89 0165 3F807565 		.ascii	"?\200ue\337v\013\350\220\200\246\373\313m!\002\350N"
  89      DF760BE8 
  89      9080A6FB 
  89      CB6D2102 
  89      E84E
  90 0177 80773D40 		.ascii	"\200w=@\247[\015w\334\002\272\334\002\272\335\212\276"
ARM GAS  C:\Users\Ciccio\AppData\Local\Temp\ccsCf20g.s 			page 7


  90      A75B0D77 
  90      DC02BADC 
  90      02BADD8A 
  90      BE
  91 0188 EB56F43D 		.ascii	"\353V\364=\267%\365\270\005\334\207,\274\364\255\351"
  91      B725F5B8 
  91      05DC872C 
  91      BCF4ADE9 
  92 0198 31DD34DB 		.ascii	"1\3354\333?\226\237\312\253\341\351\000\324S\034\233"
  92      3F969FCA 
  92      ABE1E900 
  92      D4531C9B 
  93 01a8 44156834 		.ascii	"D\025h4\005\250UT|\364hd<d\274\344N!\343C\343\365\323"
  93      05A85554 
  93      7CF46864 
  93      3C64BCE4 
  93      4E21E343 
  94 01bf 5E804C90 		.ascii	"^\200L\220L*9B\344\010\3232\215\014cq9\012\342\034\377"
  94      4C2A3942 
  94      E408D332 
  94      8D0C6371 
  94      390AE21C 
  95 01d4 C42CB62E 		.ascii	"\304,\266.\023\343\020}W\272xJP\277-c+r\230\216\017"
  95      13E3107D 
  95      57BA784A 
  95      50BF2D63 
  95      2B72988E 
  96 01e9 0D7B6908 		.ascii	"\015{i\010\320\014z`\027:KcHL\302\321N\260\"i\330t\254"
  96      D00C7A60 
  96      173A4B63 
  96      484CC2D1 
  96      4EB02269 
  97 0200 D47D0BD6 		.ascii	"\324}\013\326B\015\266b\012b\255`\334\277\260tv\"\024"
  97      420DB662 
  97      0A62AD60 
  97      DCBFB074 
  97      762214
  98 0213 D966701F 		.ascii	"\331fp\037<\204ZX\220I!\006\021\206\331^\211\004Ak\377"
  98      3C845A58 
  98      90492106 
  98      1186D95E 
  98      8904416B 
  99 0228 60AF9C37 		.ascii	"`\257\2347\276\020\203G\277S\341\250\023\037@\2418\242"
  99      BE108347 
  99      BF53E1A8 
  99      131F40A1 
  99      38A2
 100 023a BB387ABA 		.ascii	"\2738z\272\205\027\377\320O\350^\203\373\0279\216\005"
 100      8517FFD0 
 100      4FE85E83 
 100      FB17398E 
 100      05
 101 024b E8856272 		.ascii	"\350\205br\235;3\326%\320UE\256\000\015\017\346T\020"
 101      9D3B33D6 
 101      25D05545 
 101      AE000D0F 
 101      E65410
ARM GAS  C:\Users\Ciccio\AppData\Local\Temp\ccsCf20g.s 			page 8


 102 025e 90CBC633 		.ascii	"\220\313\3063\225]XFMI\031E\005\3411\024C\237]j]\274"
 102      955D5846 
 102      4D491945 
 102      05E13114 
 102      439F5D6A 
 103 0274 A1CA8F04 		.ascii	"\241\312\217\0048(\003\320\217Q2)<\201b\203\247\312"
 103      382803D0 
 103      8F513229 
 103      3C816283 
 103      A7CA
 104 0286 62345B77 		.ascii	"b4[w\371\264\255\\$\243<\004O\245r9\243\007P9R|\327"
 104      F9B4AD5C 
 104      24A33C04 
 104      4FA57239 
 104      A3075039 
 105 029d 2C027519 		.ascii	",\002u\031\017\323q\224Z2\204\012<\223\204r6>\227\204"
 105      0FD37194 
 105      5A32840A 
 105      3C938472 
 105      363E9784 
 106 02b1 A52B36A1 		.ascii	"\245+6\241GrjNNor\257g0\361z^X\234\0256g\212\3051\370"
 106      47726A4E 
 106      4E6F72AF 
 106      6730F17A 
 106      5E589C15 
 107 02cb 69653140 		.ascii	"ie1@G\251\206\031\274D\002\3141\345\261B|\030E\220\017"
 107      47A98619 
 107      BC4402CC 
 107      31E5B142 
 107      7C184590 
 108 02e0 36C42F2B 		.ascii	"6\304/+\3619\313\010$'\355UB\332\320\237\322\202\310"
 108      F139CB08 
 108      2427ED55 
 108      42DAD09F 
 108      D282C8
 109 02f3 F1D771A5 		.ascii	"\361\327q\245&'\355uB\332\260u\376ku\207\220\303YwX"
 109      2627ED75 
 109      42DAB075 
 109      FE6B7587 
 109      90C35977 
 110 0308 A609D1D6 		.ascii	"\246\011\321\326\222\275\225&\325\204q\253\267B\246"
 110      92BD9526 
 110      D58471AB 
 110      B742A6
 111 0317 75DEAA90 		.ascii	"u\336\252\220L\345(\001\011\004\214\330%\304_\234\354"
 111      4CE52801 
 111      09048CD8 
 111      25C45F9C 
 111      EC
 112 0328 F4469AF5 		.ascii	"\364F\232\365(:\322`TV!\254{9\3228T\035\260]\3510\006"
 112      283AD260 
 112      545621AC 
 112      7B39D238 
 112      541DB05D 
 113 033f 9105EA2A 		.ascii	"\221\005\352*\006\343\020\301\224l\012Jb\346.y\001e"
 113      06E310C1 
 113      946C0A4A 
ARM GAS  C:\Users\Ciccio\AppData\Local\Temp\ccsCf20g.s 			page 9


 113      62E62E79 
 113      0165
 114 0351 93E2DDC1 		.ascii	"\223\342\335\301\3727\346\344\344\376\376\356/\312\335"
 114      FA37E6E4 
 114      E4FEFEEE 
 114      2FCADD
 115 0360 93BF2FB7 		.ascii	"\223\277/\267\350`a\356\201\374}9\205L\024\034.R\012"
 115      E86061EE 
 115      81FC7D39 
 115      854C141C 
 115      2E520A
 116 0373 F61E2AFA 		.ascii	"\366\036*\372\005s\217\231\212"
 116      05738F99 
 116      8A
 117              		.text
 118              		.section	.gnu.lto_palSetBusMode.275cdf08,"",%progbits
 119 0000 789C9553 		.ascii	"x\234\225SkK\024Q\030>\31793\263\253\353\266\346'\021"
 119      6B4B1451 
 119      183ECF39 
 119      33B3ABEB 
 119      B6E62711 
 120 0014 22C1C420 		.ascii	"\"\301\304 t\177@D}\353k\177\301,\350\203a$}\\\034u"
 120      747F4044 
 120      7DEB6B7F 
 120      C12CE883 
 120      61247D5C 
 121 002a 0B214853 		.ascii	"\013!HS\211\015\257!\341\255\334\2624/Y\223\031\010"
 121      890DAF21 
 121      E1ADDCB2 
 121      342F5993 
 121      1908
 122 003c 5121765B 		.ascii	"Q!v[1\023Z)\011A[\311\206\260\351=g6\335j\011\033f\316"
 122      31135A29 
 122      09415BC9 
 122      86B0E93D 
 122      6736DD6A 
 123 0054 9CF7BCEF 		.ascii	"\234\367\274\357\363\274\327#\330\337\317!\372\2724"
 123      F3BCD723 
 123      D8DFCF21 
 123      FABA34
 124 0063 C6F64BC1 		.ascii	"\306\366K\301\303\300\031}\020\264\012\2563fr\322\231"
 124      C3C0197D 
 124      10B40AAE 
 124      336672D2 
 124      99
 125 0074 9AE6EE0D 		.ascii	"\232\346\356\015\271\327A?\030\000\001\300\252\270\320"
 125      B9D7413F 
 125      180001C0 
 125      AAB8D0
 126 0083 74035558 		.ascii	"t\003UX\346k\034\015V\177\304Wt\3354\315\325\306\211"
 126      E66B1C0D 
 126      567FC457 
 126      74DD34CD 
 126      D5C689
 127 0096 DCF3B936 		.ascii	"\334\363\2716\321%\270\353\011\335(\"\223\325\352X\334"
 127      D125B8EB 
 127      09DD2822 
ARM GAS  C:\Users\Ciccio\AppData\Local\Temp\ccsCf20g.s 			page 10


 127      93D5EA58 
 127      DC
 128 00a7 23F2C168 		.ascii	"#\362\301h?:\260\376\314\367\211\333\034\371R\034k\234"
 128      3F3AB0FE 
 128      CCF789DB 
 128      1CF9521C 
 128      6B9C
 129 00b9 8E185224 		.ascii	"\216\030R$\247$\276\216\305f\215\302.\323\254\261\306"
 129      A724BE8E 
 129      C5668DC2 
 129      2ED3ACB1 
 129      C6
 130 00ca 07CD239A 		.ascii	"\007\315#\232\315\005z \210\017\275\310C\037\362\030"
 130      CD057A20 
 130      880FBDC8 
 130      431FF218 
 131 00da 1D31F4A3 		.ascii	"\0351\364\243\220\254?\332\313\335~\261O\361n\366]n"
 131      90AC3FDA 
 131      CBDD7EB1 
 131      4FF16EF6 
 131      5D6E
 132 00ec CD749131 		.ascii	"\315t\2211\027\251\341\306\237H\215\341&\012\245\371"
 132      17A9E1C6 
 132      9F488DE1 
 132      260AA5F9 
 133 00fc 5A78F38D 		.ascii	"Zx\363\215\317\010S\324\331\233\277\002\306\000\245"
 133      CF0853D4 
 133      D99BBF02 
 133      C600A5
 134 010b 481521F5 		.ascii	"H\025!\365\334T[\223^p\215\330\026?\177\210\037\263"
 134      DC545B93 
 134      5E708DD8 
 134      163F7F88 
 134      1FB3
 135 011d C29DE60F 		.ascii	"\302\235\346\017\307\201M5IeLf\031E\001a:\032lKS\230"
 135      C7814D35 
 135      49654C66 
 135      19450161 
 135      3A1A6C4B 
 136 0133 CE95AE0B 		.ascii	"\316\225\256\013\372\264\031^t\234\2756U0\015\344\226"
 136      FAB4195E 
 136      749CBD36 
 136      55300DE4 
 136      96
 137 0144 826CBB31 		.ascii	"\202l\2731\2576w\362:\313q\016\333\334\223\016p\373"
 137      AF3677F2 
 137      3ACB710E 
 137      DBDC930E 
 137      70FB
 138 0156 1F80B441 		.ascii	"\037\200\264A\015*@\337\304\306`@\002\314T\2007\035"
 138      0D2A40DF 
 138      C4C66040 
 138      02CC5480 
 138      371D
 139 0168 E0CEFF86 		.ascii	"\340\316\377\206t\027\005T\273h\216e:Nb}\355\342\301"
 139      74170554 
 139      BB688E65 
ARM GAS  C:\Users\Ciccio\AppData\Local\Temp\ccsCf20g.s 			page 11


 139      3A4E627D 
 139      EDE2C1
 140 017b 769E01C8 		.ascii	"v\236\001\310\336p\252\265.h14Z<\272\024\015Z\274\036"
 140      DE70AAB5 
 140      2E683134 
 140      5A3CBA14 
 140      0D5ABC1E 
 141 018f 297AA1BA 		.ascii	")z\241\272\300\342jJ\342\234~b\211\272\312\304+\204"
 141      C0E26A4A 
 141      E29C7E62 
 141      89BACAC4 
 141      2B84
 142 01a1 DFD646EB 		.ascii	"\337\326F\353\205\354\304\0065\211\343}\374\305\214"
 142      85ECC406 
 142      3589E37D 
 142      FCC58C
 143 01b0 57CE871C 		.ascii	"W\316\207\034\317\241\244\357%9\241b\0165\303p-\345"
 143      CFA1A4EF 
 143      2539A162 
 143      0E35C370 
 143      2DE5
 144 01c2 1C0E7DEB 		.ascii	"\034\016}\353X\361\267\241\205\232\224AX\327\230\316"
 144      58F1B7A1 
 144      859A9441 
 144      58D798CE 
 145 01d2 5BD79B62 		.ascii	"[\327\233b\201\342\0036\317\3040\332\360E9\305=\024"
 145      81E20336 
 145      CFC430DA 
 145      F04539C5 
 145      3D14
 146 01e4 33F2F65C 		.ascii	"3\362\366\\l\023D\237<\235T\243\230\031`\030\331rE\267"
 146      6C13449F 
 146      3C9D54A3 
 146      98196018 
 146      D97245B7 
 147 01f8 40CC4393 		.ascii	"@\314C\223v\222\256}\366\322\000\017}7\353L\257\315"
 147      7692AE7D 
 147      F6D2000F 
 147      7D37EB4C 
 147      AFCD
 148 020a 7D094E03 		.ascii	"}\011N\003\203Q\204\244\352J\375\313\021A\252\210Te"
 148      835184A4 
 148      EA4AFDCB 
 148      1141AA88 
 148      5465
 149 021c C9B162A9 		.ascii	"\311\261b\251\031d)\261\267\276y\204\302h\251n\220V"
 149      196429B1 
 149      B7BE7984 
 149      C268A96E 
 149      9056
 150 022e 7E8C2184 		.ascii	"~\214!\204\361d\250\035\361\236\210\217\010\350\016"
 150      F164A81D 
 150      F19E888F 
 150      08E80E
 151 023d 65E13E59 		.ascii	"e\341>Y)\247\230@\310\346\273T0F2\357\231\257\311\314"
 151      29A79840 
 151      C8E6BB54 
ARM GAS  C:\Users\Ciccio\AppData\Local\Temp\ccsCf20g.s 			page 12


 151      304632EF 
 151      99AFC9CC 
 152 0251 C54E320F 		.ascii	"\305N2\017\340\201\312\\]\337\207\224yJ\351\264\235"
 152      E081CA5C 
 152      5DDF8794 
 152      794AE9B4 
 152      9D
 153 0262 1064C352 		.ascii	"\020d\303R\004\352\226<\372\235@\337Y\355'\267k\377"
 153      04EA963C 
 153      FA9D40DF 
 153      59ED27B7 
 153      6BFF
 154 0274 D82558F0 		.ascii	"\330%X\360\270\004\222\203\344\332y\303\225=\024\024"
 154      B8049283 
 154      E4DA79C3 
 154      953D1414 
 155 0284 9DB27918 		.ascii	"\235\262y\030i\213\276;!\343\300\024\025\235\362W\366"
 155      698BBE3B 
 155      21E3C014 
 155      159DF257 
 155      F6
 156 0295 749AC316 		.ascii	"t\232\303\026Pm\275;\252 j\254([\262\333SR\022\334z"
 156      506DBD3B 
 156      AA206AAC 
 156      285BB2DB 
 156      535212DC 
 157 02aa 2B2A83A7 		.ascii	"+*\203\247J\313\203\225g\313\202gJ\313K\312\2308~\256"
 157      4ACB8395 
 157      67CB8267 
 157      4ACB4BCA 
 157      98387EAE 
 158 02be 523B5D71 		.ascii	"R;]q\342\344OWj\2203"
 158      E2E44F57 
 158      6A9033
 159              		.text
 160              		.section	.gnu.lto_.symbol_nodes.275cdf08,"",%progbits
 161 0000 789C55C9 		.ascii	"x\234U\311;\016\203@\024C\321;\036\010\263-V\366(P\312"
 161      3B0E8340 
 161      1443D13B 
 161      1E08B32D 
 161      56F62850 
 162 0015 886F2861 		.ascii	"\210o(a1\324\224\364\351Y\003\012\277H\301\205-\353"
 162      31D494F4 
 162      E959030A 
 162      BF48C185 
 162      2DEB
 163 0027 78E0C515 		.ascii	"x\340\305\025\0252(&0c\036\002q#\006\231W)s7h\345\016"
 163      15322826 
 163      30631E02 
 163      71230699 
 163      57297337 
 164 003e A864BAC1 		.ascii	"\250d\272\301[\332\301\325[\235@\226\005\\'\213\376"
 164      5BDAC1D5 
 164      5B9D4096 
 164      055C278B 
 164      FE
 165 004f BEE741FE 		.ascii	"\276\347A\376YS\257k\243\337&\214\317\245\017|\001\315"
ARM GAS  C:\Users\Ciccio\AppData\Local\Temp\ccsCf20g.s 			page 13


 165      5953AF6B 
 165      A3DF268C 
 165      CFA50F7C 
 165      01CD
 166 0061 182799   		.ascii	"\030'\231"
 167              		.text
 168              		.section	.gnu.lto_.refs.275cdf08,"",%progbits
 169 0000 789C6366 		.ascii	"x\234cf``\020`\200\000F\006&F\026F&&f\026F\026&V\026"
 169      60601060 
 169      80004606 
 169      26461646 
 169      26266616 
 170 0019 060002F7 		.ascii	"\006\000\002\367\0008"
 170      0038
 171              		.text
 172              		.section	.gnu.lto_.decls.275cdf08,"",%progbits
 173 0000 789CAD58 		.ascii	"x\234\255X{P\024G\032\237\236\336]\226e\201$&&E\335"
 173      7B501447 
 173      1A9F9EDE 
 173      5D966581 
 173      24262645 
 174 0015 158817CE 		.ascii	"\025\210\027\316\2732b\324\273\\\256\352*\306h\202w"
 174      BB3262D4 
 174      BB5CAEEA 
 174      2AC66882 
 174      77
 175 0026 E6A430B9 		.ascii	"\346\2440\271\334U\250\332\020X\225:\004\217]\256*\377"
 175      DC55A8DA 
 175      1058953A 
 175      048F5DAE 
 175      2AFF
 176 0038 0D8F0444 		.ascii	"\015\217\004D@\004Q\021\321E@@\211\362\366\301KAqy\251"
 176      40045111 
 176      D1454040 
 176      89F2F6C1 
 176      4B417179 
 177 004d 1142121E 		.ascii	"\021B\022\036\021\360\010$\212\"p\0014\262\367u\367"
 177      11F00824 
 177      8A227001 
 177      34B2F775 
 177      F7
 178 005e CCEEECBA 		.ascii	"\314\356\354\272\230T]\246\370v\246{~\375\365\357\373"
 178      98545DA6 
 178      F876A67B 
 178      7EFDF5EF 
 178      FB
 179 006f 7DDFF4F4 		.ascii	"}\337\364\364\2009\216\353G\034g\201#i\021\307\375\012"
 179      80398EEB 
 179      471C6781 
 179      236911C7 
 179      FD0A
 180 0081 739C02FA 		.ascii	"s\234\002\372\0029\333\241\004s\005\214\007\330b\260"
 180      0239DBA1 
 180      0473058C 
 180      07D862B0 
 181 0091 2560BF06 		.ascii	"%`\277\006\003(\3672\234_\001[\2138\273\203\340\237"
 181      0328F732 
ARM GAS  C:\Users\Ciccio\AppData\Local\Temp\ccsCf20g.s 			page 14


 181      9C5F015B 
 181      8B38BB83 
 181      E09F
 182 00a3 86B30798 		.ascii	"\206\263\007\230\026\254\212\370\201\276\0008O\201-"
 182      16AC8AF8 
 182      81BE0038 
 182      4F812D
 183 00b2 01FB3318 		.ascii	"\001\3733\030\206\276\207p~\035\316\353\300^\002\363"
 183      86BE8770 
 183      7E1DCEEB 
 183      C05E02F3 
 184 00c2 069B86BE 		.ascii	"\006\233\206\276\011\260Z\216\361A\3207\017\347q0\013"
 184      09B05A8E 
 184      F141D037 
 184      0FE77130 
 184      0B
 185 00d3 182FCE41 		.ascii	"\030/\316A\270\360\"\2177\0348\020\276\213\304X$\036"
 185      B8F0228F 
 185      371C3810 
 185      BE8BC458 
 185      241E
 186 00e5 8403E1F2 		.ascii	"\204\003\341\362$\036\353\301\3268\360\350\025\271("
 186      241EEBC1 
 186      D638F0E8 
 186      15B928
 187 00f4 655C088F 		.ascii	"e\\\010\217[`=\"\037\017\221\017\241\361\212\003\227"
 187      5B603D22 
 187      1F0F910F 
 187      A1F18A03 
 187      97
 188 0105 C50B7079 		.ascii	"\305\013py\372G4\331\000\366'\031\027\302\375M\270~"
 188      FA4734D9 
 188      00F62719 
 188      17C2FD4D 
 188      B87E
 189 0117 51D45FCE 		.ascii	"Q\324_\316\005s\366\371!\024\034\363r\237G\347NMw\272"
 189      0573F6F9 
 189      21141CF3 
 189      729F47E7 
 189      4E4D77BA 
 190 012b 8DF1C843 		.ascii	"\215\361\310C\343C\232\3473\314\007U\320\324j\024\244"
 190      E3439AE7 
 190      33CC0755 
 190      D0D46A14 
 190      A4
 191 013c 9971A3A3 		.ascii	"\231q\243\243\322\015\363\210\\\347\037\034\352\326"
 191      D20DF388 
 191      5CE71F1C 
 191      EAD6
 192 014a 2C3F2108 		.ascii	",?!\010B\222pa\026\331\\46\314\266h\360b\012JI\032l"
 192      42927061 
 192      16D95C34 
 192      36CCB668 
 192      F0620A4A 
 193 0161 D5606F7A 		.ascii	"\325`oz\035{\2746\305\005|-\321P\330\315\234\271\002"
 193      1D7BBC36 
 193      C5057C2D 
ARM GAS  C:\Users\Ciccio\AppData\Local\Temp\ccsCf20g.s 			page 15


 193      D150D8CD 
 193      9CB902
 194 0174 57DA24E5 		.ascii	"W\332$\345\345\011]|\345\334\321f\204\3744\005\340t"
 194      E5095D7C 
 194      E5DCD166 
 194      84FC3405 
 194      E074
 195 0186 A237A3E5 		.ascii	"\2427\243\345\027\202\240@eH\203J\021F'\320r\022\022"
 195      1782A040 
 195      6548834A 
 195      114627D0 
 195      721212
 196 0199 194D8E24 		.ascii	"\031M\216$A\210\023\322\343\005\327\000\016\025!/T\214"
 196      418813D2 
 196      E305D700 
 196      0E15212F 
 196      548C
 197 01ab BC38741A 		.ascii	"\2748t\032\371\001\200B\321\247\320y\012:\301ov\222"
 197      F9018042 
 197      D1A7D079 
 197      0A3AC16F 
 197      7692
 198 01bd 70C50D69 		.ascii	"p\305\015i\374\234\216\251p2\206\022(\3718c1!P\016\004"
 198      FC9C8EA9 
 198      70328612 
 198      28F93863 
 198      3121500E 
 199 01d2 4EDA0800 		.ascii	"N\332\010\000\037)T~\264\370\320mW\211\360\300hcP\234"
 199      1F29547E 
 199      B4F8D06D 
 199      5789F0C0 
 199      6863509C 
 200 01e6 B0165501 		.ascii	"\260\026U\001\276\304\206/GOb\\\351\2241*k<\271\313"
 200      BEC4862F 
 200      474F625C 
 200      E994312A 
 200      6B3CB9CB 
 201 01fa 95A6E103 		.ascii	"\225\246\341\003\322\234\371xb\227\206\246AK\232=\375"
 201      D29CF978 
 201      629786A6 
 201      414B9A3D 
 201      FD
 202 020b E53795F8 		.ascii	"\3457\225\370\030\313C\2639\257OI\241\203<i\367^+\037"
 202      18CB43B3 
 202      39AF4F49 
 202      A1833C69 
 202      F75E2B1F 
 203 021f F2A0D8E5 		.ascii	"\362\240\330\345\244\271\377\304X\030.f\320\343]\031"
 203      A4B9FFC4 
 203      58182E66 
 203      D0E35D19 
 204 022f 873C35C0 		.ascii	"\207<5\300#\376'\251\000#\346\373>I\320\342j6<\265\362"
 204      23FE27A9 
 204      0023E6FB 
 204      3E49D0E2 
 204      6A363CB5 
 205 0244 D02135AE 		.ascii	"\320!5\256e\215\331\364\302B\005nb\215\202\254\375\245"
ARM GAS  C:\Users\Ciccio\AppData\Local\Temp\ccsCf20g.s 			page 16


 205      658DD9F4 
 205      C242056E 
 205      628D82AC 
 205      FDA5
 206 0256 4A3AA79A 		.ascii	"J:\247\2324k\363J\356\251q\033\273\327\330\032\333\251"
 206      346BF34A 
 206      EEA9711B 
 206      BBD7D81A 
 206      DBA9
 207 0268 C1D759A3 		.ascii	"\301\327Y\243}xvJK\201O\221f_F^\221\007\356f\367\256"
 207      7D78764A 
 207      4B814F91 
 207      665F465E 
 207      9107EE66 
 208 027e CEA74FBA 		.ascii	"\316\247O\272\340/\355\201\036\014x\350\213\221iL\307"
 208      E02FED81 
 208      1E0C78E8 
 208      8B91694C 
 208      C7
 209 028f D118B3DA 		.ascii	"\321\030\263\332r\366(q/\203\246\017et)\360-\336\256"
 209      72F62871 
 209      2F83A60F 
 209      657429F0 
 209      2DDEAE
 210 02a2 C87C5891 		.ascii	"\310|X\221\035\270=[\245\246M\213\005\223\214\335\314"
 210      1DB83D5B 
 210      A5A64D8B 
 210      05938CDD 
 210      CC
 211 02b3 393CA4B5 		.ascii	"9<\244\265\226X\315\010\"\031\356\200\214\231m\031\363"
 211      9658CD08 
 211      2219EE80 
 211      8C996D19 
 211      F3
 212 02c4 91270CB4 		.ascii	"\221'\014\264R.\343\320e\320\244\205\010\325\016B\371"
 212      522EE3D0 
 212      65D0A485 
 212      08D50E42 
 212      F9
 213 02d5 8842B542 		.ascii	"\210B\265Bg\033+\261\344\273\246\024,\371-\271\234F"
 213      671B2BB1 
 213      E4BBA614 
 213      2CF92DB9 
 213      9C46
 214 02e7 2BE72AF8 		.ascii	"+\347*\370\275b\363\333\201\236\344\270\323\251ct\346"
 214      BD62F3DB 
 214      819EE4B8 
 214      D3A96374 
 214      E6
 215 02f8 DE9E6184 		.ascii	"\336\236a\204\357\262\350v\357\233n\345\361$m(\342\357"
 215      EFB2E876 
 215      EF9B6EE5 
 215      F1246D28 
 215      E2EF
 216 030a 557FA341 		.ascii	"U\177\243A\276\276\213\374L\340ob \361\373\215\361\361"
 216      BEBE8BFC 
 216      4CE06F62 
ARM GAS  C:\Users\Ciccio\AppData\Local\Temp\ccsCf20g.s 			page 17


 216      20F1FB8D 
 216      F1F1
 217 031c C2BE17E8 		.ascii	"\302\276\027\350\264\327`\332.\264\310\346~\231\027"
 217      B4D760DA 
 217      2EB4C8E6 
 217      7E9917
 218 032b 30F82DFC 		.ascii	"0\370-\374p\004m\372*QU\274\222\"\257;EB\013\240{!\032"
 218      70046DFA 
 218      2A5155BC 
 218      9222AF3B 
 218      45420BA0 
 219 0342 21DD24AC 		.ascii	"!\335$\254\345m\245\302Q4\320D\335\300\3703\344\213"
 219      E56DA5C2 
 219      5134D044 
 219      DDC0F833 
 219      E48B
 220 0354 6E205F1A 		.ascii	"n _\032\026\211}\360Z\021R\023\004'Fm[\027\332\276k"
 220      16897DF0 
 220      5A115213 
 220      0427466D 
 220      5B17DABE 
 221 0369 1957E159 		.ascii	"\031W\341YF\376\374W}\220\007\337g})\371\301\253EW\265"
 221      46FEFC57 
 221      7D9007DF 
 221      677D29F9 
 221      C1AB4557 
 222 037e 8279257D 		.ascii	"\202y%}\326.\001\241/\320\263\266\332\264Q\317\240|"
 222      D62E01A1 
 222      2FD0B3B6 
 222      DAB451CF 
 222      A07C
 223 0390 E285B50A 		.ascii	"\342\205\265\0129\037\002&|\276\002>=\300\347K\221\217"
 223      391F0226 
 223      7CBE023E 
 223      3DC0E74B 
 223      918F
 224 03a2 89F0E91D 		.ascii	"\211\360\351\035U^\210c\021~\276\260cJ\2753\321E@\004"
 224      555E8863 
 224      117EBEB0 
 224      634ABD33 
 224      D1454004 
 225 03b6 F138F7A6 		.ascii	"\3618\367\246\314=_x>\013\323\307.8=g77\214\311\374"
 225      CC3D5F78 
 225      3E0BD3C7 
 225      2E383D67 
 225      37378CC9 
 226 03cb F2D8BC06 		.ascii	"\362\330\274\006?`\231\313\236\351h\361\244\005\374"
 226      3F6099CB 
 226      9EE968F1 
 226      A405FC
 227 03da 0269965F 		.ascii	"\002i\226_j\210w\303\026vO\2307?r\307\011\030\311\027"
 227      6A8877C3 
 227      16764F98 
 227      373F72C7 
 227      0918C917 
 228 03ee 602D5B80 		.ascii	"`-[\200s\007\272\356\270\343]\354^eCR\246\006\247\261"
 228      7307BAEE 
ARM GAS  C:\Users\Ciccio\AppData\Local\Temp\ccsCf20g.s 			page 18


 228      B8E35DEC 
 228      5E654352 
 228      A606A7B1 
 229 0402 46F1F0D5 		.ascii	"F\361\360\325\014w\012\\\006M\367\352\342\3521%T\003"
 229      0C770A5C 
 229      064DF7EA 
 229      E2EA3125 
 229      5403
 230 0414 1C8BE8AF 		.ascii	"\034\213\350\257\237\257IH\210\035\354+\322_\000\327"
 230      9FAF4948 
 230      881DEC2B 
 230      D25F00D7 
 231 0424 BD40B20F 		.ascii	"\275@\262\017\342\037\003\035\254\361\367#YQ$\304\017"
 231      E21F031D 
 231      ACF1F723 
 231      595124C4 
 231      0F
 232 0435 768859A8 		.ascii	"v\210Y\250\205,4;\202\233(\270\010Ih\223\271H%b\353"
 232      852C343B 
 232      829B28B8 
 232      08496893 
 232      B9482562 
 233 044a 1DB1CB1C 		.ascii	"\035\261\313\034\240\255Vh\203#\264\321\236\203\251"
 233      A0AD5668 
 233      8323B4D1 
 233      9E83A9
 234 0459 CD0ABDE0 		.ascii	"\315\012\275\340\034Z$\253L\201\246\342,\000\316\321"
 234      1C5A24AB 
 234      4C81A6E2 
 234      2C00CED1 
 235 0469 7B636265 		.ascii	"{cbe\336\205J\270\015\331\030\001\373\006l\024l\034"
 235      DE854AB8 
 235      0DD91801 
 235      FB066C14 
 235      6C1C
 236 047b EC3F60B7 		.ascii	"\354?`\267\300\356\201}\013\366\035\330\035k\265\300"
 236      C0EE817D 
 236      0BF61DD8 
 236      1D6BB5C0 
 237 048b EC03D6D9 		.ascii	"\354\003\326\331\277v\234\375\246\003\321\257\255\320"
 237      BF769CFD 
 237      A603D1AF 
 237      ADD0
 238 0499 41E75059 		.ascii	"A\347PY\374\215Vl\235S\251l^oZ\221C\216\310a\007\002"
 238      FC8D566C 
 238      9D53A96C 
 238      5E6F5A91 
 238      438EC861 
 239 04af ED56E845 		.ascii	"\355V\350E\347\271\262Uv}\221\012*{\354\261\247\222"
 239      E7B9B255 
 239      767D910A 
 239      2A7BECB1 
 239      A792
 240 04c1 66BD5F96 		.ascii	"f\275_\226\365\001\347%\302B\201e\256v\272\376\000B"
 240      F501E725 
 240      C2428165 
 240      AE76BAFE 
ARM GAS  C:\Users\Ciccio\AppData\Local\Temp\ccsCf20g.s 			page 19


 240      0042
 241 04d3 8BFC9CC9 		.ascii	"\213\374\234\311\217\356\203\352\377O\006(\325\261m"
 241      8FEE83EA 
 241      FF4F0628 
 241      D5B16D
 242 04e2 6A34014E 		.ascii	"j4\001N\316\333\326M\302[z\250\346\332>It\307\031\354"
 242      CEDBD64D 
 242      C25B7AA8 
 242      E6DA3E49 
 242      74C719EC 
 243 04f6 11100E64 		.ascii	"\021\020\016d\037\323j\223\255\357U:\320\366`N!\255"
 243      1FD36A93 
 243      ADEF553A 
 243      D0F6604E 
 243      21AD
 244 0508 E80298EF 		.ascii	"\350\002\230\357\351\237^\212\264~\013\200\321\177\201"
 244      E99F5E8A 
 244      B47E0B80 
 244      D17F81
 245 0517 AF0D4F99 		.ascii	"\257\015O\231\224\354\366\000\321\246\241s\322\306\005"
 245      94ECF600 
 245      D1A6A173 
 245      D2C605
 246 0526 30562E0F 		.ascii	"0V.\017S\256U \234\313\270\034\353\037\231\301\270\200"
 246      53AE5520 
 246      9CCBB81C 
 246      EB1F99C1 
 246      B880
 247 0538 357ABE2D 		.ascii	"5z\276-=\351\206K\260\335+)\300~\337\023`\333\367\234"
 247      3DE9864B 
 247      B0DD2B29 
 247      C07EDF13 
 247      60DBF79C 
 248 054c CA496E5D 		.ascii	"\312In]p\177\362\0030\013\020\337\013s\320\371@\332"
 248      707FF203 
 248      300B10DF 
 248      0B73D0F9 
 248      40DA
 249 055e 9FDC4DED 		.ascii	"\237\334M\355\363&o\231\207\220\267Y\033\303\000\353"
 249      F3266F99 
 249      8790B759 
 249      1BC300EB 
 250 056e F604958E 		.ascii	"\366\004\225\216V\366b\234\252 4\224\247:\322\357c\362"
 250      56F6629C 
 250      AA203494 
 250      A73AD2EF 
 250      63F2
 251 0580 BA604BEE 		.ascii	"\272`K\356Di\371\254\347\271\012\201,\016$\306\357\301"
 251      4469F9AC 
 251      E7B90A81 
 251      2C0E24C6 
 251      EFC1
 252 0592 83C02F50 		.ascii	"\203\300/P\230\360\302H)$\325F\36663N\221\217?\226\325"
 252      98F0C248 
 252      2924D546 
 252      F636334E 
 252      918F3F96 
ARM GAS  C:\Users\Ciccio\AppData\Local\Temp\ccsCf20g.s 			page 20


 253 05a7 70BF8626 		.ascii	"p\277\206&\202\240IQ\304\361~h\036\022n\001\213\345"
 253      82A04951 
 253      C4F17E68 
 253      1E126E01 
 253      8BE5
 254 05b9 AD8B749C 		.ascii	"\255\213t\234\351 uN\002y\344\350\274\321\241\224\037"
 254      E920754E 
 254      0279E4E8 
 254      BCD1A194 
 254      1F
 255 05ca E4935206 		.ascii	"\344\223R\006\310c\2134\177\240\366@\267cqJ$P\002\314"
 255      C8638B34 
 255      7FA0F640 
 255      B763714A 
 255      245002CC 
 256 05de FD241ED4 		.ascii	"\375$\036\324y\266^\215\342\001t\306&'\231I\322\323"
 256      79B65E8D 
 256      E20174C6 
 256      26279949 
 256      D2D3
 257 05f0 9C38BACB 		.ascii	"\2348\272\313\256\336\342yy\275}\314kE`u\373\351q\205"
 257      AEDEE279 
 257      79BD7DCC 
 257      6B456075 
 257      FBE97185 
 258 0604 82677DE8 		.ascii	"\202g}\350}\272w\356\337{\247]\365|\226\370\006{JA\265"
 258      7DBA77EE 
 258      DF7BA75D 
 258      F57C96F8 
 258      067B4A41 
 259 0619 B40D4EE4 		.ascii	"\264\015N\344\237\207\337Ox\005\363\320=\225\374*\256"
 259      9F87DF4F 
 259      7805F3D0 
 259      3D95FC2A 
 259      AE
 260 062a A1994369 		.ascii	"\241\231Ci\273\253j\224>G\004\223ibWe\201\366\010I\232"
 260      BBAB6A94 
 260      3E470493 
 260      69625765 
 260      81F60849 
 261 063f F083C582 		.ascii	"\360\203\305\202\020\031\205\222x\211,G\256)Y\264\213"
 261      10198592 
 261      78892C47 
 261      AE2959B4 
 261      8B
 262 0650 F78191F7 		.ascii	"\367\201\221\367\353\222WQ\032d.Fc\2404\271Ye\245\226"
 262      EB925751 
 262      1A642E46 
 262      63A034B9 
 262      5965A596 
 263 0664 CCD3CE92 		.ascii	"\314\323\316\222\201I\223\273\234[\340b\031\265\024"
 263      814993BB 
 263      9C5BE062 
 263      19B514
 264 0673 4A6DB744 		.ascii	"Jm\267D\255\240\260\256[\205o2n\003\305\346\263\032"
 264      ADA0B0AE 
 264      5B856F32 
ARM GAS  C:\Users\Ciccio\AppData\Local\Temp\ccsCf20g.s 			page 21


 264      6E03C5E6 
 264      B31A
 265 0685 CA6DF07C 		.ascii	"\312m\360|\263\236\361\302t\010J\225\361J\225x\245Q"
 265      B39EF1C2 
 265      74084A95 
 265      F14A9578 
 265      A551
 266 0697 5E654D4D 		.ascii	"^eMM\317\341\333\324\003\337\2258\320\342n\335C'\336"
 266      CFE1DBD4 
 266      03DF9538 
 266      D0E26EDD 
 266      4327DE
 267 06aa A27BE8BD 		.ascii	"\242{\350\275\274\006\355\341\177\342\036:\235w\272"
 267      BC06EDE1 
 267      7FE21E3A 
 267      9D77BA
 268 06b9 776D6CCE 		.ascii	"wml\316\235aI \336X\364u\347\362W[\203\317`\301\237"
 268      9D614920 
 268      DE58F475 
 268      E7F2575B 
 268      83CF60C1 
 269 06ce 33A78EA8 		.ascii	"3\247\216\250\026\014~\037\015>S\012~\357\205\326\022"
 269      160C7E1F 
 269      0D3E530A 
 269      7EEF85D6 
 269      12
 270 06df 4F3CCD82 		.ascii	"O<\315\202\277\322=\327\246\260&\306s\177\274P \014"
 270      BFD23DD7 
 270      A6B026C6 
 270      737FBC50 
 270      200C
 271 06f1 5A2CDE74 		.ascii	"Z,\336t\024\312\222\305\237%\305\277\237\306o>\231\373"
 271      14CA92C5 
 271      9F25C5BF 
 271      9FC66F3E 
 271      99FB
 272 0703 018E53D2 		.ascii	"\001\216S\322\235\320\255\303e5\236\310\317\313\213"
 272      9DD0ADC3 
 272      65359EC8 
 272      CFCB8B
 273 0712 2A9004C1 		.ascii	"*\220\004\301\347\000\335\003\342\000v\034\204\376\331"
 273      E700DD03 
 273      E200761C 
 273      84FED9
 274 0721 D7C80DB8 		.ascii	"\327\310\015\270T\3233Ub\"C\300/ph\271\027\372\015\350"
 274      54D33355 
 274      622243C0 
 274      2F7068B9 
 274      17FA0DE8 
 275 0735 70107420 		.ascii	"p\020t \2678t\210\367B\331<Ua8\363\376.\245FD'\375\030"
 275      B7387488 
 275      F742D93C 
 275      556138F3 
 275      FE2EA546 
 276 074d 7A3461CA 		.ascii	"z4a\312\254\221W\370a^^\244\271\326\012\317\231\276"
 276      AC9157F8 
 276      615E5EA4 
ARM GAS  C:\Users\Ciccio\AppData\Local\Temp\ccsCf20g.s 			page 22


 276      B9D60ACF 
 276      99BE
 277 075f 93E64295 		.ascii	"\223\346B\225\314\265Vx\315\245\3242\365\202B\036\245"
 277      CCB55678 
 277      CDA5D432 
 277      F582421E 
 277      A5
 278 0770 421E9184 		.ascii	"B\036\221\204<\23594\251\306\211T\003t\251\265<\335"
 278      3C9D3934 
 278      A9C68954 
 278      0374A9B5 
 278      3CDD
 279 0782 03841C84 		.ascii	"\003\204\034\204\275s\365\331\027\017V\010MR\205\303"
 279      BD73F5D9 
 279      170F5608 
 279      4D5285C3 
 280 0792 30649229 		.ascii	"0d\222)i\222\224\314\243J:Kr\316Lg\274\306Z\366\307"
 280      699294CC 
 280      A34A3A4B 
 280      72CE4C67 
 280      BCC65AF6 
 281 07a7 5896EF7D 		.ascii	"X\226\357}\023\037\213i'Y\355\362Y\347h}\317\000Z\220"
 281      131F8B69 
 281      2759EDF2 
 281      59E7687D 
 281      CF005A90 
 282 07bb 7121655C 		.ascii	"q!e\\ 1\276v\261.\313\023W1\306\035\311\303#\236\224"
 282      2031BE76 
 282      B12ECB13 
 282      5731C61D 
 282      C9C3239E 
 283 07d0 71D94062 		.ascii	"q\331@b\2456[\310\213\023\346\2010\035\205\216\313\010"
 283      A5365BC8 
 283      8B13E681 
 283      301D858E 
 283      CB08
 284 07e2 1F970817 		.ascii	"\037\227\010\027Q\302Iu\373\216\263/\273\277S\006\351"
 284      51C24975 
 284      FB8EB32F 
 284      BBBF5306 
 284      E9
 285 07f3 C5A7D907 		.ascii	"\305\247\331\007\221\033\375\304zp\277\223}\274iH\363"
 285      911BFDC4 
 285      7A70BF93 
 285      7DBC6948 
 285      F3
 286 0804 CEA3EE8B 		.ascii	"\316\243\356\213n$y\202\230\016\255<\033'i\366\226y"
 286      6E247982 
 286      980EAD3C 
 286      1B2769F6 
 286      9679
 287 0816 A1132C79 		.ascii	"\241\023,y{\332-7<\236I\027W?\037D\013\251\030\222["
 287      7BDA2D37 
 287      3C9E4917 
 287      573F1F44 
 287      0BA91892 
 288 082b C2137829 		.ascii	"\302\023x)\377\2144\210\240/\366\226\177\306\313\321"
ARM GAS  C:\Users\Ciccio\AppData\Local\Temp\ccsCf20g.s 			page 23


 288      FF8C3488 
 288      A02FF696 
 288      7FC6CBD1 
 289 083b 879F841E 		.ascii	"\207\237\204\036\311\310\232\300\270\215\005?i\231\200"
 289      C9C89AC0 
 289      B88D053F 
 289      699980
 290 084a CFAF2ED6 		.ascii	"\317\257.\3260\245\035kp\361\036R\346Ba~\012\203\240"
 290      30A51D6B 
 290      70F11E52 
 290      E642617E 
 290      0A83A0
 291 085d 2BAFB2B8 		.ascii	"+\257\262\270L\2734O\270N\236\213Rm\246\020W\000/\034"
 291      4CBB344F 
 291      B84E9E8B 
 291      526DA610 
 291      57002F1C 
 292 0871 CB6BDE04 		.ascii	"\313k\336\004\200N\2018\260<\311\346:M$Be<<8\345\374"
 292      804E8138 
 292      B03CC9E6 
 292      3A4D2442 
 292      653C3C38 
 293 0887 5270307E 		.ascii	"Rp0~|\370\372\302qWHq\227\260\270;\276\315\235wu\214"
 293      7CF8FAC2 
 293      71574871 
 293      97B0B83B 
 293      BECD9D77 
 294 089d DBF6F6A9 		.ascii	"\333\366\366\251\244\221TH\221\334\272\373\371\240\247"
 294      A4915448 
 294      91DCBAFB 
 294      F9A0A7
 295 08ac 63DC0BA2 		.ascii	"c\334\013\242\273*\262o(\3608\013u\242\255\363\221\322"
 295      BB2AB26F 
 295      28F0380B 
 295      75A2ADF3 
 295      91D2
 296 08be FB210DB5 		.ascii	"\373!\015\265\212\205\032\233\227|\330\215\206j\252"
 296      8A851A9B 
 296      977CD88D 
 296      866AAA
 297 08cd CB171466 		.ascii	"\313\027\024f!\201,\000\344.\215\023\226;\231\357j\032"
 297      21812C00 
 297      E42E8D13 
 297      963B99EF 
 297      6A1A
 298 08df 670D89F3 		.ascii	"g\015\211\363\014\215\363hZ\305\234\212\026\303N\372"
 298      0C8DF368 
 298      5AC59C8A 
 298      16C34EFA 
 299 08ef 5590D737 		.ascii	"U\220\3277\303\276r=h\366+L-j\332t\247o\363\363\251"
 299      C3BE723D 
 299      68F62B4C 
 299      2D6ADA74 
 299      A76FF3F3 
 300 0904 A7F082A2 		.ascii	"\247\360\202\242\324J\242\234g\242d\236N\376\336\305"
 300      D44AA29C 
 300      67A2649E 
ARM GAS  C:\Users\Ciccio\AppData\Local\Temp\ccsCf20g.s 			page 24


 300      4EFEDEC5 
 301 0914 5194B320 		.ascii	"Q\224\263 \3719*y\035\015\263V\012\263\267b\377\344"
 301      F9392A79 
 301      1D0DB356 
 301      0AB3B762 
 301      FFE4
 302 0926 63C5B020 		.ascii	"c\305\260 \372\353#S)\012\234\244\242\2424L\025Nb\357"
 302      FAEB2353 
 302      290A9CA4 
 302      A2A2344C 
 302      154E62EF 
 303 093a FD2A224A 		.ascii	"\375*\"J=\023\245\325\334sE\311D\271-\023\245^\024\005"
 303      3D13A5D5 
 303      DC7345C9 
 303      44B92D13 
 303      A55E1405 
 304 094e D64099EF 		.ascii	"\326@\231\357\006*J#\021\345\002\025e\256\274e\334M"
 304      062A4A23 
 304      11E50215 
 304      65AEBC65 
 304      DC4D
 305 0960 BE069125 		.ascii	"\276\006\221%\300\026\350E\266\006\2213\371WCj\312I"
 305      C016E845 
 305      B6069133 
 305      F957436A 
 305      CA49
 306 0972 5E0E2615 		.ascii	"^\016&\025f\0037\211\340&\012\316\3176'(\226\034%o\372"
 306      66033789 
 306      E0260ACE 
 306      CF362728 
 306      961C256F 
 307 0987 B47CE129 		.ascii	"\264|\341)5<\356\364M\311\236\317f~\011`,c]=\356r\207"
 307      353CEEF4 
 307      4DC99ECF 
 307      667E0960 
 307      2C635D3D 
 308 099e 55760E2F 		.ascii	"Uv\016/\211\016/Q\207\3557\262\273]\345\340z;\360e\021"
 308      890E2F51 
 308      87ED37B2 
 308      BB5DE5E0 
 308      7A3BF065 
 309 09b3 7C998233 		.ascii	"|\231\2023\317\354>\254\226\203\013\355\342j\021\301"
 309      CFEC3EAC 
 309      96830BED 
 309      E26A11C1 
 310 09c3 E4AC0D8F 		.ascii	"\344\254\015\217\332\031\025m\334\021b\370\247\316\250"
 310      DA19156D 
 310      DC1162F8 
 310      A7CEA8
 311 09d2 7AEBAFEF 		.ascii	"z\353\257\357\372\274\301\251c\302#\215\253W\351\214"
 311      FABCC1A9 
 311      63C2238D 
 311      AB57E98C 
 312 09e2 1A9D4EBA 		.ascii	"\032\235N\272\334\032\372\307\340\320\355\341\037\206"
 312      DC1AFAC7 
 312      E0D0EDE1 
 312      1F86
ARM GAS  C:\Users\Ciccio\AppData\Local\Temp\ccsCf20g.s 			page 25


 313 09f0 1B8C3161 		.ascii	"\033\2141a\341Q\301\306\250\250\010C\360\266\310\030"
 313      E151C1C6 
 313      A8A80843 
 313      F0B6C818 
 314 0a00 1F7AE513 		.ascii	"\037z\345\023\022\275\303G\277\343C}X\230>,x\315\212"
 314      12BDC347 
 314      BFE3437D 
 314      58983E2C 
 314      78CD8A
 315 0a13 577D56AD 		.ascii	"W}V\255|\371w\377Z\035\014\375/EFE\352_\322\207|\030"
 315      7CF977FF 
 315      5A1D0CFD 
 315      2F454645 
 315      EA5FD287 
 316 0a29 1E1C1E19 		.ascii	"\036\034\036\031\032\021\023\246\017\336\021\002\276"
 316      1A1113A6 
 316      0FDE1102 
 316      BE
 317 0a36 22F5C1BA 		.ascii	"\"\365\301\2720\375\326\220\230\010\243\316\370\321"
 317      30FDD690 
 317      9808A3CE 
 317      F8D1
 318 0a44 4EBD61C5 		.ascii	"N\275a\305v\356\375\237u\032\303G\206`\235\301\030\006"
 318      76EEFD9F 
 318      751AC347 
 318      86609DC1 
 318      1806
 319 0a56 3180EF35 		.ascii	"1\200\3575+V\370[\377\242\014\376\333C\"\374I\354\006"
 319      2B56F85B 
 319      FFA20CFE 
 319      DB4322FC 
 319      49EC06
 320 0a69 FF2DEFBC 		.ascii	"\377-\357\274\275z\225\377\246M\353\375\337\012\334"
 320      BD7A95FF 
 320      A64DEBFD 
 320      DF0ADC
 321 0a78 B8F9DFAB 		.ascii	"\270\371\337\253\374w\206D\350\"\"\302`\220r\343\346"
 321      FC778644 
 321      E82222C2 
 321      609072E3 
 321      E6
 322 0a89 753106AD 		.ascii	"u1\006\255\301\270\003T\330\2663<JgT\276\275y\375\206"
 322      C1B80354 
 322      D8B6333C 
 322      4A6754BE 
 322      BD79FD86 
 323 0a9d 20D5E677 		.ascii	" \325\346w\376\021\270!\310e\363\226\300\015\033\326"
 323      FE11B821 
 323      C865F396 
 323      C00D1BD6 
 324 0aad 072903DF 		.ascii	"\007)\003\337\015\\\037\2047\202m^\037\204\336\243\032"
 324      0D5C1F84 
 324      37826D5E 
 324      1F84DEA3 
 324      1A
 325 0abe BEFC7BAB 		.ascii	"\276\374{\253\206\344\022\033\364Feh\204>$\032\005("
 325      86E4121B 
ARM GAS  C:\Users\Ciccio\AppData\Local\Temp\ccsCf20g.s 			page 26


 325      F4466568 
 325      843E241A 
 325      0528
 326 0ad0 D66D090A 		.ascii	"\326m\011\012Rlz\343/A\212\327\337\014\332D~\002\360"
 326      526C7AE3 
 326      2F418AD7 
 326      DF0CDA44 
 326      7E02F0
 327 0ae3 BAA0200D 		.ascii	"\272\240 \015\313Gx\030d\203](Hn\264\304\207nk\210\301"
 327      CB477818 
 327      64835D28 
 327      486EB4C4 
 327      876E6B88 
 328 0af8 F8079DF1 		.ascii	"\370\007\235\361o?\257H\222>\252\250\255[\201\341\022"
 328      6F3FAF48 
 328      923EAAA8 
 328      AD5B81E1 
 328      12
 329 0b09 27328958 		.ascii	"'2\211X\242\013\0005p\012\322\207\204\2010\277t\002"
 329      A20B0035 
 329      700AD287 
 329      848130BF 
 329      7402
 330 0b1b 36448752 		.ascii	"6D\207R`(\347\006\247\367\242\303\215z@\252\303\243"
 330      6028E706 
 330      A7F7A2C3 
 330      8D7A40AA 
 330      C3A3
 331 0b2d 764485E9 		.ascii	"vD\205\351uFw\350\334\2427B\327\333\320V\204n\017\211"
 331      754677E8 
 331      DCA23742 
 331      D7DBD056 
 331      846E0F89 
 332 0b41 760DDDBE 		.ascii	"v\015\335\276\345#C@H\204\321\327\301_\264\321:w\350"
 332      E5234340 
 332      4884D1D7 
 332      C15FB4D1 
 332      3A77E8
 333 0b54 764827CC 		.ascii	"vH'\314\376\234N\314\216\016\310n\213\216\212\331I\374"
 333      FE9C4ECC 
 333      8E0EC86E 
 333      8B8E8AD9 
 333      49FC
 334 0b66 AA75BAAD 		.ascii	"\252u\272\2551\221\241:\235\273t\261\342\225\225\253"
 334      3191A13A 
 334      9DBB74B1 
 334      E29595AB 
 335 0b76 D7B8D9A8 		.ascii	"\327\270\331\250rvw^\325\312\270\331\335Z\263\306\303"
 335      7276775E 
 335      D5CAB8D9 
 335      DD5AB3C6 
 335      C3
 336 0b87 8E21F73F 		.ascii	"\216!\367?\201\230\275\177"
 336      8198BD7F 
 337              		.text
 338              		.section	.gnu.lto_.symtab.275cdf08,"",%progbits
 339 0000 70616C52 		.ascii	"palReadBus\000\000\000\000\000\000\000\000\000\000\000"
ARM GAS  C:\Users\Ciccio\AppData\Local\Temp\ccsCf20g.s 			page 27


 339      65616442 
 339      75730000 
 339      00000000 
 339      00000000 
 340 0015 00090100 		.ascii	"\000\011\001\000\000palWriteBus\000\000\000\000\000"
 340      0070616C 
 340      57726974 
 340      65427573 
 340      00000000 
 341 002a 00000000 		.ascii	"\000\000\000\000\000\000\000\016\001\000\000palSetB"
 341      0000000E 
 341      01000070 
 341      616C5365 
 341      7442
 342 003c 75734D6F 		.ascii	"usMode\000\000\000\000\000\000\000\000\000\000\000\000"
 342      64650000 
 342      00000000 
 342      00000000 
 342      0000
 343 004e 16010000 		.ascii	"\026\001\000\000chSysHalt\000\000\002\000\000\000\000"
 343      63685379 
 343      7348616C 
 343      74000002 
 343      00000000 
 344 0062 00000000 		.ascii	"\000\000\000\000\000!\001\000\000_pal_lld_setgroupm"
 344      00210100 
 344      005F7061 
 344      6C5F6C6C 
 344      645F7365 
 345 007d 6F646500 		.ascii	"ode\000\000\002\000\000\000\000\000\000\000\000\000"
 345      00020000 
 345      00000000 
 345      000000
 346 008c 27010000 		.ascii	"'\001\000\000"
 347              		.text
 348              		.section	.gnu.lto_.opts,"",%progbits
 349 0000 272D666E 		.ascii	"'-fno-trapv' '-fno-strict-overflow' '-mcpu=cortex-m"
 349      6F2D7472 
 349      61707627 
 349      20272D66 
 349      6E6F2D73 
 350 0033 34272027 		.ascii	"4' '-mno-thumb-interwork' '-mthumb' '-ggdb' '-O0' '"
 350      2D6D6E6F 
 350      2D746875 
 350      6D622D69 
 350      6E746572 
 351 0066 2D666F6D 		.ascii	"-fomit-frame-pointer' '-falign-functions=16' '-ffun"
 351      69742D66 
 351      72616D65 
 351      2D706F69 
 351      6E746572 
 352 0099 6374696F 		.ascii	"ction-sections' '-fdata-sections' '-fno-common' '-f"
 352      6E2D7365 
 352      6374696F 
 352      6E732720 
 352      272D6664 
 353 00cc 6C746F27 		.ascii	"lto'\000"
ARM GAS  C:\Users\Ciccio\AppData\Local\Temp\ccsCf20g.s 			page 28


 353      00
 354              		.text
 355              		.comm	__gnu_lto_v1,1,1
 356              		.comm	__gnu_lto_slim,1,1
 357              		.ident	"GCC: (GNU Tools for ARM Embedded Processors) 4.9.3 20150529 (release) [ARM/embedded-4_9-br
ARM GAS  C:\Users\Ciccio\AppData\Local\Temp\ccsCf20g.s 			page 29


DEFINED SYMBOLS
                            *ABS*:00000000 pal.c
                            *COM*:00000001 __gnu_lto_v1
                            *COM*:00000001 __gnu_lto_slim

NO UNDEFINED SYMBOLS
