ARM GAS  C:\Users\Ciccio\AppData\Local\Temp\ccX7TAKf.s 			page 1


   1              		.syntax unified
   2              		.cpu cortex-m4
   3              		.fpu softvfp
   4              		.eabi_attribute 20, 1
   5              		.eabi_attribute 21, 1
   6              		.eabi_attribute 23, 3
   7              		.eabi_attribute 24, 1
   8              		.eabi_attribute 25, 1
   9              		.eabi_attribute 26, 1
  10              		.eabi_attribute 30, 6
  11              		.eabi_attribute 34, 1
  12              		.eabi_attribute 18, 4
  13              		.thumb
  14              		.file	"pal_lld.c"
  15              		.text
  16              	.Ltext0:
  17              		.section	.gnu.lto_.inline.275ce152,"",%progbits
  18 0000 789C6366 		.ascii	"x\234cf\300\016b\24043\003\203\240\000\003\003\223\\"
  18      C00E62A0 
  18      34330383 
  18      A0000303 
  18      935C
  19 0012 C32F4606 		.ascii	"\303/F\006\026\006&\220\030#\203\364\005 \305\304\327"
  19      16062690 
  19      182383F4 
  19      0520C5C4 
  19      D7
  20 0023 500B1362 		.ascii	"P\013\023b\346\301G01\\f\270\004\242\0271.h\344\202"
  20      E6C14730 
  20      315C66B8 
  20      04A21731 
  20      2E68E482 
  21 0037 E9610000 		.ascii	"\351a\000\000\2019\007\373"
  21      813907FB 
  22              		.text
  23              		.section	.gnu.lto_initgpio.275ce152,"",%progbits
  24 0000 789C9D93 		.ascii	"x\234\235\223[H\024Q\030\307\317w\346\272n\222\004B"
  24      5B481451 
  24      18C7CF77 
  24      E6BA6E92 
  24      0442
  25 0012 F852B088 		.ascii	"\370R\260\210O\356\200\005A\027\010\212.`$\324{\210"
  25      4FEE8005 
  25      4117088A 
  25      2E6024D4 
  25      7B88
  26 0024 91094BBB 		.ascii	"\221\011K\273d\364\352h\233Tf\204\275\010\261\345\262"
  26      64F4EA68 
  26      9B546684 
  26      BD08B1E5 
  26      B2
  27 0035 44E59AA6 		.ascii	"D\345\232\246\245\245\226N\233\327\322l\355!\020*\037"
  27      A5A5964E 
  27      9BD7D26C 
  27      ED21102A 
  27      1F
  28 0046 36A8872E 		.ascii	"6\250\207.\233\202MP\323\371\316\350\242\023\261\303"
ARM GAS  C:\Users\Ciccio\AppData\Local\Temp\ccX7TAKf.s 			page 2


  28      9B824D50 
  28      D3F9CEE8 
  28      A213B1C3 
  29 0056 2E3B67E7 		.ascii	".;g\347\014\347\377\333\337\234\357;\002\371\367S\310"
  29      0CE7FFDB 
  29      DF9CEF3B 
  29      02F9F753 
  29      C8
  30 0067 AE1B3221 		.ascii	"\256\0332!{p\"\020\240\204]\000l\002\244\216B\035|\246"
  30      7B702210 
  30      A0845D00 
  30      6C02A48E 
  30      421D7CA6 
  31 007b 690A578D 		.ascii	"i\012W\215x\253\267\344\226\256\353\337g\273\224\363"
  31      78ABB7E4 
  31      96AEEBDF 
  31      67BB94F3 
  32 008b 1B4DB66C 		.ascii	"\033M\266l\201\332\004\270\015%l\311\334db\247\260\015"
  32      81DA04B8 
  32      0D256CC9 
  32      DC6462A7 
  32      B00D
  33 009d 08BBEDEF 		.ascii	"\010\273\355\357\\\234\366~\242&\205\3158\035h\231h"
  33      5C9CF67E 
  33      A22685CD 
  33      381D6899 
  33      68
  34 00ae 95714A45 		.ascii	"\225qJE\234~M\177\033T\213c\272\336`L\365\350\273E\223"
  34      9C7E4D7F 
  34      1B548B63 
  34      BADE604C 
  34      F5E8BB45 
  35 00c3 0A700704 		.ascii	"\012p\007\004\206\203\273P\004\355PD\330#\002q(f\253"
  35      8683BB50 
  35      04ED5044 
  35      D8230271 
  35      2866AB
  36 00d6 1B3BDE8D 		.ascii	"\033;\336\215\213\302.\316\0356\333\223\242\235l\216"
  36      8BC22ECE 
  36      1D36DB93 
  36      A29D6C8E 
  37 00e6 C9074C2A 		.ascii	"\311\007L*B\2073(\022\270\007\305\270:\035\376\375\326"
  37      42873328 
  37      12B807C5 
  37      B83A1DFE 
  37      FDD6
  38 00f8 2B879973 		.ascii	"+\207\231s\201\355\012\235 \263\027SPv$rM\362E\031i"
  38      81ED0A9D 
  38      20B31753 
  38      50762472 
  38      4DF24519 
  39 010d DE5A4C55 		.ascii	"\336ZLU\030\3416\375\217e\201I%\262\032\267\374\202"
  39      18E136FD 
  39      8F658149 
  39      25B21AB7 
  39      FC82
  40 011f 5DE05B93 		.ascii	"]\340[\223i\273\020k\224&\364\360\274em\372O\344\276"
ARM GAS  C:\Users\Ciccio\AppData\Local\Temp\ccX7TAKf.s 			page 3


  40      69BB106B 
  40      9426F4F0 
  40      BC656DFA 
  40      4FE4BE
  41 0132 3372316B 		.ascii	"3r1k\244\333\031\271\2245\322\343\2144e\215<pF.g\215"
  41      A4DB19B9 
  41      9435D2E3 
  41      8C34658D 
  41      3C70462E 
  42 0148 3C74469A 		.ascii	"<tF\232\263Fz\301\327\265\301\320-ka(rnG+\315\003\300"
  42      B3467AC1 
  42      D7B5C1D0 
  42      2D6B6128 
  42      726E472B 
  43 015f B2505620 		.ascii	"\262PV I\000,\255\210\267\022\0162\016\012\016*\016"
  43      49002CAD 
  43      88B7120E 
  43      320E0A0E 
  43      2A0E
  44 0171 1E1C0849 		.ascii	"\036\034\010I\361\356\372H\331\2170\007\015}\351\341"
  44      F1EEFA48 
  44      D98F3007 
  44      0D7DE9E1 
  45 0181 ED58BF25 		.ascii	"\355X\277%\212\355\370!5\223T\261\243D\202\225\356\375"
  45      8AEDF821 
  45      359354B1 
  45      A3448295 
  45      EEFD
  46 0193 79F34B7E 		.ascii	"y\363K~\004\256\263\372\261\005\000}(\202\235\226\270"
  46      04AEB3FA 
  46      B105007D 
  46      28829D96 
  46      B8
  47 01a4 F26B7D69 		.ascii	"\362k}i\\/0\251\002\217 \002?8\024\036C)\231\203DK\264"
  47      5C2F30A9 
  47      028F2002 
  47      3F38141E 
  47      43299983 
  48 01bb 1091AB79 		.ascii	"\020\221\253y\302\032^\275\256\033\254\325\325%\326"
  48      C21A5EBD 
  48      AE1BACD5 
  48      D525D6
  49 01ca A1FDCBCC 		.ascii	"\241\375\313\314\324TS\237\312\230a\366g\036\030\340"
  49      D454539F 
  49      CA9861F6 
  49      671E18E0 
  50 01da 507E5A06 		.ascii	"P~Z\006\241\224\311\021t\355\036\211*\266\254\350\326"
  50      A194C911 
  50      74ED1E89 
  50      2AB6ACE8 
  50      D6
  51 01eb EE0907F1 		.ascii	"\356\011\007\361.}\352\264s\2573\304)\002R\206QG\344"
  51      2E7DEAB4 
  51      73AF33C4 
  51      29025286 
  51      5147E4
  52 01fe 3AE98C8E 		.ascii	":\351\214\216\344V\307\340 \021A\317r\327Ip\212\204"
ARM GAS  C:\Users\Ciccio\AppData\Local\Temp\ccX7TAKf.s 			page 4


  52      E456C7E0 
  52      201141CF 
  52      72D74970 
  52      8A84
  53 0210 94E7A823 		.ascii	"\224\347\250#\331\2733\272\242#\273\325\031\341 \031"
  53      D9BB33BA 
  53      A223BBD5 
  53      19E12019 
  54 0220 41A3B9EB 		.ascii	"A\243\271\353\214q\212\202\224q\324\221\355\335\311"
  54      8C718A82 
  54      9471D491 
  54      EDDDC9
  55 022f E8286E75 		.ascii	"\350(nu&8HE\320d\356:/8\305\203\224\227\250\243\330"
  55      26384845 
  55      D064EE3A 
  55      2F38C583 
  55      9497A8A3 
  56 0244 BB33B6A2 		.ascii	"\2733\266\242\243\272\325\231\342\240<\004M\347\256"
  56      A3BAD599 
  56      E2A03C04 
  56      4DE7AE
  57 0253 F38A53BC 		.ascii	"\363\212S\274H\231A\035\325\336\235\214\216\307\255"
  57      4899411D 
  57      D5DE9D8C 
  57      8EC7AD
  58 0262 CE6B0E5A 		.ascii	"\316k\016Z\207\240d\356:\263\234\222\217\2247\250\343"
  58      87A064EE 
  58      3AB39C92 
  58      8F9437A8 
  58      E3
  59 0273 21EFA1DE 		.ascii	"!\357\241\336\210\354C\020\036\342\024\236:v^\266\372"
  59      88EC4310 
  59      1EE2149E 
  59      3A765EB6 
  59      FA
  60 0284 FD5AE61B 		.ascii	"\375Z\346\033\254\325NV\006\264P\360\364\231Z\355\310"
  60      ACD54E56 
  60      06B450F0 
  60      F4995AED 
  60      C8
  61 0295 D1435BCA 		.ascii	"\321C[\312\264\362\362\275\332\376\212\203\207\317\226"
  61      B4F2F2BD 
  61      DAFE8A83 
  61      87CF96
  62 02a4 69A1CAC0 		.ascii	"i\241\312\300\261@\340\270\277\212H\325\241\232`H\256"
  62      B140E0B8 
  62      BF8A48D5 
  62      A19A6048 
  62      AE
  63 02b5 0A9E3A51 		.ascii	"\012\236:QS\375\027\3356XC"
  63      53FD17DD 
  63      365843
  64              		.text
  65              		.section	.gnu.lto__pal_lld_init.275ce152,"",%progbits
  66 0000 789C9594 		.ascii	"x\234\225\224]h\024W\024\307\357\271\363\261\273\331"
  66      5D681457 
  66      14C7EFB9 
ARM GAS  C:\Users\Ciccio\AppData\Local\Temp\ccX7TAKf.s 			page 5


  66      F3B1BBD9 
  67 0010 DD6C2814 		.ascii	"\335l(\024$\017\246\020\304\276$\013*\010Bi\037\012"
  67      240FA610 
  67      C4BE240B 
  67      2A084269 
  67      1F0A
  68 0022 525114DA 		.ascii	"RQ\024\332w\021Km!4\241\212o\342M\\m@\324\020\013F$"
  68      77114B6D 
  68      2134A18A 
  68      6FE24D5C 
  68      6D40D410 
  69 0039 1A09419B 		.ascii	"\032\011A\233h\264\261F\243I\235\306\217\304\255\251"
  69      68B4B146 
  69      A3499DC6 
  69      8FC4ADA9 
  70 0049 AEF13326 		.ascii	"\256\3613&1\352*j\243\304oG[\307s\356]\326d\262\351"
  70      31EA2A6A 
  70      A3C46F47 
  70      5BC773EE 
  70      5DD664B2 
  71 005e 30CBCED9 		.ascii	"0\313\316\33193\347\377?\2773{\357hl\362\347c<V\204"
  71      3933E7FF 
  71      3FBF337B 
  71      EF686CF2 
  71      E7633C56 
  72 0073 18FB8C12 		.ascii	"\030\373\214\022\215\001gx\000`\002l-\207\265\360\200"
  72      8D016778 
  72      0060026C 
  72      2D87B5F0 
  72      80
  73 0084 3FE15063 		.ascii	"?\341Pc\265\324\205g6\011!\306\252\216L[?\315\306\262"
  73      B5D48567 
  73      360921C6 
  73      AA8E4C5B 
  73      3FCDC6B2 
  74 0098 675C39C0 		.ascii	"g\\9\300\036\230\211%\033\366\015\365\350\332\\`x\336"
  74      1E988925 
  74      1BF60DF5 
  74      E8DA5C60 
  74      78DE
  75 00aa D1FABC2F 		.ascii	"\321\372\274/|\237\333\034>\241\364Xmo\235I)\327)=a"
  75      7C9FDB1C 
  75      3EA1F458 
  75      6D6F9D49 
  75      29D7293D 
  76 00bf 37A7F419 		.ascii	"7\247\364\031\215BTY}m\342\013\335\346\032\354\005\015"
  76      8D425459 
  76      7D6DE20B 
  76      DDE61AEC 
  76      050D
  77 00d1 FDE05728 		.ascii	"\375\340W(\204f(dx\211A\013\314\240\362'\211\377\256"
  77      84662864 
  77      7889410B 
  77      CCA0F227 
  77      89FFAE
  78 00e4 86CD04F6 		.ascii	"\206\315\004\366.P=a\037\230\010\230\217\367v\325\330"
  78      2E503D61 
ARM GAS  C:\Users\Ciccio\AppData\Local\Temp\ccX7TAKf.s 			page 6


  78      1F980898 
  78      8FF776D5 
  78      D8
  79 00f5 965EBC1B 		.ascii	"\226^\274\033\255F\256\235LF\326\367\212\304\210\343"
  79      AD46AE9D 
  79      4C46D6F7 
  79      8AC488E3 
  80 0105 14D9D868 		.ascii	"\024\331\330h\274]\006t?\024O\320\210\355\2774\360j"
  80      BC5D0674 
  80      3F144FD0 
  80      88EDBF34 
  80      F06A
  81 0117 CB713E9F 		.ascii	"\313q>\237B\320*\005\003\247\352\267\032\223\004F.\301"
  81      42D02A05 
  81      03A7EAB7 
  81      1A930446 
  81      2EC1
  82 0129 01BF8283 		.ascii	"\001\277\202\203.\244\206\353\215\033\214\377\237\342"
  82      2EA486EB 
  82      8D1B8CFF 
  82      9FE2
  83 0137 37BF53B4 		.ascii	"7\277S\264\371\205:\344W\360\273\013i\344\376\235\364"
  83      F9853AE4 
  83      57F0BB0B 
  83      69E4FE9D 
  83      F4
  84 0148 122BD120 		.ascii	"\022+\321 \3369\016\330\334\314\2459\354\236\374\237"
  84      DE390ED8 
  84      DCCCA539 
  84      EC9EFC9F 
  85 0158 F193E794 		.ascii	"\361\223\347\224\264\273%\217=%G\334\022\333Sr\324-"
  85      B4BB258F 
  85      3D2547DC 
  85      12DB5372 
  85      D42D
  86 016a F9D753D2 		.ascii	"\371\327S\322\341\226lj\362\222\034\203\342\003\037"
  86      E1966C6A 
  86      F2921C83 
  86      E2031F
  87 0179 59C2710E 		.ascii	"Y\302q\016\015\2466\0267\363\002\300E\257s\012\032\006"
  87      0DA63616 
  87      37F302C0 
  87      45AF730A 
  87      1A06
  88 018b 43A76050 		.ascii	"C\247`PjR\010P\032\244\020\002\332\030yxj\206)D(D)\344"
  88      6A520850 
  88      1AA41002 
  88      DA187978 
  88      6A862944 
  89 01a3 53885160 		.ascii	"S\210Q`,-7\347]\216?\332\000T\215\035\034\335m\320\276"
  89      2C2D37E7 
  89      5D8E3FDA 
  89      00548D1D 
  89      1CDD6DD0 
  90 01b8 7985FB89 		.ascii	"y\205\373\211\303\353\343C\375:mH]\214U\013\235\301"
  90      C3EBE343 
  90      FD3A6D48 
ARM GAS  C:\Users\Ciccio\AppData\Local\Temp\ccX7TAKf.s 			page 7


  90      5D8C550B 
  90      9DC1
  91 01ca 7104C3B2 		.ascii	"q\004\303\262\012U\3023yw;\250\013\032jn\246\317\247"
  91      0A55C233 
  91      79773BA8 
  91      0B1A6A6E 
  91      A6CFA7
  92 01dd 8252C368 		.ascii	"\202R\303hW\036~\275\353Q\264\036v\340\337\033 E'\215"
  92      571E7EBD 
  92      EB51B41E 
  92      76E0DF1B 
  92      2045278D 
  93 01f1 86D7D3E7 		.ascii	"\206\327\323\3476\266\007KZD\2422h\363 tA=<\225,\360"
  93      36B6074B 
  93      5A44A232 
  93      68F32074 
  93      413D3C95 
  94 0207 0794A0E7 		.ascii	"\007\224\240\347\272\347\246\362\324\225m\347\226-\247"
  94      BAE7A6F2 
  94      D4956DE7 
  94      962DA7
  95 0216 03646B14 		.ascii	"\003dk\02418\241\332\326\312\266\223\232\300TM\254\017"
  95      3138A1DA 
  95      D6CAB693 
  95      9AC0544D 
  95      AC0F
  96 0228 4DFE8412 		.ascii	"M\376\204\022\264\246Y\306.\214f\350\015\327x\246{\274"
  96      B4A659C6 
  96      2E8C66E8 
  96      0DD778A6 
  96      7BBC
  97 023a C0A456E6 		.ascii	"\300\244V\346T\255\272e+\371z<9q\236 \372x\014`L\345"
  97      54ADBA65 
  97      2BF97A3C 
  97      39719E20 
  97      FA780C60 
  98 0250 7AEA83EB 		.ascii	"z\352\203\353i\032 H\264/\177>\2633\343\2357\376\371"
  98      691A2048 
  98      B42F7F3E 
  98      B333E39D 
  98      37FEF9
  99 0263 6B139E7F 		.ascii	"k\023\236\177\245\020\326<\233\207^\361\020\234\311"
  99      A510D63C 
  99      9B875EF1 
  99      109CC9
 100 0272 B83FEEDE 		.ascii	"\270?\356\336\374&\206\356\0056\317\203\036\351MO\007"
 100      FC2686EE 
 100      0536CF83 
 100      1EE94D4F 
 100      07
 101 0283 EF34773D 		.ascii	"\3574w=\032\214\255y+j\204\245\341:\201^\234\201\301"
 101      1A8CAD79 
 101      2B6A84A5 
 101      E13A815E 
 101      9C81C1
 102 0296 5958C306 		.ascii	"YX\303\006A\256\017*\332\331\277\271\225cQ\265@\270"
 102      41AE0F2A 
ARM GAS  C:\Users\Ciccio\AppData\Local\Temp\ccX7TAKf.s 			page 8


 102      DAD9BFB9 
 102      956351B5 
 102      40B8
 103 02a8 F033E282 		.ascii	"\3603\342\202$\226\340\255\266[\215\333\344\302\211"
 103      2496E0AD 
 103      B65B8DDB 
 103      E4C289
 104 02b7 082117CE 		.ascii	"\010!\027\316_P\210x6\217*\342\201\351\0128\354\207"
 104      5F508878 
 104      368F2AE2 
 104      81E90A38 
 104      EC87
 105 02c9 F09C24D4 		.ascii	"\360\234$\324r\023\366I\302\277\275\011\317+\302\252"
 105      7213F649 
 105      C2BFBD09 
 105      CF2BC2AA 
 106 02d9 8E6DC9B0 		.ascii	"\216m\311\260\"\254\226\204\027\2100\234%|\232!\214"
 106      22AC9684 
 106      1788309C 
 106      257C9A21 
 106      8C
 107 02ea F8214C49 		.ascii	"\370!LIB=7\341EI\330\357MxI\021v\335\333\263)CX#\011"
 107      423D37E1 
 107      4549D8EF 
 107      4D784911 
 107      76DDDBB3 
 108 0303 2F136124 		.ascii	"/\023a$K\230,R\204Q?\204W$\241\221\233\360\252$\274"
 108      4B982C52 
 108      84513F84 
 108      5724A191 
 108      9BF0AA24 
 109 0318 E64D785D 		.ascii	"\346Mx]\021V\2668\265\232\"\254\223\204\003D\030\315"
 109      1156B638 
 109      B59A22AC 
 109      93840344 
 109      18CD
 110 032a 12DECE10 		.ascii	"\022\336\316\020\346\373!\274!\011\315\334\204\203\222"
 110      E6FB21BC 
 110      2109CDDC 
 110      848392
 111 0339 70C89B70 		.ascii	"p\310\233pX\021&{\233:B\212\260A\022\336$\302\374,\341"
 111      5811267B 
 111      9B3A428A 
 111      B04112DE 
 111      24C2FC2C 
 112 034e C34F1561 		.ascii	"\303O\025a\314\017\341\210$\014\344&\274%\011o{\023"
 112      CC0FE188 
 112      240CE426 
 112      BC25096F 
 112      7B13
 113 0360 DE5184C3 		.ascii	"\336Q\204\303/_\364\004\025\341QI\230&\302\030\021\016"
 113      2F5FF404 
 113      15E15149 
 113      9826C218 
 113      110E
 114 0372 43A5955A 		.ascii	"C\245\225Z =\030\275\251Q\205\333sNii<\373-_\031\377"
 114      203D18BD 
ARM GAS  C:\Users\Ciccio\AppData\Local\Temp\ccX7TAKf.s 			page 9


 114      A95185DB 
 114      734E6969 
 114      3CFB2D5F 
 115 0388 7E5959BC 		.ascii	"~YY\274\242\374\247U+\343_\177\263h\366\254\370\302"
 115      A2FCA755 
 115      2BE35F7F 
 115      B368F6AC 
 115      F8C2
 116 039a 855FC6E7 		.ascii	"\205_\306\347/\371j\361\352Y\361\212eeK\313\312\276"
 116      2FF96AF1 
 116      EA59F18A 
 116      65654BCB 
 116      CABE
 117 03ac 2D5DCECC 		.ascii	"-]\316\314\345\345?~\367\303\212\367\254\324V\200"
 117      E5E53F7E 
 117      F7C38AF7 
 117      ACD45680 
 118              		.text
 119              		.section	.gnu.lto__pal_lld_setgroupmode.275ce152,"",%progbits
 120 0000 789C9D59 		.ascii	"x\234\235Y\011PTW\026\375\357\375\336\200\2461&QD\215"
 120      09505457 
 120      16FDEFFD 
 120      DE80A631 
 120      2651448D 
 121 0014 1A24C644 		.ascii	"\032$\306D\001\225\270\305\270$\306\025\315Te\252\246"
 121      0195B8C5 
 121      B824C615 
 121      CD5465AA 
 121      A6
 122 0025 A666AA26 		.ascii	"\246f\252&ft*3\203%\205\316\222\252\251J\263t\273&!"
 122      66742A33 
 122      832585CE 
 122      92AAA94A 
 122      B374BB26 
 123 003a 18E30671 		.ascii	"\030\343\006qE\024D\014\032\023\210\013\343\240\270"
 123      4514440C 
 123      1A13880B 
 123      E3A0B8
 124 0049 20C4258A 		.ascii	" \304%\212\212H\" *1\"h\213A\230{\357\373Mw\177\300"
 124      8A482220 
 124      2A312268 
 124      8B41987B 
 124      EFFB4D77 
 125 005f CFC7B2AF 		.ascii	"\317\307\262\257\377\237\177\317}\367\334w\337\357\367"
 125      FF9F7FCF 
 125      7DF7DC77 
 125      DFEFF7
 126 006e 5A596AFF 		.ascii	"ZYj\377g\015|\376\325O\222\342\361\246\207\304\270\004"
 126      670D7CFE 
 126      D54F92E2 
 126      F1A687C4 
 126      B804
 127 0080 1F268395 		.ascii	"\037&\203\225\271A\222\354\334\012\306`\340F\274\366"
 127      B94192EC 
 127      DC0AC660 
 127      E046BCF6 
 128 0090 C36B2337 		.ascii	"\303k#7\341\265\031\257M\314\002\236f\262\026\006\256"
ARM GAS  C:\Users\Ciccio\AppData\Local\Temp\ccX7TAKf.s 			page 10


 128      E1B519AF 
 128      4DCC029E 
 128      66B21606 
 128      AE
 129 00a1 CC8FFBE3 		.ascii	"\314\217\373\343\323\000|\352OH\000Y+\017D\334\206x"
 129      D3007CEA 
 129      4F480059 
 129      2B0F44DC 
 129      8678
 130 00b3 200B02C4 		.ascii	" \013\002\304F\243\0041\006\0033\351#.\033\214&\263"
 130      46A30431 
 130      060333E9 
 130      232E1B8C 
 130      26B3
 131 00c5 C5CF3FC0 		.ascii	"\305\317?\300\032h\013bp/\022\274\305\3539K.\310Z\027"
 131      1A680B62 
 131      702F12BC 
 131      C5EB394B 
 131      2EC85A17 
 132 00d9 3024DD6E 		.ascii	"0$\335n\267\337\273\177)\330\021\334\004i6p\341\300"
 132      B7DFBB7F 
 132      29D811DC 
 132      04693670 
 132      E1C0
 133 00eb 32D81070 		.ascii	"2\330\020p\271\346\372fU\240<\206Ip\235\267\247\361"
 133      B9E6FA66 
 133      55A03C86 
 133      49709DB7 
 133      A7F1
 134 00fd 4C402D6F 		.ascii	"L@-o\342l \336\346\247\234Xg\302[P\004\267\027s\256"
 134      E26C20DE 
 134      E6A79C58 
 134      67C25B50 
 134      04B71773 
 135 0112 5CE661DB 		.ascii	"\\\346a\333\354\366\204\202\322\\\373dC\023\227\331"
 135      ECF68482 
 135      D25CFB64 
 135      431397D9 
 136 0122 4E26433C 		.ascii	"N&C<\266\213\205\260L\026\"\001$\261,\026\006\336[\313"
 136      B68B85B0 
 136      4C162201 
 136      24B12C16 
 136      06DE5BCB 
 137 0136 AB5DB23C 		.ascii	"\253]\262<\201\342f\036\315\033J\304\312\023\351\027"
 137      81E2661E 
 137      CD1B4AC4 
 137      CA13E917 
 138 0146 ADF6194D 		.ascii	"\255\366\031M\334\300v\253\231\006\211e\023\363f\323"
 138      DCC076AB 
 138      99068965 
 138      13F366D3 
 139 0156 AD8C4079 		.ascii	"\255\214@y\0121\237d~\226\352/\250'\323\317\023\325"
 139      0A319F64 
 139      7E96EA2F 
 139      A827D3CF 
 139      13D5
 140 0168 C8F6A8A9 		.ascii	"\310\366\250\251F\211\345\2600\364o>\265!\317*O#\256"
ARM GAS  C:\Users\Ciccio\AppData\Local\Temp\ccX7TAKf.s 			page 11


 140      4689E5B0 
 140      30F46F3E 
 140      B521CF2A 
 140      4F23AE
 141 017b 73EFE372 		.ascii	"s\357\343rc\350\026\344\236v\024Y\355'\354I\225\255"
 141      63E816E4 
 141      9E761459 
 141      ED27EC49 
 141      95AD
 142 018d AD039AB8 		.ascii	"\255\003\232\270\211\355\365\215 \376\000eSr\352\003"
 142      89EDF58D 
 142      20FE0065 
 142      5372EA03 
 143 019d A31C4DF4 		.ascii	"\243\034M\364;\017v\256\011 \372\346\342t\223\0279\267"
 143      3B0F76AE 
 143      0920FAE6 
 143      E2749317 
 143      39B7
 144 01af 13F2B6C6 		.ascii	"\023\362\266\306\357\353-\362\273D.\314\370%-H\220\317"
 144      EFEB2DF2 
 144      BB442ECC 
 144      F8252D48 
 144      90CF
 145 01c1 F890F777 		.ascii	"\370\220\367wB\336\232\223\367;\371\017\304=\273\377"
 145      42DE9A93 
 145      F73BF90F 
 145      C43DBBFF 
 146 01d1 61854D70 		.ascii	"a\205MpK|\270\007:\341\236\255\273\231\343'\317#\262"
 146      4B7CB807 
 146      3AE19EAD 
 146      BB99E327 
 146      CF23B2
 147 01e4 7D7F4A8B 		.ascii	"}\177J\213\237 \227\372\220\277\355\204|2\365\374a\177"
 147      9F2097FA 
 147      90BFED84 
 147      7C32F5FC 
 147      617F
 148 01f6 F92F44BE 		.ascii	"\371/D\276\265?!O\221\\\346C\316\357\204\\\237\364\344"
 148      B53F214F 
 148      915CE643 
 148      CEEF845C 
 148      9FF4E4
 149 0209 52802909 		.ascii	"R\200)\011\372\253\007\373\212\205\262}\360\371\032"
 149      FAAB07FB 
 149      8A85B27D 
 149      F0F91A
 150 0218 3EDFC027 		.ascii	">\337\300'\017>\337\261P\321o\354 3A\303N\002\316\225"
 150      0F3EDFB1 
 150      50D16FEC 
 150      203341C3 
 150      4E02CE95 
 151 022c C2B4D5CA 		.ascii	"\302\264\325\312\264\024;J\255\216\266a\314R\3731\330"
 151      B4143B4A 
 151      AD8EB661 
 151      CC52FB31 
 151      D8
 152 023d 2116EAC3 		.ascii	"!\026\352\303\201r:\215O\247\034VSJ4)G\324\224RMJ\201"
ARM GAS  C:\Users\Ciccio\AppData\Local\Temp\ccX7TAKf.s 			page 12


 152      81723A8D 
 152      4FA71C56 
 152      534A3429 
 152      47D49452 
 153 0254 8A5279A5 		.ascii	"\212Ry\245\272HK\314\177\325\234k\216sZ\234\243*N\301"
 153      BA484BCC 
 153      7FD59C6B 
 153      8E735A9C 
 153      A32A4EC1 
 154 0268 99DC9D93 		.ascii	"\231\334\235\223\2236\333[Z[Y'\224\377\021%\363\220"
 154      9336DB5B 
 154      5A5B5927 
 154      94FF1125 
 154      F390
 155 027a 2B975AD0 		.ascii	"+\227Z\320^\220\343M\261tD)$JF\312\201:?\371o\324\013"
 155      5E90E34D 
 155      B1744429 
 155      244A46CA 
 155      813A3FF9 
 156 0291 FB8F6624 		.ascii	"\373\217f$\373\023\275\262\342\230\2672\013;\326Q7\260"
 156      FB13BDB2 
 156      E298B732 
 156      0B3BD651 
 156      37B0
 157 02a3 E3AA51ED 		.ascii	"\343\252Q\355\353?\337\314\227\025\264\266N\352d\314"
 157      EB3FDFCC 
 157      9715B4B6 
 157      4EEA64CC 
 158 02b3 227535AE 		.ascii	"\"u5\256\037;\255U\215\023ji_jJ;\2517\257S\352\274j"
 158      1F3BAD55 
 158      8D136A69 
 158      5F6A4A3B 
 158      A937AF53 
 159 02ca 1D255A79 		.ascii	"\035%Zy\235V\317\322!\315Y*VK\331\244)\345\214^)%j)"
 159      9D56CFD2 
 159      21CD592A 
 159      564BD9A4 
 159      29E58C5E 
 160 02e2 B7B4575C 		.ascii	"\267\264W\\\251ZJ\251\246\224\357\365\367\350Y5\245"
 160      A95A4AA9 
 160      A694EFF5 
 160      F7E85935 
 160      A5
 161 02f3 5C93724E 		.ascii	"\\\223rN-\346\266\266\230\363\352a\3124\207\271\240"
 161      2DE6B6B6 
 161      98F3EA61 
 161      CA3487B9 
 161      A0
 162 0304 A6946852 		.ascii	"\246\224hR~PS\256iR.\252\305\334\321\026sI\177fejJ\261"
 162      7E5053AE 
 162      69522EAA 
 162      C5DCD116 
 162      73497F66 
 163 031c 26E5B29A 		.ascii	"&\345\262\232rU\223rE-\346Q\272\246\230\253\372\305"
 163      72559372 
 163      452DE651 
 163      BAA698AB 
ARM GAS  C:\Users\Ciccio\AppData\Local\Temp\ccX7TAKf.s 			page 13


 163      FAC5
 164 032e 94EB1773 		.ascii	"\224\353\027sM\277\230\012\265\230\307\332b\256\353"
 164      4DBF980A 
 164      B598C7DA 
 164      62AEEB
 165 033d 1753A95F 		.ascii	"\027S\251_\314\217\372\305\374\244\026\363\3531M17\364"
 165      CC8FFAC5 
 165      FCA416F3 
 165      EB314D31 
 165      37F4
 166 034f AF992AFD 		.ascii	"\257\231*\375\372\253\365\257\231\032\265\230eE\232"
 166      FAABF5AF 
 166      991AB598 
 166      65459A
 167 035e 626EEA17 		.ascii	"bn\352\027S\253_\314-\375bn\253\305\254\310\320\024"
 167      53AB5FCC 
 167      2DFD626E 
 167      ABC5ACC8 
 167      D014
 168 0370 73477F66 		.ascii	"sG\177fu\372\333\354g\375mvW-f\225\266\230_\364\213"
 168      75FADBEC 
 168      67FD6D76 
 168      572D6695 
 168      B6985FF4 
 169 0385 B9A75F4C 		.ascii	"\271\247_L\275~1\367a\343\332\311f\026B\271v\355^\316"
 169      BD7E31F7 
 169      61E3DAC9 
 169      661642B9 
 169      76ED5ECE 
 170 0399 E558B1D9 		.ascii	"\345X\261\331\336\2674Al\266+\257:N\371\2340\032:\334"
 170      DEB73441 
 170      6CB62BAF 
 170      3A4EF99C 
 170      301A3ADC 
 171 03ad 23355288 		.ascii	"#5R\210\303w\263N\330\344\017)Dmm~\244H,\037\316Tm\211"
 171      C377B34E 
 171      D8E40F29 
 171      446D6D7E 
 171      A4482C1F 
 172 03c5 99D8830E 		.ascii	"\231\330\203\016\003<\244\000\037\333\263V3\371?\024"
 172      033CA400 
 172      1FDBB356 
 172      33F93F14 
 173 03d5 20BD3EED 		.ascii	" \275>\355P\240\210p\3307\202\253\303\010\217(B\325"
 173      50A08870 
 173      D83782AB 
 173      C3088F28 
 173      42D5
 174 03e7 8EBB0E26 		.ascii	"\216\273\016&\177D\021Vd:R\230\210p\3127BS\207\021\036"
 174      7F441156 
 174      643A5298 
 174      8870CA37 
 174      42538711 
 175 03fc B3D09C9E 		.ascii	"\263\320\234\236\005\366\326\326\206\252\334\225\241"
 175      05F6D6D6 
 175      86AADC95 
 175      A1
ARM GAS  C:\Users\Ciccio\AppData\Local\Temp\ccX7TAKf.s 			page 14


 176 0409 F9FC1D46 		.ascii	"\371\374\035F'7p\204\252\301\371\017\352\006g9\250\034"
 176      27377084 
 176      AAC1F90F 
 176      EA066739 
 176      A81C
 177 041b 1CCBA076 		.ascii	"\034\313\240v&\011+gfxD\263\220\217\037\034\331\314"
 177      26092B67 
 177      667844B3 
 177      908F1F1C 
 177      D9CC
 178 042d FEE41880 		.ascii	"\376\344\030\200\227V\362\016\304K\033Q\202\360\022"
 178      9756F20E 
 178      C44B1B51 
 178      82F012
 179 043c 0ED550F5 		.ascii	"\016\325P\365g\210\335\223\341\010\317\"\374\034\232"
 179      6788DD93 
 179      E108CF22 
 179      FC1C9A
 180 044b E7D1F402 		.ascii	"\347\321\364\002c\351ME\015\306\313>hB\250F}\361y?\274"
 180      63E94D45 
 180      0DC6CB3E 
 180      6842A846 
 180      7DF1793F 
 181 0460 EF8FE605 		.ascii	"\357\217\346\005\222=\000\301\201h\006!\370\"\232P\222"
 181      923D00C1 
 181      81680621 
 181      F8229A50 
 181      92
 182 0471 3398E1A1 		.ascii	"3\230\341\2415\014\037\275\204f\010\232\227\321\014"
 182      350C1FBD 
 182      8466089A 
 182      97D10C
 183 0480 45F30A9A 		.ascii	"E\363\012\232W\321\014C3\034M8\232\0104\221hF\240\031"
 183      57D10C43 
 183      331C4D38 
 183      9A083491 
 183      6846A019 
 184 0494 8966149A 		.ascii	"\211f\024\232(4\257\241\031\215f\014\232\261h\306\241"
 184      2834AFA1 
 184      198D660C 
 184      9AB168C6 
 184      A1
 185 04a5 198FE675 		.ascii	"\031\217\346u4\023\320\274\201f\"\232Ih&\243\231\202"
 185      3413D0BC 
 185      8166229A 
 185      496826A3 
 185      9982
 186 04b7 E64D346F 		.ascii	"\346M4o\241\231\212\346m4\323\320LG3\003\315L*\375,"
 186      A1998AE6 
 186      6D34D3D0 
 186      4C473303 
 186      CD4C2AFD 
 187 04cc AAE56C2A 		.ascii	"\252\345l*c4Up\016\025z.\025O\222\252\350\310_\315\341"
 187      63345570 
 187      0E157A2E 
 187      154F92AA 
 187      E8C85FCD 
ARM GAS  C:\Users\Ciccio\AppData\Local\Temp\ccX7TAKf.s 			page 15


 188 04e1 1FF90A4B 		.ascii	"\037\371\012K|\344\254\330=\026Od.nqq3\264\300'{\266"
 188      7CE4ACD8 
 188      3D164F64 
 188      2E6E7171 
 188      33B4C027 
 189 04f7 3704E149 		.ascii	"7\004\341I\337\014\363\367+L5y\325\354\376\267\360\362"
 189      DF0CF3F7 
 189      2B4C3579 
 189      D5ECFEB7 
 189      F0F2
 190 0509 135E6DBF 		.ascii	"\023^m\277\007\230a~\233\205W\205\263\212\011'\177\360"
 190      0798617E 
 190      9B855785 
 190      B38A0927 
 190      7FF0
 191 051b 03A70D97 		.ascii	"\003\247\015\227\252\033et\262@C<q\207\272\353\016\025"
 191      AA1B6574 
 191      B240433C 
 191      7187BAEB 
 191      0E15
 192 052d 2042AD77 		.ascii	" B\255w\025\037\027\003\006K\254E\035\312\012~,L\241"
 192      151F1703 
 192      064BAC45 
 192      1DCA0A7E 
 192      2C4CA1
 193 0540 3E745303 		.ascii	">tS\003\005u\357\221\254\345~D}Ob\255j\252\015\374\300"
 193      0575EF91 
 193      ACE57E44 
 193      7D4F62AD 
 193      6AAA0DFC 
 194 0555 A9EEFCC6 		.ascii	"\251\356\374\306|+e\001Mh\347J\250\026w\250 \021j\347"
 194      7C2B6501 
 194      4D68E74A 
 194      A81677A8 
 194      20116AE7 
 195 0569 91940C03 		.ascii	"\221\224\014\003\205\262\007I,\236\253b\365\000G\\\361"
 195      85B20749 
 195      2C9EAB62 
 195      F500475C 
 195      F1
 196 057a DB2AEF30 		.ascii	"\333*\3570\212e\226X\0029%\334K\256\343\302\351\031"
 196      8A659658 
 196      023925DC 
 196      4BAEE3C2 
 196      E919
 197 058c F0B85E55 		.ascii	"\360\270^Uz\326\202\036&X\036\211<\204\212-\273\213"
 197      7AD6821E 
 197      26581E89 
 197      3C848A2D 
 197      BB8B
 198 059e 7D317BA2 		.ascii	"}1{\242p}\326\005'f\316\212\322js\305\250\260p\222\300"
 198      707DD605 
 198      2766CE8A 
 198      D26A73C5 
 198      A8B07092 
 199 05b3 FB079674 		.ascii	"\373\007\226t9\361}\305\007\034\342w|\267\312L\016\020"
 199      39F17DC5 
ARM GAS  C:\Users\Ciccio\AppData\Local\Temp\ccX7TAKf.s 			page 16


 199      071CE277 
 199      7CB7CA4C 
 199      0E10
 200 05c5 CE41E1A4 		.ascii	"\316A\341\244\032\306\\\274'$\303g\332\232\353?\250"
 200      1AC65CBC 
 200      2724C367 
 200      DA9AEB3F 
 200      A8
 201 05d6 611C268F 		.ascii	"a\034&\217\037\274\034\353\342sl\345\01515L\206)\340"
 201      1FBC1CEB 
 201      E2736CE5 
 201      0D31354C 
 201      8629E0
 202 05e9 C508CCB2 		.ascii	"\305\010\314\262m_\\\303\014PG~\341\367.>\333v\260a"
 202      6D5F5CC3 
 202      0C50477E 
 202      E1F72E3E 
 202      DB76B061 
 203 05fd 490D3342 		.ascii	"I\0153Bqx\035>\217\266\025#\001\223\347\253\256\002"
 203      71781D3E 
 203      8FB61523 
 203      0193E7AB 
 203      AE02
 204 060f 30D756D7 		.ascii	"0\327V\327\360\036\244lp\247|7;\231\251\216\367\260"
 204      F01EA46C 
 204      70A77C37 
 204      3B99A98E 
 204      F7B0
 205 0621 CA7065E1 		.ascii	"\312pe\341B\302%C'zH\317\311!\314s.n\362.\224\031\012"
 205      42C22543 
 205      277A48CF 
 205      C921CC73 
 205      2E6EF22E 
 206 0638 B55454F3 		.ascii	"\265TT\363\013g\235A8=\017~J\327$T,m\346\002\355\005"
 206      0B679D41 
 206      383D0F7E 
 206      4AD72454 
 206      2C6DE602 
 207 064e 0FD0AFDC 		.ascii	"\017\320\257\334Y\250 \275\251\360\275\204\333\303\354"
 207      59A820BD 
 207      A9F0BD84 
 207      DBC3EC
 208 065d 09020D86 		.ascii	"\011\002\015\206!\310\317$\356\373\260\301!\200\012"
 208      21C8CF24 
 208      EEFBB0C1 
 208      21800A
 209 066c AF0B4C80 		.ascii	"\257\013L\200\200\364\021\203\266d\377Q@}Ejm]i\206\256"
 209      80F41183 
 209      B664FF51 
 209      407D456A 
 209      6D5D6986 
 210 0681 5CC69524 		.ascii	"\\\306\225$\032\025^?\360\363\016\336\037\232\017P\337"
 210      1A155E3F 
 210      F0F30EDE 
 210      1F9A0F50 
 210      DF
 211 0692 E02F002E 		.ascii	"\340/\000.\332\350\370\236X\001\015\200\340^Be\201\016"
ARM GAS  C:\Users\Ciccio\AppData\Local\Temp\ccX7TAKf.s 			page 17


 211      DAE8F89E 
 211      58010D80 
 211      E05E4265 
 211      810E
 212 06a4 84075E42 		.ascii	"\204\007^B\025\372 x\340=\306\213\220UYe\302)\372\275"
 212      15FA2078 
 212      E03DC68B 
 212      90555965 
 212      C229FABD 
 213 06b8 CD02EDB7 		.ascii	"\315\002\355\267\034\323\037\344;f(\370\001r\364@}\343"
 213      1CD31FE4 
 213      3B6628F8 
 213      0172F440 
 213      7DE3
 214 06ca 51B380C2 		.ascii	"Q\263\200\302\274\373M\246_a\276~\264\351\347\3004\266"
 214      BCFB4DA6 
 214      5F61BE7E 
 214      B4E9E7C0 
 214      34B6
 215 06dc 11DED9B0 		.ascii	"\021\336\331\260R\007\263\025\3302\370\222/^y\3002<"
 215      5207B315 
 215      D832F892 
 215      2F5E79C0 
 215      323C
 216 06ee CB9E040F 		.ascii	"\313\236\004\017\374\331J\236\306\356\323\213\200\255"
 216      FCD94A9E 
 216      C6EED38B 
 216      80AD
 217 06fc E2C3719C 		.ascii	"\342\303q\234\307\316fen^r\271\227\210{\266\206\300"
 217      C7CE6665 
 217      6E5E72B9 
 217      97887BB6 
 217      86C0
 218 070e 488023D8 		.ascii	"H\200#\330\350\2542\012\360e\302e\314(\345\307^\210"
 218      E8AC320A 
 218      F065C265 
 218      CC28E5C7 
 218      5E88
 219 0720 798D1E0F 		.ascii	"y\215\036\017G\330\276O\315\340cO\006\237\360\341\020"
 219      47D8BE4F 
 219      CDE0634F 
 219      069FF0E1 
 219      10
 220 0731 8EA47DF5 		.ascii	"\216\244}\365\300-mh\227\265|J\221\350\027\320d\267"
 220      C02D6D68 
 220      97B57C4A 
 220      91E817D0 
 220      64B7
 221 0743 964225C9 		.ascii	"\226B%\311W`\252\204\226FE\313\253\020\032p\241\245"
 221      5760AA84 
 221      964645CB 
 221      AB101A70 
 221      A1A5
 222 0755 4E711B46 		.ascii	"Nq\033F\270\241\273Z>\363d\220\202Z\206\211ij\3232\274"
 222      B8A1BB5A 
 222      3EF36490 
 222      825A8689 
ARM GAS  C:\Users\Ciccio\AppData\Local\Temp\ccX7TAKf.s 			page 18


 222      696AD332 
 223 076a CB5A5653 		.ascii	"\313ZVS$\372\221\354s\267\026w\346\341mZ\252\024$\302"
 223      24FA91EC 
 223      73B71677 
 223      E6E16D5A 
 223      AA1424C2 
 224 077e 85A3850B 		.ascii	"\205\243\205\013-\345\212\226H\302\215\335\325\262\306"
 224      2DE58A96 
 224      48C28DDD 
 224      D5B2C6
 225 078d 93C11718 		.ascii	"\223\301\027\030=\022\337He\211\373\326\206\210\360"
 225      3D12DF48 
 225      6589FBD6 
 225      8688F0
 226 079c 9C568CF8 		.ascii	"\234V\214\370\0121\302+\002\236\236I<\262\266\237xJ"
 226      0A31C22B 
 226      029E9E49 
 226      3CB2B69F 
 226      784A
 227 07ae 2BBFB9C8 		.ascii	"+\277\271\310A\257s\023\254\374\265m\316&z\237\300\024"
 227      41AF7313 
 227      ACFCB56D 
 227      CE267A9F 
 227      C014
 228 07c0 379F53CA 		.ascii	"7\237S\3122\242\313eYGI\341\217\331l\275"
 228      32A2CB65 
 228      594749E1 
 228      8FD96CBD 
 229 07d0 BA2C2361 		.ascii	"\272,#ae\370\226e\024\204\006\334\267,Q\204\367\246"
 229      65F89665 
 229      148406DC 
 229      B72C5184 
 229      F7A6
 230 07e2 B26CE9DD 		.ascii	"\262l\351\335AY\006<5\203\015\236\0146bY\242H\223\331"
 230      4159063C 
 230      35830D9E 
 230      0C366259 
 230      A24893D9 
 231 07f6 ADE9895B 		.ascii	"\255\351\211[\323k]\326\224J\021\015\0301M\255it;Mc"
 231      D36B5DD6 
 231      944A110D 
 231      18314DAD 
 231      69743B4D 
 232 080b 2034E0BE 		.ascii	" 4\340\276\232\306\022\336mM_z2\330\204\232\306\222"
 232      9AC612DE 
 232      6D4D5F7A 
 232      32D8849A 
 232      C692
 233 081d 268BA2A9 		.ascii	"&\213\242\251\376\311O\212\246q]\326\264\231\"\0321"
 233      FEC94F8A 
 233      A6715DD6 
 233      B499221A 
 233      31
 234 082e E216F552 		.ascii	"\342\026\365R\034\337n)\276\016\241\001\367]\212\023"
 234      1CDF6E29 
 234      BE0EA101 
 234      F75D8A13 
ARM GAS  C:\Users\Ciccio\AppData\Local\Temp\ccX7TAKf.s 			page 19


 235 083e 08E7A27D 		.ascii	"\010\347\242};\322\324\377\251\031l\365d\260\0155M "
 235      3BD2D4FF 
 235      A9196CF5 
 235      64B00D35 
 235      4D20
 236 0850 4D7EEE79 		.ascii	"M~\356y*\274\241hz\243\313\232\266{\"\246\2535Ml\247"
 236      2ABCA168 
 236      7AA3CB9A 
 236      B67B22A6 
 236      AB354D6C 
 237 0865 69128406 		.ascii	"i\022\204\006\334W\323d\302\273\255i\207'\203\014\324"
 237      DC57D364 
 237      C2BBAD69 
 237      8727830C 
 237      D4
 238 0876 3459A245 		.ascii	"4Y\242E\227\221\352^t^\253\314\337\255\364\330yE\351"
 238      9791EA5E 
 238      745EABCC 
 238      DFADF4D8 
 238      7945E9
 239 0889 942E2BDD 		.ascii	"\224.+\335\351\351\361]\352\216|\263]G\276\005\241\001"
 239      E9E9F15D 
 239      EA8E7CB3 
 239      5D47BE05 
 239      A101
 240 089b F7EDC8A9 		.ascii	"\367\355\310\251\204w\273#3=\031d\241\322\251\244)\300"
 240      8477BB23 
 240      333D1964 
 240      A1D2A9A4 
 240      29C0
 241 08ad ADE9B85B 		.ascii	"\255\351\270[\323\333]\326\264\333\323\343\331jM\323"
 241      D3DB5DD6 
 241      B4DBD3E3 
 241      D96A4DD3 
 242 08bd DA699A0E 		.ascii	"\332i\232\016\241\001\367\3254\203\360nk\332\343\311"
 242      A101F7D5 
 242      3483F06E 
 242      6BDAE3C9 
 243 08cd 200735CD 		.ascii	" \0075\315 MV\261\273\252p\266|\033%6{3aC\010\373\030"
 243      204D56B1 
 243      BBAA70B6 
 243      7C1B2536 
 243      7B336143 
 244 08e4 F1BABD91 		.ascii	"\361\272\275\221\032\254\240\356=\037\354\333\003\201"
 244      1AACA0EE 
 244      3D1FECDB 
 244      0381
 245 08f2 538DFFFB 		.ascii	"S\215\377\373'\323\036\351b\236\262o\237\005_\303\310"
 245      27D31EE9 
 245      629EB26F 
 245      9F055FC3 
 245      C8
 246 0903 24B4226F 		.ascii	"$\264\"o\274@g\303\027\232{\317]\356\254\311\033-\340"
 246      BC4067C3 
 246      179A7BCF 
 246      5DEEACC9 
 246      1B2DE0
ARM GAS  C:\Users\Ciccio\AppData\Local\Temp\ccX7TAKf.s 			page 20


 247 0916 68F86EF0 		.ascii	"h\370n\360\300\267\307\011t\016\276\330\0254\305\371"
 247      C0B7C709 
 247      740EBED8 
 247      1534C5F9 
 248 0926 302F52C0 		.ascii	"0/R\300s\305\033\375\354\206\035\211\342\215\016\233"
 248      73C51BFD 
 248      EC861D89 
 248      E28D0E9B 
 249 0936 D4BDCA96 		.ascii	"\324\275\312\2266\010\362(c\361=\244F\370\262\250`\361"
 249      3608F228 
 249      63F13DA4 
 249      46F8B2A8 
 249      60F1
 250 0948 05FB4A64 		.ascii	"\005\373Jd\261\017\304\\\341\313\020\340\250\360\360"
 250      B10FC45C 
 250      E1CB10E0 
 250      A8F0F0
 251 0957 88B6BF8B 		.ascii	"\210\266\277\213\026G|0/&\"vQ\334\222\305\021\357\376"
 251      16477C30 
 251      2F262276 
 251      51DC92C5 
 251      11EFFE
 252 096a 76CEA891 		.ascii	"v\316\250\221\021\321\321S#\246\377f\346;\377\034\031"
 252      11D1D153 
 252      23A6FF66 
 252      E63BFF1C 
 252      19
 253 097b 113B2FE6 		.ascii	"\021;/\346O11\363\303\377,\031\320\303\260p\336\342"
 253      4F3131F3 
 253      C3FF2C19 
 253      D0C3B070 
 253      DEE2
 254 098d BF1B162E 		.ascii	"\277\033\026.\232\277\300\210&\316\264h\311\207\261"
 254      9ABFC088 
 254      26CEB468 
 254      C987B1
 255 099c 0BE2CC8B 		.ascii	"\013\342\314\213\026\307.X0?\316\030\373\217\330\371"
 255      16C72E58 
 255      303FCE18 
 255      FB8FD8F9 
 256 09ac 71867931 		.ascii	"q\206y1K\342\344\367\377\272\304\010\237\360H\013\336"
 256      4BE2E4F7 
 256      FFBAC408 
 256      9FF0480B 
 256      DE
 257 09bd 228F2F1C 		.ascii	"\"\217/\034\301\027\216\344\013\243\376\017\241C\375"
 257      C1178EE4 
 257      0BA3FE0F 
 257      A143FD
 258 09cc 0C       		.ascii	"\014"
 259              		.text
 260              		.section	.gnu.lto_.symbol_nodes.275ce152,"",%progbits
 261 0000 789C6366 		.ascii	"x\234cf``\310a\200\002\246\011L\365\014\014\023\316"
 261      6060C861 
 261      8002A609 
 261      4CF50C0C 
 261      13CE
ARM GAS  C:\Users\Ciccio\AppData\Local\Temp\ccX7TAKf.s 			page 21


 262 0012 3130D4D7 		.ascii	"10\324\3273\\Y\320\301\303\3004\221\251\236\021&rm\001"
 262      335C59D0 
 262      C1C3C034 
 262      91A99E11 
 262      26726D01 
 263 0026 0703D324 		.ascii	"\007\003\323$\246z&d\001fF\006\206\346\3667\3639@\214"
 263      A67A2664 
 263      01664606 
 263      86E6F637 
 263      F339408C 
 264 003a C3304673 		.ascii	"\3030Fs\027L\004\306h\356\206\211\200\030\014\000\314"
 264      174C04C6 
 264      68EE8689 
 264      80180C00 
 264      CC
 265 004b 83205B   		.ascii	"\203 ["
 266              		.text
 267              		.section	.gnu.lto_.refs.275ce152,"",%progbits
 268 0000 789C6366 		.ascii	"x\234cf```d\200\002\000\000=\000\005"
 268      60606064 
 268      80020000 
 268      3D0005
 269              		.text
 270              		.section	.gnu.lto_.decls.275ce152,"",%progbits
 271 0000 789CCD58 		.ascii	"x\234\315X{P\024G\032\337\236\336]\226e\301TH\214\347"
 271      7B501447 
 271      1ADF9EDE 
 271      5D9665C1 
 271      54488CE7 
 272 0014 A5EE90AB 		.ascii	"\245\356\220\253\343\314C\361\225\324\335\375\025\005"
 272      E3CC43F1 
 272      95D4DDFD 
 272      1505
 273 0022 A2E64CDC 		.ascii	"\242\346L\334Z\314\345\256B\025!\262*u(\034\254W\346"
 273      5ACCE5AE 
 273      421521B2 
 273      2A75281C 
 273      AC57E6
 274 0035 FE1A1E0A 		.ascii	"\376\032\036\012*\312\212\240\002*\253\242\200HPQ\214"
 274      2ACA8AA0 
 274      022AABA2 
 274      80485051 
 274      8C
 275 0046 82801810 		.ascii	"\202\200\030\020P\360\201\212\202\302\212\"\210(>\020"
 275      50F0818A 
 275      82C28A22 
 275      88283E10 
 276 0056 415EF775 		.ascii	"A^\367u\367\354\354\3568&\336\343\217\333\342\307\314"
 276      F7ECECEE 
 276      3826DEE3 
 276      8FDBE2C7 
 276      CC
 277 0067 D7FDEBAF 		.ascii	"\327\375\353\257\277\376\0363\335\203\025\012\205\005"
 277      BFFE1E33 
 277      DD83150A 
 277      8505
 278 0075 291463F0 		.ascii	")\024c\360K\373\245BQ\200\025\012%\264\351\025\366\037"
ARM GAS  C:\Users\Ciccio\AppData\Local\Temp\ccX7TAKf.s 			page 22


 278      4BFBA542 
 278      5180150A 
 278      25B4E915 
 278      F61F
 279 0087 342934C0 		.ascii	"4)4\300\371-`\026R\274\364#}Za\214\007@\007\350!\343"
 279      F92D6016 
 279      52BCF423 
 279      7D5A618C 
 279      074007E8 
 280 009d A07D125C 		.ascii	"\240}\022\\9\270~\004\350\206\373\243\002g\024\320\006"
 280      39B87E04 
 280      E886FBA3 
 280      026714D0 
 280      06
 281 00ae 780EB002 		.ascii	"x\016\260\002\006\001\267\000C\200V\300\000\3406\340"
 281      0601B700 
 281      438056C0 
 281      00E036E0 
 282 00be 05E00E60 		.ascii	"\005\340\016`\030\320\001@\302|\322\037\261\315Cb\303"
 282      18D00140 
 282      C27CD21F 
 282      B1CD4362 
 282      C3
 283 00cf 24688B13 		.ascii	"$h\213\023l \266\304\"6\277\027\\\343\001\253\021\263"
 283      6C20B6C4 
 283      2236BF17 
 283      5CE301AB 
 283      11B3
 284 00e1 530D570D 		.ascii	"S\015W\015\\\243\340\372O\300/\001\277\000L\000\214"
 284      5CA3E0FA 
 284      4FC02F01 
 284      BF004C00 
 284      8C
 285 00f2 07BC0378 		.ascii	"\007\274\003x\027\300\011\363\310\315O\374\342&\231"
 285      17C009F3 
 285      C8CD4FFC 
 285      E22699
 286 0101 FF77D0F6 		.ascii	"\377w\320\366\001`*\240H\301\354\370La\367\203Z\360"
 286      01602AA0 
 286      48C1ECF8 
 286      4C61F783 
 286      5AF0
 287 0113 815558FB 		.ascii	"\201UX\373ma\255\266u\022\235\344\272F2\337c\016\035"
 287      6D61ADB6 
 287      75129DE4 
 287      BA4632DF 
 287      630E1D
 288 0126 FFBEAFDE 		.ascii	"\377\276\257\336\255\213C\036Z/\"\236H\251\331\246\006"
 288      AD8B431E 
 288      5A2F229E 
 288      48A9D9A6 
 288      06
 289 0137 51A75512 		.ascii	"Q\247U\022\361t\315\256\026\025\355\265rDn>\177\350"
 289      F174CDAE 
 289      1615EDB5 
 289      72446E3E 
 289      7FE8
ARM GAS  C:\Users\Ciccio\AppData\Local\Temp\ccX7TAKf.s 			page 23


 290 0149 9607EDFE 		.ascii	"\226\007\355\376\220\210[\366w\205b\010\012\334\356"
 290      90885BF6 
 290      77856208 
 290      0ADCEE
 291 0158 D976EBB2 		.ascii	"\331v\353\262\366\303\375<\317'\362\025\003\310>A\314"
 291      F6C3FD3C 
 291      CF27F215 
 291      03C83E41 
 291      CC
 292 0169 BE922417 		.ascii	"\276\222$\027\0302IK\305\266\314\301lW*\222D\031G\232"
 292      1832494B 
 292      C5B6CCC1 
 292      6C572A92 
 292      4419479A 
 293 017d CACB06AA 		.ascii	"\312\313\006\252\265x<U\223\224h\255\325\342_\223{\256"
 293      B5783C55 
 293      939468AD 
 293      D5E25F93 
 293      7BAE
 294 018f 6830EB34 		.ascii	"h0\3534B>\332lP\372\2509\245\372]\236W\242\303H\213"
 294      423EDA6C 
 294      50FAA839 
 294      A5FA5D9E 
 294      57A2C348 
 295 01a4 0E228C0E 		.ascii	"\016\"\214\016\240\017\311\342\210V\362K\344\371X\336"
 295      A00FC9E2 
 295      8856F24B 
 295      E4F958DE 
 296 01b4 1CC7BBCE 		.ascii	"\034\307\273\316S\240\0344\021\345\242\211\012t\010"
 296      53A01C34 
 296      11E5A289 
 296      0A7408
 297 01c3 F9008152 		.ascii	"\371\000\201RQ\0014~\017\215\2407=\221?\343\206\264"
 297      5101347E 
 297      0F8DA037 
 297      3D913FE3 
 297      86B4
 298 01d5 3EB2638E 		.ascii	">\262c\216\310\214\241\006\344\255N\031O\014(\002\003"
 298      C88CA106 
 298      E4AD4E19 
 298      4F0C2802 
 298      03
 299 01e6 0AED0680 		.ascii	"\012\355\006\200=\342R\3675\246d\214\323\202\332\270"
 299      3DE252F7 
 299      35A6648C 
 299      D382DAB8 
 300 01f6 D7520B23 		.ascii	"\327R\013#F[\326\304\353\360\003D\327\276\241(#C\203"
 300      465BD6C4 
 300      EBF00344 
 300      D7BEA128 
 300      234383
 301 0209 9F3261C0 		.ascii	"\2372a\300\274w\257\022\277`Bv\332\226\003*\352v\015"
 301      BC77AF12 
 301      BF604276 
 301      DA96032A 
 301      EA760D
 302 021c 114B76E5 		.ascii	"\021Kv\345\365jp,s|ymL\275\026'2\341l\373\300S\035%"
ARM GAS  C:\Users\Ciccio\AppData\Local\Temp\ccX7TAKf.s 			page 24


 302      F56A702C 
 302      737C796D 
 302      4CBD1627 
 302      32E16CFB 
 303 0234 BE41C496 		.ascii	"\276A\304\226\224]9\0368\211\3655\214\232\237\270`\263"
 303      945D391E 
 303      3889F535 
 303      8C9A9FB8 
 303      60B3
 304 0246 33D18311 		.ascii	"3\321\203\0213\232:\3720\035G\303\234V\227\231\254\302"
 304      339A3AFA 
 304      301D47C3 
 304      9C569799 
 304      ACC2
 305 0258 298C6ABE 		.ascii	")\214j\276\225\322\250\304\231L\260E\323\213Es\353\375"
 305      95D2A8C4 
 305      994CB045 
 305      D38B4573 
 305      EBFD
 306 026a 81231A2A 		.ascii	"\201#\032*\216\215a\342\333\266\314\355\267tb\314\212"
 306      8E8D61E2 
 306      DBB6CCED 
 306      B77462CC 
 306      8A
 307 027b 3B107159 		.ascii	";\020qY5\270\254\322\3562/\307\230\201\257T\223\025"
 307      35B8ACD2 
 307      EE322FC7 
 307      9881AF54 
 307      9315
 308 028d A81C7C52 		.ascii	"\250\034|RA\034U\005\216\362\022\034u\032\032\177d1"
 308      411C5505 
 308      8EF2121C 
 308      751A1A7F 
 308      6431
 309 029f 5BF7D092 		.ascii	"[\367\320\222\204mz\363\2526\322P\324\200\336Sv\275"
 309      846D7AF3 
 309      AA36D250 
 309      D480DE53 
 309      76BD
 310 02b1 D5E8A714 		.ascii	"\325\350\247\024\237\221U\214\216\365&\267#\274\217"
 310      9F91558C 
 310      8EF526B7 
 310      23BC8F
 311 02c0 AD6E7D6A 		.ascii	"\255n}j_-\207\367SA\031\327{\364\256\026y{{\372X@\337"
 311      5F2D87F7 
 311      534119D7 
 311      7BF4AE16 
 311      797B7BFA 
 312 02d7 A3AEB5FD 		.ascii	"\243\256\265\375\363\343\342\370\324\011t\332Z\230\266"
 312      F3E3E2F8 
 312      D40974DA 
 312      5A98B6
 313 02e6 1E79DAD5 		.ascii	"\036y\332\325O\236\010\026\274\017\377\024\204m\271"
 313      4F9E0816 
 313      BC0FFF14 
 313      846DB9
 314 02f5 9EA0CE9D 		.ascii	"\236\240\316\235F\231u\262L\220\200\272\011V\303\233"
ARM GAS  C:\Users\Ciccio\AppData\Local\Temp\ccX7TAKf.s 			page 25


 314      469975B2 
 314      4C9080BA 
 314      0956C39B 
 315 0305 2DFC279C 		.ascii	"-\374'\234=U\024\224\015f\242\006\260\370,\362F\347"
 315      3D551494 
 315      0D66A206 
 315      B0F82CF2 
 315      46E7
 316 0317 90375D16 		.ascii	"\2207]\026Y\273\365|\016\322\020\206BX\265\275\320\352"
 316      59BBF57C 
 316      0ED21086 
 316      4258B5BD 
 316      D0EA
 317 0329 BAAB1FA8 		.ascii	"\272\253\037\250q\0073\376\304\365\026\210\203\367["
 317      710733FE 
 317      C4F51688 
 317      83F75B
 318 0338 DED4786B 		.ascii	"\336\324xkCN\203\216\257\231F\223\267\014\014\272\210"
 318      434E838E 
 318      AF994693 
 318      B70C0CBA 
 318      88
 319 0349 DEB2E7A6 		.ascii	"\336\262\347\246\335\364\024jO\034\377\211\322\321\036"
 319      DDF4146A 
 319      4F1CFF89 
 319      D2D11E
 320 0358 4226F634 		.ascii	"B&\3664\202=\027\300\236K\202=\026bOs\247\252\"\226"
 320      823D17C0 
 320      9E4B823D 
 320      16624F73 
 320      A7AA2296 
 321 036c ADF0FCAB 		.ascii	"\255\360\374\253\025S\323\353\023\\xD\030/\333^\271"
 321      1553D3EB 
 321      135C7844 
 321      182FDB5E 
 321      B9
 322 037d 39B969DC 		.ascii	"9\271i\334[0}\314+\247W8\315\015c6_\333=\252\305\235"
 322      5B307DCC 
 322      2BA75738 
 322      CD0D6336 
 322      5FDB3DAA 
 323 0393 2C72E9CF 		.ascii	",r\351\317\317U\217\243\011<\201\210\207~,\213s\303"
 323      CF558FA3 
 323      093C8188 
 323      877E2C8B 
 323      73C3
 324 03a5 3DAC8F1F 		.ascii	"=\254\217\037\255\031q\307\217\231`{\336\351\330\363"
 324      AD1971C7 
 324      8F99607B 
 324      DEE9D8F3 
 325 03b5 6EC7CDC6 		.ascii	"n\307\315\306\036w\334\317\372\212\312\0227k\361\020"
 325      1E77DCCF 
 325      FA8ACA12 
 325      376BF110 
 326 03c5 1372DB1B 		.ascii	"\023r\333\033R\334)q2\210\356Gs\217v\251 \033\340\347"
 326      52DC2971 
 326      3288EE47 
ARM GAS  C:\Users\Ciccio\AppData\Local\Temp\ccX7TAKf.s 			page 26


 326      738F76A9 
 326      201BE0E7 
 327 03d9 49FFFB78 		.ascii	"I\377\373x[\370\370\030kK\216\261\"\036\243\313`\344"
 327      5BF8F818 
 327      6B4B8EB1 
 327      221EA3CB 
 327      60E4
 328 03eb 15587F3B 		.ascii	"\025X\177;\370A\\\377U\344\220\024\361q\326sB\024\216"
 328      F8415CFF 
 328      55E49014 
 328      F171D673 
 328      42148E
 329 03fe 42144E4A 		.ascii	"B\024NJ\311\245\224\234\203llKM\216Z\340\036\223r'K"
 329      C9A5949C 
 329      836C6C4B 
 329      4D8E5AE0 
 329      1E937227 
 330 0413 A8B522F5 		.ascii	"\250\265\"\365\007)\365\270\263\015\226:\221zB\236\232"
 330      0729F5B8 
 330      B30D963A 
 330      917A429E 
 330      9A
 331 0424 E390993C 		.ascii	"\343\220\231<\015E\036\020\366\323\276v!3\273 \023:"
 331      0D451E10 
 331      F6D3BE76 
 331      2133BB20 
 331      133A
 332 0436 201A6D00 		.ascii	" \032m\000+\340\026\240\023\320\012\270\011\270\007"
 332      2BE016A0 
 332      13D00AB8 
 332      09B807
 333 0445 B80DB803 		.ascii	"\270\015\270\003\270+f\013\314~S\234\375\232t\366\353"
 333      B82B660B 
 333      CC7E539C 
 333      FD9A74F6 
 333      EB
 334 0456 12435B45 		.ascii	"\022C[Ej\263<\325a\375\345\"\267X\326Uv\255m\"\263E"
 334      6AB33CD5 
 334      61FDE522 
 334      B758D655 
 334      76AD6D22 
 335 046c CABC2131 		.ascii	"\312\274!1\340\254H-\221\217\225=\263O\346\250!\263"
 335      E0AC482D 
 335      918F953D 
 335      B34FE6A8 
 335      21B3
 336 047e DB5FAA4A 		.ascii	"\333_\252J\032\365\033\016Qo\222O\021\266\024x\314\225"
 336      1AF51B0E 
 336      516F924F 
 336      11B61478 
 336      CC95
 337 0490 F49DDC8A 		.ascii	"\364\235\334\212\220\247\217\234\373\321}\360\372\177"
 337      90A78F9C 
 337      FBD17DF0 
 337      FA7F
 338 049e 13016A6A 		.ascii	"\023\001jj\327R\015\352\006%\371\366\347&\261\333VT"
 338      D7520DEA 
ARM GAS  C:\Users\Ciccio\AppData\Local\Temp\ccX7TAKf.s 			page 27


 338      0625F9F6 
 338      E726B1DB 
 338      5654
 339 04b0 FCD6F4DD 		.ascii	"\374\326\364\335:\335:\361\315H\271\366Z\354A:a\024"
 339      3ADD3AF1 
 339      CD48B9F6 
 339      5AEC413A 
 339      6114
 340 04c2 790D0D14 		.ascii	"y\015\015\024\347x\260\315\001\255\230\303\245]\317"
 340      E778B0CD 
 340      01AD98C3 
 340      A55DCF
 341 04d1 580DBE4B 		.ascii	"X\015\276K\304\341\272\214\343:<\306\252)\313\274\375"
 341      C4E1BA8C 
 341      E33A3CC6 
 341      AA29CBBC 
 341      FD
 342 04e2 990AAFC6 		.ascii	"\231\012\257\306l\257\320w\341\261\006'1aw\341\361\257"
 342      6CAFD077 
 342      E1B10627 
 342      316177E1 
 342      F1AF
 343 04f4 702ABB3F 		.ascii	"p*\273?b9p\006\343\014&T>\310_\357\201w2!w\357\206N"
 343      62397006 
 343      E30C2654 
 343      3EC85FEF 
 343      81773221 
 344 050c 8CF750C1 		.ascii	"\214\367P\301u\2509\273Y\213X\031B\035::\353\001\230"
 344      75A839BB 
 344      598B5819 
 344      421D3A3A 
 344      EB0198
 345 051f FA909ADA 		.ascii	"\372\220\232\332/xj\004<5\014^\030\005<\007\014\002"
 345      2F786A04 
 345      3C350C5E 
 345      18053C07 
 345      0C02
 346 0531 86000380 		.ascii	"\206\000\003\200\027\366'Y\254u\310\341\031\371\030"
 346      17F62759 
 346      AC75C8E1 
 346      19F918
 347 0540 BCD3FFCA 		.ascii	"\274\323\377\3122\202\347\373\332<\265@\355\223R\235"
 347      3282E7FB 
 347      DA3CB540 
 347      ED93529D 
 348 0550 0B19B823 		.ascii	"\013\031\270#96\356\023y\265\016\334\365\242\336gR\356"
 348      3936EE13 
 348      79B50EDC 
 348      F5A2DE67 
 348      52EE
 349 0562 55890963 		.ascii	"U\211\011c\242\332\247\362&\330\251\275\"\265WJ\225"
 349      A2DAA7F2 
 349      26D8A9BD 
 349      22B5574A 
 349      95
 350 0573 3CA31FD0 		.ascii	"<\243\037\320L\356\227\311d\360\320\240\203\207\036"
 350      4CEE97C9 
ARM GAS  C:\Users\Ciccio\AppData\Local\Temp\ccX7TAKf.s 			page 28


 350      64F0D0A0 
 350      83871E
 351 0582 C92AB225 		.ascii	"\311*\262%2j++\271\253\306\2714^\\e}\3279\245$\253m"
 351      326A2B2B 
 351      B9ABC6B9 
 351      345E5C65 
 351      7DD739A5 
 352 0599 8142319C 		.ascii	"\201B1\234\317\277\025+jfR\230\006\361\234'\032\263"
 352      CFBF152B 
 352      6A665298 
 352      06F19C27 
 352      1AB3
 353 05ab 6771BF43 		.ascii	"gq\277C\026\227\265n\314W{\012\323Y^5\235\342g\347\002"
 353      1697B56E 
 353      CC577B0A 
 353      D3595E35 
 353      9DE267E7 
 354 05c0 55437D87 		.ascii	"UC}\207\323\3069\026D,\347X\020q\234N ^\252\031\343"
 354      D3C63916 
 354      442CE758 
 354      10719C4E 
 354      205EAA19 
 355 05d5 9192636D 		.ascii	"\221\222cm\350k\272}\036\263>\034\326\3206R8\361\034"
 355      E86BBA7D 
 355      1EB33E1C 
 355      D6D03652 
 355      38F11C
 356 05e8 6D7C92BD 		.ascii	"m|\222\275;\313\355\2354\341U\373\206\022\351\307;("
 356      3BCBED9D 
 356      34E155FB 
 356      8612E9C7 
 356      3B28
 357 05fa 5CC3BD03 		.ascii	"\\\303\275\003\377WsJ\246\365\344\351g\027\335q\011"
 357      FF57734A 
 357      A6F5E4E9 
 357      6717DD71 
 357      09
 358 060b 2B82C2AA 		.ascii	"+\202\302\252\373\305\036^;\371\012\313\243\244\302"
 358      FBC51E5E 
 358      3BF90ACB 
 358      A3A4C2
 359 061a 368F74DE 		.ascii	"6\217t\336\022\313\217\216\215!:\012%p6_(\310=]\000"
 359      12CB8F8E 
 359      8D213A0A 
 359      2570365F 
 359      28C83D5D 
 360 062f 4AE4BC60 		.ascii	"J\344\274``io\322E\015\255\324\012-\335O\2365\247#Z"
 360      60696FD2 
 360      450DADD4 
 360      0A2DDD4F 
 360      9E35A723 
 361 0644 A9B954F1 		.ascii	"\251\271T\361\225\221\372_\341A6\211u\304|D\205awE\204"
 361      9591FA5F 
 361      E1413689 
 361      75C47C44 
 361      85617745 
 362 0659 D4BA4DDF 		.ascii	"\324\272M\337\340\004v\037SQ\320\350B\007\375\236\210"
ARM GAS  C:\Users\Ciccio\AppData\Local\Temp\ccX7TAKf.s 			page 29


 362      E004761F 
 362      5351D0E8 
 362      4207FD9E 
 362      88
 363 066a 070E98B7 		.ascii	"\007\016\230\267\270\340\215\254\257\263\254\207\347"
 363      B8E08DAC 
 363      AFB3AC87 
 363      E7
 364 0677 689F9E88 		.ascii	"h\237\236\210\367\312\357\225\272\3414\326\227\265\361"
 364      F7CAEF95 
 364      BAE134D6 
 364      97B5F1
 365 0686 F0203B52 		.ascii	"\360 ;RD\322\255\346\265D\017\274\235u\035)/z\302\266"
 365      44D2ADE6 
 365      B5440FBC 
 365      9D751D29 
 365      2F7AC2B6 
 366 069a AB8944D6 		.ascii	"\253\211D\326\264\231\313w\252Xa\373x;\325\365Zn\"Z"
 366      B499CB77 
 366      AA5861FB 
 366      783BD5F5 
 366      5A6E225A 
 367 06ae C71107A5 		.ascii	"\307\021\007\245q,W2 \220\231\2347J\007l\003l\001l\005"
 367      712C5732 
 367      2090999C 
 367      374A076C 
 367      036C016C 
 368 06c3 6CE7ECBB 		.ascii	"l\347\354\273\023\330\264\025~\266\231\347\263'\320"
 368      13D8B415 
 368      7EB699E7 
 368      B327D0
 369 06d2 6C49060F 		.ascii	"lI\006\017\221\341b2\2309\247\362\343-5\357Az\023\352"
 369      91E16232 
 369      9839A7F2 
 369      E32D35EF 
 369      417A13EA 
 370 06e6 26293585 		.ascii	"&)5\205s,)\336\362\203\215\271A\312\334(a\036\2601\223"
 370      732C29DE 
 370      F2838DB9 
 370      41CADC28 
 370      611EB031 
 371 06fb A44CC787 		.ascii	"\244L\307\207?M\353\035y\244\372\200\363r\365\361\326"
 371      3F4DEB1D 
 371      79A4FA80 
 371      F372F5F1 
 371      D6
 372 070c DCBC2F78 		.ascii	"\334\274/xA\323z\251\246\311\316S\336\260M\271YJL\345"
 372      41D37AA9 
 372      A6C9CE53 
 372      DEB04DB9 
 372      594A4CE5 
 373 0720 9CCA7457 		.ascii	"\234\312tW\337\201c.x\017\215\006\227\337\326\264\001"
 373      DF81632E 
 373      780F8D06 
 373      97DFD6B4 
 373      01
 374 0731 F6EE9ED4 		.ascii	"\366\356\236\324\224\027PaY0r\207\230U\324.\372\223"
ARM GAS  C:\Users\Ciccio\AppData\Local\Temp\ccX7TAKf.s 			page 30


 374      94175061 
 374      59307287 
 374      9855D42E 
 374      FA93
 375 0743 0B0CDA09 		.ascii	"\013\014\332\011\361x\335\330\300\314\033\023\252\007"
 375      F178DDD8 
 375      C0CC1B13 
 375      AA07
 376 0751 3C9C4A54 		.ascii	"<\234JTN\223\342\347\324\214T\267\235\326:\226\247\305"
 376      4E93E2E7 
 376      D48C54B7 
 376      9DD63A96 
 376      A7C5
 377 0763 A93C7789 		.ascii	"\251<w\211\345\331\336\327\221\202i)\356\022\313\363"
 377      E5D9DED7 
 377      91826929 
 377      EE12CBF3 
 378 0773 68C7B904 		.ascii	"h\307\271\004\335++q\017\255\304\335\266Jl\317m*q\301"
 378      DD2B2B71 
 378      0FADC4DD 
 378      B64A6CCF 
 378      6D2A71C1 
 379 0787 052C718F 		.ascii	"\005,q\217\335\352\271\354\016\225h\201JL~8\315\241"
 379      DDEAB9EC 
 379      0E956881 
 379      4A4C7E38 
 379      CDA1
 380 0799 126114CA 		.ascii	"\022a\024\312v\250\304l[%\356\245\2258X\267&\001\352"
 380      76A8C46C 
 380      5B25EEA5 
 380      953858B7 
 380      2601EA
 381 07ac 99393CF9 		.ascii	"\2319<\371F\337o\220\316\347\025o[\224\013~\260\277"
 381      46DF6F90 
 381      CEE7156F 
 381      5B940B7E 
 381      B0BF
 382 07be 70E9C9A7 		.ascii	"p\351\311\247+\257{\016\354\217Q\016\254a\237=2\300"
 382      2BAF7B0E 
 382      EC8F510E 
 382      AC619F3D 
 382      32C0
 383 07d0 129F7D29 		.ascii	"\022\237})\227\316\025\271\341j6Cgn\306}W\341\330d\035"
 383      97CE15B9 
 383      E16A3643 
 383      676EC67D 
 383      57E1D864 
 384 07e5 ABD54276 		.ascii	"\253\325Bv\345sZ\224g\037Z\204~\352\004\275\237\223"
 384      E5735A94 
 384      671F5A84 
 384      7EEA04BD 
 384      9F93
 385 07f7 3DB61EAC 		.ascii	"=\266\036\254\254|\0337\262)\032\023nV\273\013SX\222"
 385      AC7C1B37 
 385      B2291A13 
 385      6E56BB0B 
 385      535892
ARM GAS  C:\Users\Ciccio\AppData\Local\Temp\ccX7TAKf.s 			page 31


 386 080a DC10FA1E 		.ascii	"\334\020\372\036&8\360\272\023\024\310OP~z\307s%\215"
 386      2638F0BA 
 386      1314C84F 
 386      507E7AC7 
 386      73258D
 387 081d 16D1C6A2 		.ascii	"\026\321\306\242\225\371\274>NK\333\310\022\012\331"
 387      95F9BC3E 
 387      4E4BDBC8 
 387      120AD9
 388 082c C3B4F76E 		.ascii	"\303\264\367n\\\014\013+q\311A\326\330y\362\352M\364"
 388      5C0C0B2B 
 388      71C941D6 
 388      D879F2EA 
 388      4DF4
 389 083e CAB81EA6 		.ascii	"\312\270\036\246q=d\213\353\371S\245i\343\360\015\026"
 389      713D648B 
 389      EBF953A5 
 389      69E3F00D 
 389      16
 390 084f D7B1D4FA 		.ascii	"\327\261\324\372Gj!\256\275\205\323\035\342\012\243"
 390      476A21AE 
 390      BD85D31D 
 390      E20AA3
 391 085e 5091435C 		.ascii	"P\221C\\\213lq=B\343\232\231wq\003=\372\223%&\376\354"
 391      8B6C713D 
 391      42E39A99 
 391      7771033D 
 391      FA932526 
 392 0874 D11F1DE5 		.ascii	"\321\037\035\345\264$\247:;c\331)\274\202\036\3543\032"
 392      B424A73A 
 392      3B63D929 
 392      BC821EEC 
 392      331A
 393 0886 9AD6AAF0 		.ascii	"\232\326\252\360\023fK\354\205\236\333\343\360(\023"
 393      13664BEC 
 393      859EDBE3 
 393      F02813
 394 0895 AEB55A2B 		.ascii	"\256\265Z+\334p\214\212\035h\222;\3431^\313\204\265"
 394      DC708C8A 
 394      1D68923B 
 394      E3315ECB 
 394      84B5
 395 08a7 29719D1A 		.ascii	")q\235\032\274\221\011\205\207\207\262\\q\012\023vT"
 395      BC910985 
 395      8787B25C 
 395      710A1376 
 395      54
 396 08b8 575D52E3 		.ascii	"W]R\343L&<\276Z\374\001\316f\367\331\327\222\267c\\"
 396      4C263CBE 
 396      5AFC01CE 
 396      66F7D9D7 
 396      92B7635C 
 397 08cc C084C186 		.ascii	"\300\204\301\206\316\243\030\037cBc\2569Q\203+\230p"
 397      CEA3181F 
 397      634263AE 
 397      3951832B 
 397      9870
ARM GAS  C:\Users\Ciccio\AppData\Local\Temp\ccX7TAKf.s 			page 32


 398 08de 78CFDE62 		.ascii	"x\317\336bWj\335'D|\226\331=\205\254\220\027rU\247u"
 398      576ADD27 
 398      447C96D9 
 398      3D85AC90 
 398      177255A7 
 399 08f3 70EA690E 		.ascii	"p\352i\016\242\014\217!\364\036\215_\323\343\324X\217"
 399      A20C8F21 
 399      F41E8D5F 
 399      D3E3D458 
 399      8F
 400 0904 37CDC2F1 		.ascii	"7\315\302\361\326\213}5\251\204\002g\033\236\037\271"
 400      D68B7D35 
 400      A9840267 
 400      1B9E1FB9 
 401 0914 376D63E8 		.ascii	"7mc\350\227\011~\233\331\003\327\262Y\367\267\016\305"
 401      97097E9B 
 401      D903D7B2 
 401      59F7B70E 
 401      C5
 402 0925 A9702313 		.ascii	"\251p#\023\332\236\267U\262w\3164\"\236\331[\230\245"
 402      DA9EB755 
 402      B277CE34 
 402      229ED95B 
 402      98A5
 403 0937 C62DACEF 		.ascii	"\306-\254\357\314\375\376n\204o3\341nA\365\036\017|"
 403      CCFDFE6E 
 403      846F33E1 
 403      6E41F51E 
 403      0F7C
 404 0949 9F09D773 		.ascii	"\237\011\327s\0226k\3603\347U\350\330*\252\232\326\334"
 404      12366BF0 
 404      33E755E8 
 404      D82AAA9A 
 404      D6DC
 405 095b 53E311D6 		.ascii	"S\343\021\3267V\274\255\326\035\257V\263\223\341!\363"
 405      3756BCAD 
 405      D61DAF56 
 405      B393E121 
 405      F3
 406 096c 20FBB635 		.ascii	" \373\2665\217\306\242&\266J\205\223Y\337\206;\226="
 406      8FC6A226 
 406      B64A8593 
 406      59DF863B 
 406      963D
 407 097e 1A9CCE84 		.ascii	"\032\234\316\204\364\007w\223\325x\017\023\022KS\367"
 407      F4077793 
 407      D5780F13 
 407      124B53F7 
 408 098e 31F57FA1 		.ascii	"1\365\177\241\333\205\321\274^w\\\300\372\362s\370\361"
 408      DB85D1BC 
 408      5E775CC0 
 408      FAF273F8 
 408      F1
 409 099f F818BB3F 		.ascii	"\370\030\273?X\236\277\226\361\276\241\341\330\337\232"
 409      589EBF96 
 409      F1BEA1E1 
 409      D8DF9A
ARM GAS  C:\Users\Ciccio\AppData\Local\Temp\ccX7TAKf.s 			page 33


 410 09ae 3B0E9F62 		.ascii	";\016\237b}W\253\232o\270\343\263L\3104_Jg\357\304e"
 410      7D57AB9A 
 410      6FB8E3B3 
 410      4CC8345F 
 410      4A67EFC4 
 411 09c3 44DCB437 		.ascii	"D\334\2647u\015\207\257\260\276\362\352\206\335\256"
 411      750D87AF 
 411      B0BEF2EA 
 411      86DDAE
 412 09d2 B899092F 		.ascii	"\270\231\011/\222\212\2529\334\312\204CW\272\232\264"
 412      928AAA39 
 412      DCCA8443 
 412      57BA9AB4 
 413 09e2 74D42A22 		.ascii	"t\324*\"Z\032\313\363t\270\213\365\245\225nOaS\363T"
 413      5A1ACBF3 
 413      74B88BF5 
 413      A5956E4F 
 413      6153F354 
 414 09f6 EE2E1ABD 		.ascii	"\356.\032\275\255\302\017i\247WS\361\206$\304\316\265"
 414      ADC20F69 
 414      A75753F1 
 414      8624C4CE 
 414      B5
 415 0a07 F23F4F78 		.ascii	"\362?Ox\023\223\243n\334\243\301\222\256\251y\207yr"
 415      1393A36E 
 415      DCA3C192 
 415      AEA97987 
 415      7972
 416 0a19 DCA52758 		.ascii	"\334\245'X\250\206a\356\247N\260\015\371\266\023\324"
 416      A88661EE 
 416      A74EB00D 
 416      F9B613D4 
 417 0a29 712977B2 		.ascii	"q)w\262\344\305\333\366\0010!-P\225\300\264%\313K\307"
 417      E4C5DBF6 
 417      0130212D 
 417      5095C0B4 
 417      25CB4BC7 
 418 0a3d B2165169 		.ascii	"\262\026Qi\231T\251\344\274m\031\023\251-Rj\012'\261"
 418      9954A9E4 
 418      BC6D1913 
 418      A92D526A 
 418      0A27B1
 419 0a50 B55EE4FE 		.ascii	"\265^\344\376 k\253]k\217\310<+e\236sz\365\307Z^\344"
 419      206BAB5D 
 419      6B8FC83C 
 419      2B659E73 
 419      7AF5C75A 
 420 0a66 DBF6DD97 		.ascii	"\333\366\335\227\245\324F\251\001k\013lj[\245\3346\211"
 420      A5D446A9 
 420      016B0B6C 
 420      6A5BA5DC 
 420      3689
 421 0a78 DAFBA2DA 		.ascii	"\332\373\242\332:)u\243T\355\260hm\323K\356r\336\375"
 421      3A2975A3 
 421      54EDB068 
 421      6DD34BEE 
 421      72DEFD
ARM GAS  C:\Users\Ciccio\AppData\Local\Temp\ccX7TAKf.s 			page 34


 422 0a8b C45A6E88 		.ascii	"\304Zn\210z\313\345]\353\020\260\021[\300\256I\003v"
 422      7ACBE55D 
 422      EB10B011 
 422      5BC0AE49 
 422      0376
 423 0a9d 9D73F6D7 		.ascii	"\235s\366\327\240h\301%y'\330\367-\017mJ\033\244J\317"
 423      A068C125 
 423      7927D8F7 
 423      2D0F6D4A 
 423      1BA44ACF 
 424 0ab1 4B945E13 		.ascii	"K\224^\023\225\226H\225\036\227\246\341\200\310\275"
 424      95964895 
 424      1E97A6E1 
 424      80C8BD
 425 0ac0 28E59AA5 		.ascii	"(\345\232\245\356\352\022\271\325R\356\031\211\011\017"
 425      EEEA12B9 
 425      D552EE19 
 425      89090F
 426 0acf 446ABD7C 		.ascii	"Dj\275|\0368\250\275)r+\244\\\351w\217n\221Z+\037\\"
 426      1E38A8BD 
 426      29722BA4 
 426      5CE9778F 
 426      6E915A2B 
 427 0ae5 3BF5BA48 		.ascii	";\365\272H-\225\257E;\365\274H=!\357/;uH\244^\221\317"
 427      2D95AF45 
 427      3BF5BC48 
 427      3D21EF2F 
 427      3B7548A4 
 428 0afc 18876F34 		.ascii	"\030\207o4\"\365\224\374\262\034\\\320+r/\310G\301\236"
 428      22F594FC 
 428      B21C5CD0 
 428      2B722FC8 
 428      47C19E
 429 0b0f 06895384 		.ascii	"\006\211S\2044\270!M\203\233v\246\343&\264\030\372\331"
 429      34B8214D 
 429      839B76A6 
 429      E326B418 
 429      FAD9
 430 0b21 CE7658D8 		.ascii	"\316vX\330\201\216\300\276\342.l\025\333\001\317\001"
 430      818EC0BE 
 430      E22E6C15 
 430      DB01CF01 
 431 0b31 8F00FD80 		.ascii	"\217\000\375\200[\200;\200\036@\037`\020p\033\360\004"
 431      5B803B80 
 431      1E401F60 
 431      10701BF0 
 431      04
 432 0b42 30067806 		.ascii	"0\006x\006\350\006t\002\236\002z\001/\000\217\001\017"
 432      E8067402 
 432      9E027A01 
 432      2F008F01 
 432      0F
 433 0b53 015D8001 		.ascii	"\001]\200\001\300}\300\003\000\217\275Q\007\\\207\000"
 433      C07DC003 
 433      008FBD51 
 433      075C8700 
 434 0b63 F700A39C 		.ascii	"\367\000\243\234\303)\365l>\331\316\017\313l\347\343"
ARM GAS  C:\Users\Ciccio\AppData\Local\Temp\ccX7TAKf.s 			page 35


 434      C329F56C 
 434      3ED9CE0F 
 434      CB6CE7E3 
 435 0b73 E3ACEB0A 		.ascii	"\343\254\353\012\352\304\317BV\371\212w\360\336=\321"
 435      EAC4CF42 
 435      56F98A77 
 435      F0DE3DD1 
 436 0b83 7B35F279 		.ascii	"{5\362y\351\300\035\025\271\315\362\217\275\367\205"
 436      E9C01D15 
 436      B9CDF28F 
 436      BDF785
 437 0b92 AF4D595B 		.ascii	"\257MY[\357\326\250m\033\376\244\345\032\024\213=\321"
 437      EFD6A86D 
 437      1BFEA4E5 
 437      1A148B3D 
 437      D1
 438 0ba3 31FBD66D 		.ascii	"1\373\326mXn\303o\3635\212\301>\3777\356&/\342\344\242"
 438      586EC36F 
 438      F3358AC1 
 438      3EFF37EE 
 438      262FE2E4 
 439 0bb8 936AA783 		.ascii	"\223j\247\203:v:\250c\272E&W\262\235\352\337\321\212"
 439      3A763AA8 
 439      63BA4526 
 439      57B29DEA 
 439      DFD18A
 440 0bcb 643F1028 		.ascii	"d?\020(^\377\353\000\212\307\236\240+\347^G\271\323"
 440      5EFFEB00 
 440      8AC79EA0 
 440      2BE75E47 
 440      B9D3
 441 0bdd 27337218 		.ascii	"'3r\030\267O\274Z\230x5\235xs\321\256\"\327IYd/\237"
 441      B74FBC5A 
 441      9878359D 
 441      7873D1AE 
 441      22D74959 
 442 0bf4 94DCEDCA 		.ascii	"\224\334\355\312\307\223\315)\335D2\225k\360$\205.\332"
 442      C793CD29 
 442      DD443295 
 442      6BF02485 
 442      2EDA
 443 0c06 B47CE68C 		.ascii	"\264|\346\214\340\245\221a\021\301&\365\334/\276\364"
 443      E0A59161 
 443      11C126F5 
 443      DC2FBEF4 
 444 0c16 F2536856 		.ascii	"\362ShV\206\2550A\243I\033\034l\273]\262\370\217A\213"
 444      86AD3041 
 444      A3491B1C 
 444      6CBB5DB2 
 444      F88F418B 
 445 0c2a 97857D1B 		.ascii	"\227\205}\033\026mZ\031\032\026\021d\212\210\010\217"
 445      166D5A19 
 445      1A161164 
 445      8A88088F 
 446 0c3a 0E5ABA62 		.ascii	"\016Z\272b\245\027\275\363\012\211Z\356e\\\376\2551"
 446      A517BDF3 
 446      0A895AEE 
ARM GAS  C:\Users\Ciccio\AppData\Local\Temp\ccX7TAKf.s 			page 36


 446      655CFEAD 
 446      31
 447 0c4b 34D4181A 		.ascii	"4\324\030\0324k\352\037\274fL\233\376\321\337g\006A"
 447      346BEA1F 
 447      BC664C9B 
 447      FED1DF67 
 447      0641
 448 0c5d FB941511 		.ascii	"\373\224\025\021+\214S\214!\337\206\005\205\255X\034"
 448      2B8C538C 
 448      21DF8605 
 448      85AD581C 
 449 0c6d BE32D418 		.ascii	"\2762\324\030\264<\004t\2550\006\005\207\032\227\204"
 449      B43C0474 
 449      AD300605 
 449      871A9784 
 450 0c7d AC0C3705 		.ascii	"\254\0147\005\233\276\2134FO]\246\370\372\177:M\364"
 450      9BBE8B34 
 450      464F5DA6 
 450      F8FA7F3A 
 450      4DF4
 451 0c8f 77D141C1 		.ascii	"w\321A\301\321\246PX\003\350V}\276\320?\300\240^\270"
 451      D1A65058 
 451      03E8567D 
 451      BED03FC0 
 451      A05EB8
 452 0ca2 E8AFFA00 		.ascii	"\350\257\372\000\203\313\302@}@\200\277A\245\377R\357"
 452      83CBC240 
 452      7D4080BF 
 452      41A5FF52 
 452      EF
 453 0cb3 6FC0F301 		.ascii	"o\300\363\001\013\375\015\350+\272\366\351\037\213k"
 453      0BFD0DE8 
 453      2BBAF6E9 
 453      1F8B6B
 454 0cc2 27B738DA 		.ascii	"'\2678\332hR-\0167\206D\315\232:\325W\374\213\210\366"
 454      68522D0E 
 454      378644CD 
 454      9A3AD557 
 454      FC8B88F6 
 455 0cd6 5D1612EE 		.ascii	"]\026\022\356\033\031\021e\212\366\015\\\364\371\314"
 455      1B191165 
 455      8AF60D5C 
 455      F4F9CC
 456 0ce5 19BE0B16 		.ascii	"\031\276\013\026\370\373\316\325\317_\370\217\031\276"
 456      F8FBCED5 
 456      CF5FF88F 
 456      19BE
 457 0cf3 9121E1C1 		.ascii	"\221!\341\301\341\341\2410/\232\247\234\023h0(\027\370"
 457      E1E1A130 
 457      2F9AA79C 
 457      13683028 
 457      17F8
 458 0d05 FDC9A09C 		.ascii	"\375\311\240\234\375\251a\001\3717\017\3171\030T\313"
 458      FDA96101 
 458      F9370FCF 
 458      311854CB 
 459 0d15 23428D51 		.ascii	"#B\215Q\352\010\262\372(\227\210\350H\24314J\025\271"
ARM GAS  C:\Users\Ciccio\AppData\Local\Temp\ccX7TAKf.s 			page 37


 459      EA08B2FA 
 459      289788E8 
 459      48A33134 
 459      4A15B9
 460 0d28 3232340A 		.ascii	"224\012G\204F)C\226D\205\223\177\313\336t\210\022\030"
 460      47844629 
 460      43964485 
 460      937FCBDE 
 460      74881218 
 461 0d3c B33232D8 		.ascii	"\26322\330\244\011[\021f\"\015\377\201M\213\025j\375"
 461      A4095B11 
 461      66220DFF 
 461      814D8B15 
 461      6AFD
 462 0d4e 6CFF1053 		.ascii	"l\377\020S\210Z?\207]\374\330\305\237]\002\330e\036"
 462      885A3F87 
 462      5DFCD8C5 
 462      9F5D02D8 
 462      651E
 463 0d60 B9B8EA67 		.ascii	"\271\270\352g/\360\213X\261$l\251{\2600>\230L\255\015"
 463      2FF08B58 
 463      B1246CA9 
 463      7BB0303E 
 463      984CAD0D 
 464 0d74 8B20B384 		.ascii	"\213 \263\204\205\006\233t\354vyH\364\337\210]\021d"
 464      85069B74 
 464      EC767948 
 464      F4DF885D 
 464      1164
 465 0d86 55C1A6B7 		.ascii	"U\301\246\267E:X\2744*be$iw3\370\371\005/\202\365\372"
 465      453A58BC 
 465      342A6265 
 465      24697733 
 465      F8F9052F 
 466 0d9d 1B97707E 		.ascii	"\033\227p~\006\027\375\202\005~\237\3165(\311?\3547"
 466      0617FD82 
 466      057E9FCE 
 466      3528C93F 
 466      EC37
 467 0daf DFA0993D 		.ascii	"\337\240\231=o\316tC\340\"z3\303v3\223\334\270\032\002"
 467      6FCE7443 
 467      E0227A33 
 467      C3763393 
 467      DCB81A02 
 468 0dc3 02030C7F 		.ascii	"\002\003\014\177\016\360\237\246\231\255\267\221\364"
 468      0EF09FA6 
 468      99ADB791 
 468      F4
 469 0dd0 8C24F64D 		.ascii	"\214$\366Mw!\012\002\2760\220\353\014\341:\023\256\""
 469      77210A02 
 469      BE3090EB 
 469      0CE13A13 
 469      AE22
 470 0de2 63860B19 		.ascii	"c\206\013\031M{\364\224!\366\314t%c\027\350I\033\031"
 470      4D7BF494 
 470      21F6CC74 
 470      256317E8 
ARM GAS  C:\Users\Ciccio\AppData\Local\Temp\ccX7TAKf.s 			page 38


 470      491B19
 471 0df5 2DDECD64 		.ascii	"-\336\315dw6\336,W\242A\350\325\333x\266\336\217\224"
 471      7736DE2C 
 471      57A241E8 
 471      D5DB78B6 
 471      DE8F94
 472 0e08 73FCFD60 		.ascii	"s\374\375`-\201\366\246\217U\201\201~s\015ZX\354\374"
 472      2D81F6A6 
 472      8F558181 
 472      7E730D5A 
 472      58ECFC
 473 0e1b 198164A9 		.ascii	"\031\201d\251\322\240\031W\231|\375>\017\234\037\010"
 473      D2A01957 
 473      997CFD3E 
 473      0F9C1F08 
 474 0e2b 416371FB 		.ascii	"Acq\373t\326\252U\2764\354KfM\233\276\312\010\211\364"
 474      74D6AA55 
 474      BE34EC4B 
 474      664D9BBE 
 474      CA0889F4 
 475 0e3f 2F6CB5EB 		.ascii	"/l\265\353^"
 475      5E
 476              		.text
 477              		.section	.gnu.lto_.symtab.275ce152,"",%progbits
 478 0000 5F70616C 		.ascii	"_pal_lld_init\000\000\000\000\000\000\000\000\000\000"
 478      5F6C6C64 
 478      5F696E69 
 478      74000000 
 478      00000000 
 479 0017 00002501 		.ascii	"\000\000%\001\000\000_pal_lld_setgroupmode\000\000\000"
 479      00005F70 
 479      616C5F6C 
 479      6C645F73 
 479      65746772 
 480 0035 00000000 		.ascii	"\000\000\000\000\000\000\000\000\0004\001\000\000"
 480      00000000 
 480      00340100 
 480      00
 481              		.text
 482              		.section	.gnu.lto_.opts,"",%progbits
 483 0000 272D666E 		.ascii	"'-fno-trapv' '-fno-strict-overflow' '-mcpu=cortex-m"
 483      6F2D7472 
 483      61707627 
 483      20272D66 
 483      6E6F2D73 
 484 0033 34272027 		.ascii	"4' '-mno-thumb-interwork' '-mthumb' '-ggdb' '-O0' '"
 484      2D6D6E6F 
 484      2D746875 
 484      6D622D69 
 484      6E746572 
 485 0066 2D666F6D 		.ascii	"-fomit-frame-pointer' '-falign-functions=16' '-ffun"
 485      69742D66 
 485      72616D65 
 485      2D706F69 
 485      6E746572 
 486 0099 6374696F 		.ascii	"ction-sections' '-fdata-sections' '-fno-common' '-f"
 486      6E2D7365 
ARM GAS  C:\Users\Ciccio\AppData\Local\Temp\ccX7TAKf.s 			page 39


 486      6374696F 
 486      6E732720 
 486      272D6664 
 487 00cc 6C746F27 		.ascii	"lto'\000"
 487      00
 488              		.text
 489              		.comm	__gnu_lto_v1,1,1
 490              		.comm	__gnu_lto_slim,1,1
 491              		.ident	"GCC: (GNU Tools for ARM Embedded Processors) 4.9.3 20150529 (release) [ARM/embedded-4_9-br
ARM GAS  C:\Users\Ciccio\AppData\Local\Temp\ccX7TAKf.s 			page 40


DEFINED SYMBOLS
                            *ABS*:00000000 pal_lld.c
                            *COM*:00000001 __gnu_lto_v1
                            *COM*:00000001 __gnu_lto_slim

NO UNDEFINED SYMBOLS
