ARM GAS  C:\Users\Ciccio\AppData\Local\Temp\ccVJtKT4.s 			page 1


   1              		.syntax unified
   2              		.cpu cortex-m4
   3              		.fpu softvfp
   4              		.eabi_attribute 20, 1
   5              		.eabi_attribute 21, 1
   6              		.eabi_attribute 23, 3
   7              		.eabi_attribute 24, 1
   8              		.eabi_attribute 25, 1
   9              		.eabi_attribute 26, 1
  10              		.eabi_attribute 30, 6
  11              		.eabi_attribute 34, 1
  12              		.eabi_attribute 18, 4
  13              		.thumb
  14              		.file	"st.c"
  15              		.text
  16              	.Ltext0:
  17              		.section	.gnu.lto_.inline.275cd6a0,"",%progbits
  18 0000 789C6366 		.ascii	"x\234cf\300\016\336Bi.\006\0066V\006\006&\216\011~\014"
  18      C00EDE42 
  18      692E0606 
  18      36560606 
  18      268E097E 
  19 0015 2C0C4C20 		.ascii	",\014L !F\006\026f\240\010\313\007=\230\010\023\206"
  19      21460616 
  19      66A008CB 
  19      073D9808 
  19      1386
  20 0027 08338608 		.ascii	"\0103\206\010\013\2069\254\014,<@\021\246\005\362p\223"
  20      0B8639AC 
  20      0C2C3C40 
  20      11A605F2 
  20      7093
  21 0039 81B631B0 		.ascii	"\201\2661\2601p\253\002\205\331\016\330\301\215\347"
  21      3170AB02 
  21      85D90ED8 
  21      C18DE7
  22 0048 462138B0 		.ascii	"F!8\260\353\343d\340QC\265\000M\0377!\005\014\000\361"
  22      EBE364E0 
  22      5143B500 
  22      4D1F3721 
  22      050C00F1 
  23 005c 8A0C6A   		.ascii	"\212\014j"
  24              		.text
  25              		.section	.gnu.lto_st_lld_start_alarm.275cd6a0,"",%progbits
  26 0000 789C8D52 		.ascii	"x\234\215RKh\023A\030\236of6)\244\202\010^\212\240\020"
  26      4B681341 
  26      189E6F66 
  26      3629A482 
  26      085E8AA0 
  27 0015 4A2F268B 		.ascii	"J/&\213\025\017\342\305\203\027\245=\331\273\012\012"
  27      150FE2C5 
  27      8317A53D 
  27      D9BB0A0A 
  28 0025 15221513 		.ascii	"\025\"\025\023\274v\022\327\202\212X\212HAB[4\370\210"
  28      BC7612D7 
  28      828A588A 
  28      4841425B 
ARM GAS  C:\Users\Ciccio\AppData\Local\Temp\ccVJtKT4.s 			page 2


  28      34F888
  29 0038 6D636AAB 		.ascii	"mcj\253\251\012\213\036ZP\251\236\012Ec\300\024\354"
  29      A90A8B1E 
  29      5A50A99E 
  29      0A4563C0 
  29      14EC
  30 004a 41D9A442 		.ascii	"A\331\244B]\245\304\177&F\252\365\265\354\353\237\371"
  30      5DA5C47F 
  30      2646AAF5 
  30      B5ECEB9F 
  30      F9
  31 005b FEEF3133 		.ascii	"\376\35713\202\255\2776\323S\341\214\355\326\205`\240"
  31      82ADBF36 
  31      D353E18C 
  31      EDD68560 
  31      A0
  32 006c 5F70800A 		.ascii	"_p\200\012\260^\216^,\361\012G\277\233\035\014\265e"
  32      B05E8E5E 
  32      2CF10A47 
  32      BF9B1D0C 
  32      B565
  33 007e 9452DEC0 		.ascii	"\224R\336\300|\016\352\362a\237\200\313\274\316\201"
  33      7C0EEAF2 
  33      619F80CB 
  33      BCCE81
  34 008d 1B6823D0 		.ascii	"\033h#\320D\346\313y\210] >\024\306>\275\010\275\347"
  34      44E6CB79 
  34      885D203E 
  34      14C63EBD 
  34      08BDE7
  35 00a0 3EC7365D 		.ascii	">\3076]N\017\314\016\006t\311\245.\317\344\323\327\255"
  35      4E0FCC0E 
  35      0674C9A5 
  35      2ECFE4D3 
  35      D7AD
  36 00b2 D66B4AA5 		.ascii	"\326kJ\245\334\245\274\332+}.p\023\202\370p\013-\270"
  36      DCA5BCDA 
  36      2B7D2E70 
  36      1382F870 
  36      0B2DB8
  37 00c5 8D164643 		.ascii	"\215\026FC\014Y\264jx\305Y\235\017\005\034R\337X\327"
  37      0C59B46A 
  37      78C5599D 
  37      0F051C52 
  37      DF58D7
  38 00d8 C41D04C8 		.ascii	"\304\035\004\310\242\240\271\241~\337\225\341\021\242"
  38      A2A0B9A1 
  38      7EDF95E1 
  38      11A2
  39 00e6 2A3D5C9C 		.ascii	"*=\\\234i>;\253\234R\255\266\325'\241\265t\337\215\216"
  39      693E3BAB 
  39      9C52ADB6 
  39      D527A1B5 
  39      74DF8D8E 
  40 00fa 22FC53CF 		.ascii	"\"\374S\317\360\243L\237\365\367\226\261_[\036\377\263"
  40      F0A34C9F 
  40      F5F796B1 
ARM GAS  C:\Users\Ciccio\AppData\Local\Temp\ccVJtKT4.s 			page 3


  40      5F5B1EFF 
  40      B3
  41 010b 651CE1F1 		.ascii	"e\034\341\361M\256\252\325\226_W/\356\311r\013\024G"
  41      4DAEAAD5 
  41      965F572F 
  41      EEC9720B 
  41      1447
  42 011d D2AA521E 		.ascii	"\322\252R\036\241\177\245~1V6\353\267\310\351#\026\220"
  42      A17FA57E 
  42      315636EB 
  42      B7C8E923 
  42      1690
  43 012f F2BC3755 		.ascii	"\362\2747U\241\243\255Pd\216\217\317f\372,\275f\222"
  43      A1A3AD50 
  43      648E8FCF 
  43      66FA2CBD 
  43      6692
  44 0141 822BC990 		.ascii	"\202+\311\220#\205\005<\2712\262E\203\010\361\266<\367"
  44      2385053C 
  44      B932B245 
  44      8308F1B6 
  44      3CF7
  45 0153 AAC920F4 		.ascii	"\252\311 \364\036b\362\363\320\207\015i\\M*\345\222"
  45      1E62F2F3 
  45      D0870D69 
  45      5C4D2AE5 
  45      92
  46 0164 358B6870 		.ascii	"5\213hpW\273\242\271\362\363\013SM\221\254r\340\363"
  46      57BBA2B9 
  46      F2F30B53 
  46      4D91AC72 
  46      E0F3
  47 0176 00F248A3 		.ascii	"\000\362H\243j\304i\352\\\341\353\273\220=\252\234\244"
  47      6AC469EA 
  47      5CE1EBBB 
  47      903DAA9C 
  47      A4
  48 0187 BBDDE741 		.ascii	"\273\335\347AL \202\260\311\202{\260W\310\235\366\226"
  48      4C2082B0 
  48      C9827BB0 
  48      57C89DF6 
  48      96
  49 0198 2B36BC89 		.ascii	"+6\274\211\206\021o\270ad\275\262\370\255r\020\223F"
  49      86116FB8 
  49      6164BDB2 
  49      F8AD7210 
  49      9346
  50 01aa D91CAF29 		.ascii	"\331\034\257)D\326f\010\322\320}C\234\362^\026y]K\376"
  50      44D66608 
  50      D2D07D43 
  50      9CF25E16 
  50      795D4BFE 
  51 01be 8F96FC83 		.ascii	"\217\226\374\203\326\003\243e\316K\301h\315\225\236"
  51      D603A365 
  51      CE4BC168 
  51      CD959E
  52 01cd 5E6A365A 		.ascii	"^j6Z\264g\323\324SD\322]=\240\211u\334\262\366E\360"
ARM GAS  C:\Users\Ciccio\AppData\Local\Temp\ccVJtKT4.s 			page 4


  52      B467D3D4 
  52      5344D25D 
  52      3DA08975 
  52      DCB2F645 
  53 01e2 F668D4FE 		.ascii	"\366h\324\376q\367\304\355\356#1\373d\317\251D\334>"
  53      71F7C4ED 
  53      EE2331FB 
  53      64CFA944 
  53      DC3E
  54 01f4 D8D5B9B3 		.ascii	"\330\325\271\263\335\356\350\330gw\355\357<\275\303"
  54      DDEEE8D8 
  54      6777EDEF 
  54      3CBDC3
  55 0203 8E270EC5 		.ascii	"\216'\016\305bG\243\335L&\216\2378\366\015\016\324\026"
  55      6247A3DD 
  55      4C268E9F 
  55      38F60D0E 
  55      D416
  56 0215 5C       		.ascii	"\\"
  57              		.text
  58              		.section	.gnu.lto_st_lld_stop_alarm.275cd6a0,"",%progbits
  59 0000 789C658E 		.ascii	"x\234e\216\275K\302A\030\307\357{?\025\301\202\010\""
  59      BD4BC241 
  59      18C7EF7B 
  59      3F15C182 
  59      0822
  60 0012 70297070 		.ascii	"p)pp\322\037Y\177BK\224Sn\015\02548\010FJ\253\247X\213"
  60      D21F597F 
  60      424B9453 
  60      6E0D1534 
  60      3808464A 
  61 002a 8B448310 		.ascii	"\213D\203\020b\015\321\213\371\322PP\323\017\027\205"
  61      620DD18B 
  61      F9D25050 
  61      D30F1785 
  62 003a 0AA92572 		.ascii	"\012\251%r(\007\355e(|\011\3527\204=\247\021A\307\035"
  62      2807ED65 
  62      287C09EA 
  62      37843DA7 
  62      1141C71D 
  63 004e C773CFE7 		.ascii	"\307s\317\347\276\317Ga\377\327\020\235906!\013\205"
  63      BECF4761 
  63      FFD7109D 
  63      39303621 
  63      0B85
  64 0060 81333AA0 		.ascii	"\2013:\240\007\006\026\342\010\341\20579\342Z:a\261"
  64      070616E2 
  64      08E18537 
  64      39E25A3A 
  64      61B1
  65 0072 EF0A211A 		.ascii	"\357\012!\0327wy\210\315\005\235\3006\357e`\017vFT3"
  65      37777988 
  65      CD059DC0 
  65      36EF6560 
  65      0F764654 
  66 0087 FA756B31 		.ascii	"\372uk1E\211\032\350\365\260\017\023E\201zg\331\367"
  66      45891AE8 
ARM GAS  C:\Users\Ciccio\AppData\Local\Temp\ccVJtKT4.s 			page 5


  66      F5B00F13 
  66      45817A67 
  66      D9F7
  67 0099 2BCB33D7 		.ascii	"+\3133\3279F%z\276QJ\230d\311\015\262L\305u\315`\333"
  67      3946257A 
  67      BE514A98 
  67      64C90DB2 
  67      4CC575CD 
  68 00af 1122522D 		.ascii	"\021\"R-\327\213}k%\021\255v:#:Wd\020\016`\305!\254"
  68      D78B7D6B 
  68      2511AD76 
  68      3A233A57 
  68      64100E60 
  69 00c6 3FCA48C3 		.ascii	"?\312H\303\226\033\324D\247\323~,\304l\031\316\301$"
  69      961BD444 
  69      A7D37E2C 
  69      C46C19CE 
  69      C124
  70 00d8 C96A5D9F 		.ascii	"\311j]\237:\247K\251 \322h<\265\024\251\360\301\245"
  70      3AA74BA9 
  70      20D2683C 
  70      B514A9F0 
  70      C1A5
  71 00ea C1DB4571 		.ascii	"\301\333Eq\335(G*$(\014\014G\224XA\241\261=,!\"\036"
  71      DD28472A 
  71      24280C0C 
  71      47945841 
  71      A1B13D2C 
  72 0101 6AE56B73 		.ascii	"j\345ks\227`R\352\3443\365\332\237\304VX\010\215T\014"
  72      976052EA 
  72      E433F5DA 
  72      9FC45658 
  72      088D540C 
  73 0115 14838CB4 		.ascii	"\024\203\214\264\240^\3552vjv\244E\024:7\"\213$Z\335"
  73      A05EED32 
  73      766A76A4 
  73      45143A37 
  73      228B245A 
  74 012a E1C8C1F1 		.ascii	"\341\310\301\3617\311HOy\372s\217\260v<-\347H\252F\306"
  74      37C9484F 
  74      79FA738F 
  74      B0763C2D 
  74      E748AA46 
  75 013f 8C7897D3 		.ascii	"\214x\227\323\251\376n\177@\365.\372\324e\377J0\240"
  75      A9FE6E7F 
  75      40F52EFA 
  75      D465FF4A 
  75      30A0
  76 0151 CE7ADCE3 		.ascii	"\316z\334\343.uffR\365L\271W\307\324@p\336\347[rz\331"
  76      2E756666 
  76      52F54CB9 
  76      57C7D440 
  76      70DEE75B 
  77 0168 371A3C8A 		.ascii	"7\032<\212Y"
  77      59
  78              		.text
  79              		.section	.gnu.lto_st_lld_set_alarm.275cd6a0,"",%progbits
ARM GAS  C:\Users\Ciccio\AppData\Local\Temp\ccVJtKT4.s 			page 6


  80 0000 789C6590 		.ascii	"x\234e\220O(DQ\024\306\357w\337\233\241\206\222\262"
  80      4F284451 
  80      14C6EF77 
  80      DF9BA186 
  80      92B2
  81 0012 991435C9 		.ascii	"\231\0245\311\206\271!\013;\013\033a\305\036EQ#2\223"
  81      86B9210B 
  81      3B0B1B61 
  81      C51E4551 
  81      233293
  82 0025 AD3B3C0A 		.ascii	"\255;<\012)IR\232$\344\3170\030Q\254^6\024\022\033Q"
  82      2949529A 
  82      24E4CF30 
  82      1851AC5E 
  82      3614121B 
  83 003a FE945124 		.ascii	"\376\224Q$\032\377\342\221\306\271CR^\357\366\3369\347"
  83      1AFFE291 
  83      C6B94352 
  83      5EEFF6DE 
  83      39E7
  84 004c 7BDFEF3B 		.ascii	"{\337\357;Oc\377\2574:3`\254H\025\032\003gt@\015\006"
  84      4F63FFAF 
  84      343A3360 
  84      AC48151A 
  84      03677440 
  85 0062 D6CED18E 		.ascii	"\326\316\321\216\033\376\3001`\006G\034\331SR\312\350"
  85      1BFEC031 
  85      6006471C 
  85      D95352CA 
  85      E8
  86 0073 E0E912E4 		.ascii	"\340\351\022\344P\215E\302'\376\355\201id\223he\352"
  86      508D45C2 
  86      27FEED81 
  86      69649368 
  86      65EA
  87 0085 BD175A21 		.ascii	"\275\027Z!\030\275\257\207\236\367\034\327\334\342\310"
  87      18BDAF87 
  87      9EF71CD7 
  87      DCE2C8
  88 0094 54E5C6E0 		.ascii	"T\345\306\340\366\210]\225\\Weg80i\313\232\220\262\303"
  88      F6885D95 
  88      5C576567 
  88      383069CB 
  88      9A90B2C3 
  89 00a8 3C0FCB62 		.ascii	"<\017\313b\335\342\032f\240\221\037f\341\304\034\234"
  89      DDE21A66 
  89      A0911F66 
  89      E1C41C9C 
  90 00b8 8C5A0C41 		.ascii	"\214Z\014Ad)\371\203\361y\344\260\033DO\371fb\036v\212"
  90      6429F983 
  90      F179E4B0 
  90      1B444FF9 
  90      66621E76 
  91 00cd 089A8D0D 		.ascii	"\010\232\215\015X\246\356\032'\253\213\333\253\255\244"
  91      58A6EE1A 
  91      27AB8BDB 
  91      ABADA4
ARM GAS  C:\Users\Ciccio\AppData\Local\Temp\ccVJtKT4.s 			page 7


  92 00dc AE6D695C 		.ascii	"\256mi\\\304b\031\026\201\376\332\375\004]\200k1\325"
  92      C4621916 
  92      81FEDAFD 
  92      045D806B 
  92      31D5
  93 00ee 94B1D8D3 		.ascii	"\224\261\330\323\363a\177A\210\260\004\322i_Eb\221\370"
  93      F3617F41 
  93      88B004D2 
  93      695F4562 
  93      91F8
  94 0100 3E579C1E 		.ascii	">W\234\036\332\011:\242\321\227GM\241^\271\"\335\357"
  94      DA093AA2 
  94      D197474D 
  94      A15EB922 
  94      DDEF
  95 0112 6C75DBD4 		.ascii	"lu\333\324\016:\005\221:C\210|O\2609<\236\256D\2448"
  95      0E3A0591 
  95      3A43887C 
  95      4FB0393C 
  95      9EAE44A4 
  96 0127 8FEC1F24 		.ascii	"\217\354\037$\306\025L\305^}\033\273K\016`\324/\245"
  96      C6154CC5 
  96      5E7D1BBB 
  96      4B0E60D4 
  96      2FA5
  97 0139 49816C64 		.ascii	"I\201ld\203E\225\205f\221\335\276\265\304\334\2404`"
  97      83459585 
  97      6691DDBE 
  97      B5C4DCA0 
  97      3460
  98 014b 713B9610 		.ascii	"q;\226\020\300c\034N\243\236\365\217K\207X\220\206\337"
  98      C0631C4E 
  98      A39EF58F 
  98      4B875890 
  98      86DF
  99 015d CCB17802 		.ascii	"\314\261x\002\226\221\013W|\003\204!^)\335\031\374\346"
  99      96910B57 
  99      7C038421 
  99      5E29DD19 
  99      FCE6
 100 016f 719982AA 		.ascii	"q\231\202\252n\204\323\257\240\217\363\335n\361{7{E"
 100      6E84D3AF 
 100      A08FF3DD 
 100      6EF17B37 
 100      7B45
 101 0181 43AD47B4 		.ascii	"C\255G\2644\267\372\274\242\262\252\242 _\224\227\227"
 101      34B7FABC 
 101      A2B2AAA2 
 101      205F9497 
 101      97
 102 0192 88AAD28A 		.ascii	"\210\252\322\212\266<\341\365U{<u\356\006\246\373\032"
 102      B63CE1F5 
 102      557B3C75 
 102      EE06A6FB 
 102      1A
 103 01a3 9BEABF00 		.ascii	"\233\352\277\000\017b\243\217"
 103      0F62A38F 
ARM GAS  C:\Users\Ciccio\AppData\Local\Temp\ccVJtKT4.s 			page 8


 104              		.text
 105              		.section	.gnu.lto_st_lld_get_alarm.275cd6a0,"",%progbits
 106 0000 789C6D50 		.ascii	"x\234mP=KcA\024\275g^\022\225\260 \226\301Bx\205\225"
 106      3D4B6341 
 106      14BD675E 
 106      1295B020 
 106      96C14278 
 107 0016 1974FD01 		.ascii	"\031t\375\001\0266\202\302\202\366\"XX\004\024#\266"
 107      163682C2 
 107      82F62258 
 107      58041423 
 107      B6
 108 0027 4EC2C345 		.ascii	"N\302\303EE\020\261PD\314\026\342G\374\\X1V\017\033"
 108      4510B150 
 108      44CC16E2 
 108      47FC5C58 
 108      31560F1B 
 109 003b 775159D6 		.ascii	"wQY\326\302\210\205\037\354S\264\330%~\300\032D\237"
 109      C288851F 
 109      EC53B4D8 
 109      257EC01A 
 109      449F
 110 004d F766C546 		.ascii	"\367f\305F\207\231\307\273s\3179\367\234\261\350\355"
 110      8799C7BB 
 110      73CF39F7 
 110      9CB1E8ED 
 111 005d 2AE79301 		.ascii	"*\347\223\001Q\255\024\001\202\">\260\370k\201\257\011"
 111      51AD1401 
 111      82223EB0 
 111      F86B81AF 
 111      09
 112 006e D4A72CF4 		.ascii	"\324\247,\364\341J]+d\226\357\366\302\227*\257\250\202"
 112      E14A5D2B 
 112      6496EFF6 
 112      C2972AAF 
 112      A882
 113 0080 B8DC1CFD 		.ascii	"\270\334\034\375>\036\222\022\001)\263\007\343\331\222"
 113      3E1E9212 
 113      0129B307 
 113      E3D992
 114 008f CA196392 		.ascii	"\312\031c\222\271\375\023\017\023c)n)\272U\204YD0\207"
 114      B9FD130F 
 114      1363296E 
 114      29BA5584 
 114      59443087 
 115 00a3 88E8CDA3 		.ascii	"\210\350\315\243R\300\327\316c6\034r\2141\245\202\340"
 115      52C0D7CE 
 115      63361C72 
 115      8C31A582 
 115      E0
 116 00b4 C602423C 		.ascii	"\306\002B<P\306\\\244\307>\007\355/\306\014\236\372"
 116      50C65CA4 
 116      C73E07ED 
 116      2FC60C9E 
 116      FA
 117 00c5 E7DE27D7 		.ascii	"\347\336'\327I\231'\337\307[1YH\303f\316\364H\336\015"
 117      499927DF 
ARM GAS  C:\Users\Ciccio\AppData\Local\Temp\ccVJtKT4.s 			page 9


 117      C75B3159 
 117      48C366CE 
 117      F448DE0D 
 118 00d9 0827E9FE 		.ascii	"\010'\351\376\370:W\367J\261\336\243,\302^)s\215\357"
 118      F83A57F7 
 118      4AB1DEA3 
 118      2CC25E29 
 118      738DEF
 119 00ec DF3E2587 		.ascii	"\337>%\207\355\015\016H\214T$\023\310\0237t.\277\326"
 119      ED0D0E48 
 119      8C542413 
 119      C8133774 
 119      2EBFD6
 120 00ff 1192B99C 		.ascii	"\021\222\271\234?Z\"\346\376\261i\205\277;\333\375A"
 120      3F5A22E6 
 120      FEB16985 
 120      BF3BDBFD 
 120      41
 121 0110 C96CB175 		.ascii	"\311l\261u\303\017\266\304\262G\330\332<\303\177\220"
 121      C30FB6C4 
 121      B247D8DA 
 121      3CC37F90 
 122 0120 0438F17E 		.ascii	"\0048\361~\376*.\200H\262~\273\237\376\363a\012\223"
 122      FE2A2E80 
 122      48B27EBB 
 122      9FFEF361 
 122      0A93
 123 0132 0963DC86 		.ascii	"\011c\334\206\274\012\260\022\226\305\015\367\274\335"
 123      BC0AB012 
 123      96C50DF7 
 123      BCDD
 124 0140 A1F5E2AA 		.ascii	"\241\365\342\252\264q\330k\020+\230\302Ma>\267\0062"
 124      B471D86B 
 124      102B98C2 
 124      4D613EB7 
 124      0632
 125 0152 0FBFC37A 		.ascii	"\017\277\303z\3118\0117\222W!\254\242\012v!\003\326"
 125      C9380937 
 125      925721AC 
 125      A20A7621 
 125      03D6
 126 0164 A00B1E59 		.ascii	"\240\013\036Y\337:D\242\224\356\230t\214\204)z1A\222"
 126      DF3A44A2 
 126      94EE9874 
 126      8C84297A 
 126      314192
 127 0177 439E93A8 		.ascii	"C\236\223\250&\032\325\257\2733\256;\332b\272\253\263"
 127      261AD5AF 
 127      BB33AE3B 
 127      DA62BAAB 
 127      B3
 128 0188 BB27AE9B 		.ascii	"\273'\256\233[\232>\326\350\306\306z\335\322\320\324"
 128      5B9A3ED6 
 128      E8C6C67A 
 128      DDD2D0D4 
 129 0198 5BADE33D 		.ascii	"[\255\343=\255\261X{\264\203\236\001\324\374\247U"
 129      ADB1587B 
ARM GAS  C:\Users\Ciccio\AppData\Local\Temp\ccVJtKT4.s 			page 10


 129      B4839E01 
 129      D4FCA755 
 130              		.text
 131              		.section	.gnu.lto_st_lld_is_alarm_active.275cd6a0,"",%progbits
 132 0000 789C6D91 		.ascii	"x\234m\221MHTQ\024\307\357\377\336;\243 \201\270\034"
 132      4D485451 
 132      14C7EFFF 
 132      DE3BA320 
 132      81B81C
 133 0013 5C04B390 		.ascii	"\\\004\263\220@\347\221\271kQ\013A\004\205 \367\025"
 133      40E791B9 
 133      6B510B41 
 133      048520F7 
 133      15
 134 0024 B8703160 		.ascii	"\270p1`4\322\326;\343`Q\011\242B\0372h\320\207\345\307"
 134      34D2D63B 
 134      E3605109 
 134      A2421F32 
 134      68D087E5 
 135 0039 E868C214 		.ascii	"\350h\302\024\304#\202\202\234D\\\030CT\320\014\025"
 135      C4238282 
 135      9C445C18 
 135      4354D00C 
 135      15
 136 004a A48CCD80 		.ascii	"\244\214\315\200\316\"_\347\334)\021\363\362\336y\357"
 136      CE225FE7 
 136      DC2911F3 
 136      F2DE79EF 
 137 005a DEF33FBF 		.ascii	"\336\363?\277\363q\225\370\177\325\323\333&\205h\341"
 137      F37195F8 
 137      7FD5D3DB 
 137      268568E1 
 138 006a 8D16A05F 		.ascii	"\215\026\240_H(\262\012\240#\210~\251\320\217\037r["
 138      4828B20A 
 138      A023887E 
 138      A9D08F1F 
 138      725B
 139 007c 6225BDB7 		.ascii	"b%\275\267\216\206\207\306\304\012\251\342<n\217],\223"
 139      8E8687C6 
 139      C40AA9E2 
 139      3C6E8F5D 
 139      2C93
 140 008e BE28051A 		.ascii	"\276(\005\032\0038\021`\371c4\010Rn\307\177o\324\370"
 140      03381160 
 140      F9633408 
 140      526EC77F 
 140      6FD4F8
 141 00a1 E3C6985A 		.ascii	"\343\306\230Z\366\223c\012~\342i\362%\027W\037\310\340"
 141      F693630A 
 141      7EE269F2 
 141      2517571F 
 141      C8E0
 142 00b3 7D636E7C 		.ascii	"}cn|I|\373x\316\215N\232=\317\303a\024/<A\220\"\322"
 142      497CFB78 
 142      CE8D4E9A 
 142      3DCFC361 
 142      142F3C41 
ARM GAS  C:\Users\Ciccio\AppData\Local\Temp\ccVJtKT4.s 			page 11


 143 00ca 73A54CCD 		.ascii	"s\245L\315wY\2268\316\360\347#o\357\370y+5o'\206\313"
 143      77599638 
 143      CEF0E723 
 143      6FEFF879 
 143      2B356F27 
 144 00e0 AE665ECC 		.ascii	"\256f^\314}\231\232:\033\377\207S\026\367\024\001Lc"
 144      7D999A3A 
 144      1BFF8753 
 144      16F71401 
 144      4C63
 145 00f2 1F386381 		.ascii	"\0378c\201\331\327\211Q\237\0151w\307&\345u\327\363"
 145      D9D78951 
 145      9F0D3177 
 145      C726E575 
 145      D7F3
 146 0104 CE948976 		.ascii	"\316\224\211vD\300\354\241\0007s0\307\221!s\010&\353"
 146      44C0ECA1 
 146      00377330 
 146      C7912173 
 146      0826EB
 147 0117 5CE379C5 		.ascii	"\\\343y\305\314\350\320\351\264\364AP5\222\214Vl\264"
 147      CCE8D0E9 
 147      B4F44150 
 147      35928C56 
 147      6CB4
 148 0129 E05E458E 		.ascii	"\340^E\216\215\310K\372\250,b\205\302\373\257U<\246"
 148      8DC84BFA 
 148      A82C6285 
 148      C2FBAF55 
 148      3CA6
 149 013b 1D1A9FC4 		.ascii	"\035\032\237\304\326\2737\203>nR\321\020\015\335L\222"
 149      D6BB3783 
 149      3E6E52D1 
 149      100DDD4C 
 149      92
 150 014c 1264F16A 		.ascii	"\022d\361j\031\025\015\337\307\347\334\352Z\265\325"
 150      19150DDF 
 150      C7E7DCEA 
 150      5AB5D5
 151 015b 081EC4B3 		.ascii	"\010\036\304\263\335\211\315c\011\214S]>\202`\236K\242"
 151      DD89CD63 
 151      098C535D 
 151      3E82609E 
 151      4BA2
 152 016d F3DCCACD 		.ascii	"\363\334\312\315\345\352\246i\023'\207\037\013H\340"
 152      E5EAA669 
 152      1327871F 
 152      0B48E0
 153 017c 974D8D14 		.ascii	"\227M\215\024\232\0109\260;\370SW\240\252\302\275\267"
 153      9A0839B0 
 153      3BF85357 
 153      A0AAC2BD 
 153      B7
 154 018d 912F29E6 		.ascii	"\221/)\346jjn\321\346\035H]\253\257h4\311H\023}\364"
 154      6A6A6ED1 
 154      E61D485D 
 154      ABAF6834 
ARM GAS  C:\Users\Ciccio\AppData\Local\Temp\ccVJtKT4.s 			page 12


 154      C948137D 
 155 01a2 E25695D5 		.ascii	"\342V\225\325\020h\3116\237\347:\324\007DkE\211\022"
 155      1068C936 
 155      9FE73AD4 
 155      07446B45 
 155      8912
 156 01b4 7CC2DF52 		.ascii	"|\302\337R\265m\226n\237\016\233C!g\377\351\2158=\227"
 156      B56D966E 
 156      9F0E9B43 
 156      2167FFE9 
 156      8D383D97 
 157 01c8 C2CEE5DE 		.ascii	"\302\316\345\336+}\021\347|W\347\251f\247\243\243\325"
 157      2B7D11E7 
 157      7C57E7A9 
 157      66A7A3A3 
 157      D5
 158 01d9 E96AEFBC 		.ascii	"\351j\357\274z\322\211\364]\010\207\273C=\342\017\341"
 158      7AD289F4 
 158      5D0887BB 
 158      433DE20F 
 158      E1
 159 01ea 89D3C5   		.ascii	"\211\323\305"
 160              		.text
 161              		.section	.gnu.lto_stInit.275cd6a0,"",%progbits
 162 0000 789C6366 		.ascii	"x\234cf\300\004\242@<\033\210\345@\034f\006F&\006 f"
 162      C004A240 
 162      3C1B88E5 
 162      401C6606 
 162      46260620 
 163 0015 64047218 		.ascii	"d\004r\030\031\352\231\030\353\031_2}db\234p`\365\014"
 163      19EA9918 
 163      EB195F32 
 163      7D64629C 
 163      7060F50C 
 164 0029 6EF5A50D 		.ascii	"n\365\245\015\015\015\037\016\235o\0148\300\370\023"
 164      0D0D1F0E 
 164      9D6F0C38 
 164      C0F813
 165 0038 A8EE3313 		.ascii	"\250\3563\023\304\010\306\345\214\352\014@E\037[\376"
 165      C408C6E5 
 165      8CEA0C40 
 165      451F5BFE 
 166 0048 5EE7666B 		.ascii	"^\347fk\001*\022\200\3101\256`d\003\231\264^\350@\303"
 166      012A1280 
 166      C831AE60 
 166      640399B4 
 166      5EE840C3 
 167 005c FFFF8FA7 		.ascii	"\377\377\217\247\376\321\007\362\236\200u=e\002R\314"
 167      FED107F2 
 167      9E80753D 
 167      650252CC 
 168 006c 77189B0F 		.ascii	"w\030\233\017\374\345\005)\003\351\237w\271o\035S\355"
 168      FCE50529 
 168      03E99F77 
 168      B96F1D53 
 168      ED
 169 007d EF868E06 		.ascii	"\357\206\216\006\216\237L\214\237\231\200\212\031W2"
ARM GAS  C:\Users\Ciccio\AppData\Local\Temp\ccVJtKT4.s 			page 13


 169      8E9F4C8C 
 169      9F99808A 
 169      195732
 170 008c D632FC04 		.ascii	"\3262\374\004\252\275\307\330x\340?+X%\003\310\014\240"
 170      AABDC7D8 
 170      78E03F2B 
 170      582503C8 
 170      0CA0
 171 009e 1CD00019 		.ascii	"\034\320\000\031==}8\312/\326\317H\314\321/.J\326/."
 171      3D3D7D38 
 171      CA2FD6CF 
 171      48CCD12F 
 171      2E4AD62F 
 172 00b3 D14B6600 		.ascii	"\321Kf\000\000\025W:\376"
 172      0015573A 
 172      FE
 173              		.text
 174              		.section	.gnu.lto_stStartAlarm.275cd6a0,"",%progbits
 175 0000 789C6D51 		.ascii	"x\234mQ\337K\024Q\030\375\316wg\306\251\351!z\222%("
 175      DF4B1451 
 175      18FDCE77 
 175      67C6A9E9 
 175      217A9225 
 176 0015 904DA2D8 		.ascii	"\220M\242\330\355O\350\251\347\376\005\223\240\240\010"
 176      ED4FE8A9 
 176      E7FE0593 
 176      A0A008
 177 0024 5A5F17EF 		.ascii	"Z_\027\357\346\012\365\320\256D\305R\244ED\232\265\226"
 177      E60AF5D0 
 177      AE44C552 
 177      A445449A 
 177      B596
 178 0036 165860CD 		.ascii	"\026X`\315S\370R\221%!H?h\205zK&\220)l=w\354\207T\303"
 178      53F85291 
 178      2521483F 
 178      68857A4B 
 178      2690296C 
 179 0050 CCBDF7CC 		.ascii	"\314\275\367\314w8\347|\3375\362\357\263\217_^Ev9\020"
 179      7738E77C 
 179      DF35F2EF 
 179      B38F5F5E 
 179      45763910 
 180 0064 087884C2 		.ascii	"\010x\204\302p5\352\211X\365\271x\036\270\301\007H\202"
 180      7035EA89 
 180      58F5B978 
 180      1EB8C107 
 180      4882
 181 0076 F4ABF17C 		.ascii	"\364\253\361|\364\343\263.+\206\342\361F\324}\303Z\373"
 181      F4E3B32E 
 181      2B86E2F1 
 181      46D47DC3 
 181      5AFB
 182 0088 656EAA73 		.ascii	"en\252s\2603\245B\242\353\342\270\211nR\352\265\301"
 182      B033A542 
 182      A2EBE2B8 
 182      896E52EA 
 182      B5C1
ARM GAS  C:\Users\Ciccio\AppData\Local\Temp\ccVJtKT4.s 			page 14


 183 009a B3303B20 		.ascii	"\2630; <?l~}\026}\322T\261\323\301G\347f\033\201\203"
 183      3C3F6C7E 
 183      7D167DD2 
 183      54B1D3C1 
 183      47E7661B 
 184 00b0 3423FC76 		.ascii	"4#\374vav\300\317_\267\366T<3i\367{\251\032\214\302"
 184      6176C0CF 
 184      5FB7F654 
 184      3C3369F7 
 184      7BA91A8C 
 185 00c5 500F63C8 		.ascii	"P\017c\310\341\026r\302_\202q\344\035}\271\272\372&"
 185      E11672C2 
 185      5F8271E4 
 185      1D7DB9BA 
 185      FA26
 186 00d7 0AAAF4DE 		.ascii	"\012\252\364\336\272\372\313\026\267\0210\246\213V\233"
 186      BAFACB16 
 186      B71130A6 
 186      8B569B
 187 00e6 59788CAE 		.ascii	"Yx\214\256kT{?\362q\361`\\\271j\177\264\333H\351\345"
 187      6B547B3F 
 187      F271F160 
 187      5CB96A7F 
 187      B4DB48E9 
 188 00fb 14F7E6B0 		.ascii	"\024\367\346\260;\367s\014\270\203.JLl\213m\273\235"
 188      3BF7730C 
 188      B8832E4A 
 188      4C6C8B6D 
 188      BB9D
 189 010d 3CFF7066 		.ascii	"<\377pf\317%Z\323\314Sdn\322\312zj)7\263\304\014b\026"
 189      CF255AD3 
 189      CC53646E 
 189      D2CA7A6A 
 189      2937B3C4 
 190 0124 31103F79 		.ascii	"1\020?y\012g\270\302,\212\341W\265\246\226\277\333\323"
 190      0A67B8C2 
 190      2C8AE157 
 190      B5A696BF 
 190      DBD3
 191 0136 364CD54F 		.ascii	"6L\325O\2241\320D\231*\201\314\243\272`\376P\337\265"
 191      9431D044 
 191      992A81CC 
 191      A3BA60FE 
 191      50DFB5
 192 0149 5EBC0C5D 		.ascii	"^\274\014]\337\2341&\260\036c\311!\312z\216'\177\013"
 192      DF9C3126 
 192      B01E63C9 
 192      21CA7A8E 
 192      277F0B
 193 015c 7624CE1B 		.ascii	"v$\316\033w)\310\322\305\372\353i\303R\303\225B\327"
 193      7729C8D2 
 193      C5FAEB69 
 193      C352C395 
 193      42D7
 194 016e BD6C940D 		.ascii	"\275l\224\01538V??\215+\270\\\031r\254M\270\2072&\235"
 194      3338563F 
 194      3F8D2BB8 
ARM GAS  C:\Users\Ciccio\AppData\Local\Temp\ccVJtKT4.s 			page 15


 194      5C1972AC 
 194      4DB88732 
 195 0184 196B23AD 		.ascii	"\031k#\255\321FD\001^X\210)\2622S\334G9\325\315Y\030"
 195      D1464401 
 195      5E588829 
 195      B23253DC 
 195      4739D5CD 
 196 019a 3F0B538D 		.ascii	"?\013S\215\347\202\377\346\211\0227\005<`\236\025\245"
 196      E782FFE6 
 196      89123705 
 196      3C609E15 
 196      A5
 197 01ab E516798B 		.ascii	"\345\026y\213J<\177 #g\243r\327 \262\275P(\376~O\224"
 197      4A3C7F20 
 197      2367A372 
 197      D720B2BD 
 197      5028FE7E 
 198 01c1 8A477A8E 		.ascii	"\212Gz\216\025K'{\213\245\276B\257t\364\034*\365\035"
 198      154B277B 
 198      8BA5BE42 
 198      AF74F41C 
 198      2AF51D
 199 01d4 3D7E780D 		.ascii	"=~x\015\257\320\301A"
 199      AFD0C141 
 200              		.text
 201              		.section	.gnu.lto_stStopAlarm.275cd6a0,"",%progbits
 202 0000 789C6366 		.ascii	"x\234cf\300\004\242@<\007\210\345@\034f\006F&\006 f"
 202      C004A240 
 202      3C0788E5 
 202      401C6606 
 202      46260620 
 203 0015 64047218 		.ascii	"d\004r\030\031\352\231\030\353\031_2}db\234p`\365\014"
 203      19EA9918 
 203      EB195F32 
 203      7D64629C 
 203      7060F50C 
 204 0029 6EF5A50D 		.ascii	"n\365\245\015\015\015\0376m\227h\225\370\011T\366\231"
 204      0D0D1F36 
 204      6D976895 
 204      F80954F6 
 204      99
 205 003a 096202E3 		.ascii	"\011b\002\343rFu\006\240\232\217-\177\257s\263\265\000"
 205      72467506 
 205      A09A8F2D 
 205      7FAF73B3 
 205      B500
 206 004c D50840E4 		.ascii	"\325\010@\344\030W0\262\201\014Z/t\240\341\377\377\305"
 206      185730B2 
 206      810C5A2F 
 206      74A0E1FF 
 206      FFC5
 207 005e 73DE6C67 		.ascii	"s\336lg\001r\237\200\265=e\002R\314w\030\233\017\374"
 207      01729F80 
 207      B53D6502 
 207      52CC7718 
 207      9B0FFC
 208 0071 3EC60852 		.ascii	">\306\010R\0102a\336\345\276uL\265\277\033:\0328~21"
ARM GAS  C:\Users\Ciccio\AppData\Local\Temp\ccVJtKT4.s 			page 16


 208      083261DE 
 208      E5BE754C 
 208      B5BF1B3A 
 208      1A387E32 
 209 0086 7E6602AA 		.ascii	"~f\002\252f\\\311X\313\360\023\250\370\036c\343\201"
 209      665CC958 
 209      CBF013A8 
 209      F81E63E3 
 209      81
 210 0097 BF6E6095 		.ascii	"\277n`\225\014 C\200r@\023d\364\364\364\341(\277X?#"
 210      0C204380 
 210      72401364 
 210      F4F4F4E1 
 210      28BF583F 
 211 00ac 3147BFB8 		.ascii	"1G\277\270(Y\277\270D/\231\001\000\007\345;4"
 211      2859BFB8 
 211      442F9901 
 211      0007E53B 
 211      34
 212              		.text
 213              		.section	.gnu.lto_stSetAlarm.275cd6a0,"",%progbits
 214 0000 789C6D51 		.ascii	"x\234mQ\337K\024Q\030\275\347\2733\263S\333C\364$KP"
 214      DF4B1451 
 214      18BDE7BB 
 214      33B353DB 
 214      43F4244B 
 215 0015 B09804B1 		.ascii	"\260\230\004\261\333{\017\365\326\253\177B&\201A\021"
 215      DB7B0FF5 
 215      D6AB7F42 
 215      26814111 
 216 0025 B4BE2EDE 		.ascii	"\264\276.\336\325\025\354\241]\021\255\205\320\212\210"
 216      D515ECA1 
 216      5D11AD85 
 216      D08A88
 217 0034 346B2DFB 		.ascii	"4k-\373e\2121=\345KDT\204%\025\264BA\017\311\0042\206"
 217      658A313D 
 217      E54B4454 
 217      842515B4 
 217      42410FC9 
 218 004b 4DE7CE5A 		.ascii	"M\347\316Z\364\303a\346\273\367\233\357\334s\016\347"
 218      F4C361E6 
 218      BBF79BEF 
 218      DC730EE7 
 219 005b 6AF5FFB3 		.ascii	"j\365\377\263\237_\227(\265\3076\236\002\267\020hV-"
 219      9F5F9728 
 219      B5C7369E 
 219      02B71068 
 219      562D
 220 006d 8E52465C 		.ascii	"\216RF\\\026\307\001\027\270\000AP=\242\035\027=\370"
 220      16C70117 
 220      B8004150 
 220      3DA21D17 
 220      3DF8
 221 007f 2C2B82C1 		.ascii	",+\202\301`\262\226n\273j\214\371:4\327\322\337\022"
 221      60B2966E 
 221      BB6A8CF9 
 221      3A34D7D2 
ARM GAS  C:\Users\Ciccio\AppData\Local\Temp\ccVJtKT4.s 			page 17


 221      DF12
 222 0091 91219426 		.ascii	"\221!\224&9\256\241\215\220j\245\377,\364.(\356\037"
 222      39AEA18D 
 222      906AA5FF 
 222      2CF42E28 
 222      EE1F
 223 00a3 D6BF3D4D 		.ascii	"\326\277=M\177\222H\260\333\266\263C\0135\317\266\024"
 223      7F9248B0 
 223      DBB6B343 
 223      0B35CFB6 
 223      14
 224 00b4 63BB36B2 		.ascii	"c\2736\262\320\347\266^1\2467\230\2336\207\234H4\306"
 224      D0E7B65E 
 224      31A63798 
 224      9B36879C 
 224      4834C6
 225 00c7 A1C98709 		.ascii	"\241\311\207\011dp\035\031\305_\012\223h\265\360\225"
 225      64701D19 
 225      C55F0A93 
 225      68B5F095 
 226 00d7 F2FAEBB4 		.ascii	"\362\372\353\264W\246\366\366\365_\262\270\001\2176"
 226      57A6F6F6 
 226      F55FB2B8 
 226      018F36
 227 00e6 35C795F9 		.ascii	"5\307\225\371\305G\310^&\333\207\267\037\227\332\203"
 227      C547C85E 
 227      26DB87B7 
 227      1F97DA83 
 228 00f6 D225F323 		.ascii	"\322%\363#\216\021Q\3132\356\313`of#\006\334D\366\257"
 228      8E1151CB 
 228      32EECB60 
 228      6F662306 
 228      DC44F6AF 
 229 010a 13E6FCF0 		.ascii	"\023\346\374\360\221\201 \216\017n\212\256#K\301\251"
 229      9181208E 
 229      0F6E8AAE 
 229      234BC1A9 
 230 011a 1D8189E3 		.ascii	"\035\201\211\343\360\313\3433\007F\305\001\2559b\213"
 230      F0CBE333 
 230      0746C501 
 230      AD39628B 
 231 012a 46625035 		.ascii	"FbP5\222\030\032\302E/\323\266\322K\350\013\036<\201"
 231      92181AC2 
 231      452FD3B6 
 231      D24BE80B 
 231      1E3C81
 232 013d F5B84AFB 		.ascii	"\365\270J\373\202\261\027\225\272\024\277\233\001\343"
 232      82B11795 
 232      BA14BF9B 
 232      01E3
 233 014b 47E28642 		.ascii	"G\342\206B\347\230B\221,\236z\203\3365\257\011\025\242"
 233      E7984291 
 233      2C9E7A83 
 233      DE35AF09 
 233      15A2
 234 015d D52B9417 		.ascii	"\325+\224\027\365F\317\243\357\033\317\236\3736:^\023"
 234      F546CFA3 
ARM GAS  C:\Users\Ciccio\AppData\Local\Temp\ccVJtKT4.s 			page 18


 234      EF1BCF9E 
 234      FB363A5E 
 234      13
 235 016e 6EA1E96D 		.ascii	"n\241\351m\331v\224q,N\375+\220\012\255\027\334\246"
 235      D9769471 
 235      2C4EFD2B 
 235      900AAD17 
 235      DCA6
 236 0180 0047E7AA 		.ascii	"\000G\347\252/g4G5;\362m\200\352OZ?i'\252\3033\030\305"
 236      2F673447 
 236      353BF26D 
 236      80EA4F5A 
 236      3F6927AA 
 237 0198 85D2A045 		.ascii	"\205\322\240Em\3014\212\270c\3058\273\330\030\257\245"
 237      6DC1348A 
 237      B863C538 
 237      BBD818AF 
 237      A5
 238 01a9 49C03BF7 		.ascii	"I\300;\367q\227\250D\024\367P\214dkb\306M\314\224\203"
 238      7197A844 
 238      14F7508C 
 238      646B62C6 
 238      4DCC9483 
 239 01bd D9D4A67E 		.ascii	"\331\324\246~\322\241M\005\367\351gUt$\333\324;\224"
 239      D2A14D05 
 239      F7E96755 
 239      7424DBD4 
 239      3B94
 240 01cf 82F9C309 		.ascii	"\202\371\303\0118\211\216y\320\327\316\\.\377\373=U"
 240      38898E79 
 240      D0D7CE5C 
 240      2EFFFB3D 
 240      55
 241 01e0 C877759C 		.ascii	"\310wu\234\310\027Nw\346\013\335\271N\225\3528Z\350"
 241      C8174E77 
 241      E60BDDB9 
 241      4E95EA38 
 241      5AE8
 242 01f2 3E7EF2D8 		.ascii	">~\362\330O\026\033\326u"
 242      4F161BD6 
 242      75
 243              		.text
 244              		.section	.gnu.lto_stGetAlarm.275cd6a0,"",%progbits
 245 0000 789C6D52 		.ascii	"x\234mR\317k\023Q\020\236o\336\333Mj.\305\223\004Q!"
 245      CF6B1351 
 245      109E6FDE 
 245      DB4D6A2E 
 245      C5930451 
 246 0015 87224872 		.ascii	"\207\"Hr\364\340\301\177\301?\301\322\213\207\202`\004"
 246      F4E0C17F 
 246      C13FC1D2 
 246      8B878260 
 246      04
 247 0026 4FA12F35 		.ascii	"O\241/5\330\342\241\225\0224\"\332\210\210\255\325\324"
 247      D8E2A195 
 247      123422DA 
 247      8888ADD5 
ARM GAS  C:\Users\Ciccio\AppData\Local\Temp\ccVJtKT4.s 			page 19


 247      D4
 248 0037 9F500535 		.ascii	"\237P\0055\236\354ED\374\021+E\013\246\2427\313\026"
 248      9EEC4544 
 248      FC112B45 
 248      0BA6A237 
 248      CB16
 249 0049 4A5AE33A 		.ascii	"JZ\343:\363\272\210\266.\273\263;|\337\314|\337\274"
 249      F3BA88B6 
 249      2EBBB33B 
 249      7CDFCC7C 
 249      DFBC
 250 005b 35B4FD3A 		.ascii	"5\264\375:(\317)&\332\243I\212 \237`\030\211\206-\221"
 250      28CF2926 
 250      DAA3498A 
 250      209F6018 
 250      89862D91 
 251 006f E34082B5 		.ascii	"\343@\202\265\220\027\002\204\022C@\250\240!66\0101"
 251      90170284 
 251      124340A8 
 251      A0213636 
 251      0831
 252 0081 84EFBCC2 		.ascii	"\204\357\274\302x\324X}\231\371\306\035\246}$\351\343"
 252      78D4587D 
 252      99F9C61D 
 252      A67D24E9 
 252      E3
 253 0092 89F95AA8 		.ascii	"\211\371Z\250)\254\246\255\367\265VO\337u\347\206\177"
 253      29ACA6AD 
 253      F7B5564F 
 253      DF75E786 
 253      7F
 254 00a3 4C3C1BBC 		.ascii	"L<\033\274X\255\013\302\0241\341\006\262\230BV;N\243"
 254      58AD0BC2 
 254      1431E106 
 254      B2984256 
 254      3B4EA3
 255 00b6 4FB92B95 		.ascii	"O\271+\225n+\023V\234s\275]Q#$\301n\312X\"+\360\330"
 255      6E2B1356 
 255      9C73BD5D 
 255      512324C1 
 255      6ECA5822 
 256 00cd 9385A7C8 		.ascii	"\223\205\247\310]\225VK\033_\026\2174\313u\367+\216"
 256      5D95564B 
 256      1B5F168F 
 256      34CB75F7 
 256      2B8E
 257 00df D161E3FB 		.ascii	"\321a\343\373\035\310b\1776\361\206\031\344\376\251"
 257      1DC8627F 
 257      36F18619 
 257      E4FEA9
 258 00ee 7017AA47 		.ascii	"p\027\252GG\233q|\370\277\354[\236\375u\246:\022(\373"
 258      479B717C 
 258      F8BFEC5B 
 258      9EFD75A6 
 258      3A1228FB 
 259 0102 6CBD7BED 		.ascii	"l\275{\355L0\357*Kq\274w\273\\_r\0339\3218\273\263\351"
 259      4C30EF2A 
ARM GAS  C:\Users\Ciccio\AppData\Local\Temp\ccVJtKT4.s 			page 20


 259      4B71BC77 
 259      BB5C5F72 
 259      1B39D138 
 260 0119 E238FAF9 		.ascii	"\3428\372\371|\344\320$[\220tg\015\206\264\214\332\352"
 260      7CE4D024 
 260      5B907467 
 260      0D86B48C 
 260      DAEA
 261 012b 40A2BCCC 		.ascii	"@\242\274\314\262\014&\263\210\323\315\265\027PWkb\230"
 261      B20C26B3 
 261      88D3CDB5 
 261      1750576B 
 261      6298
 262 013d 71E5CD58 		.ascii	"q\345\315X\203K\033n\324\245;l#\026\257h\240$\365\001"
 262      834B1B6E 
 262      D4A53B6C 
 262      2316AF68 
 262      A024F501 
 263 0151 7DC4F07A 		.ascii	"}\304\360z\270Iea\323;T\026L\222K\351\347\366\253\327"
 263      B8496561 
 263      D33B5416 
 263      4C924BE9 
 263      E7F6ABD7 
 264 0165 69DDB49E 		.ascii	"i\335\264\236\331l\"mY\317N\306X\345\321\326\001a\244"
 264      D96C226D 
 264      59CF4EC6 
 264      58E5D1D6 
 264      0161A4
 265 0178 5A704706 		.ascii	"ZpG\006\010t~\374\355\234\021\250\246PJWN\177\267M\371"
 265      08747EFC 
 265      ED9C11A8 
 265      A6504A57 
 265      4E7FB74D 
 266 018d 747ABC3A 		.ascii	"tz\274:\207\313\270T>\247\2544\356\242\204{:L\260\311"
 266      87CBB854 
 266      3EA7AC34 
 266      EEA2847B 
 266      3A4CB0C9 
 267 01a1 F6542D23 		.ascii	"\366T-#\015v\011\031\367\205\345\207\342\001J\035\356"
 267      0D760919 
 267      F785E587 
 267      E2014A1D 
 267      EE
 268 01b2 F16282C4 		.ascii	"\361b\202\304\363zjS\267\331\252hG\344\345?\364\226"
 268      F37A6A53 
 268      B7D9AA68 
 268      47E4E53F 
 268      F496
 269 01c4 33BE467E 		.ascii	"3\276F~5\363\001\345^Z\025\317\237\220,\313\370M\312"
 269      35F301E5 
 269      5E5A15CF 
 269      9F902CCB 
 269      F84DCA
 270 01d7 7A44E6EE 		.ascii	"zD\346\356|\276\360\347>^,\034\353\037,\024O\014\024"
 270      7CBEF0E7 
 270      3E5E2C1C 
 270      EB1F2C14 
ARM GAS  C:\Users\Ciccio\AppData\Local\Temp\ccVJtKT4.s 			page 21


 270      4F0C14
 271 01ea 8A27F303 		.ascii	"\212'\363\003\364\033\025L\331\202"
 271      F41B154C 
 271      D982
 272              		.text
 273              		.section	.gnu.lto_.symbol_nodes.275cd6a0,"",%progbits
 274 0000 789C55CA 		.ascii	"x\234U\312K\016\202@\020\004\320\352\032@\306Q\356\304"
 274      4B0E8240 
 274      1004D0EA 
 274      1A40C651 
 274      EEC4
 275 0012 C99A4417 		.ascii	"\311\232D\027~\023\374\340gG\202\347q\351Z\023\317a"
 275      7E13FCE0 
 275      674782E7 
 275      71E95A13 
 275      CF61
 276 0024 940113A6 		.ascii	"\224\001\023\2467\225~U\006@.\350\216KQ\240\274\003"
 276      37957E55 
 276      06402EE8 
 276      8E4B51A0 
 276      BC03
 277 0036 AAA8EAC5 		.ascii	"\252\250\352\305\004\\\211J(kQ\206\262\0215\241lE\243"
 277      045C894A 
 277      286B5186 
 277      B21135A1 
 277      6C45A3
 278 0049 504A6AFC 		.ascii	"PJj\374\227G\235\202;j2\204\370L\324T\303=u\024,\017"
 278      97479D82 
 278      3B6A3284 
 278      F84CD454 
 278      C33D7514 
 279 005f D434585E 		.ascii	"\3244X^(~y\244\332\240\270\222m!\025u\334\025(\212\024"
 279      287E79A4 
 279      DAA0B892 
 279      6D211575 
 279      DC15288A 
 280 0074 72A2BAC1 		.ascii	"r\242\272\301o\342)n\317On\222\010\215\317\014o\237"
 280      6FE2296E 
 280      CF4F6E92 
 280      088DCF0C 
 280      6F9F
 281 0086 C0ECF5CB 		.ascii	"\300\354\365\313T:\267}o3\314[\267D\323\246\353\335"
 281      543AB77D 
 281      6F33CC5B 
 281      B744D3A6 
 281      EBDD
 282 0098 F5EE8C77 		.ascii	"\365\356\214w|\001\3002_v"
 282      7C01C032 
 282      5F76
 283              		.text
 284              		.section	.gnu.lto_.refs.275cd6a0,"",%progbits
 285 0000 789C6366 		.ascii	"x\234cf``\020`\200\000F6&vfFN&.\026Fn&\036\026\006\000"
 285      60601060 
 285      80004636 
 285      26766646 
 285      4E262E16 
 286 001b 0449005F 		.ascii	"\004I\000_"
ARM GAS  C:\Users\Ciccio\AppData\Local\Temp\ccVJtKT4.s 			page 22


 287              		.text
 288              		.section	.gnu.lto_.decls.275cd6a0,"",%progbits
 289 0000 789CB558 		.ascii	"x\234\265X{LTW\032\277\347\236\3411\303\000V\263\266"
 289      7B4C5457 
 289      1ABFE79E 
 289      E131C300 
 289      56B3B6
 290 0013 214D449B 		.ascii	"!MD\233\262\355F\301W\267\217}\250\305\246mR\273\006"
 290      B2ED46C1 
 290      57B78F7D 
 290      A8C5A66D 
 290      52BB06
 291 0026 DCA44949 		.ascii	"\334\244II\246\024\246\205\204\207\353\214M\372\327"
 291      A614A685 
 291      8487EB8C 
 291      4DFAD7
 292 0035 5E010B56 		.ascii	"^\001\013VPDD\221\327PP\036>\000\305\001y\203v\034\204"
 292      50444491 
 292      D750501E 
 292      3E00C501 
 292      7983761C 
 293 004a 41407C81 		.ascii	"A@|\201\010\322V\001\301\"h\205Z\312~\347\234{g\356"
 293      08D25601 
 293      C1226885 
 293      5ACA7EE7 
 293      9C7B67EE 
 294 005e CC0ED626 		.ascii	"\314\016\326&\2737~\314\371\316\371}\277\357q\276s\346"
 294      BB377ECC 
 294      F9CEF97D 
 294      BFEF71BE 
 294      73E6
 295 0070 8E98E3B8 		.ascii	"\216\230\343\270\010\314qs\360|\270\210\343\374a\354"
 295      08CC7173 
 295      F07CB888 
 295      E3FC61EC 
 296 0080 01739B39 		.ascii	"\001s\2339\333\243\006\251\006\251\005\251\007i\002"
 296      DBA306A9 
 296      06A905A9 
 296      076902
 297 008f 31835C04 		.ascii	"1\203\\\004i\007\351\000\351\004\351\006\351\001\031"
 297      6907E900 
 297      E904E906 
 297      E90119
 298 009e 00011A6E 		.ascii	"\000\001\032n\004d\022\344\021g\377\020.w\321\207\227"
 298      046412E4 
 298      1167FF10 
 298      2E77D187 
 298      97
 299 00af C85F09F2 		.ascii	"\310_\011\362&\342\2707@\236\003\231\0219\326\302x\015"
 299      26E2B837 
 299      409E0399 
 299      1139D6C2 
 299      780D
 300 00c1 881F0812 		.ascii	"\210\037\010\022m\035\037\022\227\253\003\237\304Ex"
 300      6D1D1F12 
 300      97AB039F 
 300      C44578
ARM GAS  C:\Users\Ciccio\AppData\Local\Temp\ccVJtKT4.s 			page 23


 301 00d0 889D645F 		.ascii	"\210\235d_\353\304\276\376\031\343Ab<H\264q|H]\334~"
 301      EBC4BEFE 
 301      19E34162 
 301      3C48B471 
 301      7C485DDC 
 302 00e5 074793A8 		.ascii	"\007G\223\250\277\205\354y\314\"O\213C>K9\3479\231E"
 302      BF85EC79 
 302      CC224F8B 
 302      433E4B39 
 302      E7399945 
 303 00f9 FD2F0E3C 		.ascii	"\375/\016<\027\305\032\222\274\376\012kg\305y^\\\353"
 303      17C51A92 
 303      BCFE0A6B 
 303      67C5795E 
 303      5CEB
 304 010b 719203D9 		.ascii	"q\222\003\331OO'\265 \261\374\0158L\360\371w\370\\\007"
 304      4F4F27B5 
 304      20B1FC0D 
 304      384CF0F9 
 304      77F85C07 
 305 011f F2038CFB 		.ascii	"\362\003\214\373A\326\303\330(\332+D\016\022\023\351"
 305      41D6C3D8 
 305      28DA2B44 
 305      0E1213E9 
 306 012f 836A31B6 		.ascii	"\203j1\266\021\007?\035O\211\215\2549\333\247\316g\214"
 306      11073F1D 
 306      4F898DAC 
 306      39DBA7CE 
 306      678C
 307 0141 6D03C88F 		.ascii	"m\003\310\217\363\304\326)\213\255^\214m\322\301O\267"
 307      F3C4D629 
 307      8BAD5E8C 
 307      6DD2C14F 
 307      B7
 308 0152 C8FDAC3E 		.ascii	"\310\375\254>\336\206q\203\314G\267\314G\223\230\023"
 308      DE867183 
 308      CC47B7CC 
 308      47939813 
 309 0162 3903810E 		.ascii	"9\003\201\016\373\363\200GgO>\264x\014\363\310K\345"
 309      FBF38047 
 309      674F3EB4 
 309      780CF3C8 
 309      4BE5
 310 0174 4BD49A34 		.ascii	"K\324\2324\363!WP\325*\005Q;r\015\225\336\230Gd\\p\350"
 310      F3215750 
 310      D52A0551 
 310      3B720D95 
 310      DE984764 
 311 018b 768F6A79 		.ascii	"v\217jy\251 \010IB\323 \262Q46L\233Tx\021\005%'\015"
 311      A9200849 
 311      42D320B2 
 311      5134364C 
 311      9B547811 
 312 01a3 B6AAF08B 		.ascii	"\266\252\360\213t\274\343hm\262\033p-UQ\330@\326L\241"
 312      74BCE368 
 312      6DB21B70 
 312      2D5551D8 
ARM GAS  C:\Users\Ciccio\AppData\Local\Temp\ccVJtKT4.s 			page 24


 312      40D64CA1 
 313 01b7 92AAE4A8 		.ascii	"\222\252\344\250{\303\024\177z&\357\034B~\252B \235"
 313      7BC3147F 
 313      7A26EF1C 
 313      427EAA42 
 313      209D
 314 01c9 B894667A 		.ascii	"\270\224fzQ\020\024\250\034\251\320q\204Q)ZN\312C\254"
 314      511014A8 
 314      1CA9D071 
 314      8451295A 
 314      4ECA43AC 
 315 01dd C9932408 		.ascii	"\311\223$\010qBj\274\240|\217CE\310\007\025#\037\016"
 315      71426ABC 
 315      A07C8F43 
 315      45C80715 
 315      231F0E
 316 01f0 95213F00 		.ascii	"\225!?\000P(:\001\223'a\022x3\223\204\013\036H\345\347"
 316      50283A01 
 316      93276112 
 316      78339384 
 316      0B1E48E5 
 317 0205 D4E69413 		.ascii	"\324\346\224\023\033\032@\356\316\264\305$\200\012\010"
 317      1B1A40EE 
 317      CEB4C524 
 317      800A08
 318 0214 E0982D00 		.ascii	"\340\230-\000\210GJ\225\277\226\337\263\223\227\002"
 318      88474A95 
 318      BF96DFB3 
 318      939702
 319 0223 EEBD7BF8 		.ascii	"\356\275{\370\017\004_\011\370\022\033\276\002=-\342"
 319      0F045F09 
 319      F8121BBE 
 319      023D2DE2 
 320 0233 D34E2346 		.ascii	"\323N#F\375\275g\276U*`\237(\333\307\264\370\267\362"
 320      FDBD67BE 
 320      552A609F 
 320      28DBC7B4 
 320      F8B7F2
 321 0246 0F16793F 		.ascii	"\017\026y?\177\000\\\021\226\005\012\264y\261\225\207"
 321      7F005C11 
 321      96050AB4 
 321      79B19587 
 322 0256 4346F43C 		.ascii	"CF\364<\374=\203\024l\0232\316\334\015\306il\247\332"
 322      FC3D8314 
 322      6C1332CE 
 322      DC0DC669 
 322      6CA7DA
 323 0269 8C15ADAE 		.ascii	"\214\025\255\256\276\271B\223a\302Rr24-^(\024\006\347"
 323      BEB94293 
 323      61C25272 
 323      32342D5E 
 323      281406E7 
 324 027d E69608EE 		.ascii	"\346\226\010\356\304\012UYc\345\310\230\306\212\252"
 324      C40A5559 
 324      63E5C898 
 324      C68AAA
 325 028c 912F58D6 		.ascii	"\221/X\326>\031\352Q\314\353\362,u\371\261\350\261\340"
ARM GAS  C:\Users\Ciccio\AppData\Local\Temp\ccVJtKT4.s 			page 25


 325      3E19EA51 
 325      CCEBF22C 
 325      75F9B1E8 
 325      B1E0
 326 029e 5155950B 		.ascii	"QU\225\013\276.6GA^\015\246.\015\226#\256f\241in\256"
 326      BE2E3647 
 326      415E0DA6 
 326      2E0D9623 
 326      AE66A169 
 327 02b4 51F02516 		.ascii	"Q\360%\026\250F\346\256FrWK\335\365w\225\226z\341QF"
 327      A846E6AE 
 327      4672574B 
 327      DDF57795 
 327      967AE151 
 328 02c9 31D0B8BB 		.ascii	"1\320\270\273\323\215Q\214\310(H\304u2\212:\211\242"
 328      D38D518C 
 328      C82848C4 
 328      75328A3A 
 328      89A2
 329 02db 9E52B4CE 		.ascii	"\236R\264\316N\016\333EL\352g\013\271\301.d\263\341"
 329      4E0EDB45 
 329      4CEA670B 
 329      B9C12E64 
 329      B3E1
 330 02ed 71BF377E 		.ascii	"q\2777~\302\374\335\317jjQR\177\203\263G:\324\202\344"
 330      C2FCDDCF 
 330      6A6A5152 
 330      7F83B347 
 330      3AD482E4 
 331 0301 911AA146 		.ascii	"\221\032\241F\231\313F\311e\023uy0\243-\333\015'c\302"
 331      99CB46C9 
 331      65137579 
 331      30A32DDB 
 331      0D2763C2 
 332 0315 A2C8DF99 		.ascii	"\242\310\337\231\321\347\216\224>~>\211d\273'\342R\027"
 332      D1E78E94 
 332      3E7E3E89 
 332      64BB27E2 
 332      5217
 333 0327 200E2DF7 		.ascii	" \016-\367A\257\302f\237\207\315nAJ\260<\007\021}\013"
 333      41AFC266 
 333      9F87CD6E 
 333      414AB03C 
 333      07117D0B 
 334 033b 111D823D 		.ascii	"\021\035\202= 3\205\364\030\255'c\324,\322\263\347\020"
 334      203385F4 
 334      18AD2763 
 334      D42CD2B3 
 334      E710
 335 034d CC330CB8 		.ascii	"\3143\014\270:9\232\221\211\344\331\021\274-;\223]v"
 335      3A399A91 
 335      89E4D911 
 335      BC2D3B93 
 335      5D76
 336 035f F9426B8E 		.ascii	"\371Bk\216\022\247\321\270\320lS\275I\314.+\261M\236"
 336      12A7D1B8 
 336      D06C53BD 
ARM GAS  C:\Users\Ciccio\AppData\Local\Temp\ccVJtKT4.s 			page 26


 336      49CC2E2B 
 336      B14D9E
 337 0372 1D18A10B 		.ascii	"\035\030\241\013\262\354.H\331\231iv\206\252\204I\005"
 337      B2EC2E48 
 337      D9996976 
 337      86AA8449 
 337      05
 338 0383 2E612C77 		.ascii	".a,wL\306\345@b0L\014\247\344\341L\301\020'\374:7\207"
 338      4CC6E540 
 338      62304C0C 
 338      A7E4E14C 
 338      C11027FC 
 339 039a 682BA056 		.ascii	"h+\240V\031I\253Dr\221\222\234\251\351\034Sa\013#y\374"
 339      1949AB44 
 339      7291929C 
 339      A9E91C53 
 339      610B2379 
 340 03af 73F54D2F 		.ascii	"s\365M/`\0314\030r\012\330\306\256\243\333\332&#h\223"
 340      60193418 
 340      720AD8C6 
 340      AEA3DBDA 
 340      26236893 
 341 03c3 08DA29C1 		.ascii	"\010\332)\301\336\335\243;y\334\313\010\332J\314\223"
 341      DEDDA33B 
 341      79DCCB08 
 341      DA4ACC93 
 342 03d3 9E8CA0D6 		.ascii	"\236\214\240\326J@\"\260\310\010,\022A\007%(/\236h\360"
 342      4A4022B0 
 342      C8082C12 
 342      41072528 
 342      2F9E68F0 
 343 03e7 C4771841 		.ascii	"\304w\030AG\356/\303n\214\340\206]\004\227d\004\227"
 343      47EE2FC3 
 343      6E8CE086 
 343      5D049764 
 343      0497
 344 03f9 24824E4A 		.ascii	"$\202NJpbp\372\236\032?`\004\361}\306D\017J08\363\235"
 344      706270FA 
 344      9E1A3F60 
 344      04F17DC6 
 344      440F4A30 
 345 0410 49ACE63A 		.ascii	"I\254\346:\326)]2\216.\211\243\233r\\>\234V\211\360"
 345      D6295D32 
 345      8E2E89A3 
 345      9B725C3E 
 345      9C5689F0 
 346 0424 2F8CA32A 		.ascii	"/\214\243*k&\235\034\221Aa\3022\362\353\372}\361\251"
 346      6B269D1C 
 346      914161C2 
 346      32F2EBFA 
 346      7DF1A9
 347 0437 EC54B262 		.ascii	"\354T\262b^\226\261\\\226Xz(\213\371X\316'8IA\333\355"
 347      5E96B15C 
 347      96587A28 
 347      8BF958CE 
 347      27384941 
 348 044d BBEC72A3 		.ascii	"\273\354r\2437\362\363\361QI\035t\003\372\375\312\177"
ARM GAS  C:\Users\Ciccio\AppData\Local\Temp\ccVJtKT4.s 			page 27


 348      37F2F3F1 
 348      51491D74 
 348      03FAFDCA 
 348      7F
 349 045e 75D0F43A 		.ascii	"u\320\364:\262@\333\215|\322\253h\"M\300/X{\363*\364"
 349      B240DB8D 
 349      7CD2AB68 
 349      224DC02F 
 349      587BF32A 
 350 0473 2659E2D0 		.ascii	"&Y\342\320u\350\247k\354\032\032\332\377`\227\213JD"
 350      75E8A76B 
 350      EC1A1ADA 
 350      FF60978B 
 350      4A44
 351 0485 27FD16FA 		.ascii	"'\375\026\372n\302\224Y\245\376\332z\315\241^\273\263"
 351      6EC29459 
 351      A5FEDA7A 
 351      CDA15EBB 
 351      B3
 352 0496 D787D4E2 		.ascii	"\327\207\324\3427D\326\303\261=n\364v\2039\361v3\236"
 352      3744D6C3 
 352      B13D6EF4 
 352      768339F1 
 352      76339E
 353 04a9 4F29779F 		.ascii	"O)w\237\367\252\351\247\235}S\272\335\312\366\337\236"
 353      F7AAE9A7 
 353      9D7D53BA 
 353      DDCAF6DF 
 353      9E
 354 04ba 74C729B4 		.ascii	"t\307)\264\006\350|kE*\355'\241\274\254\242\372\345"
 354      06E87C6B 
 354      452AED27 
 354      A1BCACA2 
 354      FAE5
 355 04cc 4C215FEA 		.ascii	"L!_\352J\260B\267d\205\274%\025r\200\0262+\265;SM\277"
 355      4AB042B7 
 355      6485BC25 
 355      15728016 
 355      322BB53B 
 356 04e3 EB2208CF 		.ascii	"\353\"\010\317\330)\203\311\235~\327y\3226\3359\261"
 356      D82983C9 
 356      9D7ED779 
 356      D236DD39 
 356      B1
 357 04f4 4B455535 		.ascii	"KEU5Q\367\027\024}\243\"\245\020\304\344\324\362\334"
 357      51F71714 
 357      7DA322A5 
 357      10C4E4D4 
 357      F2DC
 358 0506 BEA3B578 		.ascii	"\276\243\265x\305\007\015\261R\\{\220\235\356\2620\225"
 358      C5070DB1 
 358      525C7B90 
 358      9DEEB230 
 358      95
 359 0517 A205B8B5 		.ascii	"\242\005\270\265\350\266\014\002\3746\205\177\217\026"
 359      E8B60C02 
 359      FC36857F 
ARM GAS  C:\Users\Ciccio\AppData\Local\Temp\ccVJtKT4.s 			page 28


 359      8F16
 360 0525 4A4634F7 		.ascii	"JF4\367\253\343\247\025rt\357\323\320?\244\035\230\300"
 360      ABE3A715 
 360      7274EFD3 
 360      D03FA41D 
 360      98C0
 361 0537 B886255F 		.ascii	"\270\206%_w\275}\267\007>\307\224\211T\343\250\307\222"
 361      77BD7DB7 
 361      073EC794 
 361      8954E3A8 
 361      C792
 362 0549 2E450E6C 		.ascii	".E\016l\363\017`\004S\226\316\341\012\367\227\362\205"
 362      F30F6004 
 362      5396CEE1 
 362      0AF797F2 
 362      85
 363 055a 4E38B2E3 		.ascii	"N8\262\343w_\330\221j\210K\025H\273\023\000\272\003"
 363      775FD891 
 363      6A884B15 
 363      48BB1300 
 363      BA03
 364 056c C5810326 		.ascii	"\305\201\003&\363u\227\224\010\015#h\303\021\364\022"
 364      F3759794 
 364      080D2368 
 364      C311F412 
 365 057c 1024D5A5 		.ascii	"\020$\325\245\037U\322\"}D\3678\265\270LM\253\342A\324"
 365      1F55D222 
 365      7D44F738 
 365      B5B84C4D 
 365      ABE241D4 
 366 0590 949F1F58 		.ascii	"\224\237\037X\274\250\252\242%\234\355i\366\230\267"
 366      BCA8AAA2 
 366      259CED69 
 366      F698B7
 367 059f 48E35291 		.ascii	"H\343R\221\306X\221\366\266\315u{9\026i\024\340\367"
 367      C65891F6 
 367      B6CD757B 
 367      39166914 
 367      E0F7
 368 05b1 28FC3E4D 		.ascii	"(\374>M{\\J\273\271\267\242\213w,\322\274\350[\271S"
 368      7B5C4ABB 
 368      B9B7A28B 
 368      772CD2BC 
 368      E85BB953 
 369 05c5 C90A3CC0 		.ascii	"\311\012<\300\352b,\354\033\367\\2N\353\362#\253K\246"
 369      EA622CEC 
 369      1BF75C32 
 369      4EEBF223 
 369      AB4BA6
 370 05d8 B1CFCCEA 		.ascii	"\261\317\314\352b\350+\020\024f!\201\234=\262J\213\002"
 370      62E82B10 
 370      14662181 
 370      9C3DB24A 
 370      8B02
 371 05ea 675EC63D 		.ascii	"g^\306=A\213\362\200\024e\222\026%\243\241?\327\023"
 371      418BF280 
 371      14659216 
ARM GAS  C:\Users\Ciccio\AppData\Local\Temp\ccVJtKT4.s 			page 29


 371      25A3A13F 
 371      D713
 372 05fc CF30F6AA 		.ascii	"\3170\366\252\341\364\303hI\242\213\214}\352\346\354"
 372      E1F4C368 
 372      49A28B8C 
 372      7DEAE6EC 
 373 060c 9482B13F 		.ascii	"\224\202\261?q\302\336m\307>E\331\037\022\366G\224\335"
 373      71C2DE6D 
 373      C73E45D9 
 373      1F12F647 
 373      94DD
 374 061e 34D2B087 		.ascii	"4\322\260\207\365\245\340J\330\312\033\217\355R\322"
 374      F5A5E04A 
 374      D8CA1B8F 
 374      ED52D2
 375 062d 227F42D4 		.ascii	"\"\177B\324\226\263\2119\012\274\337\205:?z9\355\260"
 375      96B38939 
 375      0ABCDF85 
 375      3A3F7A39 
 375      EDB0
 376 063f 37A978FC 		.ascii	"7\251x\3743\275\330\200EB\346\334#\214\363\230\371\341"
 376      33BDD880 
 376      4542E6DC 
 376      238CF398 
 376      F9E1
 377 0651 99B2120F 		.ascii	"\231\262\022\017\\ *\231\027\372\024\270\210)\205\007"
 377      5C202A99 
 377      17FA14B8 
 377      88298507 
 378 0661 328EBB50 		.ascii	"2\216\273P\247\356\364E\356R\317^%>.:M\177\274\313\033"
 378      A7EEF445 
 378      EE52CF5E 
 378      253E2E3A 
 378      4D7FBCCB 
 379 0676 5730A56D 		.ascii	"W0\245mhz\212u\304\002\242\316<\351\271\301\343J\266"
 379      687A8A75 
 379      C402A2CE 
 379      3CE9B9C1 
 379      E34AB6
 380 0689 76F1EAED 		.ascii	"v\361\352\355o\\p5S2\037\267\233\274)\360\005z\276\262"
 380      6F5C7035 
 380      53321FB7 
 380      9BBC29F0 
 380      057ABEB2 
 381 069d E2E3BD71 		.ascii	"\342\343\275q\003[3\024\315\316y\341\363L\221\336A\325"
 381      035B3314 
 381      CDCE79E1 
 381      F34C91DE 
 381      41D5
 382 06af EC1D34BB 		.ascii	"\354\0354\273y\264\313\023\267\262\265\251\241\270_"
 382      79B4CB13 
 382      B7B2B5A9 
 382      A1B85F
 383 06be 11B630A5 		.ascii	"\021\2660\245x\250#\315\223\002_!j^\372L \356bK5\017"
 383      78A823CD 
 383      93025F21 
 383      6A5EFA4C 
ARM GAS  C:\Users\Ciccio\AppData\Local\Temp\ccVJtKT4.s 			page 30


 383      20EE624B 
 384 06d4 763F74C7 		.ascii	"v?t\307W\2302\360x\240\305\215\342V\022\365@]v\032k"
 384      579832F0 
 384      78A0C58D 
 384      E25612F5 
 384      405D761A 
 385 06e9 69812EEF 		.ascii	"i\201.\3579Y8\305\002\303D\255\234\352lV\314\333\304"
 385      395938C5 
 385      02C344AD 
 385      9CEA6C56 
 385      CCDBC4
 386 06fc 7B79B189 		.ascii	"{y\261\211\367\360\264\234\306\254\311io[[\262\327\305"
 386      F7F0B49C 
 386      C6ACC969 
 386      6F5B5BB2 
 386      D7C5
 387 070e 14DE0709 		.ascii	"\024\336\007\011<\201\247\362\013%#\202\3561^,v\225"
 387      3C81A7F2 
 387      0B252382 
 387      EE315E2C 
 387      7695
 388 0720 A3679E86 		.ascii	"\243g\236\206\376:#\335\204\360\015\226\304\225\035"
 388      FE3A23DD 
 388      84F00D96 
 388      C4951D
 389 072f 77AEF2B8 		.ascii	"w\256\362\270\237)\247\012\216\030YK\254\247\031\\\353"
 389      9F29A70A 
 389      8E18594B 
 389      ACA7195C 
 389      EB
 390 0740 BAE28687 		.ascii	"\272\342\206\207\304\362U\244\316\2603\371\036Q[\317"
 390      C4F255A4 
 390      CEB033F9 
 390      1E515BCF 
 391 0750 A434A9F0 		.ascii	"\2444\251\360\035\2666{\354\373i\036\337c\312\335\206"
 391      1DB6367B 
 391      ECFB691E 
 391      DF63CADD 
 391      86
 392 0761 3181A7C0 		.ascii	"1\201\247\300\315\364\310\214\247\014\270\343\373\366"
 392      CDF4C88C 
 392      A70CB8E3 
 392      FBF6
 393 076f 0EBC9883 		.ascii	"\016\274\230\203GY\243+\346-I\266T\222W\305\273/=N:"
 393      4759A32B 
 393      E62D49B6 
 393      549257C5 
 393      BB2F3D4E 
 394 0784 D606A922 		.ascii	"\326\006\251\"Y\220\343,E\347\320\034\263\245\034\253"
 394      5990E32C 
 394      45E7D01C 
 394      B3A51CAB 
 395 0794 5B6EC5AB 		.ascii	"[n\305\253\345\350\231\247\241-?\025\347\270\342\207"
 395      E5E899A7 
 395      A12D3F15 
 395      E7B8E287 
 396 07a4 2C46E96A 		.ascii	",F\351jR\323\253iqywm\011B\313d\317\"i\340g\020\022"
ARM GAS  C:\Users\Ciccio\AppData\Local\Temp\ccVJtKT4.s 			page 31


 396      52D3AB69 
 396      7179776D 
 396      0942CB64 
 396      CF2269E0 
 397 07bb E22766AA 		.ascii	"\342'f\252\306\376|\366\224\320\224\200\251\223D\036"
 397      C6FE7CF6 
 397      94D09480 
 397      A993441E 
 398 07cb A313FC22 		.ascii	"\243\023\374\"\333"
 398      DB
 399 07d0 81F98AEE 		.ascii	"\201\371\212\356A\021\361\313\021\003\303\255\023\256"
 399      4111F1CB 
 399      1103C3AD 
 399      13AE
 400 07de E69514BB 		.ascii	"\346\225\024\273\333\021\233L\261\177\262BG\255\320"
 400      DB119B4C 
 400      B17FB242 
 400      47ADD0
 401 07ed 838ED00C 		.ascii	"\203\216\320\014{\332\035\206\361\025\000\315\345\027"
 401      7BDA1D86 
 401      F11500CD 
 401      E517
 402 07fb A23C112A 		.ascii	"\242<\021*\245\213\014\016\254\375V\326\257\035Yw9\006"
 402      A58B0C0E 
 402      ACFD56D6 
 402      AF1D5977 
 402      3906
 403 080d 6BB162E1 		.ascii	"k\261b\341\200\330cY)e\330v+\366\027\347X[\010#V\350"
 403      80D86359 
 403      2965D876 
 403      2BF617E7 
 403      585B0823 
 404 0823 01E789D9 		.ascii	"\001\347\211\331\240\367\254\320C\216\320L\007\350u"
 404      A0F7ACD0 
 404      438ED04C 
 404      07E875
 405 0832 2B34CE11 		.ascii	"+4\316\021\032\357\000\035\266B\367;B\323\035k\320f"
 405      1AEF001D 
 405      B642F73B 
 405      42D31D6B 
 405      D066
 406 0844 C53E71CC 		.ascii	"\305>q\314\353\025\033t\237x\374\326+8\364\023\254?"
 406      EB151B74 
 406      9F78FCD6 
 406      2B38F413 
 406      AC3F
 407 0856 A6291334 		.ascii	"\246)\0234\334\225\310\310\373\241\012~\031:\016R\004"
 407      DC95C8C8 
 407      FBA10A7E 
 407      193A0E52 
 407      04
 408 0867 7214E434 		.ascii	"r\024\3444\310I\220R\2203 e \371 \247@\216\200|\003"
 408      C8499052 
 408      90332065 
 408      20F920A7 
 408      408E807C 
 409 087c 5209720C 		.ascii	"R\011r\014\244\030\244\000\244\004\244\034\244\220_"
ARM GAS  C:\Users\Ciccio\AppData\Local\Temp\ccVJtKT4.s 			page 32


 409      A418A400 
 409      A404A41C 
 409      A4905F
 410 088b 465F3A68 		.ascii	"F_:h\200\227\254\001\356pLFpL\246\327\212\335\351\274"
 410      8097AC01 
 410      EE704C46 
 410      704CA6D7 
 410      8ADDE9BC 
 411 089f 536D351A 		.ascii	"Sm5\032\263B\017;\257\274\214\366\242\025\373\263\323"
 411      B3420F3B 
 411      AFBC8CF6 
 411      A215FBB3 
 411      D3
 412 08b0 1AD9586F 		.ascii	"\032\331XoZ\221I\316\273\317\006\355\260B\347\034I\005"
 412      5A9149CE 
 412      BBCF06ED 
 412      B042E71C 
 412      4905
 413 08c2 3BE80EC3 		.ascii	";\350\016\303\000\351\376}\320\375i\"\251t\375\211g"
 413      00E9FE7D 
 413      D0FD6922 
 413      A974FD89 
 413      67
 414 08d3 4A16EA0D 		.ascii	"J\026\352\015+k\202\363.aX\362\352;\330z\302U@\004\303"
 414      2B6B82F3 
 414      2E6158F2 
 414      EA3BD87A 
 414      C2554004 
 415 08e8 49AF7BEC 		.ascii	"I\257{\354\201_\351\235\025\225}j\344\267\210\342\356"
 415      815FE99D 
 415      15957D6A 
 415      E4B788E2 
 415      EE
 416 08f9 47BBA36A 		.ascii	"G\273\243j`\232\266\375B'F\364q\326\030\250\012\372"
 416      609AB6FD 
 416      422746F4 
 416      71D618A8 
 416      0AFA
 417 090b E1FFDD1B 		.ascii	"\341\377\335\033p\231\315\335\233Nv\223\277<W\313\322"
 417      7099CDDD 
 417      9B4E7693 
 417      BF3C57CB 
 417      D2
 418 091c 85DF043C 		.ascii	"\205\337\004<}y&\237\000.=\335\336\302/\315#\377\353"
 418      7D79269F 
 418      002E3DDD 
 418      DEC22FCD 
 418      23FFEB
 419 092f 60D935A4 		.ascii	"`\3315\244\024\022\310\3532\375=\312\336ok\370\245\344"
 419      1412C8EB 
 419      32FD3DCA 
 419      DE6F6BF8 
 419      A5E4
 420 0941 1BA3F72B 		.ascii	"\033\243\367+\025\005\031r\023\2416\024b\226 \265\024"
 420      15051972 
 420      13A13614 
 420      629620B5 
ARM GAS  C:\Users\Ciccio\AppData\Local\Temp\ccVJtKT4.s 			page 33


 420      14
 421 0952 52F65367 		.ascii	"R\366Sg\251\207\334+\371\355a\363Z'z\255\243^\313\017"
 421      A987DC2B 
 421      F9ED61F3 
 421      5A277AAD 
 421      A35ECB0F 
 422 0966 5698D472 		.ascii	"V\230\324r\260\311\016\\/\202\353)x\246\3024n\307\334"
 422      B0C90E5C 
 422      2F82EB29 
 422      78A6C234 
 422      6EC7DC
 423 0979 6F076E10 		.ascii	"o\007n\020\301\015\024\274\377\364\276BO9\230\274\234"
 423      C10D14BC 
 423      FFF4BE42 
 423      4F3998BC 
 423      9C
 424 098a DAC08D22 		.ascii	"\332\300\215\"\270\221\202\373\332\263\277U\310\301"
 424      B89182FB 
 424      DAB3BF55 
 424      C8C1
 425 0998 463BE626 		.ascii	"F;\346&\021\334D\301\265)\311\307x9\370G;\346f\021\334"
 425      11DC44C1 
 425      B529C9C7 
 425      7839F847 
 425      3BE66611 
 426 09ad 4CC1574F 		.ascii	"L\301WO%\017+\345\340\006;\346\026\021\334B\301\226"
 426      250F2BE5 
 426      E0063BE6 
 426      1611DC42 
 426      C196
 427 09bf 96879B68 		.ascii	"\226\207\233hu\313\207-\377\226v\240[*\3579~)\247\324"
 427      75CB872D 
 427      FF9676A0 
 427      5B2AEF39 
 427      7E29A7D4 
 428 09d3 7DA9D347 		.ascii	"}\251\323GFk5z\327w?\374\247o \347\276=2F\277f\265F"
 428      466B357A 
 428      D7773FFC 
 428      A76F20E7 
 428      BE3D3246 
 429 09eb AFD268A4 		.ascii	"\257\322h\244\341gao\205\204ED~\032\251\323o\017\217"
 429      E167616F 
 429      85844544 
 429      7E1AA9D3 
 429      6F0F8F
 430 09fe 8C0DD1C7 		.ascii	"\214\015\321\307\306F\351B>\217\331\356KG\276\241\333"
 430      C646E942 
 430      3E8FD9EE 
 430      4B47BEA1 
 430      DB
 431 0a0f A27DB5D1 		.ascii	"\242}\265\321\237j\303\303\265\341!k\375\337\364]\275"
 431      9F6AC3C3 
 431      B5E1216B 
 431      FDDFF45D 
 431      BD
 432 0a20 72D56BFF 		.ascii	"r\325k\377Z\023\002\363+bbc\264+\264\241\237F\206D\306"
 432      5A1302F3 
ARM GAS  C:\Users\Ciccio\AppData\Local\Temp\ccVJtKT4.s 			page 34


 432      2B626263 
 432      B42BB4A1 
 432      9F468644 
 433 0a35 84456D0F 		.ascii	"\204Em\017\327\206D\207\002W\2146D\023\256\375,t{\224"
 433      D7864487 
 433      02578C36 
 433      4413AEFD 
 433      2C747B94 
 434 0a49 5EA3FF72 		.ascii	"^\243\377r\253V\347\037\301}\374?u\003\211\205ht\372"
 434      AB56E71F 
 434      C17DFC3F 
 434      75038985 
 434      6874FA
 435 0a5c 70C801B8 		.ascii	"p\310\001\270\377\350\357\037`\375\027\253\013\330\246"
 435      FFE8EF1F 
 435      60FD17AB 
 435      0BD8A6
 436 0a6b 0F108101 		.ascii	"\017\020\201\001a\021\244\006b\014\013uzMTT8\030\206"
 436      6111A406 
 436      620C0B75 
 436      7A4D5454 
 436      381886
 437 0a7e 6ED36B42 		.ascii	"n\323kB\243\200{\265\203iDhT\300\326\330mz]@\360\226"
 437      A3807BB5 
 437      83694468 
 437      54C0D6D8 
 437      6D7A5D40 
 438 0a94 4D6B5607 		.ascii	"MkV\007|\360\301\306\200-\357o\372bU\000\263\005\226"
 438      7CF0C1C6 
 438      802DEF6F 
 438      FA625500 
 438      B30596
 439 0aa7 E7AC2CB1 		.ascii	"\347\254,\261[\031\311\002iF\253\267\237\370\\\232p"
 439      5B19C902 
 439      6946ABB7 
 439      9FF85C9A 
 439      70
 440 0ab8 D1BC0D59 		.ascii	"\321\274\015Y.\026\247#ulV\023\032\246\217\374B\353"
 440      2E16A723 
 440      756C5613 
 440      1AA68FFC 
 440      42EB
 441 0aca AAD3BF1F 		.ascii	"\252\323\277\037\023\251\177\321I(\272ma\340\330?\214"
 441      13A97FD1 
 441      4928BA6D 
 441      61E0D83F 
 441      8C
 442 0adb 53EBF4C1 		.ascii	"S\353\364\301$\352\015\304\316\203(\261[\351X\005c\255"
 442      24EA0DC4 
 442      CE8328B1 
 442      5BE95805 
 442      63AD
 443 0aed 5E1ABEAB 		.ascii	"^\032\276\253\265\"\230'\340U\204E\204nS\206E\004\177"
 443      B5229827 
 443      E0558445 
 443      846E5386 
 443      45047F
ARM GAS  C:\Users\Ciccio\AppData\Local\Temp\ccVJtKT4.s 			page 35


 444 0b00 A97B2F34 		.ascii	"\251{/4J\277\3547\212\005\031\272k4\237m\217\011\323"
 444      4ABFEC37 
 444      8A0519BA 
 444      6B349F6D 
 444      8F09D3
 445 0b13 683CA581 		.ascii	"h<\245\201\377\353+\327\274\356)\217\201\223\257\255"
 445      FFEB2BD7 
 445      BCEE298F 
 445      8193AFAD 
 446 0b23 5DEB610B 		.ascii	"]\353a\013\303~\345\015\017[T\034\214\243I\317EFk\364"
 446      C37EE50D 
 446      0F5B541C 
 446      8CA349CF 
 446      45466BF4 
 447 0b37 38306815 		.ascii	"80h\025\310jE\360\246\300 \305\306\367\337\011\342\203"
 447      C86A45F0 
 447      A6C020C5 
 447      C6F7DF09 
 447      E283
 448 0b49 83F03BEF 		.ascii	"\203\360;\357\006\271\004\006n\012ZE\377\256V\004\006"
 448      06B90406 
 448      6E0A5A45 
 448      FFAE5604 
 448      06
 449 0b5a BE138403 		.ascii	"\276\023\204\003?\334\2027\007\007\342\015AA8(\020t"
 449      3FDC8237 
 449      0707E20D 
 449      41413828 
 449      1074
 450 0b6c 30787BE3 		.ascii	"0x{\343\226 \274\221Xn\332\020\304\377\203Y\255\001"
 450      9620BC91 
 450      586EDA10 
 450      C4FF8359 
 450      AD01
 451 0b7e FC4741AF 		.ascii	"\374GA\257\375\216=\025\303\201\244\377\003\002Z\001"
 451      FD8E3D15 
 451      C381A4FF 
 451      03025A01 
 452 0b8e 2A       		.ascii	"*"
 453              		.text
 454              		.section	.gnu.lto_.symtab.275cd6a0,"",%progbits
 455 0000 7374496E 		.ascii	"stInit\000\000\000\000\000\000\000\000\000\000\000\000"
 455      69740000 
 455      00000000 
 455      00000000 
 455      0000
 456 0012 CA000000 		.ascii	"\312\000\000\000stStartAlarm\000\000\000\000\000\000"
 456      73745374 
 456      61727441 
 456      6C61726D 
 456      00000000 
 457 0028 00000000 		.ascii	"\000\000\000\000\000\000\314\000\000\000stStopAlarm"
 457      0000CC00 
 457      00007374 
 457      53746F70 
 457      416C6172 
 458 003d 00000000 		.ascii	"\000\000\000\000\000\000\000\000\000\000\000\000\316"
ARM GAS  C:\Users\Ciccio\AppData\Local\Temp\ccVJtKT4.s 			page 36


 458      00000000 
 458      00000000 
 458      CE
 459 004a 00000073 		.ascii	"\000\000\000stSetAlarm\000\000\000\000\000\000\000\000"
 459      74536574 
 459      416C6172 
 459      6D000000 
 459      00000000 
 460 005f 00000000 		.ascii	"\000\000\000\000\320\000\000\000stGetAlarm\000\000\000"
 460      D0000000 
 460      73744765 
 460      74416C61 
 460      726D0000 
 461 0074 00000000 		.ascii	"\000\000\000\000\000\000\000\000\000\322\000\000\000"
 461      00000000 
 461      00D20000 
 461      00
 462 0081 73745F6C 		.ascii	"st_lld_init\000\000\002\000\000\000\000\000\000\000"
 462      6C645F69 
 462      6E697400 
 462      00020000 
 462      00000000 
 463 0096 0000D400 		.ascii	"\000\000\324\000\000\000chSysHalt\000\000\002\000\000"
 463      00006368 
 463      53797348 
 463      616C7400 
 463      00020000 
 464 00aa 00000000 		.ascii	"\000\000\000\000\000\000\000\337\000\000\000"
 464      000000DF 
 464      000000
 465              		.text
 466              		.section	.gnu.lto_.opts,"",%progbits
 467 0000 272D666E 		.ascii	"'-fno-trapv' '-fno-strict-overflow' '-mcpu=cortex-m"
 467      6F2D7472 
 467      61707627 
 467      20272D66 
 467      6E6F2D73 
 468 0033 34272027 		.ascii	"4' '-mno-thumb-interwork' '-mthumb' '-ggdb' '-O0' '"
 468      2D6D6E6F 
 468      2D746875 
 468      6D622D69 
 468      6E746572 
 469 0066 2D666F6D 		.ascii	"-fomit-frame-pointer' '-falign-functions=16' '-ffun"
 469      69742D66 
 469      72616D65 
 469      2D706F69 
 469      6E746572 
 470 0099 6374696F 		.ascii	"ction-sections' '-fdata-sections' '-fno-common' '-f"
 470      6E2D7365 
 470      6374696F 
 470      6E732720 
 470      272D6664 
 471 00cc 6C746F27 		.ascii	"lto'\000"
 471      00
 472              		.text
 473              		.comm	__gnu_lto_v1,1,1
 474              		.comm	__gnu_lto_slim,1,1
ARM GAS  C:\Users\Ciccio\AppData\Local\Temp\ccVJtKT4.s 			page 37


 475              		.ident	"GCC: (GNU Tools for ARM Embedded Processors) 4.9.3 20150529 (release) [ARM/embedded-4_9-br
ARM GAS  C:\Users\Ciccio\AppData\Local\Temp\ccVJtKT4.s 			page 38


DEFINED SYMBOLS
                            *ABS*:00000000 st.c
                            *COM*:00000001 __gnu_lto_v1
                            *COM*:00000001 __gnu_lto_slim

NO UNDEFINED SYMBOLS
