ARM GAS  C:\Users\Ciccio\AppData\Local\Temp\ccoinCpb.s 			page 1


   1              		.syntax unified
   2              		.cpu cortex-m4
   3              		.fpu softvfp
   4              		.eabi_attribute 20, 1
   5              		.eabi_attribute 21, 1
   6              		.eabi_attribute 23, 3
   7              		.eabi_attribute 24, 1
   8              		.eabi_attribute 25, 1
   9              		.eabi_attribute 26, 1
  10              		.eabi_attribute 30, 6
  11              		.eabi_attribute 34, 1
  12              		.eabi_attribute 18, 4
  13              		.thumb
  14              		.file	"st_lld.c"
  15              		.text
  16              	.Ltext0:
  17              		.section	.gnu.lto_.inline.275ce3fe,"",%progbits
  18 0000 789C6366 		.ascii	"x\234cf\300\0164\031!47\003\003\0133\003\003\023\313"
  18      C00E3419 
  18      21343703 
  18      030B3303 
  18      0313CB
  19 0013 073D0616 		.ascii	"\007=\006\026\006&\220\020#\206\010\023\003\013\017"
  19      06269010 
  19      23860813 
  19      030B0F
  20 0022 90645A20 		.ascii	"\220dZ \017W\303\005$\230\261\013\2630\260)`\021F\020"
  20      0F57C305 
  20      2498B10B 
  20      B330B029 
  20      60114610 
  21 0036 ACD8F5B1 		.ascii	"\254\330\365\261a\027f'd\034\007v}\234\014\374gAn\347"
  21      61176627 
  21      641C0776 
  21      7D9C0CFC 
  21      67416EE7 
  22 004a D9908B43 		.ascii	"\331\220\213C#6\202\213AD\006\250I\256\341\027#L\027"
  22      2336828B 
  22      414406A8 
  22      49AEE117 
  22      234C17
  23 005d 330F8804 		.ascii	"3\017\210\004\0006\003\015\240"
  23      0036030D 
  23      A0
  24              		.text
  25              		.section	.gnu.lto_port_lock.275ce3fe,"",%progbits
  26 0000 789C6550 		.ascii	"x\234ePMHTQ\030\375\316\275oFr6\022\270q3\017$\334\310"
  26      4D485451 
  26      18FDCEBD 
  26      6F467236 
  26      12B87133 
  27 0018 DC5CB58C 		.ascii	"\334\\\265\214\020\204\026\263q\366\231=\037(8\216\274"
  27      108416B3 
  27      71F6993D 
  27      1F28388E 
  27      BC
  28 0029 F941575E 		.ascii	"\371AW^\207\201j\021D\031\214\240\244\204\3758\245N"
ARM GAS  C:\Users\Ciccio\AppData\Local\Temp\ccoinCpb.s 			page 2


  28      87816A11 
  28      44198CA0 
  28      A484FD38 
  28      A54E
  29 003b B6D1D5AC 		.ascii	"\266\321\325\254D\202\300E 8`?\030T\272P^iC\304\364"
  29      4482C045 
  29      2038603F 
  29      1854BA50 
  29      5E6943C4 
  30 0050 DD3711A8 		.ascii	"\3357\021\250\217wy|\347;\347\334s\236\244\363O+\237"
  30      8F77797C 
  30      E73BE7DC 
  30      739EA4F3 
  30      4F2B9F
  31 0063 59106933 		.ascii	"Y\020i3H\202 >`\200@\023\002\023\370&\216\004\356WJ"
  31      4882203E 
  31      60804013 
  31      0213F826 
  31      8E04EE57 
  32 0078 C548C782 		.ascii	"\305H\307\202\326\3720\357\227\241\247n\326\230\350"
  32      D6FA30EF 
  32      97A1A76E 
  32      D698E8
  33 0087 8B86079E 		.ascii	"\213\206\007\236\241\203\230uT\370\263\035\011\027\230"
  33      A1839875 
  33      54F8B31D 
  33      091798
  34 0096 D5D2D8E1 		.ascii	"\325\322\330\3419\302l\005\336\371%=%\245\202\341\255"
  34      39C26C05 
  34      DEF9253D 
  34      25A582E1 
  34      AD
  35 00a7 2DFD7817 		.ascii	"-\375x\027\371*j\002\266\031\327\037l\026\303f\024\226"
  35      F92A6A02 
  35      B619D71F 
  35      6C16C366 
  35      1496
  36 00b9 19F7DFCF 		.ascii	"\031\367\337\317/4\267\317k\235\327\323zN\334\251\324"
  36      2F34B7CF 
  36      6B9DD7D3 
  36      7A4EDCA9 
  36      D4
  37 00ca EB576B42 		.ascii	"\353WkB\342\005$\233b\021m(\241\355_|\274D\373\362\305"
  37      E205249B 
  37      62116D28 
  37      A1ED5F7C 
  37      BC44FBF2 
  38 00df 8AAED79F 		.ascii	"\212\256\327\237<\2359\011\011\004\010\321^\020\355"
  38      3C9D3909 
  38      090408D1 
  38      5E10ED
  39 00ee 8BE08FDC 		.ascii	"\213\340\217\334A\376\320\242\023ab|\272\367s\025\346"
  39      41FED0A2 
  39      1361627C 
  39      BAF77315 
  39      E6
  40 00ff 2E69135E 		.ascii	".i\023^\261M\025\371\317\325\362F\327\251\370\037\013"
ARM GAS  C:\Users\Ciccio\AppData\Local\Temp\ccoinCpb.s 			page 3


  40      B14D15F9 
  40      CFD5F246 
  40      D7A9F81F 
  40      0B
  41 0110 DF65E063 		.ascii	"\337e\340c\012\370\002g\313a\011a\276{\331\264\003\271"
  41      0AF80267 
  41      CB610961 
  41      BE7BD9B4 
  41      03B9
  42 0122 BCFD70F0 		.ascii	"\274\375p\360\353\241\214\346fu\321\2565j<\252\376\236"
  42      EBA18CE6 
  42      6675D1AE 
  42      356A3CAA 
  42      FE9E
  43 0134 6CB6CCEF 		.ascii	"l\266\314\357\\A\224\014\362xk\345n\210\021\224aq\032"
  43      5C41940C 
  43      F2786BE5 
  43      6E881194 
  43      61711A
  44 0147 DEBC86C5 		.ascii	"\336\274\206\305\370\333\333s\307Vt\274\241\015\031"
  44      F8DBDB73 
  44      C75674BC 
  44      A10D19
  45 0156 E6D6C1C6 		.ascii	"\346\326\301\306\372\205@\273j\264x\003\213v1Y\361o"
  45      FA8540BB 
  45      6AB47803 
  45      8B763159 
  45      F16F
  46 0168 9840A6D9 		.ascii	"\230@\246\331\236\3213\2413\026S\377\337TZy\0315\232"
  46      9ED133A1 
  46      331653FF 
  46      DF545A79 
  46      19359A
  47 017b F2326975 		.ascii	"\3622iu\2557\336\035\037S\316\240\223\362\334\276\334"
  47      AD37DE1D 
  47      1F53CEA0 
  47      93F2DCBE 
  47      DC
  48 018c 95646C90 		.ascii	"\225dl\220B\271\376\341\254\253\316H\334\261\214\352"
  48      42B9FEE1 
  48      ACABCE48 
  48      DCB18CEA 
  49 019c 8E27AE27 		.ascii	"\216'\256'\324\320\2103\234\035pU q\222=\331\021\207"
  49      D4D08833 
  49      9C1D7055 
  49      2071923D 
  49      D91187
  50 01af 552DF144 		.ascii	"U-\361D\257}\253?\355\216zC\235\366\245\313$<jJ\272"
  50      AF7DAB3F 
  50      ED8E7A43 
  50      9DF6A5CB 
  50      243C6A4A 
  51 01c4 C994374E 		.ascii	"\311\2247N\177\001\246<\257s"
  51      7F01A63C 
  51      AF73
  52              		.text
  53              		.section	.gnu.lto_port_unlock.275ce3fe,"",%progbits
ARM GAS  C:\Users\Ciccio\AppData\Local\Temp\ccoinCpb.s 			page 4


  54 0000 789C6550 		.ascii	"x\234eP\317KTQ\030\375\316\275o&u6\022\264q3\003\022"
  54      CF4B5451 
  54      18FDCEBD 
  54      6F267536 
  54      12B47133 
  55 0016 6E646EAD 		.ascii	"ndn\255ZF\010A\213\3318\177\200\351\353\201\202\343"
  55      5A460841 
  55      8BD9387F 
  55      80E9EB81 
  55      82E3
  56 0028 C89B1FE8 		.ascii	"\310\233\037\350\312\353 \224\273(\203i!*!VS\352X\233"
  56      CAEB2094 
  56      BB288369 
  56      212A2156 
  56      53EA589B 
  57 003c 5CCD4A22 		.ascii	"\\\315J\"\210\014\202\240\201\212\230\240\310\2056Q"
  57      880C82A0 
  57      818A98A0 
  57      C8853651 
  58 004c 3D2AA6EF 		.ascii	"=*\246\357{\023\201\372x\227\313w\276s\316;\347i:\376"
  58      7B1381FA 
  58      7897CB77 
  58      BE73CE3B 
  58      E7693AFE 
  59 0060 9CE2B308 		.ascii	"\234\342\263\010\"+\203&(\342\003\006\0104\2430\203"
  59      222B8326 
  59      28E20306 
  59      0834A330 
  59      83
  60 0071 CFEA40E1 		.ascii	"\317\352@\341z\255R\216\365\255Zk\367KA\025v\341r\300"
  60      7AAD528E 
  60      F5AD5A6B 
  60      F74B4115 
  60      76E172C0 
  61 0085 C4A66A7B 		.ascii	"\304\246j{`\015}\304\254\203\271?\257c\3219fu\267w\270"
  61      600D7DC4 
  61      AC83B93F 
  61      AF63D139 
  61      6675B777 
  62 009a 8B285B81 		.ascii	"\213([\201w\315\212]\320\332@xO\326\277=\217}R\201B"
  62      77CD8A5D 
  62      D0DA4078 
  62      4FD6BF3D 
  62      8F7D5281 
  63 00af 42C6ED1B 		.ascii	"B\306\355\033O\313Q\031\225#\343\227W+\253]\275+\326"
  63      4FCB5119 
  63      9523E397 
  63      572BAB5D 
  63      BD2BD6
  64 00c2 96EC6DBB 		.ascii	"\226\354m\273\254\256\325Z\255\363\201\322\270\007\315"
  64      ACAED55A 
  64      ADF381D2 
  64      B807CD
  65 00d1 A6B88F1E 		.ascii	"\246\270\217\036T\320\363/>\036\240w\343d\315\266Zw"
  65      54D0F32F 
  65      3E1EA077 
  65      E364CDB6 
ARM GAS  C:\Users\Ciccio\AppData\Local\Temp\ccoinCpb.s 			page 5


  65      5A77
  66 00e3 D67E0711 		.ascii	"\326~\007\021\205\020!j\204\321>*\276\364\033\224\366"
  66      8510216A 
  66      84D13E2A 
  66      BEF41B94 
  66      F6
  67 00f4 1DFAA124 		.ascii	"\035\372\241$\306\273\306\213\227\035\362-\315\332\207"
  67      C6BBC68B 
  67      971DF22D 
  67      CDDA87
  68 0103 6C5347E9 		.ascii	"lSG\351C\275\272s\366P\374\367\215\257:\364\221\002"
  68      43BDBA73 
  68      F650FCF7 
  68      8DAF3AF4 
  68      9102
  69 0115 4D85A3E5 		.ascii	"M\205\243\345\260\216(\3537\244\035\310\023\337\275"
  69      B08E28EB 
  69      37A41DC8 
  69      13DFBD
  70 0124 9F3775BC 		.ascii	"\2377u\274\270h\313\211\240]\343V\375\327l\227#\277"
  70      B868CB89 
  70      A05DE356 
  70      FDD76C97 
  70      23BF
  71 0136 73137112 		.ascii	"s\023q\022diws>\302\010\252p8\015o\266\3400\376\354"
  71      64697773 
  71      3EC208AA 
  71      70380D6F 
  71      B6E030FE 
  72 014b EAF27727 		.ascii	"\352\362w'>\335\326F\204\271\273\267\263\335\031j\037"
  72      3EDDD646 
  72      84B9BBB7 
  72      B3DD196A 
  72      1F
  73 015c 89168FE1 		.ascii	"\211\026\217\341\320[\314\326\226\206$\2204k\210\236"
  73      D05BCCD6 
  73      96862490 
  73      346B889E 
  74 016c 09FDC9A4 		.ascii	"\011\375\311\244\371\377fs\306\317\233\311\254\237\317"
  74      F9FF6673 
  74      C6CF9BC9 
  74      AC9FCF
  75 017b 990B83A9 		.ascii	"\231\013\203\251\201\324\224qG\335\254\357\015\025\317"
  75      81D49471 
  75      47DDACEF 
  75      0D15CF
  76 018a 6592A314 		.ascii	"e\222\243\024)\016\217\027<sD\342M\345\315@*})m\306"
  76      290E8F17 
  76      3C7344E2 
  76      4DE5CD40 
  76      2A7D296D 
  77 019f 26DCF1C2 		.ascii	"&\334\361\302\025\317\204\0227s\2610\341\262\252;\225"
  77      15CF8412 
  77      3773B130 
  77      E1B2AA3B 
  77      95
  78 01b0 1E4C8C0C 		.ascii	"\036L\214\014\347\274I\177\254?q\372\014)\237Nd\274"
ARM GAS  C:\Users\Ciccio\AppData\Local\Temp\ccoinCpb.s 			page 6


  78      E7BC497F 
  78      AC3F71FA 
  78      0C299F4E 
  78      64BC
  79 01c2 4CD69FA6 		.ascii	"L\326\237\246\277\320\012\260%"
  79      BFD00AB0 
  79      25
  80              		.text
  81              		.section	.gnu.lto_port_lock_from_isr.275ce3fe,"",%progbits
  82 0000 789C6366 		.ascii	"x\234cf\300\004\242@<\017\210\365@\034f\006F&\006 f"
  82      C004A240 
  82      3C0F88F5 
  82      401C6606 
  82      46260620 
  83 0015 64047218 		.ascii	"d\004r\030\031\352\231\030\353\031_2}db\234p`\365\014"
  83      19EA9918 
  83      EB195F32 
  83      7D64629C 
  83      7060F50C 
  84 0029 6EF5A50D 		.ascii	"n\365\245\015\015\015\037>\375\336\310\3300%\341'P\341"
  84      0D0D1F3E 
  84      FDDEC8D8 
  84      3025E127 
  84      50E1
  85 003b 67268819 		.ascii	"g&\210\031\214\313\031\325\031\200\252>\266\374\275"
  85      8CCB19D5 
  85      1980AA3E 
  85      B6FCBD
  86 004a CECDD602 		.ascii	"\316\315\326\002T%\000\221c\\\301\310\0062j\275\320"
  86      54250091 
  86      635CC1C8 
  86      06326ABD 
  86      D0
  87 005b 8186FFFF 		.ascii	"\201\206\377\377\037\257[\363\227\025\310}\002\326\366"
  87      1FAF5BF3 
  87      9715C87D 
  87      02D6F6
  88 006a 94094831 		.ascii	"\224\011H1\337al>p\371>#H!\310\204y\227\373\3261\325"
  88      DF616C3E 
  88      70F93E23 
  88      4821C884 
  88      7997FBD6 
  89 0080 FE6EE868 		.ascii	"\376n\350h\340\370\311\304\370\231\011\250\232q%c-\303"
  89      E0F8C9C4 
  89      F89909A8 
  89      9A712563 
  89      2DC3
  90 0092 4FA0E27B 		.ascii	"O\240\342{\214\215\007\256\306\203U2\200\014\001\312"
  90      8C8D07AE 
  90      C6835532 
  90      800C01CA 
  91 00a2 014DD0D1 		.ascii	"\001M\320\321\323\323\207\243\374b\375\242\022\375\202"
  91      D3D387A3 
  91      FC62FDA2 
  91      12FD82
  92 00b1 FCA29262 		.ascii	"\374\242\222b}\307 _g\337\012\375\344\214\344\374\242"
  92      7DC7205F 
ARM GAS  C:\Users\Ciccio\AppData\Local\Temp\ccoinCpb.s 			page 7


  92      67DF0AFD 
  92      E48CE4FC 
  92      A2
  93 00c2 D4F832F3 		.ascii	"\324\3702\363\\\275\014\006\000\251\260CI"
  93      5CBD0C06 
  93      00A9B043 
  93      49
  94              		.text
  95              		.section	.gnu.lto_port_unlock_from_isr.275ce3fe,"",%progbits
  96 0000 789C6366 		.ascii	"x\234cf\300\004\242@<\017\210\365@\034f\006F&\006 f"
  96      C004A240 
  96      3C0F88F5 
  96      401C6606 
  96      46260620 
  97 0015 64047218 		.ascii	"d\004r\030\031\352\231\030\353\031_2}db\234p`\365\014"
  97      19EA9918 
  97      EB195F32 
  97      7D64629C 
  97      7060F50C 
  98 0029 6EF5A50D 		.ascii	"n\365\245\015\015\015\037\026\375\337\310\3300%\341"
  98      0D0D1F16 
  98      FDDFC8D8 
  98      3025E1
  99 0038 2750E167 		.ascii	"'P\341g&\210\031\214\313\031\325\031\200\252>\266\374"
  99      2688198C 
  99      CB19D519 
  99      80AA3EB6 
  99      FC
 100 0049 BDCECDD6 		.ascii	"\275\316\315\326\002T%\000\221c\\\301\310\0062j\275"
 100      02542500 
 100      91635CC1 
 100      C806326A 
 100      BD
 101 005a D08186FF 		.ascii	"\320\201\206\377\377\037\257\277\363\237\025\310}\002"
 101      FF1FAFBF 
 101      F39F15C8 
 101      7D02
 102 0068 D6F69409 		.ascii	"\326\366\224\011H1\337al>\360\363>#H!\310\204y\227\373"
 102      4831DF61 
 102      6C3EF0F3 
 102      3E234821 
 102      C8847997 
 103 007d D631D5FE 		.ascii	"\3261\325\376n\350h\340\370\311\304\370\231\011\250"
 103      6EE868E0 
 103      F8C9C4F8 
 103      9909A8
 104 008c 9A712563 		.ascii	"\232q%c-\303O\240\342{\214\215\007~\307\203U2\200\014"
 104      2DC34FA0 
 104      E27B8C8D 
 104      077EC783 
 104      5532800C 
 105 00a0 01CA014D 		.ascii	"\001\312\001M\320\321\323\323\207\243\374b\375\242\022"
 105      D0D1D3D3 
 105      87A3FC62 
 105      FDA212
 106 00af FD82FCA2 		.ascii	"\375\202\374\242\222b}\307 _g\337\012\375\344\214\344"
 106      92627DC7 
ARM GAS  C:\Users\Ciccio\AppData\Local\Temp\ccoinCpb.s 			page 8


 106      205F67DF 
 106      0AFDE48C 
 106      E4
 107 00c0 FCA2D4F8 		.ascii	"\374\242\324\3702\363\\\275\014\006\000\244qC|"
 107      32F35CBD 
 107      0C0600A4 
 107      71437C
 108              		.text
 109              		.section	.gnu.lto_chSysLockFromISR.275ce3fe,"",%progbits
 110 0000 789C6366 		.ascii	"x\234cf\300\004\242@\374\011\210U@\034f\006F&\006 f"
 110      C004A240 
 110      FC098855 
 110      401C6606 
 110      46260620 
 111 0015 64047218 		.ascii	"d\004r\030\031\352\231\030\353\031_2}db\234p`\365\014"
 111      19EA9918 
 111      EB195F32 
 111      7D64629C 
 111      7060F50C 
 112 0029 6EF5A50D 		.ascii	"n\365\245\015\015\015\037\026]\334\310\3300%\341'P\341"
 112      0D0D1F16 
 112      5DDCC8D8 
 112      3025E127 
 112      50E1
 113 003b 67268819 		.ascii	"g&\210\031\214\313\031\325\031\200\252>\266\374\275"
 113      8CCB19D5 
 113      1980AA3E 
 113      B6FCBD
 114 004a CECDD602 		.ascii	"\316\315\326\002T%\000\221c\\\301\310\0062j\275\320"
 114      54250091 
 114      635CC1C8 
 114      06326ABD 
 114      D0
 115 005b 8186FFFF 		.ascii	"\201\206\377\377\037\257\375s\221\025\310}\002\326\366"
 115      1FAFFD73 
 115      9115C87D 
 115      02D6F6
 116 006a 94094831 		.ascii	"\224\011H1\337al>0\363\026#H!\310\204y\227\373\3261"
 116      DF616C3E 
 116      30F31623 
 116      4821C884 
 116      7997FBD6 
 117 007f D5FE6EE8 		.ascii	"\325\376n\350h\340\370\311\304\370\231\011\250\232q"
 117      68E0F8C9 
 117      C4F89909 
 117      A89A71
 118 008e 25632DC3 		.ascii	"%c-\303O\240b\220\322YR\270T\202\334\275\012I\345\034"
 118      4FA06290 
 118      D25952B8 
 118      5482DCBD 
 118      0A49E51C 
 119 00a2 9C2A9981 		.ascii	"\234*\231\201*WCU\336cl<0?\012\254\222\001\3440\240"
 119      2A574355 
 119      DE636C3C 
 119      303F0AAC 
 119      9201E430 
 120 00b7 7D408394 		.ascii	"}@\203\224\364\364\364\341(\277X\277\250D?3/9\2474%"
ARM GAS  C:\Users\Ciccio\AppData\Local\Temp\ccoinCpb.s 			page 9


 120      F4F4F4E1 
 120      28BF58BF 
 120      A8443F33 
 120      2F39A734 
 121 00cc 553F39A3 		.ascii	"U?9\243\270\262X/\203\001\000ER\\\036"
 121      B8B2582F 
 121      83010045 
 121      525C1E
 122              		.text
 123              		.section	.gnu.lto_osalSysLockFromISR.275ce3fe,"",%progbits
 124 0000 789C6366 		.ascii	"x\234cf\300\004\242@\274\000\210U@\034f\006F&\006 f"
 124      C004A240 
 124      BC008855 
 124      401C6606 
 124      46260620 
 125 0015 64047218 		.ascii	"d\004r\030\031\352\231\030\353\031_2}db\234p`\365\014"
 125      19EA9918 
 125      EB195F32 
 125      7D64629C 
 125      7060F50C 
 126 0029 6EF5A50D 		.ascii	"n\365\245\015\015\015\037&Ml\023k\230\222\360\023\250"
 126      0D0D1F26 
 126      4D6C136B 
 126      9892F013 
 126      A8
 127 003a F03313C4 		.ascii	"\3603\023\304\014\306\345\214\352\014@U\037[\376^\347"
 127      0CC6E58C 
 127      EA0C4055 
 127      1F5BFE5E 
 127      E7
 128 004b 666B01AA 		.ascii	"fk\001\252\022\200\3101\256`d\003\031\265^\350@\303"
 128      1280C831 
 128      AE606403 
 128      19B55EE8 
 128      40C3
 129 005d FFFF8FD7 		.ascii	"\377\377\217\327\235\231\310\0062\372\011X\337S& \305"
 129      9D99C806 
 129      32FA0958 
 129      DF532620 
 129      C5
 130 006e 7C87B1F9 		.ascii	"|\207\261\371\300\364G\022 \225 #\346]\356[\307T\373"
 130      C0F44712 
 130      20952023 
 130      E65DEE5B 
 130      C754FB
 131 0081 BBA1A381 		.ascii	"\273\241\243\201\343'\023\343g&\240j\306\225\214\265"
 131      E32713E3 
 131      6726A06A 
 131      C6958CB5 
 132 0091 0C3F818A 		.ascii	"\014?\201\212\35716\036\230\371\210\003\254\224\001"
 132      EF31361E 
 132      98F98803 
 132      AC9401
 133 00a0 640A5012 		.ascii	"d\012P\022h\204\222\236\236>\034\345\027\353g$\346\000"
 133      6884929E 
 133      9E3E1CE5 
 133      17EB6724 
ARM GAS  C:\Users\Ciccio\AppData\Local\Temp\ccoinCpb.s 			page 10


 133      E600
 134 00b2 29205154 		.ascii	") QT\002\246\3652\030\000\244\340>\300"
 134      02A6F532 
 134      1800A4E0 
 134      3EC0
 135              		.text
 136              		.section	.gnu.lto_osalOsTimerHandlerI.275ce3fe,"",%progbits
 137 0000 789C6366 		.ascii	"x\234cf\300\004\242@\274\000\210U@\034f\006F&\006 f"
 137      C004A240 
 137      BC008855 
 137      401C6606 
 137      46260620 
 138 0015 64047218 		.ascii	"d\004r\030\031\352\231\030\353\031_2}db\234p`\365\014"
 138      19EA9918 
 138      EB195F32 
 138      7D64629C 
 138      7060F50C 
 139 0029 6EF5A50D 		.ascii	"n\365\245\015\015\015\037>ml\023k\230\222\360\023\250"
 139      0D0D1F3E 
 139      6D6C136B 
 139      9892F013 
 139      A8
 140 003a F03313C4 		.ascii	"\3603\023\304\014\306\345\214\352\014@U\037[\376^\347"
 140      0CC6E58C 
 140      EA0C4055 
 140      1F5BFE5E 
 140      E7
 141 004b 666B01AA 		.ascii	"fk\001\252\022\200\3101\256`d\003\031\265^\350@\303"
 141      1280C831 
 141      AE606403 
 141      19B55EE8 
 141      40C3
 142 005d FFFF8BD7 		.ascii	"\377\377\213\327\257\331\314\0062\372\011X\337S& \305"
 142      AFD9CC06 
 142      32FA0958 
 142      DF532620 
 142      C5
 143 006e 7C87B1F9 		.ascii	"|\207\261\371\300\346g\022 \225 #\346]\356[\307T\373"
 143      C0E66712 
 143      20952023 
 143      E65DEE5B 
 143      C754FB
 144 0081 BBA1A381 		.ascii	"\273\241\243\201\343'\023\343g&\240j\306\225\214\265"
 144      E32713E3 
 144      6726A06A 
 144      C6958CB5 
 145 0091 0C3F818A 		.ascii	"\014?\201\212\35716\036\330\372\214\003\254\224\001"
 145      EF31361E 
 145      D8FA8C03 
 145      AC9401
 146 00a0 640A5012 		.ascii	"d\012P\022h\204\222\236\236>\034\345\027\353g$\346\000"
 146      6884929E 
 146      9E3E1CE5 
 146      17EB6724 
 146      E600
 147 00b2 29205154 		.ascii	") QT\002\246\3652\030\000\364_?C"
 147      02A6F532 
ARM GAS  C:\Users\Ciccio\AppData\Local\Temp\ccoinCpb.s 			page 11


 147      1800F45F 
 147      3F43
 148              		.text
 149              		.section	.gnu.lto_chSysUnlockFromISR.275ce3fe,"",%progbits
 150 0000 789C6366 		.ascii	"x\234cf\300\004\242@\374\011\210U@\034f\006F&\006 f"
 150      C004A240 
 150      FC098855 
 150      401C6606 
 150      46260620 
 151 0015 64047218 		.ascii	"d\004r\030\031\352\231\030\353\031_2}db\234p`\365\014"
 151      19EA9918 
 151      EB195F32 
 151      7D64629C 
 151      7060F50C 
 152 0029 6EF5A50D 		.ascii	"n\365\245\015\015\015\037\036]\335\310\3300%\341'P\341"
 152      0D0D1F1E 
 152      5DDDC8D8 
 152      3025E127 
 152      50E1
 153 003b 67268819 		.ascii	"g&\210\031\214\313\031\325\031\200\252>\266\374\275"
 153      8CCB19D5 
 153      1980AA3E 
 153      B6FCBD
 154 004a CECDD602 		.ascii	"\316\315\326\002T%\000\221c\\\301\310\0062j\275\320"
 154      54250091 
 154      635CC1C8 
 154      06326ABD 
 154      D0
 155 005b 8186FFFF 		.ascii	"\201\206\377\377\037\257\333s\235\025\310}\002\326\366"
 155      1FAFDB73 
 155      9D15C87D 
 155      02D6F6
 156 006a 94094831 		.ascii	"\224\011H1\337al>\360\361\026#H!\310\204y\227\373\326"
 156      DF616C3E 
 156      F0F11623 
 156      4821C884 
 156      7997FBD6 
 157 007e 31D5FE6E 		.ascii	"1\325\376n\350h\340\370\311\304\370\231\011\250\232"
 157      E868E0F8 
 157      C9C4F899 
 157      09A89A
 158 008d 7125632D 		.ascii	"q%c-\303O\240b\220\322OR\270T\202\334\275\012I\345\027"
 158      C34FA062 
 158      90D24F52 
 158      B85482DC 
 158      BD0A49E5 
 159 00a2 9C2A9981 		.ascii	"\234*\231\201*WCU\336cl<\360=\012\254\222\001\3440\240"
 159      2A574355 
 159      DE636C3C 
 159      F03D0AAC 
 159      9201E430 
 160 00b7 7D408394 		.ascii	"}@\203\224\364\364\364\341(\277X\277\250D?3/9\2474%"
 160      F4F4F4E1 
 160      28BF58BF 
 160      A8443F33 
 160      2F39A734 
 161 00cc 553F39A3 		.ascii	"U?9\243\270\262X/\203\001\000\375\277]\211"
ARM GAS  C:\Users\Ciccio\AppData\Local\Temp\ccoinCpb.s 			page 12


 161      B8B2582F 
 161      830100FD 
 161      BF5D89
 162              		.text
 163              		.section	.gnu.lto_osalSysUnlockFromISR.275ce3fe,"",%progbits
 164 0000 789C6366 		.ascii	"x\234cf\300\004\242@\274\000\210U@\034f\006F&\006 f"
 164      C004A240 
 164      BC008855 
 164      401C6606 
 164      46260620 
 165 0015 64047218 		.ascii	"d\004r\030\031\352\231\030\353\031_2}db\234p`\365\014"
 165      19EA9918 
 165      EB195F32 
 165      7D64629C 
 165      7060F50C 
 166 0029 6EF5A50D 		.ascii	"n\365\245\015\015\015\037\016Mn\023k\230\222\360\023"
 166      0D0D1F0E 
 166      4D6E136B 
 166      9892F013 
 167 0039 A8F03313 		.ascii	"\250\3603\023\304\014\306\345\214\352\014@U\037[\376"
 167      C40CC6E5 
 167      8CEA0C40 
 167      551F5BFE 
 168 0049 5EE7666B 		.ascii	"^\347fk\001\252\022\200\3101\256`d\003\031\265^\350"
 168      01AA1280 
 168      C831AE60 
 168      640319B5 
 168      5EE8
 169 005b 40C3FFFF 		.ascii	"@\303\377\377\217\327\377\231\314\0062\372\011X\337"
 169      8FD7FF99 
 169      CC0632FA 
 169      0958DF
 170 006a 532620C5 		.ascii	"S& \305|\207\261\371\300\336G\022 \225 #\346]\356[\307"
 170      7C87B1F9 
 170      C0DE4712 
 170      20952023 
 170      E65DEE5B 
 171 007f 54FBBBA1 		.ascii	"T\373\273\241\243\201\343'\023\343g&\240j\306\225\214"
 171      A381E327 
 171      13E36726 
 171      A06AC695 
 171      8C
 172 0090 B50C3F81 		.ascii	"\265\014?\201\212\35716\036\330\377\210\003\254\224"
 172      8AEF3136 
 172      1ED8FF88 
 172      03AC94
 173 009f 01640A50 		.ascii	"\001d\012P\022h\204\222\236\236>\034\345\027\353g$\346"
 173      12688492 
 173      9E9E3E1C 
 173      E517EB67 
 173      24E6
 174 00b1 00292051 		.ascii	"\000) QT\002\246\3652\030\000\366W?q"
 174      5402A6F5 
 174      321800F6 
 174      573F71
 175              		.text
 176              		.section	.gnu.lto_VectorB0.275ce3fe,"",%progbits
ARM GAS  C:\Users\Ciccio\AppData\Local\Temp\ccoinCpb.s 			page 13


 177 0000 789C8592 		.ascii	"x\234\205\222Mh\023A\024\307\347\315\314&\013Q\024/"
 177      4D681341 
 177      14C7E7CD 
 177      CC260B51 
 177      142F
 178 0012 4A2E0A39 		.ascii	"J.\0129\224\036\222\305\352\275\036\274\010-\036\354"
 178      941E92C5 
 178      EABD1EBC 
 178      082D1EEC 
 179 0022 5D440F1E 		.ascii	"]D\017\036\002\025S\274\225N\232\355\007X\244X\017U"
 179      021553BC 
 179      954E9AED 
 179      0758A458 
 179      0F55
 180 0034 898D076D 		.ascii	"\211\215\007m5\232\326j\243i\375XT\260\330J\220 \305"
 180      359AD66A 
 180      A369FD58 
 180      54B0D84A 
 180      9020C5
 181 0047 50B46002 		.ascii	"P\264`\002z\260M\233`\272\224\272\276\331\2545\250K"
 181      7AB04D9B 
 181      60BA94BA 
 181      BED9AC35 
 181      A84B
 182 0059 43769699 		.ascii	"Cv\226\231\371\275\377\376\337\007#\377\376\032\361"
 182      F9BDFFFE 
 182      DF0723FF 
 182      FE1AF1
 183 0068 C931420E 		.ascii	"\3111B\016\313\215B\200\022|(\036\010\312q\341\014\360"
 183      CB8D4280 
 183      127C281E 
 183      08CA71E1 
 183      0CF0
 184 007a 051C00AF 		.ascii	"\005\034\000\257\201tQ\306\241\013\276\321U\012\203"
 184      817451C6 
 184      A10BBED1 
 184      550A83
 185 0089 4672D8D7 		.ascii	"Fr\330\327pK\010QZ\333\340=\373L\014-\323\232*\214B"
 185      704B0851 
 185      5ADBE03D 
 185      FB4C0C2D 
 185      D39A2A8C 
 186 009e 03416655 		.ascii	"\003AfU\337\\\360ytdv\327\356`\014<(\305\361.\223\252"
 186      DF5CF079 
 186      746476D7 
 186      EE600C3C 
 186      28C5F12E 
 187 00b4 BCF37DA5 		.ascii	"\274\363}\245&\205\003\022\235\276<;\354\221[\374.n"
 187      26850312 
 187      9DBE3C3B 
 187      EC915BFC 
 187      2E6E
 188 00c6 47064D83 		.ascii	"G\006M\203\007n\012\321\275\264\3347\267\243gV\350K"
 188      076E0AD1 
 188      BDB4DC37 
 188      B7A36756 
 188      E84B
ARM GAS  C:\Users\Ciccio\AppData\Local\Temp\ccoinCpb.s 			page 14


 189 00d8 96B5DF44 		.ascii	"\226\265\337Dk(\004w\300\017w\301\357$\001I\010`L\376"
 189      6B280477 
 189      C00F77C1 
 189      EF240149 
 189      08604CFE 
 190 00ec 757C48B1 		.ascii	"u|H\261c\304\325+\011\332oXV\263\211r\377\011\270\367"
 190      63C4D52B 
 190      09DA6F58 
 190      56B38972 
 190      FF09B8F7 
 191 0100 57809199 		.ascii	"W\200\221\231\034;\242'\304O\313\002\227\220\373vH\235"
 191      1C3BA227 
 191      C44FCB02 
 191      9790FB76 
 191      489D
 192 0112 AF95D1B7 		.ascii	"\257\225\321\267\333\371JA`|\217!,\253\274\362\245\257"
 192      DBF94A41 
 192      607C8F21 
 192      2CABBCF2 
 192      A5AF
 193 0124 F9055580 		.ascii	"\371\005U\200 Iq\341L.\\n\011)\330e+R|\261E\210\031"
 193      204971E1 
 193      4C2E5C6E 
 193      0929D865 
 193      2B527CB1 
 194 013b B92CC842 		.ascii	"\271,\310B\311:\334\310]J\321\316\015\321/T\223*e\212"
 194      C93ADCC8 
 194      5D4AD1CE 
 194      0DD12F54 
 194      932A658A 
 195 014f C58371E8 		.ascii	"\305\203q\350\3048\017Y\004\346\206\3116N8X\036\272"
 195      C4380F59 
 195      04E686C9 
 195      364E3858 
 195      1EBA
 196 0161 4B13D557 		.ascii	"K\023\325W\212d\253\330\023\012\313soz\025Yk\206\235"
 196      8A64ABD8 
 196      130ACB73 
 196      6F7A1559 
 196      6B869D
 197 0174 119CC003 		.ascii	"\021\234\300\003\264\234\207\227i\2501\262\275\237\013"
 197      B49C8797 
 197      69A831B2 
 197      BD9F0B
 198 0183 D9F7AACD 		.ascii	"\331\367\252\315\020\371\201\251\365\221\357;\343p\035"
 198      10F981A9 
 198      F591EF3B 
 198      E3701D
 199 0192 ABE34511 		.ascii	"\253\343E\021\230\224I\342ya\376bZ\015&\205\216\027"
 199      989449E2 
 199      7961FE62 
 199      5A0D2685 
 199      8E17
 200 01a4 2A3C8438 		.ascii	"*<\2048\254\331\311\300#\010\242dl\275w\236\325DYM\367"
 200      ACD9C9C0 
 200      2308A264 
 200      6CBD779E 
ARM GAS  C:\Users\Ciccio\AppData\Local\Temp\ccoinCpb.s 			page 15


 200      D544594D 
 201 01b9 DA42B1C2 		.ascii	"\332B\261\302\244.\307rM\241\312\007\320?\306\374\016"
 201      A42EC772 
 201      4DA1CA07 
 201      D03FC6FC 
 201      0E
 202 01ca 8340F4F6 		.ascii	"\203@\364\366\314\200\327\006P%\355\324\262(m0\231I"
 202      CC80D706 
 202      5025EDD4 
 202      B2286D30 
 202      9949
 203 01dc A93AE464 		.ascii	"\251:\344d\302\177\333.%\366\312\223:\227Q!\214F\333"
 203      C27FDB2E 
 203      25F6CA93 
 203      3A975121 
 203      8C46DB
 204 01ef 297771FA 		.ascii	")wq\372\370\217\323'\020\254\317W\305\243\014\306\310"
 204      F88FD327 
 204      10ACCF57 
 204      C5A30CC6 
 204      C8
 205 0200 4694B3D4 		.ascii	"F\224\263\324\255\302\350\007\246\267\032\0213*\273"
 205      ADC2E807 
 205      A6B71A11 
 205      332ABB
 206 020f DC4899C7 		.ascii	"\334H\231\307L\035\371\303\225T\220|\352\2202g\356\314"
 206      4C1DF9C3 
 206      9554907C 
 206      EA903267 
 206      EECC
 207 0221 C3A6FB3C 		.ascii	"\303\246\373< \010\317\266\237\007/b\317\035\354\023"
 207      2008CFB6 
 207      9F072F62 
 207      CF1DEC13 
 208 0231 440DEBB8 		.ascii	"D\015\353\270M\0229{8RX\210\246PH\333\372\267G\264\263"
 208      4D12397B 
 208      38525888 
 208      A65048DB 
 208      FAB747B4 
 209 0246 A7C2DAB9 		.ascii	"\247\302\332\271\366\363\035\021\355D[\353\241&\255"
 209      F6F31D11 
 209      ED445BEB 
 209      A126AD
 210 0255 A5E5A8D6 		.ascii	"\245\345\250\326v\254\365\302A-\322q2\034>\023:M~\001"
 210      76ACF5C2 
 210      412DD271 
 210      321C3E13 
 210      3A4D7E01 
 211 0269 3FBA5F33 		.ascii	"?\272_3"
 212              		.text
 213              		.section	.gnu.lto_st_lld_init.275ce3fe,"",%progbits
 214 0000 789C9555 		.ascii	"x\234\225U]h\024W\024\276\347\316O&\373\227(>\324\020"
 214      5D681457 
 214      14BEE7CE 
 214      4F26FB97 
 214      283ED410 
 215 0014 50D8075F 		.ascii	"P\330\007_\272\031\252\276K\301\227\202\202`\336\245"
ARM GAS  C:\Users\Ciccio\AppData\Local\Temp\ccoinCpb.s 			page 16


 215      BA19AABE 
 215      4BC19782 
 215      8260DEA5 
 216 0024 B40F7D08 		.ascii	"\264\017}\010(F\372&\336\350\306\246\024\312b\244(\222"
 216      2846FA26 
 216      DEE8C6A6 
 216      14CA62A4 
 216      2892
 217 0036 263E88A6 		.ascii	"&>\210\246\321\244Mk\314\217\332\251\332&\255\306$\256"
 217      D1A44D6B 
 217      CC8FDAA9 
 217      DA26ADC6 
 217      24AE
 218 0048 9A34E64F 		.ascii	"\2324\346O]\305@-\253\011\350\"uz\316\235\3315\231\335"
 218      5DC5402D 
 218      AB09E822 
 218      757ACE9D 
 218      D93599DD 
 219 005c 7177879D 		.ascii	"qw\207\235\263\334\237\357\373\3167\367\336s\025\226"
 219      B3DC9FEF 
 219      FBCE37F7 
 219      DE731596 
 220 006c FFD4E25B 		.ascii	"\377\324\342[\037`l+5T\006\234\341\013\012F\005\000"
 220      1F606C2B 
 220      3554069C 
 220      E10B0A46 
 220      0500
 221 007e BB801DE2 		.ascii	"\273\200\035\342\012\034\202E\376\202C\302\352:\021"
 221      0A1C8245 
 221      FE8243C2 
 221      EA3A11
 222 008d DC744608 		.ascii	"\334tF\010\221\356m]\337\374A\006g/q\207\010\316\302"
 222      91EE6D5D 
 222      DFFC4106 
 222      672F7187 
 222      08CEC2
 223 00a0 2686735E 		.ascii	"&\206s^\304\377\233\014\352q\234S\355\214\3019\320\221"
 223      C4FF9B0C 
 223      EA719C53 
 223      ED8CC139 
 223      D091
 224 00b2 691D8E0D 		.ascii	"i\035\216\015t/\217\006\237\361\014\207\2154u\360\330"
 224      742F8F06 
 224      9FF10C87 
 224      8D3475F0 
 224      D8
 225 00c3 C8099D9A 		.ascii	"\310\011\235\232\\\245f{\"c\251\321\323B\034^\350\\"
 225      5CA5667B 
 225      2263A9D1 
 225      D3421C5E 
 225      E85C
 226 00d5 4CEDB2E2 		.ascii	"L\355\262\342\035\342\255mC\206+D\004\235P\003?@\215"
 226      1DE2AD6D 
 226      43862B44 
 226      049D5003 
 226      3F408D
 227 00e8 9B377441 		.ascii	"\2337tAt\025F\234<\336\301[,\333\336\346\0038/\001\323"
ARM GAS  C:\Users\Ciccio\AppData\Local\Temp\ccoinCpb.s 			page 17


 227      7415469C 
 227      3CDEC15B 
 227      2CDBDEE6 
 227      03382F01 
 228 00fd 37DA5AB5 		.ascii	"7\332Z\265<\200Z\010p\241\\@w\271)\365\224\013\370\261"
 228      3C805A08 
 228      70A15C40 
 228      77B929F5 
 228      940BF8B1 
 229 0111 DC947E2A 		.ascii	"\334\224~*\027\320\353I\251\343|\347QmD\304\027l{C\206"
 229      17D0EB49 
 229      A9E37CE7 
 229      516D44C4 
 229      176C7B43 
 230 0126 6B85203F 		.ascii	"k\205 ?\277\307EA\300/\345&u\261\\@\237'\245\205\236"
 230      BFC74541 
 230      C02FE526 
 230      75B15C40 
 230      9F27A585 
 231 013b C5E15073 		.ascii	"\305\341Ps\316\206^\010s\311\353\274\177\245\363\202"
 231      CE865E08 
 231      73C9EBBC 
 231      7FA5F382 
 232 014b 907E2F64 		.ascii	"\220~/d\240(d\300\013\031,\012\031\364B\206\212B\206"
 232      A02864C0 
 232      0B192C0A 
 232      19F44286 
 232      8A4286
 233 015e BC90CB45 		.ascii	"\274\220\313E!\227\275\220+E!W\274\220\253E!W!\332\263"
 233      2197BD90 
 233      2B452157 
 233      BC90AB45 
 233      215721DA 
 234 0173 D612B6BD 		.ascii	"\326\022\266\2754\032\377*z\233\257\001\206[\235SP0"
 234      341AFF2A 
 234      7A9BAF01 
 234      865B9D53 
 234      5030
 235 0185 A82A050D 		.ascii	"\250*\005\015\203\246S\250\240\246A\241\022\203\036"
 235      83A653A8 
 235      A0A641A1 
 235      12831E
 236 0194 A010A410 		.ascii	"\240\020\244\020\242\020\246\020\241PE\241\232\002c"
 236      A210A610 
 236      A15045A1 
 236      9A0263
 237 01a3 2959909E 		.ascii	")Y\220\236p\374S\246\341p:}w+\225\240WX\2328\274\036"
 237      70FC53A6 
 237      E1703A7D 
 237      772B95A0 
 237      57589A38 
 238 01b9 9A4DAA54 		.ascii	"\232M\252Tr\024\221n\021X\357~\305\334p\326>g\012w\333"
 238      7214916E 
 238      1158EF7E 
 238      C5DC70D6 
 238      3E670A77 
 239 01ce D7FAC0E9 		.ascii	"\327\372\300\351P\0203\237\032\2330$\206Q\231\272\370"
ARM GAS  C:\Users\Ciccio\AppData\Local\Temp\ccoinCpb.s 			page 18


 239      5010339F 
 239      1A9B3024 
 239      865199BA 
 239      F8
 240 01df BAFD79B8 		.ascii	"\272\375y\270\015Naa\252 \204E\356\260?u\353\233>#\326"
 240      0D4E6161 
 240      AA208445 
 240      EEB03F75 
 240      EB9B3E23 
 241 01f4 25E24D46 		.ascii	"%\342MF\206\033\360\033\264\301K\231\012\\\203\030r"
 241      861BF01B 
 241      B4C14B99 
 241      0A5C8318 
 241      72
 242 0205 1E59D61D 		.ascii	"\036Y\326\035N\325\241\035n{\326+SQ\201\301uG\366\230"
 242      4ED5A11D 
 242      6E7BD62B 
 242      535181C1 
 242      7547F698 
 243 0219 94CD1301 		.ascii	"\224\315\023\001?\221\033\357D~\207\030RK\347\212\353"
 243      3F911BEF 
 243      447E8718 
 243      524BE78A 
 243      EB
 244 022a 3C715F75 		.ascii	"<q_u\0245D\276:\2678%]h\302J\210\010\203?V9\327\335"
 244      143544BE 
 244      3AB73825 
 244      5D68C24A 
 244      8808833F 
 245 0242 76CE79C5 		.ascii	"v\316y\305J\347\232\327y%!\206\013'5\"\223\222\227\307"
 245      4AE79AD7 
 245      79252186 
 245      0B273522 
 245      939297C7 
 246 0256 9FAB9D1B 		.ascii	"\237\253\235\033H\373>\253\310\252\371\261\376\365\216"
 246      48FB3EAB 
 246      C8AAF9B1 
 246      FEF58E
 247 0265 F5265935 		.ascii	"\365&Y5\230\\\334\311e\305\341\256D\310\2777\207\217"
 247      985CDCC9 
 247      65C5E1AE 
 247      44C8BF37 
 247      878F
 248 0277 6A94AF8E 		.ascii	"j\224\257\216\327\017\255\356-G+\335Q\353\212\345\034"
 248      D70FADEE 
 248      2D472BDD 
 248      51EB8AE5 
 248      1C
 249 0288 E9AB1C35 		.ascii	"\351\253\0345\011a\341\226\015 \015\214z\365\201\344"
 249      0961E196 
 249      0D200D8C 
 249      7AF581E4 
 250 0298 6F4B7979 		.ascii	"oKyy\237\215A\214\240O\347\036\310\273\314\030\373\230"
 250      9F8D418C 
 250      A04FE71E 
 250      C8BBCC18 
 250      FB98
ARM GAS  C:\Users\Ciccio\AppData\Local\Temp\ccoinCpb.s 			page 19


 251 02aa C1B8F331 		.ascii	"\301\270\3631\323\211\031\367\223\007\362\265\363\305"
 251      D38919F7 
 251      9307F2B5 
 251      F3C5
 252 02b8 023E6213 		.ascii	"\002>b\023RL!\261;R\354\355\221d\037H1\033\237*\006"
 252      524C21B1 
 252      3B52ECED 
 252      91641F48 
 252      311B9F2A 
 253 02cd 49576F3C 		.ascii	"IWo<\253\027,E/\350\243wW\352\321\346\201{R/\367\231"
 253      AB172C45 
 253      2FE8A377 
 253      57EAD1E6 
 253      817B522F 
 254 02e3 0CECBA9F 		.ascii	"\014\354\272\237\3656\353j\205J\321\012\025\324\012"
 254      F536EB6A 
 254      854AD10A 
 254      15D40A
 255 02f2 C2A4D4C2 		.ascii	"\302\244\324\302\015EC_\017\274y\0344/\340\032[\037"
 255      0D45435F 
 255      0FBC791C 
 255      342FE01A 
 255      5B1F
 256 0304 52225310 		.ascii	"R\"S\020\203\250,\026\3607\2309\345\364lv\225\303\245"
 256      83A82C16 
 256      F0379839 
 256      E5F46C76 
 256      95C3A5
 257 0317 48877D6C 		.ascii	"H\207}lNKi\235\330\037\240P\316\327\234\353+R\012y\304"
 257      4E4B699D 
 257      D81FA050 
 257      CED79CEB 
 257      2B520A79 
 258 032c 877C4692 		.ascii	"\207|F\222W\020\371\354\012\362\361,yU)\344U>\344s\222"
 258      5710F9EC 
 258      0AF2F12C 
 258      795529E4 
 258      553EE473 
 259 0341 DC20F279 		.ascii	"\334 \362y$\277\236\315|\336%\257.\205\274\332\207|"
 259      24BF9ECD 
 259      7CDE25AF 
 259      2E85BCDA 
 259      877C
 260 0353 41925712 		.ascii	"A\222W\022\371C\227|\006\232\255\326\244<\2414\377\373"
 260      F943977C 
 260      069AADD6 
 260      A43CA134 
 260      FFFB
 261 0365 E4B7DDFC 		.ascii	"\344\267\335\374\340\033\321\"\360(\206\226\350\024"
 261      E01BD122 
 261      F0288696 
 261      E814
 262 0373 C2233848 		.ascii	"\302#8HC\375/\237\267\007h\247\204k\031<\206\032\354"
 262      43FD2F9F 
 262      B70768A7 
 262      846B193C 
 262      861AEC
ARM GAS  C:\Users\Ciccio\AppData\Local\Temp\ccoinCpb.s 			page 20


 263 0386 9A3AFDCF 		.ascii	"\232:\375\317wa\331e0HAM\206G\330\0344Y\023\273%\037"
 263      7761D965 
 263      3048414D 
 263      8647D81C 
 263      345913BB 
 264 039c A3128D0C 		.ascii	"\243\022\215\014x\2266\327\325\231\271\337\336F\363"
 264      789636D7 
 264      D599B9DF 
 264      DE46F3
 265 03ab 8B4F1BCC 		.ascii	"\213O\033\314}{\367\037h4w\327\357\334\262\331\334\261"
 265      7D7BF71F 
 265      683477D7 
 265      EFDCB2D9 
 265      DCB1
 266 03bd 63BB59FF 		.ascii	"c\273Y\377\311\316/?2\033\017\354ih\370\274\3563\366"
 266      C9CE2F3F 
 266      321B0FEC 
 266      6968F8BC 
 266      EE33F6
 267 03d0 3FB4B39C 		.ascii	"?\264\263\234]"
 267      5D
 268              		.text
 269              		.section	.gnu.lto_.symbol_nodes.275ce3fe,"",%progbits
 270 0000 789C5590 		.ascii	"x\234U\220\271N\003A\020D\253{\366\032{}\373\207\370"
 270      B94E0341 
 270      1044AB7B 
 270      F61A7B7D 
 270      FB87F8
 271 0013 B25A10C2 		.ascii	"\262Z\020\302D\310\006\314\031`\311N\3407 &$F\262Cr"
 271      44C806CC 
 271      1960C94E 
 271      E0372026 
 271      2446B243 
 272 0028 0810B0BB 		.ascii	"\010\020\260\273m\244\231N\252\336\353\216\332\001H"
 272      6DA4994E 
 272      AADEEB8E 
 272      DA0148
 273 0037 1436FA0B 		.ascii	"\0246\372\013\002\363W\200\304ruZB+\241\304\346P\250"
 273      02F35780 
 273      C472755A 
 273      422BA1C4 
 273      E650A8
 274 004a B13912BA 		.ascii	"\2619\022\272\330<\012\223\330|\012\323\330|\013\263"
 274      D83C0A93 
 274      D87C0AD3 
 274      D87C0BB3 
 275 005a D83C09F3 		.ascii	"\330<\011\363\330|\011\213\330\314\225\376\337\274\255"
 275      D87C098B 
 275      D8CC95FE 
 275      DFBCAD
 276 0069 0AE842D9 		.ascii	"\012\350B\331\011\205\\+\273&PU5_)\313\220o\224\275"
 276      09855C2B 
 276      BB265055 
 276      355F29CB 
 276      906F94BD 
 277 007d 90EF94FD 		.ascii	"\220\357\224\375\220o\225\203\220\227\312a\310\227\312"
 277      906F9583 
ARM GAS  C:\Users\Ciccio\AppData\Local\Temp\ccoinCpb.s 			page 21


 277      9097CA61 
 277      C897CA
 278 008c 51C817CA 		.ascii	"Q\310\027\312q\310\347\312I\310\367\312i\300\256~\366"
 278      71C8E7CA 
 278      49C8F7CA 
 278      69C0AE7E 
 278      F6
 279 009d FAFDE7C0 		.ascii	"\372\375\347\3009\261\254\277oY\342\245\315.vM\246\211"
 279      39B1ACBF 
 279      6F59E2A5 
 279      CD2E764D 
 279      A689
 280 00af F9AC874D 		.ascii	"\371\254\207M\223\371`\237}\273\313\035\266M\026\271"
 280      93F9609F 
 280      7DBBCB1D 
 280      B64D16B9 
 281 00bf DDF989ED 		.ascii	"\335\371\211\355\375\330\366>\305\372\344\343\241p>"
 281      FDD8F63E 
 281      C5FAE4E3 
 281      A1703E
 282 00ce C3B39502 		.ascii	"\303\263\225\002[+#\034\317\3322\304\246-\235)vgu\301"
 282      5B2B231C 
 282      CFDA32C4 
 282      A62D9D29 
 282      766775C1 
 283 00e2 1FFF559A 		.ascii	"\037\377U\232l"
 283      6C
 284              		.text
 285              		.section	.gnu.lto_.refs.275ce3fe,"",%progbits
 286 0000 789C6366 		.ascii	"x\234cf```d\200\002\000\000=\000\005"
 286      60606064 
 286      80020000 
 286      3D0005
 287              		.text
 288              		.section	.gnu.lto_.decls.275ce3fe,"",%progbits
 289 0000 789CCD58 		.ascii	"x\234\315XyPTI\232\257\254,\212\242(\300\320\336\236"
 289      79505449 
 289      9AAFAC2C 
 289      8AA228C0 
 289      D0DE9E
 290 0013 0E633696 		.ascii	"\016c6\226v'\014\267GE\301\356\331\235\177F-Q\211\320"
 290      76270CB7 
 290      4745C1EE 
 290      D99D7F46 
 290      2D5189D0 
 291 0027 6EA2B027 		.ascii	"n\242\260'&\246\211\250A(\205\035\016\207\243\307\376"
 291      26A689A8 
 291      4128851D 
 291      0E87A3C7 
 291      FE
 292 0038 6B9E208A 		.ascii	"k\236 \212\012\242x\342E\265\242\\r\010\210\010\310"
 292      0AA278E2 
 292      45B5A25C 
 292      72088808 
 292      C8
 293 0049 65830528 		.ascii	"e\203\005(\"r\210\007\340\311%\236\264\202(\265_f\276"
 293      22728807 
ARM GAS  C:\Users\Ciccio\AppData\Local\Temp\ccoinCpb.s 			page 22


 293      E0C9259E 
 293      B48228B5 
 293      5F66BE
 294 005c F7EAF128 		.ascii	"\367\352\361(\231\331\210\335\210y\341\217\367\276\227"
 294      99D988DD 
 294      8879E18F 
 294      F7BE97
 295 006b BFEF975F 		.ascii	"\277\357\227_~\371\345\313,\261B\241\010\306\012\205"
 295      7EF9E5CB 
 295      2CB142A1 
 295      08C60A85 
 296 007b 152EEE97 		.ascii	"\025.\356\227\012\305\003\007\205B\007\357|\025\266"
 296      0AC50307 
 296      854207EF 
 296      7C15B6
 297 008a EB5F0067 		.ascii	"\353_\000g\001y\200\002@!\240\030P\002(\005\224\001"
 297      01798002 
 297      4021A018 
 297      50022805 
 297      9401
 298 009c 2A009580 		.ascii	"*\000\225\200j@-\340'@=\300\002h\004\\\0054\003Z\000"
 298      6A402DE0 
 298      27403DC0 
 298      0268045C 
 298      0534035A 
 299 00b1 AD801EC5 		.ascii	"\255\200\036\305\324\213\364\241\346\373vU\2608\272"
 299      D48BF4A1 
 299      E6FB7655 
 299      B038BA
 300 00c0 00FD8061 		.ascii	"\000\375\200a\236\243\344y\257\355\370\347\375\203\376"
 300      9EA3E479 
 300      AFEDF8E7 
 300      FD83FE
 301 00cf 791FF127 		.ascii	"y\037\361'c\303\274\377\010 K\342S\300\367+\277\012"
 301      63C3BCFF 
 301      08204BE2 
 301      53C0F72B 
 301      BF0A
 302 00e1 A7F129E4 		.ascii	"\247\361)\344\373\222_\305\037\361Q\361m\244/\222\277"
 302      FB925FC5 
 302      1FF151F1 
 302      6DA42F92 
 302      BF
 303 00f2 5A3BBE25 		.ascii	"Z;\276%\323\364W\302\373\313\257\322i|H[\275\035\237"
 303      D3F457C2 
 303      FBCBAFD2 
 303      697C485B 
 303      BD1D9F
 304 0105 B2696224 		.ascii	"\262ib$mdN-\374\030\345W\3054\375U\360\376\362\213\324"
 304      6D644E2D 
 304      FC18E557 
 304      C534FD55 
 304      F0FEF28B 
 305 011a 8E9362F2 		.ascii	"\216\223b\362\334\375\006)\024\237K4\276\002{\024\356"
 305      DCFD0629 
 305      149F4B34 
 305      BE027B14 
ARM GAS  C:\Users\Ciccio\AppData\Local\Temp\ccoinCpb.s 			page 23


 305      EE
 306 012b 70532C86 		.ascii	"pS,\206?\032\336\217\324S\213\302V\217\244\017RkW\355"
 306      3F1ADE8F 
 306      D4538BC2 
 306      568FA40F 
 306      526B57ED 
 307 013f F4530D70 		.ascii	"\364S\015p\223\365\303\361\375$!\326\347\337\370~\022"
 307      93F5C3F1 
 307      FD2421D6 
 307      E7DFF87E 
 307      12
 308 0150 11EB7306 		.ascii	"\021\353s\006`7b\265t\017\240\005\004\201\035\017X\004"
 308      603762B5 
 308      740FA005 
 308      04811D0F 
 308      5804
 309 0162 F877C03C 		.ascii	"\370w\300<\200'\340W\200/\000\363\001\036\210\215\231"
 309      8027E057 
 309      802F00F3 
 309      011E888D 
 309      99
 310 0173 F469AFDE 		.ascii	"\364i\257\336_*\321\305\274\221k\316\375J\344\252u'"
 310      5F2AD1C5 
 310      BC916BCE 
 310      FD4AE4AA 
 310      7527
 311 0185 66598AE5 		.ascii	"fY\212\345\260\032L\235VE\314\362\361\007m\252_\034"
 311      B01A4C9D 
 311      5645CCF2 
 311      F1076DAA 
 311      5F1C
 312 0197 E0E0DA13 		.ascii	"\340\340\332\023\307\315P!\337OQ\006\232\2152\321l\310"
 312      C7CD5021 
 312      DF4F5106 
 312      9A8D32D1 
 312      6CC8
 313 01a9 4216FA05 		.ascii	"B\026\372\005\374\375N\305\224\036\265\275\344\264X"
 313      FCFD4EC5 
 313      941EB5BD 
 313      E4B458
 314 01b8 89C8F3A9 		.ascii	"\211\310\363\251\303\367\333\264\363\263\301-\201\253"
 314      C3F7DBB4 
 314      F3B3C12D 
 314      81AB
 315 01c6 EE45B6EE 		.ascii	"\356E\266\356\272\037?\254\327\271\237\340\252\315/"
 315      BA1F3FAC 
 315      D7B99FE0 
 315      AACD2F
 316 01d5 720A4E7C 		.ascii	"r\012N|\232\312\231c\271\011\253\025-%b(\033a\224\203"
 316      9ACA9963 
 316      B909AB15 
 316      2D256228 
 316      1B619483 
 317 01e9 E6132E79 		.ascii	"\346\023.y\246N\350,r\007\307\023-\367\006Tx)U\357H"
 317      A64EE82C 
 317      7207C713 
 317      2DF70654 
ARM GAS  C:\Users\Ciccio\AppData\Local\Temp\ccoinCpb.s 			page 24


 317      782955EF 
 318 01fe 2BCF5453 		.ascii	"+\317TS\021\263%_m\341\252\255\326*\316\235*\344J\024"
 318      11B3255F 
 318      6DE1AAAD 
 318      D62ACE9D 
 318      2AE44A14 
 319 0212 7205853C 		.ascii	"r\005\205<\252p\277\255\275E\213\327P\205\2635'\237"
 319      AA70BFAD 
 319      BD458BD7 
 319      5085B335 
 319      279F
 320 0224 B931851E 		.ascii	"\2711\205\036\231B\276D!_P(\240\012\207\2567\314\304"
 320      9942BE44 
 320      215F5028 
 320      A00A87AE 
 320      37CCC4
 321 0237 462AD0DF 		.ascii	"F*\320\337ZqK\311\004\336\311\004\316I\004\316\011\002"
 321      5A714BC9 
 321      04DEC904 
 321      CE4904CE 
 321      0902
 322 0249 8554E074 		.ascii	"\205T\340t\177\316s\214\243\251B\374`\346K\027\252P"
 322      7FCE738C 
 322      A3A942FC 
 322      60E64B17 
 322      AA50
 323 025b 90547712 		.ascii	"\220Tw\022\3132Q$\021)\022D\212\251H\345\011\313\204"
 323      CB325124 
 323      11291244 
 323      8AA948E5 
 323      09CB84
 324 026e 166722AA 		.ascii	"\026g\"\252\302\335\031nDLe\374\364I\235L\345\274D\345"
 324      C2DD196E 
 324      444C65FC 
 324      F4499D4C 
 324      E5BC44E5 
 325 0282 BCA05242 		.ascii	"\274\240RBU\254'\237\214 \334\315T\372^\325q\0326\232"
 325      55AC279F 
 325      8C20DCCD 
 325      54FA5ED5 
 325      711A369A 
 326 0296 E4A2A0EA 		.ascii	"\344\242\240\352\255\334{\2535\216S\322\031F\027$\""
 326      ADDC7BAB 
 326      358E53D2 
 326      19461724 
 326      22
 327 02a7 17049152 		.ascii	"\027\004\221R*R{\252\363\220#~\305Dn>\275\374\2710\236"
 327      2A527BAA 
 327      F390237E 
 327      C5446E3E 
 327      BDFCB930 
 328 02bc 1CF9782E 		.ascii	"\034\371x.JD.\012\"eT\344\335\225\232]J\034\317\012"
 328      4A442E0A 
 328      226554E4 
 328      DD959A5D 
 328      4A1CCF0A 
 329 02d0 E746E6AE 		.ascii	"\347F\346\256l\314\217'>C>\236r\211J\271\240RAUF\252"
ARM GAS  C:\Users\Ciccio\AppData\Local\Temp\ccoinCpb.s 			page 25


 329      6CCC8F27 
 329      3E433E9E 
 329      72894AB9 
 329      A0524155 
 330 02e6 5B3A303E 		.ascii	"[:0>\302T\306\022\206\266kA\305l~\3214\360\326ITa\003"
 330      C254C612 
 330      86B66B41 
 330      C56C7ED1 
 330      34F0D649 
 331 02fd BA2451B9 		.ascii	"\272$Q\271$\250TR\225\233GR\212\021\356`*;\307\232\266"
 331      24A85452 
 331      959B4752 
 331      8A11EE60 
 331      2A3BC79A 
 332 0312 BB5195DE 		.ascii	"\273Q\225\336\243\015&\226\025\314$\252$\022U\202D5"
 332      A30D2696 
 332      15CC24AA 
 332      24125582 
 332      4435
 333 0324 9588BBBF 		.ascii	"\225\210\273\277\313\252\302\017\230\304\223w\261\347"
 333      CBAAC20F 
 333      98C49377 
 333      B1E7
 334 0332 1C41A297 		.ascii	"\034A\242\227{1\336\364l\331\336\270=\351\\\257\325"
 334      7B31DEF4 
 334      6CD9DEB8 
 334      3DE95CAF 
 334      D5
 335 0343 FA6F4CA5 		.ascii	"\372oL\245F\242R#\250\324R\225\366\262\246\213Zl\306"
 335      46A25223 
 335      A8D45295 
 335      F6B2A68B 
 335      5A6CC6
 336 0356 54A5F572 		.ascii	"T\245\365r\306**R0\221\373\337\251\334\217\322\301\\"
 336      C62A2A52 
 336      3091FBDF 
 336      A9DC8FD2 
 336      C15C
 337 0368 96685C16 		.ascii	"\226h\\\0264~\242\032;\254\317J\265\370!\323H\257\351"
 337      347EA21A 
 337      3BACCF4A 
 337      B5F821D3 
 337      48AFE9
 338 037b 1C746022 		.ascii	"\034t`\"I\361yJ\231J\235D\245NP\251\247*9\015\335\026"
 338      49F1794A 
 338      994A9D44 
 338      A54E50A9 
 338      A72A390D 
 339 0391 257EC354 		.ascii	"%~\303T\266\215T\034r\343C\271&\017\345\212D\344\212"
 339      B68D541C 
 339      72E343B9 
 339      260FE58A 
 339      44E48A
 340 03a4 2062A122 		.ascii	" b\241\"=g\217\335R\342}**\222\322\274s/b\"\343C\317"
 340      3D678FDD 
 340      52E27D2A 
 340      2A92D2BC 
ARM GAS  C:\Users\Ciccio\AppData\Local\Temp\ccoinCpb.s 			page 26


 340      732F6222 
 341 03bb 904CA541 		.ascii	"\220L\245A\242\322 \2504R\225\214\241\262l'\234\307"
 341      A2D220A8 
 341      3452958C 
 341      A1B26C27 
 341      9CC7
 342 03cd 547E6ACF 		.ascii	"T~j\317\364`\"9\225\235:3]\202\277c\022M\022\211&A\342"
 342      F4602239 
 342      959D3A33 
 342      5D82BF63 
 342      124D1289 
 343 03e4 2A9568AC 		.ascii	"*\225h\254{\323\357\214k\230DFu\203\005\363\201\344"
 343      7BD3EF8C 
 343      6B984446 
 343      758305F3 
 343      81E4
 344 03f6 3C970772 		.ascii	"<\227\007rM\242rMPi\246*\027\032j\037c\334\301T\316"
 344      4DA2724D 
 344      5069A62A 
 344      171A6A1F 
 344      63DCC154 
 345 040b A6DEDFC9 		.ascii	"\246\336\337\311\206c\256\310\330\346\316\002\241\012"
 345      8663AEC8 
 345      D8E6CE02 
 345      A10A
 346 0419 D7250AD7 		.ascii	"\327%\012\327\005\205\026\226\325\223\331\327\234\361"
 346      05851696 
 346      D593D9D7 
 346      9CF1
 347 0427 1053E8D8 		.ascii	"\020S\350\330\226\336\357*L\360FY\0307$\"7\004\221V"
 347      96DEEF2A 
 347      4CF04659 
 347      18372422 
 347      37049156 
 348 043b 2A525539 		.ascii	"*RU9Z\257\305V&\222\230\320\333\240\305\011\016\324"
 348      5AAFC556 
 348      269298D0 
 348      DBA0C509 
 348      0ED4
 349 044d D872A63C 		.ascii	"\330r\246<\321\021>\343\237k\351W\267\347\350X\272\023"
 349      D1113EE3 
 349      9F6BE957 
 349      B7E7E858 
 349      BA13
 350 045f 35C929CB 		.ascii	"5\311)\313\015^)\213\306\322.#4W\233\016\337\350\027"
 350      0D5E298B 
 350      C6D22E23 
 350      34579B0E 
 350      DFE817
 351 0472 39E7D375 		.ascii	"9\347\323u\0279N\203n!-j\023;\244\356\344J\340\270X"
 351      17394E83 
 351      6E212D6A 
 351      133BA4EE 
 351      E44AE0B8 
 352 0487 B20138AD 		.ascii	"\262\0018\255V\210\237\177\324\211\346\002\201RQ;\274"
 352      56889F7F 
 352      D489E602 
ARM GAS  C:\Users\Ciccio\AppData\Local\Temp\ccoinCpb.s 			page 27


 352      8152513B 
 352      BC
 353 0498 EC809720 		.ascii	"\354\200\227 \234\232\300]qF\332\271v}n\333\361\241"
 353      9C9AC05D 
 353      7146DAB9 
 353      767D6EDB 
 353      F1A1
 354 04aa 11BCBB60 		.ascii	"\021\274\273`^\037\313-E]\020\300M[\000\020\217\270"
 354      5E1FCB2D 
 354      455D10C0 
 354      4D5B0010 
 354      8FB8
 355 04bc 75249DC8 		.ascii	"u$\235\3106+U\260\235Q\322wt\177\272]\3276a{w\007\321"
 355      362B55B0 
 355      9D51D277 
 355      747FBA5D 
 355      D736617B 
 356 04d3 97E9ADBB 		.ascii	"\227\351\255\273J5\037\335\264\356\321M\353.\342w\255"
 356      4A351FDD 
 356      B4EED14D 
 356      EB2EE277 
 356      AD
 357 04e4 C2B69C13 		.ascii	"\302\266\234\023Z\334\241\246i{\326<\321\252f\313\365"
 357      5ADCA1A6 
 357      697BD63C 
 357      D1AA66CB 
 357      F5
 358 04f5 7AF9A8EE 		.ascii	"z\371\250\356p!WKW=B\304\015uK\246\242[\230\212\036"
 358      7021574B 
 358      573D42C4 
 358      0D754BA6 
 358      A25B988A 
 359 050a 3A15969C 		.ascii	":\025\226\234\343\177\302\007\035\211\212\352\341\261"
 359      E37FC207 
 359      1D898AEA 
 359      E1B1
 360 0518 82123734 		.ascii	"\202\02274w\366l\232\334\004\030\325#\010\256\227w`"
 360      77F66C9A 
 360      DC0418D5 
 360      2308AE97 
 360      7760
 361 052a D761783F 		.ascii	"\327ax?\372;\322\000\217\032z\247\011{\221\302\341\317"
 361      FA3BD200 
 361      8F1A7AA7 
 361      097B91C2 
 361      E1CF
 362 053c 1468FE6C 		.ascii	"\024h\376l\364\037\220\256\373\220.\322\244@\017!\376"
 362      F41F90AE 
 362      FB902ED2 
 362      A4400F21 
 362      FE
 363 054d 0734C1A8 		.ascii	"\0074\301\250\351\301\350k\035\335\261g\020\363H\347"
 363      E9C1E86B 
 363      1DDDB167 
 363      10F348E7 
 364 055d E3114C77 		.ascii	"\343\021Lwl%1\177>:\270@\233\300\217\335i5\274\226\214"
 364      6C25317F 
ARM GAS  C:\Users\Ciccio\AppData\Local\Temp\ccoinCpb.s 			page 28


 364      3E3AB840 
 364      9BC08FDD 
 364      6935BC96 
 365 0572 BD8F6ACD 		.ascii	"\275\217j\315\243\342\300\335\327U\3555s\017\345\232"
 365      A3E2C0DD 
 365      D755ED35 
 365      730FE59A 
 366 0582 61F3A261 		.ascii	"a\363\242a>\006\362\023J\356G3\005\027j\220\262\252"
 366      3E06F213 
 366      4AEE4733 
 366      05176A90 
 366      B2AA
 367 0594 CEBDE948 		.ascii	"\316\275\351H\273\376O\342\377\366T\357\020\242];\322"
 367      BBFE4FE2 
 367      FFF654EF 
 367      10A25D3B 
 367      D2
 368 05a5 751D5F5A 		.ascii	"u\035_Z\352JM51\273\272\255\305\252\217\206\362T\010"
 368      EA4A4D35 
 368      31BBBAAD 
 368      C5AA8F86 
 368      F25408
 369 05b8 65888DEA 		.ascii	"e\210\215\352\303\360\216\023.|0\234\020\314\000\320"
 369      C3F08E13 
 369      2E7C309C 
 369      10CC00D0 
 370 05c8 07297D98 		.ascii	"\007)}\230\006\363\224\0053L\203\261W\017\355\305E7"
 370      06F39405 
 370      334C83B1 
 370      570FEDC5 
 370      4537
 371 05da D41F9DFA 		.ascii	"\324\037\235\372\347t\352\237\011S?\321\233\3149\341"
 371      E774EA9F 
 371      09533FD1 
 371      9BCC39E1 
 372 05ea A374D2D0 		.ascii	"\243t\322\320\217\003]\311Z\234\305\214\341+\023E\016"
 372      8F035DC9 
 372      5A9CC58C 
 372      E12B1345 
 372      0E
 373 05fb 208D5ED2 		.ascii	" \215^\322I#o.\\z\341\300\316-\317/e\256\334\233\277"
 373      49236F2E 
 373      5C7AE1C0 
 373      CE2DCF2F 
 373      65AEDC9B 
 374 0610 8DA30B1D 		.ascii	"\215\243\013\035\245U\357Q\021a\364B(\016\364\012: "
 374      A555EF51 
 374      1161F442 
 374      280EF40A 
 374      3A20
 375 0622 26AB8FD7 		.ascii	"&\253\217\327\264>\362\337\264d;\353v\212k\202.m[d#"
 375      B43EF2DF 
 375      B4643BEB 
 375      768A6B82 
 375      2E6D5B64 
 376 0637 4847C970 		.ascii	"HG\311p\007r\375@\345n6\303\034\315dAU\316\016'\232"
 376      0772FD40 
ARM GAS  C:\Users\Ciccio\AppData\Local\Temp\ccoinCpb.s 			page 29


 376      E56E36C3 
 376      1CCD6441 
 376      55CE0E27 
 377 064c D83F11B3 		.ascii	"\330?\021\263\366\342\366\343*\334\307B=s3\345\210\033"
 377      F6E2F6E3 
 377      2ADCC742 
 377      3D7333E5 
 377      881B
 378 065e C972DC3F 		.ascii	"\311r\334?\264\330\300ck\252\365g\214_3\367#c\371Y\316"
 378      B4D8C063 
 378      6BAAF567 
 378      8C5F33F7 
 378      2363F959 
 379 0673 F82D6FA4 		.ascii	"\370-o\244^\271\243\302\343\314H?p\360\254\003\355T"
 379      5EB9A3C2 
 379      E3CC483F 
 379      70F0AC03 
 379      ED54
 380 0685 433F2FD7 		.ascii	"C?/\327\333\222\2350\224*\355t\377\333\035n8\236\031"
 380      DB929D30 
 380      942AED74 
 380      FFDB1D6E 
 380      389E19
 381 0698 423DEA58 		.ascii	"B=\352X=\216\215\267u)q\002kk\354\270\177\322\001'2"
 381      3D8E8DB7 
 381      75297102 
 381      6B6BECB8 
 381      7FD20127 
 382 06ad 23F5EDD5 		.ascii	"#\365\355\325z7J\374\214V\317\321\27087\234\302\332"
 382      7A374AFC 
 382      8C56CFD1 
 382      B838379C 
 382      C2DA
 383 06bf CC191FAC 		.ascii	"\314\031\037\254\256\37003\2043\251\216\235I\217\325"
 383      AEF83033 
 383      8433A98E 
 383      9D498FD5 
 384 06cf 0CDE70C1 		.ascii	"\014\336p\301\307Y\333\353\007\261\023\010\377\310\214"
 384      C759DBEB 
 384      07B11308 
 384      FFC88C
 385 06de CC07CD29 		.ascii	"\314\007\315).\2248\217\230i\373\307\364\3704k*{\271"
 385      2E94388F 
 385      9869FBC7 
 385      F4F8346B 
 385      2A7BB9
 386 06f1 6B4483B3 		.ascii	"kD\203\263\230\321\363\266\247\326\221\362\026\021\363"
 386      98D1F3B6 
 386      A7D691F2 
 386      1611F3
 387 0700 40C5B114 		.ascii	"@\305\261\024'\226_\332\274;/\3755\013\014\023\263\370"
 387      27965FDA 
 387      BC3B2FFD 
 387      350B0C13 
 387      B3F8
 388 0712 754BCDC7 		.ascii	"uK\315\307\013w\267\222/\334$%Mg\311\321W\243n\266\302"
 388      0B77B792 
ARM GAS  C:\Users\Ciccio\AppData\Local\Temp\ccoinCpb.s 			page 30


 388      2FDC2425 
 388      4D67C9D1 
 388      57A36EB6 
 389 0727 55D16A4C 		.ascii	"U\321jLT\316FVJOV\316\024\234\010\273\255\2441S-e\217"
 389      54CE4656 
 389      4A4F56CE 
 389      149C08BB 
 389      ADA43153 
 390 073e 4EC7DE79 		.ascii	"N\307\336yp\177=\302\271l\020\355[\236t(\3619f\024\236"
 390      707F3DC2 
 390      B96C10ED 
 390      5B9E7428 
 390      F1396614 
 391 0753 3A5DC24A 		.ascii	":]\302Jb)\035A\347\215vG\\\302\247\357\334\2361\266"
 391      62291D41 
 391      E78D7647 
 391      5CC2A7EF 
 391      DC9E31B6 
 392 0767 0E5713B3 		.ascii	"\016W\023\263\341|R\265\026\227\261\266\0179\217F\225"
 392      E17C52B5 
 392      1697B1B6 
 392      0F398F46 
 392      95
 393 0778 B88A197D 		.ascii	"\270\212\031}\225O9%%\372\322\263\371pR\217\006\327"
 393      954F3925 
 393      25FAD2B3 
 393      F970528F 
 393      06D7
 394 078a 4EEEC095 		.ascii	"N\356\300\225u\320\371r\177\254\253\355[\301Fy\004\342"
 394      75D0F972 
 394      7FACABED 
 394      5BC14679 
 394      04E2
 395 079c 7E4FE33E 		.ascii	"~O\343>\252\264}+\200]Z\333\035\247\223\262G\247c_{"
 395      AAB47D2B 
 395      805D5ADB 
 395      1DA793B2 
 395      47A7635F 
 396 07b1 93795C8D 		.ascii	"\223y\\\215-\254\337\204\212\375g\330\300\376\000\346"
 396      2DACDF84 
 396      8AFD67D8 
 396      C0FE00E6 
 397 07c1 A705ADE5 		.ascii	"\247\005\255\345Y\010\315\221\\\263\204\207\271fn"
 397      5908CD91 
 397      5CB38487 
 397      B9666E
 398 07d0 6BDC8BE3 		.ascii	"k\334\213\3437\237~u\261\220\253\336\212i'\333\224\260"
 398      379F7E75 
 398      B190ABDE 
 398      8A6927DB 
 398      94B0
 399 07e2 0A95B36C 		.ascii	"\012\225\263l\213 ^Iz\314 \375*\210\203\271;WmYD\271"
 399      8B205E49 
 399      7ACC20FD 
 399      2A8883B9 
 399      3B576D59 
 400 07f8 3BE5DC5D 		.ascii	";\345\334]\224\373\205H\035\024\251\007\345\324\003"
ARM GAS  C:\Users\Ciccio\AppData\Local\Temp\ccoinCpb.s 			page 31


 400      94FB8548 
 400      1D14A907 
 400      E5D403
 401 0807 9365B798 		.ascii	"\223e\267\230\207\027\000\365\230r&:\316S\205\341\242"
 401      871700F5 
 401      9872263A 
 401      CE5385E1 
 401      A2
 402 0818 1332D57B 		.ascii	"\0232\325{\242\352\016\271j\202<\330k\"\367\003\222"
 402      A2EA0EB9 
 402      6A823CD8 
 402      6B22F703 
 402      92
 403 0829 71592A25 		.ascii	"qY*%\334\253\"w\334>\327\026\302\200H\335o\177`6\352"
 403      DCAB2277 
 403      DC3ED716 
 403      C28048DD 
 403      6F7F6036 
 404 083e 90483D24 		.ascii	"\220H=$\247\036\226Qo\211\324-rj\254\214\332/RS\344"
 404      A71E9651 
 404      6F89D42D 
 404      726AAC8C 
 404      DA2F5253 
 405 0853 D47DF21C 		.ascii	"\324}\362\0344\211\334w\362q\315\263Q\367\362Kj)|{\177"
 405      3489DC77 
 405      F271CDB3 
 405      51F7F24B 
 405      6A297C7B 
 406 0868 86F63774 		.ascii	"\206\3667t\310\204\015\337?T\254\234\213\362\225sP6"
 406      C8840DDF 
 406      3F54AC9C 
 406      8BF29573 
 406      5036
 407 087a E034201D 		.ascii	"\3404 \035p\016p\026\220\011(\002\344\002\322\000\005"
 407      700E7016 
 407      90092802 
 407      E402D200 
 407      05
 408 088b 80530033 		.ascii	"\200S\0003\240\020\220\0058\003\370\021\220\001\310"
 408      A0109005 
 408      3803F811 
 408      9001C8
 409 089a 039C54CE 		.ascii	"\003\234T\316\241_w\032\340u1@N>\030\253|\222n\213\334"
 409      A15F771A 
 409      E0753140 
 409      4E3E18AB 
 409      7C926E8B 
 410 08af ADF62BD5 		.ascii	"\255\366+\325\226\243\247\"5\325~\346%\262\215\"w\314"
 410      96A3A722 
 410      35D57EE6 
 410      25B28D22 
 410      77CC
 411 08c1 6E8E6CAA 		.ascii	"n\216l\252wE\346v\373\325g\2436\213\324\011\271\250"
 411      7745E676 
 411      FBD567A3 
 411      368BD409 
 411      B9A8
ARM GAS  C:\Users\Ciccio\AppData\Local\Temp\ccoinCpb.s 			page 32


 412 08d3 7552416D 		.ascii	"uRAm1\367\220\352\337\003\325\277\227\027\025>i\374"
 412      31F790EA 
 412      DF03D5BF 
 412      9717153E 
 412      69FC
 413 08e5 9A9284DA 		.ascii	"\232\222\204\332%\252\306\331\257\022\306%G\247\336"
 413      25AAC6D9 
 413      AF12C625 
 413      47A7DE
 414 08f4 865C3587 		.ascii	"\206\\5\207\010G!\234\273\204\323\240\262\345\\\361"
 414      0847219C 
 414      BB84D3A0 
 414      B2E55CF1 
 415 0904 1D1D9A3B 		.ascii	"\035\035\232;\213\362\236\205iP\011(\275\265\235\034"
 415      8BF29E85 
 415      69500928 
 415      BDB59D1C 
 416 0914 8913BDEC 		.ascii	"\211\023\275\354\025\006:\017\365\360\377]\033\344G"
 416      15063A0F 
 416      F5F0FF5D 
 416      1BE447
 417 0923 F6D068A2 		.ascii	"\366\320h\242\243t\327/\221\014\027~M+\331\256\017w"
 417      A374D72F 
 417      910C177E 
 417      4D2BD9AE 
 417      0F77
 418 0935 203FE8EB 		.ascii	" ?\350\353\213e\273~5\335q\213\253\212^\261}5\201\355"
 418      8B65BB7E 
 418      35DD718B 
 418      AB8A5EB1 
 418      7D3581ED 
 419 0949 CECD9D3B 		.ascii	"\316\315\235;\034p\234\0235b[\236>t\303\311\314\270"
 419      1C709C13 
 419      35625B9E 
 419      3E74C3C9 
 419      CCB8
 420 095b D5DD5BED 		.ascii	"\325\335[\355\214S\230\301%\367m\205\037\302\314\330"
 420      8C5398C1 
 420      25F76D85 
 420      1FC2CCD8 
 421 096b 9112D7A7 		.ascii	"\221\022\327\247\301i\314\310/\034Os\302\247\230q\274"
 421      C169CCC8 
 421      2F1C4F73 
 421      C2A79871 
 421      BC
 422 097c BEAE558D 		.ascii	"\276\256U\215\3172\343eG\311\257\361y\366\234~+\371"
 422      CF32E365 
 422      47C9AFF1 
 422      79F69C7E 
 422      2BF9
 423 098e 18C695CC 		.ascii	"\030\306\225\314\030k\356;\217\261\205\03173\367$h\360"
 423      186BEE3B 
 423      8FB18519 
 423      3733F724 
 423      68F0
 424 09a0 0D663473 		.ascii	"\015f4s\207\367\270\342\333\314\310\356\036\217s\300"
 424      87F7B8E2 
ARM GAS  C:\Users\Ciccio\AppData\Local\Temp\ccoinCpb.s 			page 33


 424      DBCCC8EE 
 424      1E8F73C0 
 425 09b0 8F9871E5 		.ascii	"\217\230q\345t~\232\032?\345\215\2417\203\010\2170C"
 425      747E9A1A 
 425      3FE58DA1 
 425      3783088F 
 425      3043
 426 09c2 383EEAD8 		.ascii	"8>\352\330\361\361In\375)W\374\236\265uel\337\247\301"
 426      F1F1496E 
 426      FD2957FC 
 426      9EB57565 
 426      6CDFA7C1 
 427 09d6 DBB4D4A8 		.ascii	"\333\264\324\250\353\3346\240\306\273\231a-9\334\340"
 427      EBDC36A0 
 427      C6BB9961 
 427      2D39DCE0 
 428 09e6 820F32E3 		.ascii	"\202\0172\343\210%\266\316\001\233\231\221\364\310|"
 428      8825B6CE 
 428      019B9991 
 428      F4C87C
 429 09f5 4A83B399 		.ascii	"J\203\263\231\221:\374$Y\215\213\2311>\221\365\334\005"
 429      913AFC24 
 429      598D8B99 
 429      313E91F5 
 429      DC05
 430 0a07 57322327 		.ascii	"W2#'\203\373\024[\330\363\313\354\356L7\334\312\214"
 430      83FB145B 
 430      D8F3CBEC 
 430      EE4C37DC 
 430      CA8C
 431 0a19 8EBADB77 		.ascii	"\216\272\333w]\360]f\034\335\323\232\312\322\035L\314"
 431      5DF05D66 
 431      1CDDD39A 
 431      CAD21D4C 
 431      CC
 432 0a2a BDA7F7C3 		.ascii	"\275\247\367\303^\362\204\265\245\355.\034c\377+\266"
 432      5EF284B5 
 432      A5ED2E1C 
 432      63FF2BB6 
 433 0a3a 899855F5 		.ascii	"\211\230U\365\315'\235\360\020k{\227XT\257\304\317\231"
 433      CD279DF0 
 433      106B7B97 
 433      5854AFC4 
 433      CF99
 434 0a4c 71AEBDBF 		.ascii	"q\256\275\277SK\211\233\351\251\346fU\226\016\217\261"
 434      534B899B 
 434      E9A9E666 
 434      55960E8F 
 434      B1
 435 0a5d 36E1D4A1 		.ascii	"6\341\324\241\343O\035\203E\023\017\035\260\2256\272"
 435      E34F1D83 
 435      45130F1D 
 435      B09536BA 
 436 0a6d 77962425 		.ascii	"w\226$%N\336\347d\327\254\271\360\207\356xG\356\365"
 436      4EDEE764 
 436      D7ACB9F0 
 436      87EE7847 
ARM GAS  C:\Users\Ciccio\AppData\Local\Temp\ccoinCpb.s 			page 34


 436      EEF5
 437 0a7f 2FCCB2ED 		.ascii	"/\314\262\355x\325\260\212\306\246\375\3464\347\010"
 437      78D5B08A 
 437      C6A6FDE6 
 437      34E708
 438 0a8e 2BAE42CE 		.ascii	"+\256B\316\235'\245r\234\271\347\327\300\204\355\031"
 438      9D27A572 
 438      9CB9E7D7 
 438      C084ED19 
 439 0a9e D5F14C71 		.ascii	"\325\361Lq\027\223\177\034\356\210\2425rQ\371\307\336"
 439      17937F1C 
 439      EE88A235 
 439      7251F9C7 
 439      DE
 440 0aaf 2A526FC9 		.ascii	"*Ro\311\251\235S6<\221[n7V\311\347Qd6\311\231\373\244"
 440      A99D5336 
 440      3C915B6E 
 440      3756C9E7 
 440      516436C9 
 441 0ac6 0170B1E6 		.ascii	"\001p\261\346w\224JN,7\344\324\023\362\000v\210\237"
 441      77944A4E 
 441      2C37E4D4 
 441      13F20076 
 441      889F
 442 0ad8 A73B72EE 		.ascii	"\247;r\356]\231\354\220(\333(\2476\310e\337\213\321"
 442      5D99EC90 
 442      28DB28A7 
 442      36C865DF 
 442      8BD1
 443 0aea DE9473DF 		.ascii	"\336\224s\337L\232/\320\275+\352\326\332O\255d\302>"
 443      4C9A2FD0 
 443      BD2BEAD6 
 443      DA4FAD64 
 443      C23E
 444 0afc 0813D626 		.ascii	"\010\023\326&\237\260v\331,\214\211\021\264\330O\302"
 444      9FB076D9 
 444      2C8C8911 
 444      B4D84FC2 
 445 0b0c 17A2E833 		.ascii	"\027\242\3503A\364\232\\T~:\270%\212V\312E\247\234O"
 445      41F49A5C 
 445      547E3AB8 
 445      258A56CA 
 445      45A79C4F 
 446 0b20 4645EE75 		.ascii	"FE\356u9w\312~\326/r\353\345\\\371!mX\244^\265_\007"
 446      3977CA7E 
 446      D62F72EB 
 446      E55CF921 
 446      6D58A45E 
 447 0b37 12D97B22 		.ascii	"\022\331{\"\367\262\234+\337}\007E\252\305\376\344\332"
 447      F7B29C2B 
 447      DF7D0745 
 447      AAC5FEE4 
 447      DA
 448 0b48 A85D22B5 		.ascii	"\250]\"\265\312\376Z\264Q\257\213\324K\366\363e\243"
 448      CAFE5AB4 
 448      51AF8BD4 
 448      4BF6F365 
ARM GAS  C:\Users\Ciccio\AppData\Local\Temp\ccoinCpb.s 			page 35


 448      A3
 449 0b59 8E8BD456 		.ascii	"\216\213\324V\373\025c\243v\213\324\237\354\017K\222"
 449      FB1563A3 
 449      768BD49F 
 449      EC0F4B92 
 450 0b69 82E722B7 		.ascii	"\202\347\"\267\331\376,\330\312 a\001_\006]\3622\270"
 450      D9FE2CD8 
 450      CA206101 
 450      5F065DF2 
 450      32B8
 451 0b7b 6D634AB7 		.ascii	"mcJ\267\327Rh\277H\233\306\370\275\365\035\354\255\017"
 451      D75268BF 
 451      489BC6F8 
 451      BDF51DEC 
 451      AD0F
 452 0b8d 614FEC01 		.ascii	"aO\354\001\214\000\206\001\257\001\335\200\373\200\001"
 452      8C008601 
 452      AF01DD80 
 452      FB8001
 453 0b9c C04BC01B 		.ascii	"\300K\300\033@/\3409\340=\340\025\240\017\360\010\360"
 453      402FE039 
 453      E03DE015 
 453      A00FF008 
 453      F0
 454 0bad 02F014F0 		.ascii	"\002\360\024\360\026\360\0140\004x\014\370\031\320\017"
 454      16F00C30 
 454      04780CF8 
 454      19D00F
 455 0bbc 18047C00 		.ascii	"\030\004|\000<\000\214\002\236\000\306\371=\230\236"
 455      3C008C02 
 455      9E00C6F9 
 455      3D989E
 456 0bcb 0E9A72C8 		.ascii	"\016\232r\310)bl\312)\202\344\243wgn\243\216\3433r\317"
 456      29626CCA 
 456      2982E4A3 
 456      77676EA3 
 456      8EE33372 
 457 0be0 FE8A9764 		.ascii	"\376\212\227do@\314\336\025\373u)\341N\210\334\016\373"
 457      6F40CCDE 
 457      15FB7529 
 457      E14E88DC 
 457      0EFB
 458 0bf2 9F3D9A3F 		.ascii	"\237=\232?8\312\244\035zbQ\013G\231D8\312X\201[\246"
 458      38CAA41D 
 458      7A62510B 
 458      47994438 
 458      CA58815B 
 459 0c07 148F3263 		.ascii	"\024\2172c\366\2162B\256\321\004\244\370\237%\335\344"
 459      F68E3242 
 459      AED104A4 
 459      F89F25DD 
 459      E4
 460 0c18 F75B72D1 		.ascii	"\367[r\321%\265\364\310c\235t\344\3410;\362\300\035"
 460      25B5F4C8 
 460      639D74E4 
 460      E1303BF2 
 460      C01D
ARM GAS  C:\Users\Ciccio\AppData\Local\Temp\ccoinCpb.s 			page 36


 461 0c2a C887B2DF 		.ascii	"\310\207\262\337\0158\340*gvT\310\255\273\355\202\233"
 461      0D38E02A 
 461      677654C8 
 461      ADBBED82 
 461      9B
 462 0c3b 9931B46F 		.ascii	"\2311\264o\350\203+ngF\305\231\355\225\316\370.5\324"
 462      E8832B6E 
 462      6746C599 
 462      ED95CEF8 
 462      2E35D4
 463 0c4e CD976FA7 		.ascii	"\315\227o\247cD\177\007\322_\200\275\226\014\333\014"
 463      63447F07 
 463      D25F80BD 
 463      960CDB0C 
 464 0c5e C6618CB6 		.ascii	"\306a\214\266\343iVUC\206x\376\266O\235\372k\302\366"
 464      E3695655 
 464      438678FE 
 464      B64F9DFA 
 464      6BC2F6
 465 0c71 EB9CD049 		.ascii	"\353\234\320I\232w\342\271(\001\317A;\000\361\200mX"
 465      9A77E2B9 
 465      2801CF41 
 465      3B00F180 
 465      6D58
 466 0c83 F26BA052 		.ascii	"\362k\240R\354!V\336\203l\007\253\312\220\356uS\231"
 466      EC2156DE 
 466      836C07AB 
 466      CA90EE75 
 466      5399
 467 0c95 92837045 		.ascii	"\222\203pE\006)a\240L=\010[,-\225.B\3654\256\322\240"
 467      062961A0 
 467      4C3D085B 
 467      2C2D952E 
 467      42F534AE 
 468 0cab 4410DA82 		.ascii	"D\020\332\202\305\352!NS\252\307v<\207\241\374\275a"
 468      C5EA214E 
 468      53AAC776 
 468      3C87A1FC 
 468      BD61
 469 0cbd C10C941F 		.ascii	"\301\014\224\037\210\357\300\322YM\304\322YM\342g5\211"
 469      88EFC0D2 
 469      594DC4D2 
 469      594DE267 
 469      3589
 470 0ccf CEEADBFC 		.ascii	"\316\352\333\374\253\255\223J\340\336\244\377\353\332"
 470      ABAD934A 
 470      E0DEA4FF 
 470      EBDA
 471 0cdd CD93C9DD 		.ascii	"\315\223\311\335iSDd\26414\"\360\317\352U_\177\353\256"
 471      69534464 
 471      B4313422 
 471      F0CFEA55 
 471      5F7FEBAE 
 472 0cf1 57CC5FB8 		.ascii	"W\314_\270\320C\374\027\021\345\021\031\355A(Q\036\313"
 472      D043FC17 
 472      11E51119 
 472      ED412851 
ARM GAS  C:\Users\Ciccio\AppData\Local\Temp\ccoinCpb.s 			page 37


 472      1ECB
 473 0d03 0C6BF56B 		.ascii	"\014k\365k7{\004\006\007FD\232\214\337\377&la\260\302"
 473      377B0406 
 473      0746449A 
 473      8CDFFF26 
 473      6C61B0C2 
 474 0d17 997AC784 		.ascii	"\231z\307\204\023\377\231\242\222qCdD\2301$*\362\023"
 474      13FF99A2 
 474      92714364 
 474      44983124 
 474      2AF213
 475 0d2a 49B3F872 		.ascii	"I\263\370rF`\260\337\017Qk\340\325Jx\343\343g\2303\265"
 475      4660B0DF 
 475      0F516BE0 
 475      D54A78E3 
 475      E3679833 
 476 0d3f C790F0C0 		.ascii	"\307\220\360\300\320\230 \023t\026\365C\024\36433\""
 476      D0982013 
 476      7416F543 
 476      14F43333 
 476      22
 477 0d50 2A20747A 		.ascii	"* tz\257\340\200P\017\302\"\356\344\016^\263\310\375"
 477      AFE08050 
 477      0FC222EE 
 477      E40E5EB3 
 477      C8FD
 478 0d62 9BA87521 		.ascii	"\233\250u!a\246\310\325\001\341A\241\246H\237\231\264"
 478      61A6C8D5 
 478      01E141A1 
 478      A6489F99 
 478      B4
 479 0d73 F76F6948 		.ascii	"\367oiH\274\322'\274\370\244\227\232\337\233\002\243"
 479      BCD227BC 
 479      F8A4979A 
 479      DF9B02A3 
 480 0d83 2322972F 		.ascii	"#\"\227/\362\264\323\017K\210\337\272\265^\236\036k"
 480      F2B4D30F 
 480      4B88DFBA 
 480      B55E9E1E 
 480      6B
 481 0d94 D6ACF058 		.ascii	"\326\254\360X\347\263\366\373\305\036Q0\372\320\240"
 481      E7B3F6FB 
 481      C51E5130 
 481      FAD0A0
 482 0da3 85810A67 		.ascii	"\205\201\012g\366d\014\011\017\211\376\314\030\264~"
 482      F6640C09 
 482      0F89FECC 
 482      18B47E
 483 0db2 A33130D8 		.ascii	"\24310\330\004\031\230\224\206_M7\352 \323\372\230\215"
 483      04199894 
 483      865F4D37 
 483      EA20D3FA 
 483      988D
 484 0dc4 30827F35 		.ascii	"0\202\1775FE\007DG\221\277\220\3100S@T\014\344>02$\372"
 484      46450744 
 484      4791BF90 
 484      C8305340 
ARM GAS  C:\Users\Ciccio\AppData\Local\Temp\ccoinCpb.s 			page 38


 484      540CE43E 
 485 0ddc EF4A5047 		.ascii	"\357JPG\222::\340I9\370\245\250\032\261i\212\350lI\300"
 485      923A3AE0 
 485      4939F8A5 
 485      A81AB169 
 485      8AE86C49 
 486 0df1 B2999B69 		.ascii	"\262\231\233i\244\363\031\022\371\027\243iSHh\304\306"
 486      A4F31912 
 486      F917A369 
 486      534868C4 
 486      C6
 487 0e02 18D327D2 		.ascii	"\030\323'\322\341\231\002\2767\321i\227\2744\205G\233"
 487      E19902BE 
 487      37D16997 
 487      BC348547 
 487      9B
 488 0e13 22C9CB59 		.ascii	"\"\311\313Y|\247\020a$ti\"2\232\230\220\360h/Oc\264"
 488      7CA71061 
 488      24746922 
 488      329A9890 
 488      F0682F4F 
 489 0e29 D668141E 		.ascii	"\326h\024\0367\004\376\326?08d}HTtLPH\204\177tDDh\224"
 489      3704FED6 
 489      3F303864 
 489      7D485474 
 489      4C504884 
 490 0e43 FFC6F018 		.ascii	"\377\306\360\030w\372\344\036\020\031\346n\012[o\012"
 490      77FAE41E 
 490      1019E66E 
 490      0A5B6F0A 
 491 0e53 0A3205F9 		.ascii	"\0122\005\371/Y\370_\356\236\213\026\177\371\027/\177"
 491      2F59F85F 
 491      EE9E8B16 
 491      7FF9172F 
 491      7F
 492 0e64 78BF203C 		.ascii	"x\277 <\"\334\264\300\024\260>\304\237\317\203\177X"
 492      22DCB4C0 
 492      14B03EC4 
 492      9FCF837F 
 492      58
 493 0e75 0068859B 		.ascii	"\000h\205\233\374\215A\246\015\0011\241\321\306\350"
 493      FC8D41A6 
 493      0D0131A1 
 493      D1C6E8
 494 0e84 1F369948 		.ascii	"\0376\231HZ\276\373?\355\006\252\324\037\306\027\004"
 494      5ABEFB3F 
 494      ED06AAD4 
 494      1FC61704 
 495 0e94 6300ED19 		.ascii	"c\000\355\031\341\337\207\004z\207\007\254\0175\261"
 495      E1DF8704 
 495      7A8707AC 
 495      0F35B1
 496 0ea3 2A5AF8D1 		.ascii	"*Z\370\321\032\012\214\010\013\213\010\027\326\026\361"
 496      1A0A8C08 
 496      0B8B0817 
 496      D616F1
 497 0eb2 037F5560 		.ascii	"\003\177U`p@\244\213\321\030e\2126._\346\347\355k\360"
ARM GAS  C:\Users\Ciccio\AppData\Local\Temp\ccoinCpb.s 			page 39


 497      7040A48B 
 497      D118658A 
 497      362E5FE6 
 497      E7ED6BF0 
 498 0ec6 710908FD 		.ascii	"q\011\010\375k\300\017${\2410\034\017\231\236is\264"
 498      6BC00F24 
 498      7BA1301C 
 498      0F999E69 
 498      73B4
 499 0ed8 877EAD9F 		.ascii	"\207~\255\237\217\237m\376\311\032\015\014[\031\023"
 499      8F9F6DFE 
 499      C91A0D0C 
 499      5B1913
 500 0ee7 4E04A120 		.ascii	"N\004\241 \303HnC\302\214\321XoX\014\360T\371\255\325"
 500      C3486E43 
 500      C28CD158 
 500      6F580CF0 
 500      54F9ADD5 
 501 0efb 1B542B7C 		.ascii	"\033T+|\274\015J?\003\366^ep\320\353\327\032\026\323"
 501      BC0D4A3F 
 501      03F65E65 
 501      70D0EBD7 
 501      1A16D3
 502 0f0e BF9E2ABD 		.ascii	"\277\236*\275\336\333\200\365_\257\303\276~z\274\314"
 502      DEDB80F5 
 502      5FAFC3BE 
 502      7E7ABCCC 
 503 0f1e 60C0063D 		.ascii	"`\300\006=\330\340\260|\305:\003^A<\327.3(\277a^^\300"
 503      D8E0B07C 
 503      C53A035E 
 503      413CD72E 
 503      3328BF61 
 504 0f35 FF83E1CB 		.ascii	"\377\203\341\313\377\305J\341\303!\261\031\364z\343"
 504      FFC54AE1 
 504      C321B119 
 504      F47AE3
 505 0f44 3A989515 		.ascii	":\230\225\025\246\015J\275\301\321w\315\032\375\312"
 505      A60D4ABD 
 505      C1D177CD 
 505      1AFDCA
 506 0f53 550615F9 		.ascii	"U\006\025\371\203\365>\006\315\262\325\313\027\033\374"
 506      83F53E06 
 506      CDB2D5CB 
 506      171BFC
 507 0f62 D6D1074F 		.ascii	"\326\321\007O\341\301\213<8\031\274\375\274\015\277"
 507      E1C18B3C 
 507      3819BCFD 
 507      BC0DBF
 508 0f71 F75EB148 		.ascii	"\367^\261H\263\314W \3712\222\330\266\330\221\010x\177"
 508      B3CC5720 
 508      F93292D8 
 508      B6D89108 
 508      787F
 509 0f83 6D20774F 		.ascii	"m wO\376\356\005w\221\341\351H\274i\213/e\210-^N\304"
 509      FEEE0577 
 509      91E1E948 
 509      BC698B2F 
ARM GAS  C:\Users\Ciccio\AppData\Local\Temp\ccoinCpb.s 			page 40


 509      65882D5E 
 510 0f99 778D2F79 		.ascii	"w\215/yG\274\305"
 510      47BCC5
 511 0fa0 272FF624 		.ascii	"'/\366$\360\2268\021\005\276\325W\340\011\255_B\322"
 511      F0963811 
 511      05BED557 
 511      E009AD5F 
 511      42D2
 512 0fb2 48F6FC6C 		.ascii	"H\366\374l\257\276r\360\363\323\2572ha\260>\236~d\250"
 512      AFBE72F0 
 512      F3D3AF32 
 512      6861B03E 
 512      9E7E64A8 
 513 0fc6 4B3E3AA5 		.ascii	"K>:\245~\353X\376V.\331\274\231en\303\222E\2137\233"
 513      7EEB58FE 
 513      562ED9BC 
 513      99656EC3 
 513      92458B37 
 514 0fdb 2077AE2B 		.ascii	" w\256+\226\257Z\253\377VH\237\332g\205\376\233\025"
 514      96AF5AAB 
 514      FF56489F 
 514      DA6785FE 
 514      9B15
 515 0fed DE6A12CC 		.ascii	"\336j\022\314\312?\222\233\347\312?\376\0172P\177\227"
 515      CA3F929B 
 515      E7CA3FFE 
 515      0F32507F 
 515      97
 516              		.text
 517              		.section	.gnu.lto_.symtab.275ce3fe,"",%progbits
 518 0000 56656374 		.ascii	"VectorB0\000\000\000\000\000\000\000\000\000\000\000"
 518      6F724230 
 518      00000000 
 518      00000000 
 518      000000
 519 0013 00BE0000 		.ascii	"\000\276\000\000\000st_lld_init\000\000\000\000\000"
 519      0073745F 
 519      6C6C645F 
 519      696E6974 
 519      00000000 
 520 0028 00000000 		.ascii	"\000\000\000\000\000\000\000\300\000\000\000_dbg_ch"
 520      000000C0 
 520      0000005F 
 520      6462675F 
 520      6368
 521 003a 65636B5F 		.ascii	"eck_lock_from_isr\000\000\002\000\000\000\000\000\000"
 521      6C6F636B 
 521      5F66726F 
 521      6D5F6973 
 521      72000002 
 522 0054 000000C2 		.ascii	"\000\000\000\302\000\000\000_stats_start_measure_cr"
 522      0000005F 
 522      73746174 
 522      735F7374 
 522      6172745F 
 523 0072 69745F69 		.ascii	"it_isr\000\000\002\000\000\000\000\000\000\000\000\000"
 523      73720000 
ARM GAS  C:\Users\Ciccio\AppData\Local\Temp\ccoinCpb.s 			page 41


 523      02000000 
 523      00000000 
 523      0000
 524 0084 C4000000 		.ascii	"\304\000\000\000chSysTimerHandlerI\000\000\002\000\000"
 524      63685379 
 524      7354696D 
 524      65724861 
 524      6E646C65 
 525 009f 00000000 		.ascii	"\000\000\000\000\000\000\000\306\000\000\000_stats_"
 525      000000C6 
 525      0000005F 
 525      73746174 
 525      735F
 526 00b1 73746F70 		.ascii	"stop_measure_crit_isr\000\000\002\000\000\000\000\000"
 526      5F6D6561 
 526      73757265 
 526      5F637269 
 526      745F6973 
 527 00ce 00000000 		.ascii	"\000\000\000\000\310\000\000\000_dbg_check_unlock_f"
 527      C8000000 
 527      5F646267 
 527      5F636865 
 527      636B5F75 
 528 00e9 726F6D5F 		.ascii	"rom_isr\000\000\002\000\000\000\000\000\000\000\000"
 528      69737200 
 528      00020000 
 528      00000000 
 528      0000
 529 00fb 00CA0000 		.ascii	"\000\312\000\000\000_port_irq_epilogue\000\000\002\000"
 529      005F706F 
 529      72745F69 
 529      72715F65 
 529      70696C6F 
 530 0116 00000000 		.ascii	"\000\000\000\000\000\000\000\000\314\000\000\000_db"
 530      00000000 
 530      CC000000 
 530      5F6462
 531 0125 675F6368 		.ascii	"g_check_leave_isr\000\000\002\000\000\000\000\000\000"
 531      65636B5F 
 531      6C656176 
 531      655F6973 
 531      72000002 
 532 013f 000000CE 		.ascii	"\000\000\000\316\000\000\000_dbg_check_enter_isr\000"
 532      0000005F 
 532      6462675F 
 532      63686563 
 532      6B5F656E 
 533 015b 00020000 		.ascii	"\000\002\000\000\000\000\000\000\000\000\000\320\000"
 533      00000000 
 533      000000D0 
 533      00
 534 0168 00005F73 		.ascii	"\000\000_stats_increase_irq\000\000\002\000\000\000"
 534      74617473 
 534      5F696E63 
 534      72656173 
 534      655F6972 
 535 0183 00000000 		.ascii	"\000\000\000\000\000\000\322\000\000\000nvicEnableV"
ARM GAS  C:\Users\Ciccio\AppData\Local\Temp\ccoinCpb.s 			page 42


 535      0000D200 
 535      00006E76 
 535      6963456E 
 535      61626C65 
 536 0198 6563746F 		.ascii	"ector\000\000\002\000\000\000\000\000\000\000\000\000"
 536      72000002 
 536      00000000 
 536      00000000 
 536      00
 537 01a9 DF000000 		.ascii	"\337\000\000\000"
 538              		.text
 539              		.section	.gnu.lto_.opts,"",%progbits
 540 0000 272D666E 		.ascii	"'-fno-trapv' '-fno-strict-overflow' '-mcpu=cortex-m"
 540      6F2D7472 
 540      61707627 
 540      20272D66 
 540      6E6F2D73 
 541 0033 34272027 		.ascii	"4' '-mno-thumb-interwork' '-mthumb' '-ggdb' '-O0' '"
 541      2D6D6E6F 
 541      2D746875 
 541      6D622D69 
 541      6E746572 
 542 0066 2D666F6D 		.ascii	"-fomit-frame-pointer' '-falign-functions=16' '-ffun"
 542      69742D66 
 542      72616D65 
 542      2D706F69 
 542      6E746572 
 543 0099 6374696F 		.ascii	"ction-sections' '-fdata-sections' '-fno-common' '-f"
 543      6E2D7365 
 543      6374696F 
 543      6E732720 
 543      272D6664 
 544 00cc 6C746F27 		.ascii	"lto'\000"
 544      00
 545              		.text
 546              		.comm	__gnu_lto_v1,1,1
 547              		.comm	__gnu_lto_slim,1,1
 548              		.ident	"GCC: (GNU Tools for ARM Embedded Processors) 4.9.3 20150529 (release) [ARM/embedded-4_9-br
ARM GAS  C:\Users\Ciccio\AppData\Local\Temp\ccoinCpb.s 			page 43


DEFINED SYMBOLS
                            *ABS*:00000000 st_lld.c
                            *COM*:00000001 __gnu_lto_v1
                            *COM*:00000001 __gnu_lto_slim

NO UNDEFINED SYMBOLS
